==== test ====
n_dim = 96
max_it = 1000, rtol = 1.00e-06
sor_omega = 1.50
solver type = "gs"

==== solver ====
solve with gs

iter	||true residual||	||relative residual||
0	01.56211260529836e+01	01.00000000000000e+00
1	01.24136995247749e+01	07.94673795132968e-01
2	02.51989860966783e+00	01.61313505897134e-01
3	02.51462837556349e+00	01.60976127267292e-01
4	01.60522664533244e+00	01.02759982851931e-01
5	08.36201108511376e-01	05.35301428126985e-02
6	04.45730860992929e-01	02.85338495753189e-02
7	03.58354677655832e-01	02.29403870399848e-02
8	03.60607054152881e-01	02.30845748846644e-02
9	03.49732306819021e-01	02.23884184554175e-02
10	03.19298984725302e-01	02.04402028152329e-02
11	02.78825246244445e-01	01.78492411685770e-02
12	02.36014162109815e-01	01.51086523026128e-02
13	01.95348430425461e-01	01.25054000436896e-02
14	01.59039433021211e-01	01.01810479271330e-02
15	01.27960309853818e-01	08.19149076832256e-03
16	01.02273646573133e-01	06.54713662934683e-03
17	08.18054578670287e-02	05.23684768880053e-03
18	06.62368471608927e-02	04.24020950450251e-03
19	05.51519752590069e-02	03.53060176788428e-03
20	04.79763038883359e-02	03.07124491061723e-03
21	04.39079614515858e-02	02.81080642347160e-03
22	04.19924850681399e-02	02.68818553321382e-03
23	04.13338483336565e-02	02.64602232857355e-03
24	04.12595114205596e-02	02.64126358628796e-03
25	04.13462572715807e-02	02.64681669755067e-03
26	04.13629330554562e-02	02.64788421239044e-03
27	04.12015317154351e-02	02.63755196492802e-03
28	04.08252776072524e-02	02.61346573024132e-03
29	04.02356690238764e-02	02.57572142286065e-03
30	03.94531129825277e-02	02.52562541578059e-03
31	03.85060089971460e-02	02.46499572863965e-03
32	03.74247935289899e-02	02.39578077803437e-03
33	03.62388275414117e-02	02.31986013162542e-03
34	03.49748931360830e-02	02.23894826899518e-03
35	03.36565896381644e-02	02.15455592151349e-03
36	03.23042220558827e-02	02.06798293198030e-03
37	03.09349483618700e-02	01.98032768296889e-03
38	02.95630518926909e-02	01.89250453471915e-03
39	02.82002629901430e-02	01.80526441528566e-03
40	02.68560877005540e-02	01.71921586250977e-03
41	02.55381210425776e-02	01.63484507813058e-03
42	02.42523338461522e-02	01.55253429003091e-03
43	02.30033288084279e-02	01.47257814388063e-03
44	02.17945651715267e-02	01.39519808607934e-03
45	02.06285534654019e-02	01.32055483039022e-03
46	01.95070227744741e-02	01.24875906565957e-03
47	01.84310633985649e-02	01.17988058838080e-03
48	01.74012478431114e-02	01.11395604798848e-03
49	01.64177329435686e-02	01.05099548444095e-03
50	01.54803456994057e-02	09.90987822958449e-04
51	01.45886551181726e-02	09.33905473183623e-04
52	01.37420320834526e-02	08.79708161680698e-04
53	01.29396989789890e-02	08.28346108667218e-04
54	01.21807705352019e-02	07.79762642839402e-04
55	01.14642871171682e-02	07.33896332331216e-04
56	01.07892414464683e-02	06.90682695336656e-04
57	01.01545995442537e-02	06.50055540798495e-04
58	09.55931649867163e-03	06.11947977773718e-04
59	09.00234750041453e-03	05.76293121883817e-04
60	08.48265445850182e-03	05.43024518829849e-04
61	07.99920841343640e-03	05.12076298872743e-04
62	07.55098791733758e-03	04.83383073136100e-04
63	07.13697356469192e-03	04.56879583487440e-04
64	06.75613894801268e-03	04.32500123556860e-04
65	06.40743849084838e-03	04.10177759856473e-04
66	06.08979287625498e-03	03.89843398971347e-04
67	05.80207312413525e-03	03.71424768256517e-04
68	05.54308472919778e-03	03.54845400414593e-04
69	05.31155357913433e-03	03.40023732035620e-04
70	05.10611553298030e-03	03.26872436446735e-04
71	04.92531145744524e-03	03.15298105958535e-04
72	04.76758913118270e-03	03.05201373768578e-04
73	04.63131273760901e-03	02.96477521652445e-04
74	04.51477976616396e-03	02.89017561912680e-04
75	04.41624419405059e-03	02.82709721378063e-04
76	04.33394402164080e-03	02.77441204106604e-04
77	04.26613075112904e-03	02.73100078487250e-04
78	04.21109831404395e-03	02.69577129059761e-04
79	04.16720924933932e-03	02.66767532328017e-04
80	04.13291650362020e-03	02.64572252320494e-04
81	04.10677991926942e-03	02.62899096092055e-04
82	04.08747715110375e-03	02.61663412563211e-04
83	04.07380930383192e-03	02.60788453406907e-04
84	04.06470196083046e-03	02.60205438906507e-04
85	04.05920247646494e-03	02.59853384621377e-04
86	04.05647445798152e-03	02.59678748140359e-04
87	04.05579031089058e-03	02.59634951868015e-04
88	04.05652260673314e-03	02.59681830424662e-04
89	04.05813488958086e-03	02.59785042116460e-04
90	04.06017239265371e-03	02.59915474651601e-04
91	04.06225300426765e-03	02.60048666817574e-04
92	04.06405871088836e-03	02.60164260700793e-04
93	04.06532765605576e-03	02.60245493331724e-04
94	04.06584688635054e-03	02.60278732311618e-04
95	04.06544580687206e-03	02.60253056859213e-04
96	04.06399033469426e-03	02.60159883539129e-04
97	04.06137771722343e-03	02.59992634554519e-04
98	04.05753196906095e-03	02.59746445633859e-04
99	04.05239987456833e-03	02.59417910131667e-04
100	04.04594750097838e-03	02.59004855812275e-04
101	04.03815716773637e-03	02.58506150839561e-04
102	04.02902482030528e-03	02.57921535658805e-04
103	04.01855776037338e-03	02.57251477693943e-04
104	04.00677268860403e-03	02.56497046052500e-04
105	03.99369402036499e-03	02.55659803705522e-04
106	03.97935243926073e-03	02.54741714890694e-04
107	03.96378365726317e-03	02.53745065741026e-04
108	03.94702735396091e-03	02.52672396379968e-04
109	03.92912627097192e-03	02.51526442949449e-04
110	03.91012544052570e-03	02.50310088226891e-04
111	03.89007152994119e-03	02.49026319661393e-04
112	03.86901228620019e-03	02.47678193817610e-04
113	03.84699606684115e-03	02.46268806345519e-04
114	03.82407144526134e-03	02.44801266713482e-04
115	03.80028688016972e-03	02.43278677047989e-04
116	03.77569044024255e-03	02.41704114507251e-04
117	03.75032957623612e-03	02.40080616692791e-04
118	03.72425093402674e-03	02.38411169681038e-04
119	03.69750020261510e-03	02.36698698293194e-04
120	03.67012199235648e-03	02.34946058300035e-04
121	03.64215973887772e-03	02.33156030271075e-04
122	03.61365562914337e-03	02.31331314841620e-04
123	03.58465054633196e-03	02.29474529183977e-04
124	03.55518403081878e-03	02.27588204509735e-04
125	03.52529425480321e-03	02.25674784445510e-04
126	03.49501800854745e-03	02.23736624152003e-04
127	03.46439069637939e-03	02.21775990068124e-04
128	03.43344634097232e-03	02.19795060184957e-04
129	03.40221759444219e-03	02.17795924756166e-04
130	03.37073575529057e-03	02.15780587382609e-04
131	03.33903078993035e-03	02.13750966390327e-04
132	03.30713135821265e-03	02.11708896464670e-04
133	03.27506484198528e-03	02.09656130478491e-04
134	03.24285737615977e-03	02.07594341480933e-04
135	03.21053388169827e-03	02.05525124809109e-04
136	03.17811810004927e-03	02.03450000292538e-04
137	03.14563262862475e-03	02.01370414524243e-04
138	03.11309895698625e-03	01.99287743177238e-04
139	03.08053750340897e-03	01.97203293345207e-04
140	03.04796765161939e-03	01.95118305894295e-04
141	03.01540778745372e-03	01.93033957809834e-04
142	02.98287533530287e-03	01.90951364529394e-04
143	02.95038679409407e-03	01.88871582246182e-04
144	02.91795777285655e-03	01.86795610185812e-04
145	02.88560302555848e-03	01.84724392836414e-04
146	02.85333648533737e-03	01.82658822139931e-04
147	02.82117129790169e-03	01.80599739630349e-04
148	02.78911985409354e-03	01.78547938518224e-04
149	02.75719382165657e-03	01.76504165724337e-04
150	02.72540417602439e-03	01.74469123850637e-04
151	02.69376123026149e-03	01.72443473096934e-04
152	02.66227466400476e-03	01.70427833113624e-04
153	02.63095355154882e-03	01.68422784799584e-04
154	02.59980638890381e-03	01.66428872034309e-04
155	02.56884112000810e-03	01.64446603355938e-04
156	02.53806516191959e-03	01.62476453573898e-04
157	02.50748542917585e-03	01.60518865328337e-04
158	02.47710835720614e-03	01.58574250588870e-04
159	02.44693992486387e-03	01.56642992097008e-04
160	02.41698567610589e-03	01.54725444753981e-04
161	02.38725074079354e-03	01.52821936952336e-04
162	02.35773985471418e-03	01.50932771857626e-04
163	02.32845737877506e-03	01.49058228637130e-04
164	02.29940731737899e-03	01.47198563636186e-04
165	02.27059333612130e-03	01.45354011511073e-04
166	02.24201877868807e-03	01.43524786310770e-04
167	02.21368668305165e-03	01.41711082513725e-04
168	02.18559979702201e-03	01.39913076023388e-04
169	02.15776059307123e-03	01.38130925117214e-04
170	02.13017128256197e-03	01.36364771357512e-04
171	02.10283382935357e-03	01.34614740462448e-04
172	02.07574996279001e-03	01.32880943137486e-04
173	02.04892119013386e-03	01.31163475871352e-04
174	02.02234880845020e-03	01.29462421696799e-04
175	01.99603391594357e-03	01.27777850916345e-04
176	01.96997742280882e-03	01.26109821796910e-04
177	01.94418006157153e-03	01.24458381231755e-04
178	01.91864239696758e-03	01.22823565372941e-04
179	01.89336483537541e-03	01.21205400235138e-04
180	01.86834763383181e-03	01.19603902272779e-04
181	01.84359090857444e-03	01.18019078926920e-04
182	01.81909464325792e-03	01.16450929151198e-04
183	01.79485869675844e-03	01.14899443911448e-04
184	01.77088281061829e-03	01.13364606662274e-04
185	01.74716661609874e-03	01.11846393798547e-04
186	01.72370964100201e-03	01.10344775092113e-04
187	01.70051131606696e-03	01.08859714101223e-04
188	01.67757098111115e-03	01.07391168563725e-04
189	01.65488789087610e-03	01.05939090771246e-04
190	01.63246122059769e-03	01.04503427925793e-04
191	01.61029007127724e-03	01.03084122477181e-04
192	01.58837347476671e-03	01.01681112448570e-04
193	01.56671039849638e-03	01.00294331739110e-04
194	01.54529975009275e-03	09.89237104195577e-05
195	01.52414038169538e-03	09.75691750086274e-05
196	01.50323109408278e-03	09.62306487371104e-05
197	01.48257064061092e-03	09.49080518000016e-05
198	01.46215773090198e-03	09.36013015926413e-05
199	01.44199103443073e-03	09.23103129402966e-05
200	01.42206918386243e-03	09.10349983118420e-05
201	01.40239077825784e-03	08.97752680249316e-05
202	01.38295438609252e-03	08.85310304392801e-05
203	01.36375854816431e-03	08.73021921427900e-05
204	01.34480178028939e-03	08.60886581241395e-05
205	01.32608257591507e-03	08.48903319400458e-05
206	01.30759940855821e-03	08.37071158713594e-05
207	01.28935073415346e-03	08.25389110733922e-05
208	01.27133499322072e-03	08.13856177146654e-05
209	01.25355061298269e-03	08.02471351124694e-05
210	01.23599600931444e-03	07.91233618576668e-05
211	01.21866958860755e-03	07.80141959340240e-05
212	01.20156974955374e-03	07.69195348323977e-05
213	01.18469488475963e-03	07.58392756540978e-05
214	01.16804338236347e-03	07.47733152143904e-05
215	01.15161362747463e-03	07.37215501346448e-05
216	01.13540400356690e-03	07.26838769315254e-05
217	01.11941289379467e-03	07.16601921012514e-05
218	01.10363868221020e-03	07.06503921975208e-05
219	01.08807975489836e-03	06.96543739041489e-05
220	01.07273450105512e-03	06.86720341041121e-05
221	01.05760131400092e-03	06.77032699444178e-05
222	01.04267859208137e-03	06.67479788937639e-05
223	01.02796473956008e-03	06.58060587996949e-05
224	01.01345816739321e-03	06.48774079381840e-05
225	09.99157293990965e-04	06.39619250623825e-05
226	09.85060545856186e-04	06.30595094434978e-05
227	09.71166358226396e-04	06.21700609118962e-05
228	09.57473175643082e-04	06.12934798935452e-05
229	09.43979452432259e-04	06.04296674407773e-05
230	09.30683653154444e-04	05.95785252610959e-05
231	09.17584253011188e-04	05.87399557431991e-05
232	09.04679738184921e-04	05.79138619787356e-05
233	08.91968606133533e-04	05.71001477811628e-05
234	08.79449365834937e-04	05.62987177014020e-05
235	08.67120537966732e-04	05.55094770393404e-05
236	08.54980655069900e-04	05.47323318543098e-05
237	08.43028261645220e-04	05.39671889712589e-05
238	08.31261914189482e-04	05.32139559830717e-05
239	08.19680181206574e-04	05.24725412512768e-05
240	08.08281643173423e-04	05.17428539038673e-05
241	07.97064892446802e-04	05.10248038293351e-05
242	07.86028533132251e-04	05.03183016682797e-05
243	07.75171180899898e-04	04.96232588016178e-05
244	07.64491462771833e-04	04.89395873369717e-05
245	07.53988016853256e-04	04.82672000914587e-05
246	07.43659492022202e-04	04.76060105718285e-05
247	07.33504547577240e-04	04.69559329519106e-05
248	07.23521852843534e-04	04.63168820473954e-05
249	07.13710086727660e-04	04.56887732873357e-05
250	07.04067937239821e-04	04.50715226835614e-05
251	06.94594100981274e-04	04.44650467978658e-05
252	06.85287282570039e-04	04.38692627052422e-05
253	06.76146194031808e-04	04.32840879548928e-05
254	06.67169554172223e-04	04.27094405300440e-05
255	06.58356087894904e-04	04.21452388042897e-05
256	06.49704525468398e-04	04.15914014946642e-05
257	06.41213601770785e-04	04.10478476132850e-05
258	06.32882055530726e-04	04.05144964187680e-05
259	06.24708628460403e-04	03.99912673607218e-05
260	06.16692064443153e-04	03.94780800277435e-05
261	06.08831108605024e-04	03.89748540879830e-05
262	06.01124506446025e-04	03.84815092335301e-05
263	05.93571002867138e-04	03.79979651181273e-05
264	05.86169341249833e-04	03.75241412982438e-05
265	05.78918262436556e-04	03.70599571678116e-05
266	05.71816503766909e-04	03.66053318965245e-05
267	05.64862798058118e-04	03.61601843645729e-05
268	05.58055872593896e-04	03.57244330979142e-05
269	05.51394448091569e-04	03.52979962021531e-05
270	05.44877237694834e-04	03.48807912980617e-05
271	05.38502945939832e-04	03.44727354553918e-05
272	05.32270267749291e-04	03.40737451284845e-05
273	05.26177887439211e-04	03.36837360926816e-05
274	05.20224477724178e-04	03.33026233806504e-05
275	05.14408698772316e-04	03.29303212218857e-05
276	05.08729197255753e-04	03.25667429819240e-05
277	05.03184605483423e-04	03.22118011068297e-05
278	04.97773540513372e-04	03.18654070663683e-05
279	04.92494603356533e-04	03.15274713030351e-05
280	04.87346378200502e-04	03.11979031823651e-05
281	04.82327431735207e-04	03.08766109497647e-05
282	04.77436312454813e-04	03.05635016858227e-05
283	04.72671550124931e-04	03.02584812722033e-05
284	04.68031655252810e-04	02.99614543577297e-05
285	04.63515118656867e-04	02.96723243308275e-05
286	04.59120411123230e-04	02.93909932975376e-05
287	04.54845983128342e-04	02.91173620637591e-05
288	04.50690264677818e-04	02.88513301249329e-05
289	04.46651665204757e-04	02.85927956595324e-05
290	04.42728573606502e-04	02.83416555314169e-05
291	04.38919358311583e-04	02.80978052941166e-05
292	04.35222367525666e-04	02.78611392065773e-05
293	04.31635929516515e-04	02.76315502514030e-05
294	04.28158353029139e-04	02.74089301614312e-05
295	04.24787927796258e-04	02.71931694524113e-05
296	04.21522925132573e-04	02.69841574610471e-05
297	04.18361598651514e-04	02.67817823908801e-05
298	04.15302185068610e-04	02.65859313637181e-05
299	04.12342905088362e-04	02.63964904764088e-05
300	04.09481964390572e-04	02.62133448639807e-05
301	04.06717554705696e-04	02.60363787684829e-05
302	04.04047854955027e-04	02.58654756119746e-05
303	04.01471032477991e-04	02.57005180750918e-05
304	03.98985244338632e-04	02.55413881806829e-05
305	03.96588638676531e-04	02.53879673802891e-05
306	03.94279356113628e-04	02.52401366442032e-05
307	03.92055531239890e-04	02.50977765565761e-05
308	03.89915294109392e-04	02.49607674111893e-05
309	03.87856771777865e-04	02.48289893098831e-05
310	03.85878089893881e-04	02.47023222644171e-05
311	03.83977374282492e-04	02.45806462978483e-05
312	03.82152752539866e-04	02.44638415466135e-05
313	03.80402355653386e-04	02.43517883642409e-05
314	03.78724319622074e-04	02.42443674250832e-05
315	03.77116787029992e-04	02.41414598250402e-05
316	03.75577908637196e-04	02.40429471834050e-05
317	03.74105844957581e-04	02.39487117438713e-05
318	03.72698767761622e-04	02.38586364707325e-05
319	03.71354861581780e-04	02.37726051452516e-05
320	03.70072325166336e-04	02.36905024587298e-05
321	03.68849372886161e-04	02.36122141025623e-05
322	03.67684236085115e-04	02.35376268546843e-05
323	03.66575164387387e-04	02.34666286632629e-05
324	03.65520426932195e-04	02.33991087257364e-05
325	03.64518313560513e-04	02.33349575647840e-05
326	03.63567135926174e-04	02.32740670994544e-05
327	03.62665228543493e-04	02.32163307122296e-05
328	03.61810949770529e-04	02.31616433119701e-05
329	03.61002682713749e-04	02.31099013918270e-05
330	03.60238836074638e-04	02.30610030834386e-05
331	03.59517844902685e-04	02.30148482051343e-05
332	03.58838171303856e-04	02.29713383072868e-05
333	03.58198305079449e-04	02.29303767132098e-05
334	03.57596764239685e-04	02.28918685520360e-05
335	03.57032095537728e-04	02.28557207929025e-05
336	03.56502874859849e-04	02.28218422699277e-05
337	03.56007707586885e-04	02.27901437053502e-05
338	03.55545228885941e-04	02.27605377282026e-05
339	03.55114103925374e-04	02.27329388880739e-05
340	03.54713028059995e-04	02.27072636669651e-05
341	03.54340726927499e-04	02.26834304854625e-05
342	03.53995956501854e-04	02.26613597061553e-05
343	03.53677503106734e-04	02.26409736344956e-05
344	03.53384183349981e-04	02.26221965146031e-05
345	03.53114844048243e-04	02.26049545244403e-05
346	03.52868362074557e-04	02.25891757660557e-05
347	03.52643644176935e-04	02.25747902539703e-05
348	03.52439626769339e-04	02.25617299017970e-05
349	03.52255275665521e-04	02.25499285052016e-05
350	03.52089585794461e-04	02.25393217236867e-05
351	03.51941580877116e-04	02.25298470598985e-05
352	03.51810313083985e-04	02.25214438377054e-05
353	03.51694862658251e-04	02.25140531780728e-05
354	03.51594337518188e-04	02.25076179736118e-05
355	03.51507872837588e-04	02.25020828617186e-05
356	03.51434630610260e-04	02.24973941966967e-05
357	03.51373799200669e-04	02.24935000209897e-05
358	03.51324592876166e-04	02.24903500352374e-05
359	03.51286251310815e-04	02.24878955665120e-05
360	03.51258039129221e-04	02.24860895391169e-05
361	03.51239245365482e-04	02.24848864399501e-05
362	03.51229182985636e-04	02.24842422879337e-05
363	03.51227188370861e-04	02.24841146009303e-05
364	03.51232620784232e-04	02.24844623616073e-05
365	03.51244861877968e-04	02.24852459858924e-05
366	03.51263315148941e-04	02.24864272881180e-05
367	03.51287405423242e-04	02.24879694480250e-05
368	03.51316578349379e-04	02.24898369783194e-05
369	03.51350299863718e-04	02.24919956904522e-05
370	03.51388055681002e-04	02.24944126620045e-05
371	03.51429350778840e-04	02.24970562036863e-05
372	03.51473708892401e-04	02.24998958269895e-05
373	03.51520672009044e-04	02.25029022118354e-05
374	03.51569799876292e-04	02.25060471750783e-05
375	03.51620669497807e-04	02.25093036382386e-05
376	03.51672874656811e-04	02.25126455969954e-05
377	03.51726025444533e-04	02.25160480909989e-05
378	03.51779747777514e-04	02.25194871729702e-05
379	03.51833682941191e-04	02.25229398794841e-05
380	03.51887487133924e-04	02.25263842017788e-05
381	03.51940831024671e-04	02.25297990574407e-05
382	03.51993399311004e-04	02.25331642621100e-05
383	03.52044890295791e-04	02.25364605023818e-05
384	03.52095015456878e-04	02.25396693082590e-05
385	03.52143499053846e-04	02.25427730279782e-05
386	03.52190077708082e-04	02.25457548011282e-05
387	03.52234500031855e-04	02.25485985349039e-05
388	03.52276526220728e-04	02.25512888780156e-05
389	03.52315927690222e-04	02.25538111974285e-05
390	03.52352486723473e-04	02.25561515558077e-05
391	03.52385996096270e-04	02.25582966875148e-05
392	03.52416258742401e-04	02.25602339771844e-05
393	03.52443087403356e-04	02.25619514372999e-05
394	03.52466304325047e-04	02.25634376887784e-05
395	03.52485740898002e-04	02.25646819379375e-05
396	03.52501237390279e-04	02.25656739593976e-05
397	03.52512642612346e-04	02.25664040746293e-05
398	03.52519813631143e-04	02.25668631336480e-05
399	03.52522615495334e-04	02.25670424974264e-05
400	03.52520920943977e-04	02.25669340192442e-05
401	03.52514610134554e-04	02.25665300272784e-05
402	03.52503570404205e-04	02.25658233093176e-05
403	03.52487695982414e-04	02.25648070943702e-05
404	03.52466887768057e-04	02.25634750383912e-05
405	03.52441053079951e-04	02.25618212083140e-05
406	03.52410105435082e-04	02.25598400678530e-05
407	03.52373964298623e-04	02.25575264615012e-05
408	03.52332554899810e-04	02.25548756027429e-05
409	03.52285807992427e-04	02.25518830587211e-05
410	03.52233659668435e-04	02.25485447383071e-05
411	03.52176051143839e-04	02.25448568783923e-05
412	03.52112928578444e-04	02.25408160323495e-05
413	03.52044242885092e-04	02.25364190578216e-05
414	03.51969949542811e-04	02.25316631047598e-05
415	03.51890008442824e-04	02.25265456055657e-05
416	03.51804383688755e-04	02.25210642623015e-05
417	03.51713043462706e-04	02.25152170381169e-05
418	03.51615959842489e-04	02.25090021455484e-05
419	03.51513108674959e-04	02.25024180384116e-05
420	03.51404469398650e-04	02.24954634004463e-05
421	03.51290024920242e-04	02.24881371374087e-05
422	03.51169761468489e-04	02.24804383677204e-05
423	03.51043668471745e-04	02.24723664146284e-05
424	03.50911738405739e-04	02.24639207964599e-05
425	03.50773966693433e-04	02.24551012202118e-05
426	03.50630351557246e-04	02.24459075720906e-05
427	03.50480893930756e-04	02.24363399118603e-05
428	03.50325597328147e-04	02.24263984644843e-05
429	03.50164467738819e-04	02.24160836133794e-05
430	03.49997513515838e-04	02.24053958932743e-05
431	03.49824745287832e-04	02.23943359845699e-05
432	03.49646175854420e-04	02.23829047066450e-05
433	03.49461820076053e-04	02.23711030108042e-05
434	03.49271694804506e-04	02.23589319758288e-05
435	03.49075818788057e-04	02.23463928019060e-05
436	03.48874212578080e-04	02.23334868046499e-05
437	03.48666898452947e-04	02.23202154102299e-05
438	03.48453900330242e-04	02.23065801497511e-05
439	03.48235243710073e-04	02.22925826556250e-05
440	03.48010955571116e-04	02.22782246549152e-05
441	03.47781064317346e-04	02.22635079659268e-05
442	03.47545599720495e-04	02.22484344945232e-05
443	03.47304592815280e-04	02.22330062274190e-05
444	03.47058075873454e-04	02.22172252305184e-05
445	03.46806082325638e-04	02.22010936439118e-05
446	03.46548646695100e-04	02.21846136776363e-05
447	03.46285804551382e-04	02.21677876087072e-05
448	03.46017592446590e-04	02.21506177770393e-05
449	03.45744047866966e-04	02.21331065823472e-05
450	03.45465209186397e-04	02.21152564811686e-05
451	03.45181115590848e-04	02.20970699820273e-05
452	03.44891807066164e-04	02.20785496446520e-05
453	03.44597324322637e-04	02.20596980751474e-05
454	03.44297708771027e-04	02.20405179244596e-05
455	03.43993002455217e-04	02.20210118840643e-05
456	03.43683248035583e-04	02.20011826849026e-05
457	03.43368488744290e-04	02.19810330945193e-05
458	03.43048768331376e-04	02.19605659136113e-05
459	03.42724131033688e-04	02.19397839740388e-05
460	03.42394621552269e-04	02.19186901373780e-05
461	03.42060285002329e-04	02.18972872917185e-05
462	03.41721166891771e-04	02.18755783502882e-05
463	03.41377313080614e-04	02.18535662488565e-05
464	03.41028769753954e-04	02.18312539440023e-05
465	03.40675583389611e-04	02.18086444110438e-05
466	03.40317800726641e-04	02.17857406420225e-05
467	03.39955468763305e-04	02.17625456455730e-05
468	03.39588634689070e-04	02.17390624425702e-05
469	03.39217345891326e-04	02.17152940665591e-05
470	03.38841649925511e-04	02.16912435618426e-05
471	03.38461594474123e-04	02.16669139808573e-05
472	03.38077227347131e-04	02.16423083842000e-05
473	03.37688596449012e-04	02.16174298385176e-05
474	03.37295749758224e-04	02.15922814151930e-05
475	03.36898735311845e-04	02.15668661893615e-05
476	03.36497601182034e-04	02.15411872384043e-05
477	03.36092395453965e-04	02.15152476405357e-05
478	03.35683166221927e-04	02.14890504745536e-05
479	03.35269961565491e-04	02.14625988183135e-05
480	03.34852829523398e-04	02.14358957470574e-05
481	03.34431818091969e-04	02.14089443333116e-05
482	03.34006975200652e-04	02.13817476453216e-05
483	03.33578348711931e-04	02.13543087470457e-05
484	03.33145986389020e-04	02.13266306960881e-05
485	03.32709935898208e-04	02.12987165438475e-05
486	03.32270244782290e-04	02.12705693338175e-05
487	03.31826960467097e-04	02.12421921020040e-05
488	03.31380130239159e-04	02.12135878754955e-05
489	03.30929801219554e-04	02.11847596707888e-05
490	03.30476020386516e-04	02.11557104952365e-05
491	03.30018834540426e-04	02.11264433448058e-05
492	03.29558290308335e-04	02.10969612043679e-05
493	03.29094434118774e-04	02.10672670460859e-05
494	03.28627312216787e-04	02.10373638303764e-05
495	03.28156970631319e-04	02.10072545038226e-05
496	03.27683455184038e-04	02.09769419997383e-05
497	03.27206811477120e-04	02.09464292373869e-05
498	03.26727084877680e-04	02.09157191209834e-05
499	03.26244320530303e-04	02.08848145404980e-05
500	03.25758563334302e-04	02.08537183701993e-05
501	03.25269857937123e-04	02.08224334682325e-05
502	03.24778248745895e-04	02.07909626773586e-05
503	03.24283779902569e-04	02.07593088233631e-05
504	03.23786495288241e-04	02.07274747153327e-05
505	03.23286438522070e-04	02.06954631455857e-05
506	03.22783652944238e-04	02.06632768885818e-05
507	03.22278181623507e-04	02.06309187014052e-05
508	03.21770067352528e-04	02.05983913234649e-05
509	03.21259352630118e-04	02.05656974753596e-05
510	03.20746079682350e-04	02.05328398602282e-05
511	03.20230290428891e-04	02.04998211615947e-05
512	03.19712026512924e-04	02.04666440452838e-05
513	03.19191329273827e-04	02.04333111576718e-05
514	03.18668239748179e-04	02.03998251257511e-05
515	03.18142798679149e-04	02.03661885577311e-05
516	03.17615046510332e-04	02.03324040426439e-05
517	03.17085023368028e-04	02.02984741492094e-05
518	03.16552769077634e-04	02.02644014268852e-05
519	03.16018323160177e-04	02.02301884056444e-05
520	03.15481724827331e-04	02.01958375956563e-05
521	03.14943012967484e-04	02.01613514863950e-05
522	03.14402226162291e-04	02.01267325476989e-05
523	03.13859402690024e-04	02.00919832299848e-05
524	03.13314580500530e-04	02.00571059626453e-05
525	03.12767797235791e-04	02.00221031553647e-05
526	03.12219090219370e-04	01.99869771974433e-05
527	03.11668496457867e-04	01.99517304578910e-05
528	03.11116052644208e-04	01.99163652856374e-05
529	03.10561795150953e-04	01.98808840091036e-05
530	03.10005760037498e-04	01.98452889366633e-05
531	03.09447983036970e-04	01.98095823558038e-05
532	03.08888499572423e-04	01.97737665341627e-05
533	03.08327344754291e-04	01.97378437193650e-05
534	03.07764553366559e-04	01.97018161381380e-05
535	03.07200159876753e-04	01.96656859969502e-05
536	03.06634198444406e-04	01.96294554825541e-05
537	03.06066702913126e-04	01.95931267614775e-05
538	03.05497706799007e-04	01.95567019792826e-05
539	03.04927243314075e-04	01.95201832620662e-05
540	03.04355345356520e-04	01.94835727158344e-05
541	03.03782045509719e-04	01.94468724264406e-05
542	03.03207376043657e-04	01.94100844596761e-05
543	03.02631368919208e-04	01.93732108615439e-05
544	03.02054055787298e-04	01.93362536582058e-05
545	03.01475467985243e-04	01.92992148557474e-05
546	03.00895636552733e-04	01.92620964412014e-05
547	03.00314592210981e-04	01.92249003812131e-05
548	02.99732365384156e-04	01.91876286234121e-05
549	02.99148986187312e-04	01.91502830956400e-05
550	02.98564484433585e-04	01.91128657064105e-05
551	02.97978889636569e-04	01.90753783450622e-05
552	02.97392231007425e-04	01.90378228815729e-05
553	02.96804537461415e-04	01.90002011669784e-05
554	02.96215837611339e-04	01.89625150329520e-05
555	02.95626159780174e-04	01.89247662926137e-05
556	02.95035531988620e-04	01.88869567397332e-05
557	02.94443981984696e-04	01.88490881506240e-05
558	02.93851537188029e-04	01.88111622805774e-05
559	02.93258224771941e-04	01.87731808691173e-05
560	02.92664071587976e-04	01.87351456351688e-05
561	02.92069104224406e-04	01.86970582808031e-05
562	02.91473348970046e-04	01.86589204889219e-05
563	02.90876831842208e-04	01.86207339250458e-05
564	02.90279578570922e-04	01.85825002363053e-05
565	02.89681614608649e-04	01.85442210520618e-05
566	02.89082965126260e-04	01.85058979836506e-05
567	02.88483655030505e-04	01.84675326254989e-05
568	02.87883708943591e-04	01.84291265538189e-05
569	02.87283151219638e-04	01.83906813276606e-05
570	02.86682005943328e-04	01.83521984888262e-05
571	02.86080296933330e-04	01.83136795620883e-05
572	02.85478047742078e-04	01.82751260551766e-05
573	02.84875281653529e-04	01.82365394586339e-05
574	02.84272021689786e-04	01.81979212462402e-05
575	02.83668290620646e-04	01.81592728756239e-05
576	02.83064110945914e-04	01.81205957871296e-05
577	02.82459504911851e-04	01.80818914048710e-05
578	02.81854494523021e-04	01.80431611374897e-05
579	02.81249101511756e-04	01.80044063761997e-05
580	02.80643347372768e-04	01.79656284970036e-05
581	02.80037253349096e-04	01.79268288597934e-05
582	02.79430840430732e-04	01.78880088082614e-05
583	02.78824129372464e-04	01.78491696710437e-05
584	02.78217140687623e-04	01.78103127613188e-05
585	02.77609894632573e-04	01.77714393758157e-05
586	02.77002411236439e-04	01.77325507967163e-05
587	02.76394710292979e-04	01.76936482911351e-05
588	02.75786811361586e-04	01.76547331111839e-05
589	02.75178733755924e-04	01.76158064932436e-05
590	02.74570496574226e-04	01.75768696599042e-05
591	02.73962118675813e-04	01.75379238184617e-05
592	02.73353618699534e-04	01.74989701620982e-05
593	02.72745015052272e-04	01.74600098691463e-05
594	02.72136325917932e-04	01.74210441036647e-05
595	02.71527569266466e-04	01.73820740160153e-05
596	02.70918762839041e-04	01.73431007419146e-05
597	02.70309924169227e-04	01.73041254037893e-05
598	02.69701070564250e-04	01.72651491095764e-05
599	02.69092219125412e-04	01.72261729540308e-05
600	02.68483386738722e-04	01.71871980181251e-05
601	02.67874590079398e-04	01.71482253693379e-05
602	02.67265845615132e-04	01.71092560618628e-05
603	02.66657169617671e-04	01.70702911373499e-05
604	02.66048578134900e-04	01.70313316231186e-05
605	02.65440087032679e-04	01.69923785348356e-05
606	02.64831711957376e-04	01.69534328741170e-05
607	02.64223468373407e-04	01.69144956309307e-05
608	02.63615371536019e-04	01.68755677818546e-05
609	02.63007436516245e-04	01.68366502916742e-05
610	02.62399678181025e-04	01.67977441121095e-05
611	02.61792111216385e-04	01.67588501832993e-05
612	02.61184750110063e-04	01.67199694326887e-05
613	02.60577609168634e-04	01.66811027761257e-05
614	02.59970702508900e-04	01.66422511173096e-05
615	02.59364044058558e-04	01.66034153478341e-05
616	02.58757647578954e-04	01.65645963486437e-05
617	02.58151526640065e-04	01.65257949884323e-05
618	02.57545694631414e-04	01.64870121243420e-05
619	02.56940164766097e-04	01.64482486022205e-05
620	02.56334950086479e-04	01.64095052569863e-05
621	02.55730063459036e-04	01.63707829122980e-05
622	02.55125517580546e-04	01.63320823809509e-05
623	02.54521324972386e-04	01.62934044645119e-05
624	02.53917497990977e-04	01.62547499539881e-05
625	02.53314048819327e-04	01.62161196292853e-05
626	02.52710989493362e-04	01.61775142608939e-05
627	02.52108331864316e-04	01.61389346074808e-05
628	02.51506087634504e-04	01.61003814181800e-05
629	02.50904268343700e-04	01.60618554317202e-05
630	02.50302885362077e-04	01.60233573759729e-05
631	02.49701949919911e-04	01.59848879698541e-05
632	02.49101473087452e-04	01.59464479220353e-05
633	02.48501465775298e-04	01.59080379309682e-05
634	02.47901938740086e-04	01.58696586852481e-05
635	02.47302902598975e-04	01.58313108645417e-05
636	02.46704367806981e-04	01.57929951381361e-05
637	02.46106344684267e-04	01.57547121666854e-05
638	02.45508843395832e-04	01.57164626009110e-05
639	02.44911873964450e-04	01.56782470824293e-05
640	02.44315446271105e-04	01.56400662437803e-05
641	02.43719570050669e-04	01.56019207081502e-05
642	02.43124254910252e-04	01.55638110905466e-05
643	02.42529510306590e-04	01.55257379963506e-05
644	02.41935345560971e-04	01.54877020222728e-05
645	02.41341769860811e-04	01.54497037564533e-05
646	02.40748792258670e-04	01.54117437783999e-05
647	02.40156421680890e-04	01.53738226595401e-05
648	02.39564666908750e-04	01.53359409620150e-05
649	02.38973536603124e-04	01.52980992402581e-05
650	02.38383039296222e-04	01.52602980404663e-05
651	02.37793183394302e-04	01.52225379007735e-05
652	02.37203977165752e-04	01.51848193504877e-05
653	02.36615428772001e-04	01.51471429120700e-05
654	02.36027546240946e-04	01.51095090994330e-05
655	02.35440337476886e-04	01.50719184185776e-05
656	02.34853810268097e-04	01.50343713680769e-05
657	02.34267972283302e-04	01.49968684388510e-05
658	02.33682831076265e-04	01.49594101144605e-05
659	02.33098394073007e-04	01.49219968702888e-05
660	02.32514668597564e-04	01.48846291751903e-05
661	02.31931661852278e-04	01.48473074902292e-05
662	02.31349380924700e-04	01.48100322691214e-05
663	02.30767832799883e-04	01.47728039590211e-05
664	02.30187024350442e-04	01.47356229998846e-05
665	02.29606962326330e-04	01.46984898238162e-05
666	02.29027653385659e-04	01.46614048570407e-05
667	02.28449104074254e-04	01.46243685185948e-05
668	02.27871320827994e-04	01.45873812204768e-05
669	02.27294309982473e-04	01.45504433682654e-05
670	02.26718077776989e-04	01.45135553613747e-05
671	02.26142630333077e-04	01.44767175916800e-05
672	02.25567973687743e-04	01.44399304456455e-05
673	02.24994113759758e-04	01.44031943021665e-05
674	02.24421056395252e-04	01.43665095354883e-05
675	02.23848807310249e-04	01.43298765115268e-05
676	02.23277372151251e-04	01.42932955917481e-05
677	02.22706756460743e-04	01.42567671309590e-05
678	02.22136965678428e-04	01.42202914773869e-05
679	02.21568005167646e-04	01.41838689743706e-05
680	02.20999880183563e-04	01.41474999583243e-05
681	02.20432595893711e-04	01.41111847600519e-05
682	02.19866157388495e-04	01.40749237054201e-05
683	02.19300569651578e-04	01.40387171134627e-05
684	02.18735837581647e-04	01.40025652977731e-05
685	02.18171966006256e-04	01.39664685673915e-05
686	02.17608959650295e-04	01.39304272247859e-05
687	02.17046823160337e-04	01.38944415674107e-05
688	02.16485561093095e-04	01.38585118869678e-05
689	02.15925177933758e-04	01.38226384705805e-05
690	02.15365678071818e-04	01.37868215992460e-05
691	02.14807065823676e-04	01.37510615492824e-05
692	02.14249345424525e-04	01.37153585918094e-05
693	02.13692521031878e-04	01.36797129929736e-05
694	02.13136596720038e-04	01.36441250135953e-05
695	02.12581576484430e-04	01.36085949094449e-05
696	02.12027464253171e-04	01.35731229319844e-05
697	02.11474263874626e-04	01.35377093275702e-05
698	02.10921979113300e-04	01.35023543371904e-05
699	02.10370613678378e-04	01.34670581982915e-05
700	02.09820171184720e-04	01.34318211422822e-05
701	02.09270655194021e-04	01.33966433971673e-05
702	02.08722069182969e-04	01.33615251855102e-05
703	02.08174416563262e-04	01.33264667257135e-05
704	02.07627700680250e-04	01.32914682319329e-05
705	02.07081924802336e-04	01.32565299133979e-05
706	02.06537092139097e-04	01.32216519755725e-05
707	02.05993205822059e-04	01.31868346189240e-05
708	02.05450268927313e-04	01.31520780403710e-05
709	02.04908284463419e-04	01.31173824325092e-05
710	02.04367255366979e-04	01.30827479833277e-05
711	02.03827184510755e-04	01.30481748767288e-05
712	02.03288074717010e-04	01.30136632933823e-05
713	02.02749928733071e-04	01.29792134091605e-05
714	02.02212749253074e-04	01.29448253965310e-05
715	02.01676538896143e-04	01.29104994231593e-05
716	02.01141300234790e-04	01.28762356537269e-05
717	02.00607035780866e-04	01.28420342490323e-05
718	02.00073747981721e-04	01.28078953657446e-05
719	01.99541439227745e-04	01.27738191568868e-05
720	01.99010111857752e-04	01.27398057721800e-05
721	01.98479768142374e-04	01.27058553569808e-05
722	01.97950410313006e-04	01.26719680541339e-05
723	01.97422040525060e-04	01.26381440016197e-05
724	01.96894660902282e-04	01.26043833353919e-05
725	01.96368273491123e-04	01.25706861864557e-05
726	01.95842880302836e-04	01.25370526835632e-05
727	01.95318483286007e-04	01.25034829514549e-05
728	01.94795084343826e-04	01.24699771119651e-05
729	01.94272685325911e-04	01.24365352834987e-05
730	01.93751288022344e-04	01.24031575806495e-05
731	01.93230894190996e-04	01.23698441159489e-05
732	01.92711505522940e-04	01.23365949976527e-05
733	01.92193123670276e-04	01.23034103315214e-05
734	01.91675750232847e-04	01.22702902199703e-05
735	01.91159386767519e-04	01.22372347626635e-05
736	01.90644034779781e-04	01.22042440559763e-05
737	01.90129695727009e-04	01.21713181932038e-05
738	01.89616371029757e-04	01.21384572652841e-05
739	01.89104062050726e-04	01.21056613594516e-05
740	01.88592770114246e-04	01.20729305604845e-05
741	01.88082496502898e-04	01.20402649504883e-05
742	01.87573242459557e-04	01.20076646090268e-05
743	01.87065009166723e-04	01.19751296117987e-05
744	01.86557797780685e-04	01.19426600328248e-05
745	01.86051609414726e-04	01.19102559433730e-05
746	01.85546445128379e-04	01.18779174112701e-05
747	01.85042305955203e-04	01.18456445026804e-05
748	01.84539192878741e-04	01.18134372805663e-05
749	01.84037106849972e-04	01.17812958058054e-05
750	01.83536048772390e-04	01.17492201362357e-05
751	01.83036019514383e-04	01.17172103274478e-05
752	01.82537019906485e-04	01.16852664326091e-05
753	01.82039050744492e-04	01.16533885026632e-05
754	01.81542112783240e-04	01.16215765859316e-05
755	01.81046206733371e-04	01.15898307279066e-05
756	01.80551333288835e-04	01.15581509730120e-05
757	01.80057493087522e-04	01.15265373620829e-05
758	01.79564686747261e-04	01.14949899346703e-05
759	01.79072914837251e-04	01.14635087272117e-05
760	01.78582177900163e-04	01.14320937744468e-05
761	01.78092476445673e-04	01.14007451090031e-05
762	01.77603810949485e-04	01.13694627613330e-05
763	01.77116181849245e-04	01.13382467594529e-05
764	01.76629589548516e-04	01.13070971291971e-05
765	01.76144034434104e-04	01.12760138953274e-05
766	01.75659516841169e-04	01.12449970792995e-05
767	01.75176037084853e-04	01.12140467012873e-05
768	01.74693595446537e-04	01.11831627793037e-05
769	01.74212192179282e-04	01.11523453295487e-05
770	01.73731827500670e-04	01.11215943659508e-05
771	01.73252501603919e-04	01.10909099008793e-05
772	01.72774214649305e-04	01.10602919445942e-05
773	01.72296966771329e-04	01.10297405057058e-05
774	01.71820758075560e-04	01.09992555909722e-05
775	01.71345588634397e-04	01.09688372050279e-05
776	01.70871458497284e-04	01.09384853510383e-05
777	01.70398367686057e-04	01.09082000304013e-05
778	01.69926316195052e-04	01.08779812427540e-05
779	01.69455303992605e-04	01.08478289860698e-05
780	01.68985331012470e-04	01.08177432561076e-05
781	01.68516397178197e-04	01.07877240479736e-05
782	01.68048502379237e-04	01.07577713545907e-05
783	01.67581646474692e-04	01.07278851669394e-05
784	01.67115829302352e-04	01.06980654746355e-05
785	01.66651050688422e-04	01.06683122665534e-05
786	01.66187310405756e-04	01.06386255281523e-05
787	01.65724608241288e-04	01.06090052457925e-05
788	01.65262943926108e-04	01.05794514022594e-05
789	01.64802317182008e-04	01.05499639797434e-05
790	01.64342727710473e-04	01.05205429591348e-05
791	01.63884175179971e-04	01.04911883192102e-05
792	01.63426659250544e-04	01.04619000382069e-05
793	01.62970179548007e-04	01.04326780921712e-05
794	01.62514735687215e-04	01.04035224564477e-05
795	01.62060327249126e-04	01.03744331042110e-05
796	01.61606953806879e-04	01.03454100081353e-05
797	01.61154614899318e-04	01.03164531386992e-05
798	01.60703310064224e-04	01.02875624663134e-05
799	01.60253038795405e-04	01.02587379585736e-05
800	01.59803800590823e-04	01.02299795833413e-05
801	01.59355594912031e-04	01.02012873061475e-05
802	01.58908421204737e-04	01.01726610915086e-05
803	01.58462278898866e-04	01.01441009029308e-05
804	01.58017167407856e-04	01.01156067028648e-05
805	01.57573086122901e-04	01.00871784523373e-05
806	01.57130034414267e-04	01.00588161110355e-05
807	01.56688011643091e-04	01.00305196380618e-05
808	01.56247017147200e-04	01.00022889910268e-05
809	01.55807050244203e-04	09.97412412624665e-06
810	01.55368110240737e-04	09.94602499933495e-06
811	01.54930196426914e-04	09.91799156484770e-06
812	01.54493308068513e-04	09.89002377578315e-06
813	01.54057444427095e-04	09.86212158486944e-06
814	01.53622604738036e-04	09.83428494315844e-06
815	01.53188788227446e-04	09.80651380110899e-06
816	01.52755994097036e-04	09.77880810761788e-06
817	01.52324221543984e-04	09.75116781129170e-06
818	01.51893469745337e-04	09.72359285944860e-06
819	01.51463737863848e-04	09.69608319849128e-06
820	01.51035025044907e-04	09.66863877371117e-06
821	01.50607330429972e-04	09.64125953014805e-06
822	01.50180653126189e-04	09.61394541064507e-06
823	01.49754992257264e-04	09.58669635910540e-06
824	01.49330346899953e-04	09.55951231642688e-06
825	01.48906716136221e-04	09.53239322384062e-06
826	01.48484099040247e-04	09.50533902207946e-06
827	01.48062494655680e-04	09.47834964992174e-06
828	01.47641902024355e-04	09.45142504602965e-06
829	01.47222320176411e-04	09.42456514831674e-06
830	01.46803748125434e-04	09.39776989363677e-06
831	01.46386184872700e-04	09.37103921805565e-06
832	01.45969629412030e-04	09.34437305716197e-06
833	01.45554080719959e-04	09.31777134543760e-06
834	01.45139537767916e-04	09.29123401703779e-06
835	01.44725999507607e-04	09.26476100485506e-06
836	01.44313464886239e-04	09.23835224149385e-06
837	01.43901932840185e-04	09.21200765886531e-06
838	01.43491402284928e-04	09.18572718754304e-06
839	01.43081872142114e-04	09.15951075849532e-06
840	01.42673341313798e-04	09.13335830143613e-06
841	01.42265808684649e-04	09.10726974496677e-06
842	01.41859273139728e-04	09.08124501771327e-06
843	01.41453733553714e-04	09.05528404763736e-06
844	01.41049188789192e-04	09.02938676192631e-06
845	01.40645637693493e-04	09.00355308679109e-06
846	01.40243079118104e-04	08.97778294870863e-06
847	01.39841511891646e-04	08.95207627269209e-06
848	01.39440934840094e-04	08.92643298358519e-06
849	01.39041346780230e-04	08.90085300564323e-06
850	01.38642746521603e-04	08.87533626265839e-06
851	01.38245132856688e-04	08.84988267733000e-06
852	01.37848504588339e-04	08.82449217302169e-06
853	01.37452860489024e-04	08.79916467115194e-06
854	01.37058199339139e-04	08.77390009364666e-06
855	01.36664519897898e-04	08.74869836107595e-06
856	01.36271820931831e-04	08.72355939447810e-06
857	01.35880101187745e-04	08.69848311362885e-06
858	01.35489359413731e-04	08.67346943838616e-06
859	01.35099594341419e-04	08.64851828755427e-06
860	01.34710804699714e-04	08.62362957976290e-06
861	01.34322989216303e-04	08.59880323356385e-06
862	01.33936146601769e-04	08.57403916641385e-06
863	01.33550275568771e-04	08.54933729590278e-06
864	01.33165374815949e-04	08.52469753872290e-06
865	01.32781443036628e-04	08.50011981122625e-06
866	01.32398478927157e-04	08.47560402995850e-06
867	01.32016481161990e-04	08.45115011006363e-06
868	01.31635448426841e-04	08.42675796740652e-06
869	01.31255379385513e-04	08.40242751644934e-06
870	01.30876272709558e-04	08.37815867215036e-06
871	01.30498127051647e-04	08.35395134825905e-06
872	01.30120941073753e-04	08.32980545912058e-06
873	01.29744713413878e-04	08.30572091754534e-06
874	01.29369442720657e-04	08.28169763702458e-06
875	01.28995127634080e-04	08.25773553049603e-06
876	01.28621766787619e-04	08.23383451048032e-06
877	01.28249358803058e-04	08.20999448874963e-06
878	01.27877902305305e-04	08.18621537727626e-06
879	01.27507395918265e-04	08.16249708796837e-06
880	01.27137838250393e-04	08.13883953174492e-06
881	01.26769227910218e-04	08.11524261952973e-06
882	01.26401563507939e-04	08.09170626235340e-06
883	01.26034843643109e-04	08.06823037056518e-06
884	01.25669066903465e-04	08.04481485375781e-06
885	01.25304231890201e-04	08.02145962238544e-06
886	01.24940337188653e-04	07.99816458588722e-06
887	01.24577381382344e-04	07.97492965358604e-06
888	01.24215363055854e-04	07.95175473487260e-06
889	01.23854280782280e-04	07.92863973840249e-06
890	01.23494133135218e-04	07.90558457286316e-06
891	01.23134918687178e-04	07.88258914687266e-06
892	01.22776635999753e-04	07.85965336835007e-06
893	01.22419283642443e-04	07.83677714572067e-06
894	01.22062860173772e-04	07.81396038670714e-06
895	01.21707364148313e-04	07.79120299877916e-06
896	01.21352794123312e-04	07.76850488957766e-06
897	01.20999148649376e-04	07.74586596631846e-06
898	01.20646426275358e-04	07.72328613610508e-06
899	01.20294625542744e-04	07.70076530556949e-06
900	01.19943744998675e-04	07.67830338170570e-06
901	01.19593783186356e-04	07.65590027125567e-06
902	01.19244738636524e-04	07.63355588016326e-06
903	01.18896609893433e-04	07.61127011523755e-06
904	01.18549395484293e-04	07.58904288219673e-06
905	01.18203093939159e-04	07.56687408694090e-06
906	01.17857703796391e-04	07.54476363590196e-06
907	01.17513223572440e-04	07.52271143410915e-06
908	01.17169651799221e-04	07.50071738758183e-06
909	01.16826987000152e-04	07.47878140179519e-06
910	01.16485227688703e-04	07.45690338158784e-06
911	01.16144372401698e-04	07.43508323329322e-06
912	01.15804419636008e-04	07.41332086068724e-06
913	01.15465367924808e-04	07.39161616986981e-06
914	01.15127215776435e-04	07.36996906535086e-06
915	01.14789961705464e-04	07.34837945203952e-06
916	01.14453604227751e-04	07.32684723492713e-06
917	01.14118141845451e-04	07.30537231812777e-06
918	01.13783573077868e-04	07.28395460685347e-06
919	01.13449896428700e-04	07.26259400531700e-06
920	01.13117110404771e-04	07.24129041793155e-06
921	01.12785213513915e-04	07.22004374917474e-06
922	01.12454204267968e-04	07.19885390378051e-06
923	01.12124081162987e-04	07.17772078547253e-06
924	01.11794842713021e-04	07.15664429912648e-06
925	01.11466487410168e-04	07.13562434821264e-06
926	01.11139013762611e-04	07.11466083723098e-06
927	01.10812420272478e-04	07.09375367029405e-06
928	01.10486705438115e-04	07.07290275127208e-06
929	01.10161867768728e-04	07.05210798473054e-06
930	01.09837905754651e-04	07.03136927402698e-06
931	01.09514817901924e-04	07.01068652352413e-06
932	01.09192602712600e-04	06.99005963732970e-06
933	01.08871258678660e-04	06.96948851890650e-06
934	01.08550784304566e-04	06.94897307251630e-06
935	01.08231178092021e-04	06.92851320224445e-06
936	01.07912438535742e-04	06.90810881172882e-06
937	01.07594564135655e-04	06.88775980494089e-06
938	01.07277553391241e-04	06.86746608582369e-06
939	01.06961404804516e-04	06.84722755848236e-06
940	01.06646116871713e-04	06.82704412665210e-06
941	01.06331688095359e-04	06.80691569447072e-06
942	01.06018116969047e-04	06.78684216550434e-06
943	01.05705402000379e-04	06.76682344421579e-06
944	01.05393541684309e-04	06.74685943425820e-06
945	01.05082534524092e-04	06.72695003981619e-06
946	01.04772379023770e-04	06.70709516512471e-06
947	01.04463073680233e-04	06.68729471396083e-06
948	01.04154616995981e-04	06.66754859046082e-06
949	01.03847007476366e-04	06.64785669894338e-06
950	01.03540243622676e-04	06.62821894346726e-06
951	01.03234323944901e-04	06.60863522864821e-06
952	01.02929246936800e-04	06.58910545806276e-06
953	01.02625011116668e-04	06.56962953685831e-06
954	01.02321614978478e-04	06.55020736862532e-06
955	01.02019057035137e-04	06.53083885816619e-06
956	01.01717335797363e-04	06.51152391014320e-06
957	01.01416449769241e-04	06.49226242879402e-06
958	01.01116397468723e-04	06.47305431924418e-06
959	01.00817177393909e-04	06.45389948534812e-06
960	01.00518788068190e-04	06.43479783257949e-06
961	01.00221227998184e-04	06.41574926533816e-06
962	09.99244957003640e-05	06.39675368865479e-06
963	09.96285896874468e-05	06.37781100731968e-06
964	09.93335084789767e-05	06.35892112656018e-06
965	09.90392505955490e-05	06.34008395167089e-06
966	09.87458145493160e-05	06.32129938740594e-06
967	09.84531988656610e-05	06.30256733936648e-06
968	09.81614020591688e-05	06.28388771246235e-06
969	09.78704226646410e-05	06.26526041289759e-06
970	09.75802591952423e-05	06.24668534549114e-06
971	09.72909101823001e-05	06.22816241622466e-06
972	09.70023741530901e-05	06.20969153082041e-06
973	09.67146496328574e-05	06.19127259487067e-06
974	09.64277351561927e-05	06.17290551456599e-06
975	09.61416292546510e-05	06.15459019590258e-06
976	09.58563304591923e-05	06.13632654483856e-06
977	09.55718373027405e-05	06.11811446745779e-06
978	09.52881483292393e-05	06.09995387054954e-06
979	09.50052620738124e-05	06.08184466033848e-06
980	09.47231770742265e-05	06.06378674321848e-06
981	09.44418918757752e-05	06.04578002606523e-06
982	09.41614050223502e-05	06.02782441566470e-06
983	09.38817150568650e-05	06.00991981874021e-06
984	09.36028205237897e-05	05.99206614211477e-06
985	09.33247199805425e-05	05.97426329344023e-06
986	09.30474119770503e-05	05.95651117988889e-06
987	09.27708950555705e-05	05.93880970814212e-06
988	09.24951677866160e-05	05.92115878669002e-06
989	09.22202287154330e-05	05.90355832240528e-06
990	09.19460764051990e-05	05.88600822330844e-06
991	09.16727094162898e-05	05.86850839724072e-06
992	09.14001263134513e-05	05.85105875232306e-06
993	09.11283256605840e-05	05.83365919662232e-06
994	09.08573060261612e-05	05.81630963849804e-06
995	09.05870659753910e-05	05.79900998610080e-06
996	09.03176040828691e-05	05.78176014818208e-06
997	09.00489189199035e-05	05.76456003328291e-06
998	08.97810090652316e-05	05.74740955041995e-06
999	08.95138730977644e-05	05.73030860862093e-06
1000	08.92475095930110e-05	05.71325711669583e-06
|| sol - ana_sol || _ 2 = 04.58281007503165e-01
