==== test ====
n_dim = 96
max_it = 1000, rtol = 1.00e-06
sor_omega = 1.50
solver type = "sor"

==== solver ====
solve with sor
0	01.56211260529836e+01	01.00000000000000e+00
1	01.36289206906145e+01	08.72467237277778e-01
2	03.42105510736320e+00	02.19001824564996e-01
3	02.90510212474890e+00	01.85972644666934e-01
4	01.51112810771406e+00	09.67361829479280e-02
5	06.83182069841810e-01	04.37344956774947e-02
6	04.63868767279118e-01	02.96949634556288e-02
7	04.65982811456356e-01	02.98302958362823e-02
8	04.48515295441649e-01	02.87120975735283e-02
9	03.98841733240981e-01	02.55322011926793e-02
10	03.36103051120641e-01	02.15159297723257e-02
11	02.73310933637759e-01	01.74962376406634e-02
12	02.16819265722917e-01	01.38798742797102e-02
13	01.69060885361929e-01	01.08225799336431e-02
14	01.30514497900732e-01	08.35499934243244e-03
15	01.00817987818634e-01	06.45395136539329e-03
16	07.92997243943351e-02	05.07644097649344e-03
17	06.50862299029255e-02	04.16655173783035e-03
18	05.69258894366685e-02	03.64416043015003e-03
19	05.31086231877938e-02	03.39979480401480e-03
20	05.18318297908395e-02	03.31805976182747e-03
21	05.16906452911056e-02	03.30902171301748e-03
22	05.18301519116842e-02	03.31795235093087e-03
23	05.18212327777917e-02	03.31738138480063e-03
24	05.14902520761022e-02	03.29619336669189e-03
25	05.07976429779528e-02	03.25185539158047e-03
26	04.97675566251318e-02	03.18591351585864e-03
27	04.84504839246461e-02	03.10159995894741e-03
28	04.69043337107105e-02	03.00262180534367e-03
29	04.51853232947747e-02	02.89257785524011e-03
30	04.33439763951435e-02	02.77470242850163e-03
31	04.14237360473791e-02	02.65177656891562e-03
32	03.94608791829235e-02	02.52612257586813e-03
33	03.74850410495758e-02	02.39963757557775e-03
34	03.55199866620778e-02	02.27384290617728e-03
35	03.35844421339391e-02	02.14993733614515e-03
36	03.16928931587236e-02	02.02884817978089e-03
37	02.98563087000406e-02	01.91127762485075e-03
38	02.80827750164296e-02	01.79774332024329e-03
39	02.63780391952240e-02	01.68861317076344e-03
40	02.47459682446500e-02	01.58413472631339e-03
41	02.31889327339760e-02	01.48445974095107e-03
42	02.17081247879599e-02	01.38966452958196e-03
43	02.03038199508577e-02	01.29976673141177e-03
44	01.89755916074002e-02	01.21473903629220e-03
45	01.77224855989822e-02	01.13452036292846e-03
46	01.65431615727742e-02	01.05902490746591e-03
47	01.54360065361598e-02	09.88149412776268e-04
48	01.43992250983460e-02	09.21778945353035e-04
49	01.34309099798884e-02	08.59791409040144e-04
50	01.25290955633103e-02	08.02060973121543e-04
51	01.16917965453733e-02	07.48460546680001e-04
52	01.09170331449684e-02	06.98863392302200e-04
53	01.02028438401684e-02	06.53143941452267e-04
54	09.54728629674718e-03	06.11177853911735e-04
55	08.94842706528715e-03	05.72841358230897e-04
56	08.40432083784047e-03	05.38009923825900e-04
57	07.91298062897010e-03	05.06556352092093e-04
58	07.47234119500630e-03	04.78348434655844e-04
59	07.08021924755683e-03	04.53246406407721e-04
60	06.73427532430635e-03	04.31100504628483e-04
61	06.43198316836332e-03	04.11749008781274e-04
62	06.17061266452462e-03	03.95017148161740e-04
63	05.94723138889334e-03	03.80717201098153e-04
64	05.75872753396625e-03	03.68649962520875e-04
65	05.60185370978404e-03	03.58607547931163e-04
66	05.47328764614074e-03	03.50377279306018e-04
67	05.36970306122830e-03	03.43746221816238e-04
68	05.28784264852100e-03	03.38505856145438e-04
69	05.22458550950189e-03	03.34456395254811e-04
70	05.17700312287136e-03	03.31410367300799e-04
71	05.14240043503903e-03	03.29195246078746e-04
72	05.11834117233161e-03	03.27655071405946e-04
73	05.10265848958017e-03	03.26651130800240e-04
74	05.09345334699352e-03	03.26061855574150e-04
75	05.08908356193201e-03	03.25782119974637e-04
76	05.08814647846867e-03	03.25722131759948e-04
77	05.08945784544231e-03	03.25806080059782e-04
78	05.09202898032876e-03	03.25970673500596e-04
79	05.09504375639214e-03	03.26163667018039e-04
80	05.09783646385892e-03	03.26342444620710e-04
81	05.09987119732669e-03	03.26472699857168e-04
82	05.10072311929200e-03	03.26527236384331e-04
83	05.10006173360208e-03	03.26484897202913e-04
84	05.09763615820585e-03	03.26329621879738e-04
85	05.09326229635326e-03	03.26049625300890e-04
86	05.08681175505049e-03	03.25636688276959e-04
87	05.07820233626408e-03	03.25085548829187e-04
88	05.06738992104562e-03	03.24393382644638e-04
89	05.05436157266238e-03	03.23559361567089e-04
90	05.03912969676895e-03	03.22584279755332e-04
91	05.02172711200561e-03	03.21470238123230e-04
92	05.00220290055821e-03	03.20220378709690e-04
93	04.98061892433448e-03	03.18838661658658e-04
94	04.95704690734492e-03	03.17329678445182e-04
95	04.93156599866427e-03	03.15698495866267e-04
96	04.90426074251069e-03	03.13950526093732e-04
97	04.87521939275989e-03	03.12091418776353e-04
98	04.84453251849204e-03	03.10126971772740e-04
99	04.81229185522937e-03	03.08063057612306e-04
100	04.77858936345528e-03	03.05905563225552e-04
101	04.74351646170739e-03	03.03660340849845e-04
102	04.70716340681087e-03	03.01333168354520e-04
103	04.66961879780271e-03	02.98929717484152e-04
104	04.63096918379495e-03	02.96455528755589e-04
105	04.59129875909752e-03	02.93915991940966e-04
106	04.55068913143401e-03	02.91316331229838e-04
107	04.50921915126186e-03	02.88661594302968e-04
108	04.46696479208107e-03	02.85956644670178e-04
109	04.42399907317517e-03	02.83206156724547e-04
110	04.38039201745552e-03	02.80414613043781e-04
111	04.33621063834806e-03	02.77586303550752e-04
112	04.29151895047117e-03	02.74725326197051e-04
113	04.24637799971209e-03	02.71835588888360e-04
114	04.20084590898708e-03	02.68920812413823e-04
115	04.15497793657044e-03	02.65984534180035e-04
116	04.10882654430272e-03	02.63030112577445e-04
117	04.06244147341500e-03	02.60060731834316e-04
118	04.01586982621328e-03	02.57079407245822e-04
119	03.96915615187460e-03	02.54088990666362e-04
120	03.92234253517433e-03	02.51092176189512e-04
121	03.87546868694979e-03	02.48091505939138e-04
122	03.82857203541348e-03	02.45089375914884e-04
123	03.78168781755194e-03	02.42088041843159e-04
124	03.73484917001136e-03	02.39089624995249e-04
125	03.68808721884413e-03	02.36096117932530e-04
126	03.64143116791132e-03	02.33109390165623e-04
127	03.59490838533653e-03	02.30131193688814e-04
128	03.54854448802258e-03	02.27163168390464e-04
129	03.50236342379334e-03	02.24206847311395e-04
130	03.45638755118289e-03	02.21263661752652e-04
131	03.41063771664287e-03	02.18334946218007e-04
132	03.36513332915401e-03	02.15421943190279e-04
133	03.31989243218922e-03	02.12525807738114e-04
134	03.27493177298102e-03	02.09647611950198e-04
135	03.23026686912226e-03	02.06788349198763e-04
136	03.18591207249854e-03	02.03948938232276e-04
137	03.14188063061069e-03	02.01130227101049e-04
138	03.09818474528050e-03	01.98332996915338e-04
139	03.05483562885335e-03	01.95557965443207e-04
140	03.01184355791250e-03	01.92805790549091e-04
141	02.96921792459901e-03	01.90077073479085e-04
142	02.92696728556614e-03	01.87372361994807e-04
143	02.88509940869723e-03	01.84692153364078e-04
144	02.84362131763442e-03	01.82036897211472e-04
145	02.80253933416716e-03	01.79406998231852e-04
146	02.76185911861095e-03	01.76802818775248e-04
147	02.72158570822769e-03	01.74224681306370e-04
148	02.68172355374247e-03	01.71672870742265e-04
149	02.64227655408490e-03	01.69147636676310e-04
150	02.60324808936110e-03	01.66649195488944e-04
151	02.56464105220524e-03	01.64177732354667e-04
152	02.52645787754062e-03	01.61733403147213e-04
153	02.48870057077628e-03	01.59316336244592e-04
154	02.45137073463211e-03	01.56926634246313e-04
155	02.41446959452177e-03	01.54564375598302e-04
156	02.37799802264074e-03	01.52229616134910e-04
157	02.34195656076406e-03	01.49922390538341e-04
158	02.30634544191719e-03	01.47642713725922e-04
159	02.27116461082330e-03	01.45390582159058e-04
160	02.23641374332153e-03	01.43165975086308e-04
161	02.20209226470907e-03	01.40968855717574e-04
162	02.16819936712743e-03	01.38799172337087e-04
163	02.13473402600428e-03	01.36656859355959e-04
164	02.10169501560622e-03	01.34541838307796e-04
165	02.06908092372762e-03	01.32454018789026e-04
166	02.03689016562576e-03	01.30393299350960e-04
167	02.00512099711616e-03	01.28359568338109e-04
168	01.97377152702609e-03	01.26352704685403e-04
169	01.94283972888851e-03	01.24372578666788e-04
170	01.91232345203913e-03	01.22419052605614e-04
171	01.88222043206043e-03	01.20491981543221e-04
172	01.85252830063923e-03	01.18591213869976e-04
173	01.82324459488537e-03	01.16716591921818e-04
174	01.79436676609164e-03	01.14867952541035e-04
175	01.76589218803283e-03	01.13045127607530e-04
176	01.73781816473578e-03	01.11247944536231e-04
177	01.71014193784059e-03	01.09476226748325e-04
178	01.68286069350834e-03	01.07729794113461e-04
179	01.65597156892245e-03	01.06008463365941e-04
180	01.62947165842952e-03	01.04312048497829e-04
181	01.60335801927009e-03	01.02640361125814e-04
182	01.57762767698607e-03	01.00993210837368e-04
183	01.55227763050570e-03	09.93704055162672e-05
184	01.52730485688329e-03	09.77717516460080e-05
185	01.50270631577174e-03	09.61970545961207e-05
186	01.47847895358105e-03	09.46461188883800e-05
187	01.45461970737597e-03	09.31187484463162e-05
188	01.43112550854435e-03	09.16147468300474e-05
189	01.40799328616193e-03	09.01339174516815e-05
190	01.38521997015483e-03	08.86760637777621e-05
191	01.36280249425575e-03	08.72409895185156e-05
192	01.34073779869866e-03	08.58284988003528e-05
193	01.31902283274697e-03	08.44383963277119e-05
194	01.29765455699204e-03	08.30704875301992e-05
195	01.27662994549657e-03	08.17245786998009e-05
196	01.25594598773652e-03	08.04004771151978e-05
197	01.23559969033663e-03	07.90979911528614e-05
198	01.21558807870760e-03	07.78169303918670e-05
199	01.19590819845637e-03	07.65571057041663e-05
200	01.17655711664028e-03	07.53183293348793e-05
201	01.15753192293356e-03	07.41004149769650e-05
202	01.13882973053558e-03	07.29031778293643e-05
203	01.12044767702989e-03	07.17264346519943e-05
204	01.10238292504052e-03	07.05700038077580e-05
205	01.08463266277485e-03	06.94337052973012e-05
206	01.06719410440231e-03	06.83173607832505e-05
207	01.05006449033324e-03	06.72207936080692e-05
208	01.03324108734167e-03	06.61438288019147e-05
209	01.01672118853828e-03	06.50862930809072e-05
210	01.00050211325821e-03	06.40480148399496e-05
211	09.84581206772457e-04	06.30288241342504e-05
212	09.68955839890694e-04	06.20285526538996e-05
213	09.53623408473751e-04	06.10470336926584e-05
214	09.38581332732660e-04	06.00841021030872e-05
215	09.23827056485433e-04	05.91395942489681e-05
216	09.09358046257016e-04	05.82133479476874e-05
217	08.95171790251066e-04	05.73052024044126e-05
218	08.81265797204591e-04	05.64149981387721e-05
219	08.67637595144184e-04	05.55425769052334e-05
220	08.54284729976490e-04	05.46877816028715e-05
221	08.41204764021736e-04	05.38504561814908e-05
222	08.28395274386203e-04	05.30304455374383e-05
223	08.15853851241479e-04	05.22275954034476e-05
224	08.03578096034673e-04	05.14417522340647e-05
225	07.91565619495391e-04	05.06727630780629e-05
226	07.79814039680177e-04	04.99204754532556e-05
227	07.68320979791199e-04	04.91847372068580e-05
228	07.57084066029767e-04	04.84653963780779e-05
229	07.46100925261256e-04	04.77623010486337e-05
230	07.35369182707420e-04	04.70752991950262e-05
231	07.24886459491138e-04	04.64042385313630e-05
232	07.14650370200809e-04	04.57489663534412e-05
233	07.04658520346137e-04	04.51093293758775e-05
234	06.94908503854623e-04	04.44851735718437e-05
235	06.85397900483221e-04	04.38763440073716e-05
236	06.76124273267631e-04	04.32826846780674e-05
237	06.67085165981445e-04	04.27040383464568e-05
238	06.58278100589608e-04	04.21402463789657e-05
239	06.49700574788500e-04	04.15911485884470e-05
240	06.41350059558679e-04	04.10565830775166e-05
241	06.33223996837337e-04	04.05363860895543e-05
242	06.25319797255196e-04	04.00303918638287e-05
243	06.17634838000720e-04	03.95384324987734e-05
244	06.10166460797884e-04	03.90603378225314e-05
245	06.02911970053274e-04	03.85959352743409e-05
246	05.95868631182550e-04	03.81450497974019e-05
247	05.89033669057020e-04	03.77075037394322e-05
248	05.82404266741681e-04	03.72831167718825e-05
249	05.75977564374078e-04	03.68717058181647e-05
250	05.69750658329014e-04	03.64730850001812e-05
251	05.63720600599811e-04	03.60870655987148e-05
252	05.57884398453231e-04	03.57134560313389e-05
253	05.52239014336428e-04	03.53520618464603e-05
254	05.46781366091769e-04	03.50026857370719e-05
255	05.41508327419107e-04	03.46651275703445e-05
256	05.36416728666430e-04	03.43391844382420e-05
257	05.31503357862513e-04	03.40246507236268e-05
258	05.26764962067530e-04	03.37213181867207e-05
259	05.22198249020422e-04	03.34289760705622e-05
260	05.17799889028966e-04	03.31474112220014e-05
261	05.13566517167700e-04	03.28764082324021e-05
262	05.09494735702152e-04	03.26157495928304e-05
263	05.05581116773265e-04	03.23652158659011e-05
264	05.01822205338564e-04	03.21245858740585e-05
265	04.98214522254821e-04	03.18936368969166e-05
266	04.94754567652025e-04	03.16721448872457e-05
267	04.91438824390716e-04	03.14598846922981e-05
268	04.88263761716584e-04	03.12566302877588e-05
269	04.85225839037311e-04	03.10621550195247e-05
270	04.82321509775701e-04	03.08762318503652e-05
271	04.79547225340544e-04	03.06986336141211e-05
272	04.76899439103206e-04	03.05291332702690e-05
273	04.74374610439684e-04	03.03675041626773e-05
274	04.71969208751817e-04	03.02135202770272e-05
275	04.69679717470012e-04	03.00669564970513e-05
276	04.67502638009177e-04	02.99275888577755e-05
277	04.65434493670489e-04	02.97951947952941e-05
278	04.63471833448936e-04	02.96695533905134e-05
279	04.61611235698689e-04	02.95504456037933e-05
280	04.59849311732193e-04	02.94376545053463e-05
281	04.58182709240768e-04	02.93309654942101e-05
282	04.56608115551014e-04	02.92301665067099e-05
283	04.55122260743347e-04	02.91350482160933e-05
284	04.53721920567504e-04	02.90454042191693e-05
285	04.52403919179159e-04	02.89610312114953e-05
286	04.51165131679650e-04	02.88817291499597e-05
287	04.50002486461221e-04	02.88073014029147e-05
288	04.48912967339038e-04	02.87375548866592e-05
289	04.47893615491118e-04	02.86723001896251e-05
290	04.46941531182032e-04	02.86113516827212e-05
291	04.46053875287077e-04	02.85545276169052e-05
292	04.45227870626967e-04	02.85016502086244e-05
293	04.44460803096103e-04	02.84525457120432e-05
294	04.43750022581006e-04	02.84070444778373e-05
295	04.43092943734289e-04	02.83649810027402e-05
296	04.42487046537005e-04	02.83261939655427e-05
297	04.41929876685499e-04	02.82905262518570e-05
298	04.41419045850723e-04	02.82578249707174e-05
299	04.40952231745359e-04	02.82279414588771e-05
300	04.40527178053748e-04	02.82007312763224e-05
301	04.40141694234779e-04	02.81760541936549e-05
302	04.39793655182040e-04	02.81537741703353e-05
303	04.39481000771929e-04	02.81337593257555e-05
304	04.39201735294525e-04	02.81158819028056e-05
305	04.38953926798257e-04	02.81000182259216e-05
306	04.38735706314385e-04	02.80860486514408e-05
307	04.38545267023995e-04	02.80738575142753e-05
308	04.38380863333595e-04	02.80633330687365e-05
309	04.38240809887508e-04	02.80543674253115e-05
310	04.38123480510248e-04	02.80468564829594e-05
311	04.38027307133187e-04	02.80406998604000e-05
312	04.37950778601338e-04	02.80358008197297e-05
313	04.37892439531555e-04	02.80320661933280e-05
314	04.37850889068747e-04	02.80294063042350e-05
315	04.37824779648451e-04	02.80277348869372e-05
316	04.37812815732782e-04	02.80269690064476e-05
317	04.37813752510884e-04	02.80270289751144e-05
318	04.37826394626710e-04	02.80278382711781e-05
319	04.37849594868927e-04	02.80293234549055e-05
320	04.37882252853339e-04	02.80314140842430e-05
321	04.37923313754666e-04	02.80340426336311e-05
322	04.37971766964874e-04	02.80371444081154e-05
323	04.38026644838470e-04	02.80406574630264e-05
324	04.38087021391315e-04	02.80445225206823e-05
325	04.38152011038881e-04	02.80486828896177e-05
326	04.38220767347363e-04	02.80530843846347e-05
327	04.38292481784141e-04	02.80576752468129e-05
328	04.38366382520202e-04	02.80624060668454e-05
329	04.38441733223889e-04	02.80672297078192e-05
330	04.38517831871263e-04	02.80721012290601e-05
331	04.38594009618511e-04	02.80769778139484e-05
332	04.38669629663702e-04	02.80818186970534e-05
333	04.38744086124416e-04	02.80865850922839e-05
334	04.38816802992150e-04	02.80912401259535e-05
335	04.38887233049156e-04	02.80957487674412e-05
336	04.38954856849765e-04	02.81000777639796e-05
337	04.39019181724691e-04	02.81041955769149e-05
338	04.39079740793132e-04	02.81080723184658e-05
339	04.39136092034013e-04	02.81116796922678e-05
340	04.39187817330094e-04	02.81149909321813e-05
341	04.39234521608470e-04	02.81179807472700e-05
342	04.39275831942952e-04	02.81206252643389e-05
343	04.39311396714379e-04	02.81229019741808e-05
344	04.39340884812430e-04	02.81247896804800e-05
345	04.39363984805814e-04	02.81262684466910e-05
346	04.39380404199054e-04	02.81273195484607e-05
347	04.39389868681752e-04	02.81279254255701e-05
348	04.39392121401977e-04	02.81280696354188e-05
349	04.39386922278341e-04	02.81277368089876e-05
350	04.39374047312165e-04	02.81269126068057e-05
351	04.39353287960983e-04	02.81255836788456e-05
352	04.39324450464666e-04	02.81237376213834e-05
353	04.39287355289857e-04	02.81213629414350e-05
354	04.39241836504354e-04	02.81184490167059e-05
355	04.39187741222361e-04	02.81149860600785e-05
356	04.39124929063677e-04	02.81109650849919e-05
357	04.39053271614206e-04	02.81063778709057e-05
358	04.38972651926518e-04	02.81012169313285e-05
359	04.38882964025963e-04	02.80954754822005e-05
360	04.38784112434543e-04	02.80891474114145e-05
361	04.38676011719570e-04	02.80822272499226e-05
362	04.38558586049950e-04	02.80747101433310e-05
363	04.38431768779288e-04	02.80665918252129e-05
364	04.38295502036874e-04	02.80578685909241e-05
365	04.38149736328221e-04	02.80485372720321e-05
366	04.37994430167579e-04	02.80385952127903e-05
367	04.37829549707536e-04	02.80280402464272e-05
368	04.37655068393080e-04	02.80168706730005e-05
369	04.37470966623910e-04	02.80050852377800e-05
370	04.37277231430371e-04	02.79926831105017e-05
371	04.37073856157237e-04	02.79796638651256e-05
372	04.36860840176521e-04	02.79660274614507e-05
373	04.36638188595417e-04	02.79517742264183e-05
374	04.36405911968246e-04	02.79369048356725e-05
375	04.36164026035243e-04	02.79214202968382e-05
376	04.35912551486389e-04	02.79053219344026e-05
377	04.35651513686633e-04	02.78886113721249e-05
378	04.35380942454299e-04	02.78712905188511e-05
379	04.35100871837327e-04	02.78533615541900e-05
380	04.34811339893683e-04	02.78348269144551e-05
381	04.34512388466161e-04	02.78156892782497e-05
382	04.34204063010610e-04	02.77959515554693e-05
383	04.33886412376357e-04	02.77756168732463e-05
384	04.33559488634465e-04	02.77546885649551e-05
385	04.33223346900785e-04	02.77331701588850e-05
386	04.32878045159849e-04	02.77110653669664e-05
387	04.32523644095242e-04	02.76883780739118e-05
388	04.32160206954917e-04	02.76651123285940e-05
389	04.31787799375035e-04	02.76412723327693e-05
390	04.31406489250523e-04	02.76168624327903e-05
391	04.31016346584063e-04	02.75918871099399e-05
392	04.30617443374594e-04	02.75663509732929e-05
393	04.30209853465769e-04	02.75402587500151e-05
394	04.29793652437370e-04	02.75136152784121e-05
395	04.29368917478787e-04	02.74864254998301e-05
396	04.28935727295251e-04	02.74586944526529e-05
397	04.28494161977135e-04	02.74304272639356e-05
398	04.28044302910289e-04	02.74016291436644e-05
399	04.27586232674596e-04	02.73723053782623e-05
400	04.27120034948605e-04	02.73424613244848e-05
401	04.26645794415559e-04	02.73121024034034e-05
402	04.26163596691399e-04	02.72812340957971e-05
403	04.25673528214078e-04	02.72498619350668e-05
404	04.25175676198151e-04	02.72179915043285e-05
405	04.24670128532705e-04	02.71856284298785e-05
406	04.24156973712913e-04	02.71527783768124e-05
407	04.23636300784575e-04	02.71194470454748e-05
408	04.23108199261842e-04	02.70856401661921e-05
409	04.22572759076250e-04	02.70513634960100e-05
410	04.22030070502523e-04	02.70166228139435e-05
411	04.21480224107212e-04	02.69814239176894e-05
412	04.20923310700478e-04	02.69457726205394e-05
413	04.20359421274390e-04	02.69096747474298e-05
414	04.19788646953565e-04	02.68731361317827e-05
415	04.19211078945877e-04	02.68361626123495e-05
416	04.18626808505676e-04	02.67987600308571e-05
417	04.18035926873262e-04	02.67609342281326e-05
418	04.17438525251249e-04	02.67226910425910e-05
419	04.16834694758019e-04	02.66840363072549e-05
420	04.16224526374702e-04	02.66449758463606e-05
421	04.15608110940014e-04	02.66055154750278e-05
422	04.14985539093752e-04	02.65656609956420e-05
423	04.14356901240534e-04	02.65254181955336e-05
424	04.13722287537061e-04	02.64847928461625e-05
425	04.13081787850592e-04	02.64437907004595e-05
426	04.12435491729913e-04	02.64024174909683e-05
427	04.11783488396791e-04	02.63606789292980e-05
428	04.11125866687567e-04	02.63185807023844e-05
429	04.10462715064356e-04	02.62761284732069e-05
430	04.09794121561996e-04	02.62333278773925e-05
431	04.09120173797738e-04	02.61901845238358e-05
432	04.08440958919370e-04	02.61467039913784e-05
433	04.07756563621838e-04	02.61028918298728e-05
434	04.07067074083324e-04	02.60587535560905e-05
435	04.06372575998066e-04	02.60142946558229e-05
436	04.05673154522633e-04	02.59695205804418e-05
437	04.04968894279626e-04	02.59244367471370e-05
438	04.04259879342441e-04	02.58790485379400e-05
439	04.03546193214252e-04	02.58333612983794e-05
440	04.02827918819828e-04	02.57873803369565e-05
441	04.02105138503311e-04	02.57411109250035e-05
442	04.01377933992296e-04	02.56945582943833e-05
443	04.00646386425959e-04	02.56477276392912e-05
444	03.99910576305347e-04	02.56006241130719e-05
445	03.99170583518713e-04	02.55532528298415e-05
446	03.98426487305900e-04	02.55056188622076e-05
447	03.97678366272921e-04	02.54577272422026e-05
448	03.96926298372759e-04	02.54095829600548e-05
449	03.96170360905177e-04	02.53611909641757e-05
450	03.95410630503656e-04	02.53125561603246e-05
451	03.94647183147750e-04	02.52636834123987e-05
452	03.93880094125362e-04	02.52145775400188e-05
453	03.93109438073109e-04	02.51652433211130e-05
454	03.92335288934442e-04	02.51156854892358e-05
455	03.91557719978902e-04	02.50659087348006e-05
456	03.90776803790240e-04	02.50159177043196e-05
457	03.89992612262105e-04	02.49657170001274e-05
458	03.89205216606157e-04	02.49153111809005e-05
459	03.88414687343454e-04	02.48647047611058e-05
460	03.87621094301849e-04	02.48139022108343e-05
461	03.86824506620306e-04	02.47629079560768e-05
462	03.86024992739944e-04	02.47117263781516e-05
463	03.85222620427734e-04	02.46603618152200e-05
464	03.84417456733616e-04	02.46088185595426e-05
465	03.83609568035307e-04	02.45571008603467e-05
466	03.82799020009090e-04	02.45052129219569e-05
467	03.81985877653792e-04	02.44531589053297e-05
468	03.81170205263108e-04	02.44009429262820e-05
469	03.80352066452395e-04	02.43485690572063e-05
470	03.79531524156126e-04	02.42960413269079e-05
471	03.78708640617876e-04	02.42433637199634e-05
472	03.77883477400750e-04	02.41905401773886e-05
473	03.77056095397750e-04	02.41375745973021e-05
474	03.76226554804536e-04	02.40844708331816e-05
475	03.75394915163857e-04	02.40312326967081e-05
476	03.74561235332559e-04	02.39778639556538e-05
477	03.73725573508015e-04	02.39243683355743e-05
478	03.72887987218653e-04	02.38707495192021e-05
479	03.72048533328154e-04	02.38170111467153e-05
480	03.71207268046352e-04	02.37631568164353e-05
481	03.70364246925015e-04	02.37091900845572e-05
482	03.69519524859507e-04	02.36551144652552e-05
483	03.68673156101700e-04	02.36009334315105e-05
484	03.67825194265814e-04	02.35466504154841e-05
485	03.66975692307586e-04	02.34922688071834e-05
486	03.66124702564286e-04	02.34377919570247e-05
487	03.65272276733064e-04	02.33832231744458e-05
488	03.64418465876469e-04	02.33285657282605e-05
489	03.63563320448766e-04	02.32738228483425e-05
490	03.62706890261908e-04	02.32189977234473e-05
491	03.61849224541902e-04	02.31640935048207e-05
492	03.60990371875408e-04	02.31091133027802e-05
493	03.60130380260889e-04	02.30540601899890e-05
494	03.59269297087669e-04	02.29989372001163e-05
495	03.58407169142340e-04	02.29437473282463e-05
496	03.57544042633357e-04	02.28884935324536e-05
497	03.56679963166760e-04	02.28331787322487e-05
498	03.55814975772536e-04	02.27778058102653e-05
499	03.54949124901233e-04	02.27223776120442e-05
500	03.54082454429191e-04	02.26668969463672e-05
501	03.53215007663207e-04	02.26113665855571e-05
502	03.52346827344875e-04	02.25557892657539e-05
503	03.51477955652487e-04	02.25001676870379e-05
504	03.50608434223692e-04	02.24445045148795e-05
505	03.49738304132315e-04	02.23888023786555e-05
506	03.48867605908772e-04	02.23330638729555e-05
507	03.47996379553923e-04	02.22772915584698e-05
508	03.47124664520608e-04	02.22214879608060e-05
509	03.46252499739486e-04	02.21656555721444e-05
510	03.45379923612609e-04	02.21097968508258e-05
511	03.44506974025570e-04	02.20539142221294e-05
512	03.43633688344641e-04	02.19980100780896e-05
513	03.42760103427304e-04	02.19420867781704e-05
514	03.41886255620804e-04	02.18861466491723e-05
515	03.41012180776781e-04	02.18301919861693e-05
516	03.40137914254129e-04	02.17742250526916e-05
517	03.39263490914344e-04	02.17182480804286e-05
518	03.38388945130765e-04	02.16622632698194e-05
519	03.37514310806173e-04	02.16062727911801e-05
520	03.36639621355434e-04	02.15502787835924e-05
521	03.35764909725293e-04	02.14942833561710e-05
522	03.34890208402399e-04	02.14382885885769e-05
523	03.34015549406228e-04	02.13822965305650e-05
524	03.33140964286880e-04	02.13263092018422e-05
525	03.32266484166539e-04	02.12703285947224e-05
526	03.31392139702158e-04	02.12143566717371e-05
527	03.30517961115102e-04	02.11583953675333e-05
528	03.29643978180886e-04	02.11024465882167e-05
529	03.28770220245340e-04	02.10465122123861e-05
530	03.27896716230472e-04	02.09905940915089e-05
531	03.27023494625712e-04	02.09346940493609e-05
532	03.26150583505026e-04	02.08788138831216e-05
533	03.25278010526120e-04	02.08229553633231e-05
534	03.24405802935751e-04	02.07671202341902e-05
535	03.23533987570628e-04	02.07113102136984e-05
536	03.22662590871184e-04	02.06555269944549e-05
537	03.21791638878705e-04	02.05997722435153e-05
538	03.20921157243121e-04	02.05440476028824e-05
539	03.20051171223564e-04	02.04883546895414e-05
540	03.19181705693805e-04	02.04326950958086e-05
541	03.18312785146215e-04	02.03770703895843e-05
542	03.17444433705455e-04	02.03214821152298e-05
543	03.16576675117816e-04	02.02659317928845e-05
544	03.15709532763472e-04	02.02104209192508e-05
545	03.14843029662192e-04	02.01549509679591e-05
546	03.13977188467474e-04	02.00995233891929e-05
547	03.13112031494320e-04	02.00441396114666e-05
548	03.12247580689208e-04	01.99888010397029e-05
549	03.11383857664302e-04	01.99335090574235e-05
550	03.10520883683406e-04	01.98782650258493e-05
551	03.09658679671937e-04	01.98230702845390e-05
552	03.08797266224360e-04	01.97679261518654e-05
553	03.07936663606245e-04	01.97128339251465e-05
554	03.07076891745034e-04	01.96577948800550e-05
555	03.06217970257064e-04	01.96028102723476e-05
556	03.05359918438986e-04	01.95478813373165e-05
557	03.04502755267772e-04	01.94930092897889e-05
558	03.03646499408945e-04	01.94381953246546e-05
559	03.02791169224621e-04	01.93834406173804e-05
560	03.01936782770412e-04	01.93287463238121e-05
561	03.01083357800712e-04	01.92741135805128e-05
562	03.00230911775479e-04	01.92195435051967e-05
563	02.99379461863510e-04	01.91650371969395e-05
564	02.98529024937867e-04	01.91105957358848e-05
565	02.97679617591032e-04	01.90562201842150e-05
566	02.96831256133359e-04	01.90019115860515e-05
567	02.95983956590838e-04	01.89476709673121e-05
568	02.95137734719992e-04	01.88934993366642e-05
569	02.94292606001503e-04	01.88393976851173e-05
570	02.93448585649156e-04	01.87853669865949e-05
571	02.92605688613756e-04	01.87314081981862e-05
572	02.91763929577964e-04	01.86775222598142e-05
573	02.90923322968388e-04	01.86237100950109e-05
574	02.90083882962208e-04	01.85699726113409e-05
575	02.89245623468935e-04	01.85163106992335e-05
576	02.88408558166761e-04	01.84627252343103e-05
577	02.87572700478157e-04	01.84092170758222e-05
578	02.86738063579128e-04	01.83557870672430e-05
579	02.85904660415604e-04	01.83024360373174e-05
580	02.85072503693880e-04	01.82491647994501e-05
581	02.84241605877374e-04	01.81959741514975e-05
582	02.83411979210381e-04	01.81428648772891e-05
583	02.82583635702139e-04	01.80898377456065e-05
584	02.81756587138233e-04	01.80368935109143e-05
585	02.80930845088889e-04	01.79840329138905e-05
586	02.80106420897402e-04	01.79312566806861e-05
587	02.79283325688415e-04	01.78785655234549e-05
588	02.78461570376834e-04	01.78259601409240e-05
589	02.77641165673519e-04	01.77734412187584e-05
590	02.76822122067745e-04	01.77210094284383e-05
591	02.76004449858258e-04	01.76686654292469e-05
592	02.75188159120075e-04	01.76164098661450e-05
593	02.74373259755906e-04	01.75642433730635e-05
594	02.73559761446711e-04	01.75121665697373e-05
595	02.72747673687156e-04	01.74601800639757e-05
596	02.71937005787834e-04	01.74082844518046e-05
597	02.71127766853526e-04	01.73564803160744e-05
598	02.70319965821493e-04	01.73047682289116e-05
599	02.69513611422509e-04	01.72531487492243e-05
600	02.68708712217217e-04	01.72016224250296e-05
601	02.67905276584576e-04	01.71501897927139e-05
602	02.67103312729702e-04	01.70988513775348e-05
603	02.66302828678257e-04	01.70476076932620e-05
604	02.65503832276322e-04	01.69964592421692e-05
605	02.64706331212377e-04	01.69454065164412e-05
606	02.63910333004838e-04	01.68944499973760e-05
607	02.63115844993761e-04	01.68435901548536e-05
608	02.62322874362900e-04	01.67928274487483e-05
609	02.61531428138903e-04	01.67421623288772e-05
610	02.60741513189170e-04	01.66915952348627e-05
611	02.59953136214717e-04	01.66411265956764e-05
612	02.59166303767724e-04	01.65907568307615e-05
613	02.58381022246486e-04	01.65404863497108e-05
614	02.57597297900303e-04	01.64903155525784e-05
615	02.56815136821649e-04	01.64402448293795e-05
616	02.56034544966523e-04	01.63902745613926e-05
617	02.55255528143926e-04	01.63404051204858e-05
618	02.54478092015662e-04	01.62906368691044e-05
619	02.53702242103969e-04	01.62409701607595e-05
620	02.52927983792691e-04	01.61914053401024e-05
621	02.52155322327103e-04	01.61419427429140e-05
622	02.51384262827396e-04	01.60925826969678e-05
623	02.50614810262752e-04	01.60433255203703e-05
624	02.49846969487053e-04	01.59941715238470e-05
625	02.49080745218916e-04	01.59451210094642e-05
626	02.48316142040292e-04	01.58961742705395e-05
627	02.47553164423464e-04	01.58473315933701e-05
628	02.46791816709154e-04	01.57985932558311e-05
629	02.46032103108741e-04	01.57499595275175e-05
630	02.45274027722022e-04	01.57014306708815e-05
631	02.44517594528352e-04	01.56530069406648e-05
632	02.43762807387863e-04	01.56046885839773e-05
633	02.43009670043496e-04	01.55564758404265e-05
634	02.42258186124673e-04	01.55083689423531e-05
635	02.41508359157137e-04	01.54603681154606e-05
636	02.40760192541093e-04	01.54124735774160e-05
637	02.40013689576941e-04	01.53646855394973e-05
638	02.39268853457999e-04	01.53170042061276e-05
639	02.38525687265511e-04	01.52694297745554e-05
640	02.37784193977243e-04	01.52219624354051e-05
641	02.37044376475892e-04	01.51746023732148e-05
642	02.36306237535328e-04	01.51273497655564e-05
643	02.35569779821028e-04	01.50802047830627e-05
644	02.34835005922559e-04	01.50331675915070e-05
645	02.34101918317290e-04	01.49862383494804e-05
646	02.33370519382259e-04	01.49394172091509e-05
647	02.32640811406108e-04	01.48927043170281e-05
648	02.31912796587513e-04	01.48460998138619e-05
649	02.31186477028799e-04	01.47996038342347e-05
650	02.30461854746136e-04	01.47532165072132e-05
651	02.29738931664009e-04	01.47069379559952e-05
652	02.29017709616173e-04	01.46607682979699e-05
653	02.28298190349451e-04	01.46147076449618e-05
654	02.27580375541521e-04	01.45687561043689e-05
655	02.26864266758867e-04	01.45229137764711e-05
656	02.26149865509009e-04	01.44771807577736e-05
657	02.25437173212182e-04	01.44315571391938e-05
658	02.24726191196245e-04	01.43860430057360e-05
659	02.24016920723387e-04	01.43406384382002e-05
660	02.23309362977807e-04	01.42953435123939e-05
661	02.22603519054670e-04	01.42501582984252e-05
662	02.21899389987499e-04	01.42050828624558e-05
663	02.21196976732833e-04	01.41601172657195e-05
664	02.20496280167383e-04	01.41152615643396e-05
665	02.19797301098174e-04	01.40705158099786e-05
666	02.19100040269114e-04	01.40258800502584e-05
667	02.18404498340688e-04	01.39813543274605e-05
668	02.17710675913198e-04	01.39369386800138e-05
669	02.17018573521374e-04	01.38926331421495e-05
670	02.16328191626033e-04	01.38484377433671e-05
671	02.15639530630432e-04	01.38043525094816e-05
672	02.14952590866309e-04	01.37603774617294e-05
673	02.14267372598306e-04	01.37165126170518e-05
674	02.13583876041771e-04	01.36727579892345e-05
675	02.12902101338607e-04	01.36291135873616e-05
676	02.12222048576993e-04	01.35855794170779e-05
677	02.11543717780617e-04	01.35421554798998e-05
678	02.10867108916470e-04	01.34988417737142e-05
679	02.10192221892453e-04	01.34556382926253e-05
680	02.09519056559815e-04	01.34125450271108e-05
681	02.08847612717986e-04	01.33695619643308e-05
682	02.08177890102471e-04	01.33266890873536e-05
683	02.07509888402940e-04	01.32839263763131e-05
684	02.06843607251986e-04	01.32412738076894e-05
685	02.06179046225604e-04	01.31987313543395e-05
686	02.05516204856324e-04	01.31562989863379e-05
687	02.04855082622802e-04	01.31139766703103e-05
688	02.04195678950432e-04	01.30717643694727e-05
689	02.03537993218285e-04	01.30296620440759e-05
690	02.02882024755240e-04	01.29876696511575e-05
691	02.02227772849694e-04	01.29457871451636e-05
692	02.01575236726124e-04	01.29040144764483e-05
693	02.00924415582107e-04	01.28623515936440e-05
694	02.00275308557276e-04	01.28207984416735e-05
695	01.99627914755453e-04	01.27793549631670e-05
696	01.98982233232092e-04	01.27380210976588e-05
697	01.98338262999741e-04	01.26967967819362e-05
698	01.97696003026317e-04	01.26556819499295e-05
699	01.97055452237724e-04	01.26146765328795e-05
700	01.96416609532916e-04	01.25737804603018e-05
701	01.95779473748633e-04	01.25329936577293e-05
702	01.95144043696718e-04	01.24923160491011e-05
703	01.94510318149139e-04	01.24517475558036e-05
704	01.93878295836572e-04	01.24112880965801e-05
705	01.93247975448463e-04	01.23709375875341e-05
706	01.92619355643991e-04	01.23306959428320e-05
707	01.91992435046425e-04	01.22905630743409e-05
708	01.91367212237908e-04	01.22505388912957e-05
709	01.90743685767860e-04	01.22106233008362e-05
710	01.90121854153827e-04	01.21708162080617e-05
711	01.89501715879020e-04	01.21311175158737e-05
712	01.88883269387874e-04	01.20915271246914e-05
713	01.88266513099391e-04	01.20520449333057e-05
714	01.87651445400504e-04	01.20126708384549e-05
715	01.87038064639471e-04	01.19734047344012e-05
716	01.86426369142832e-04	01.19342465140165e-05
717	01.85816357206038e-04	01.18951960681828e-05
718	01.85208027079656e-04	01.18562532849085e-05
719	01.84601377005348e-04	01.18174180516321e-05
720	01.83996405187771e-04	01.17786902534231e-05
721	01.83393109804086e-04	01.17400697735909e-05
722	01.82791488999374e-04	01.17015564933913e-05
723	01.82191540904481e-04	01.16631502931688e-05
724	01.81593263605598e-04	01.16248510504090e-05
725	01.80996655174692e-04	01.15866586416875e-05
726	01.80401713658132e-04	01.15485729419408e-05
727	01.79808437078690e-04	01.15105938245948e-05
728	01.79216823426866e-04	01.14727211610098e-05
729	01.78626870673998e-04	01.14349548213191e-05
730	01.78038576773229e-04	01.13972946744915e-05
731	01.77451939637426e-04	01.13597405869171e-05
732	01.76866957177806e-04	01.13222924248809e-05
733	01.76283627269136e-04	01.12849500523342e-05
734	01.75701947772190e-04	01.12477133323325e-05
735	01.75121916523810e-04	01.12105821263994e-05
736	01.74543531337009e-04	01.11735562945331e-05
737	01.73966790005498e-04	01.11366356954959e-05
738	01.73391690314422e-04	01.10998201875021e-05
739	01.72818230009965e-04	01.10631096262716e-05
740	01.72246406829315e-04	01.10265038669486e-05
741	01.71676218498851e-04	01.09900027639852e-05
742	01.71107662711135e-04	01.09536061696688e-05
743	01.70540737149771e-04	01.09173139357133e-05
744	01.69975439477562e-04	01.08811259125009e-05
745	01.69411767344832e-04	01.08450419496151e-05
746	01.68849718380858e-04	01.08090618952920e-05
747	01.68289290197242e-04	01.07731855966362e-05
748	01.67730480394060e-04	01.07374129000146e-05
749	01.67173286550877e-04	01.07017436504808e-05
750	01.66617706239973e-04	01.06661776926222e-05
751	01.66063737008475e-04	01.06307148694160e-05
752	01.65511376394741e-04	01.05953550232782e-05
753	01.64960621921448e-04	01.05600979956206e-05
754	01.64411471101223e-04	01.05249436272119e-05
755	01.63863921427590e-04	01.04898917575979e-05
756	01.63317970377953e-04	01.04549422252924e-05
757	01.62773615429450e-04	01.04200948687922e-05
758	01.62230854036893e-04	01.03853495251648e-05
759	01.61689683641606e-04	01.03507060306145e-05
760	01.61150101678687e-04	01.03161642209467e-05
761	01.60612105570596e-04	01.02817239311580e-05
762	01.60075692723710e-04	01.02473849952153e-05
763	01.59540860539757e-04	01.02131472467880e-05
764	01.59007606403258e-04	01.01790105184439e-05
765	01.58475927691628e-04	01.01449746422960e-05
766	01.57945821774663e-04	01.01110394499695e-05
767	01.57417286009405e-04	01.00772047722731e-05
768	01.56890317739419e-04	01.00434704391528e-05
769	01.56364914307675e-04	01.00098362805164e-05
770	01.55841073041775e-04	09.97630212528824e-06
771	01.55318791256892e-04	09.94286780159660e-06
772	01.54798066276297e-04	09.90953313808844e-06
773	01.54278895394109e-04	09.87629796154435e-06
774	01.53761275913270e-04	09.84316209930986e-06
775	01.53245205108748e-04	09.81012537693969e-06
776	01.52730680274946e-04	09.77718762123270e-06
777	01.52217698677763e-04	09.74434865716290e-06
778	01.51706257580363e-04	09.71160830952952e-06
779	01.51196354254345e-04	09.67896640367146e-06
780	01.50687985938388e-04	09.64642276282044e-06
781	01.50181149884766e-04	09.61397721107830e-06
782	01.49675843332321e-04	09.58162957168720e-06
783	01.49172063522202e-04	09.54937966803686e-06
784	01.48669807669075e-04	09.51722732182166e-06
785	01.48169073007045e-04	09.48517235598040e-06
786	01.47669856749868e-04	09.45321459214931e-06
787	01.47172156112306e-04	09.42135385202892e-06
788	01.46675968303024e-04	09.38958995692950e-06
789	01.46181290526847e-04	09.35792272791546e-06
790	01.45688119978924e-04	09.32635198543184e-06
791	01.45196453854871e-04	09.29487754995355e-06
792	01.44706289346572e-04	09.26349924171653e-06
793	01.44217623646027e-04	09.23221688096439e-06
794	01.43730453933180e-04	09.20103028716856e-06
795	01.43244777386989e-04	09.16993927973776e-06
796	01.42760591186560e-04	09.13894367808993e-06
797	01.42277892500222e-04	09.10804330095316e-06
798	01.41796678508024e-04	09.07723796780586e-06
799	01.41316946373286e-04	09.04652749705552e-06
800	01.40838693265141e-04	09.01591170748164e-06
801	01.40361916347680e-04	08.98539041754111e-06
802	01.39886612772884e-04	08.95496344491547e-06
803	01.39412779713055e-04	08.92463060858713e-06
804	01.38940414321787e-04	08.89439172634100e-06
805	01.38469513748600e-04	08.86424661570113e-06
806	01.38000075157910e-04	08.83419509514504e-06
807	01.37532095696707e-04	08.80423698203493e-06
808	01.37065572517261e-04	08.77437209407081e-06
809	01.36600502775462e-04	08.74460024918450e-06
810	01.36136883615437e-04	08.71492126455478e-06
811	01.35674712191040e-04	08.68533495798318e-06
812	01.35213985650452e-04	08.65584114690803e-06
813	01.34754701140400e-04	08.62643964867450e-06
814	01.34296855805308e-04	08.59713028048051e-06
815	01.33840446804011e-04	08.56791286044630e-06
816	01.33385471272921e-04	08.53878720525687e-06
817	01.32931926367153e-04	08.50975313279441e-06
818	01.32479809229457e-04	08.48081046014949e-06
819	01.32029117014933e-04	08.45195900520350e-06
820	01.31579846870606e-04	08.42319858532058e-06
821	01.31131995940110e-04	08.39452901764813e-06
822	01.30685561383884e-04	08.36595012040912e-06
823	01.30240540348487e-04	08.33746171093806e-06
824	01.29796929984638e-04	08.30906360683569e-06
825	01.29354727448391e-04	08.28075562604433e-06
826	01.28913929890499e-04	08.25253758616699e-06
827	01.28474534475635e-04	08.22440930569774e-06
828	01.28036538354082e-04	08.19637060220938e-06
829	01.27599938689410e-04	08.16842129412554e-06
830	01.27164732638124e-04	08.14056119941726e-06
831	01.26730917365279e-04	08.11279013660313e-06
832	01.26298490036011e-04	08.08510792420679e-06
833	01.25867447817764e-04	08.05751438089980e-06
834	01.25437787878711e-04	08.03000932540029e-06
835	01.25009507387352e-04	08.00259257644721e-06
836	01.24582603519693e-04	07.97526395326018e-06
837	01.24157073448655e-04	07.94802327486125e-06
838	01.23732914357449e-04	07.92087036093130e-06
839	01.23310123423666e-04	07.89380503079126e-06
840	01.22888697827742e-04	07.86682710394435e-06
841	01.22468634762576e-04	07.83993640069148e-06
842	01.22049931413027e-04	07.81313274081906e-06
843	01.21632584972210e-04	07.78641594464176e-06
844	01.21216592635517e-04	07.75978583262023e-06
845	01.20801951606891e-04	07.73324222576246e-06
846	01.20388659076576e-04	07.70678494419950e-06
847	01.19976712256800e-04	07.68041380946960e-06
848	01.19566108357013e-04	07.65412864293332e-06
849	01.19156844583216e-04	07.62792926573034e-06
850	01.18748918153354e-04	07.60181549976502e-06
851	01.18342326296583e-04	07.57578716765939e-06
852	01.17937066217140e-04	07.54984409044023e-06
853	01.17533135155261e-04	07.52398609143882e-06
854	01.17130530336198e-04	07.49821299302724e-06
855	01.16729248996268e-04	07.47252461828597e-06
856	01.16329288368616e-04	07.44692079009230e-06
857	01.15930645702603e-04	07.42140133236172e-06
858	01.15533318242438e-04	07.39596606867990e-06
859	01.15137303234841e-04	07.37061482279314e-06
860	01.14742597935292e-04	07.34534741900866e-06
861	01.14349199613728e-04	07.32016368255907e-06
862	01.13957105521464e-04	07.29506343748498e-06
863	01.13566312927540e-04	07.27004650896143e-06
864	01.13176819112206e-04	07.24511272288141e-06
865	01.12788621343741e-04	07.22026190437139e-06
866	01.12401716911149e-04	07.19549387988462e-06
867	01.12016103098811e-04	07.17080847557826e-06
868	01.11631777193085e-04	07.14620551773624e-06
869	01.11248736499616e-04	07.12168483387711e-06
870	01.10866978308410e-04	07.09724625051824e-06
871	01.10486499932943e-04	07.07288959567936e-06
872	01.10107298680616e-04	07.04861469699144e-06
873	01.09729371866932e-04	07.02442138260412e-06
874	01.09352716816561e-04	07.00030948125373e-06
875	01.08977330846157e-04	06.97627882116364e-06
876	01.08603211297390e-04	06.95232923215845e-06
877	01.08230355503535e-04	06.92846054352551e-06
878	01.07858760801337e-04	06.90467258477417e-06
879	01.07488424539082e-04	06.88096518615262e-06
880	01.07119344070988e-04	06.85733817828894e-06
881	01.06751516755452e-04	06.83379139207847e-06
882	01.06384939952275e-04	06.81032465850671e-06
883	01.06019611024059e-04	06.78693780873819e-06
884	01.05655527356688e-04	06.76363067542808e-06
885	01.05292686322676e-04	06.74040309037552e-06
886	01.04931085306812e-04	06.71725488616553e-06
887	01.04570721701892e-04	06.69418589589575e-06
888	01.04211592897905e-04	06.67119595248389e-06
889	01.03853696301480e-04	06.64828488991321e-06
890	01.03497029315871e-04	06.62545254195062e-06
891	01.03141589360766e-04	06.60269874341525e-06
892	01.02787373851869e-04	06.58002332887116e-06
893	01.02434380204215e-04	06.55742613283952e-06
894	01.02082605863936e-04	06.53490699183228e-06
895	01.01732048256132e-04	06.51246574101497e-06
896	01.01382704824968e-04	06.49010221677357e-06
897	01.01034573022562e-04	06.46781625600321e-06
898	01.00687650297688e-04	06.44560769538489e-06
899	01.00341934110842e-04	06.42347637235010e-06
900	09.99974219292274e-05	06.40142212475959e-06
901	09.96541112231265e-05	06.37944479067135e-06
902	09.93119994738090e-05	06.35754420884664e-06
903	09.89710841545819e-05	06.33572021753700e-06
904	09.86313627686944e-05	06.31397265691076e-06
905	09.82928328016470e-05	06.29230136600003e-06
906	09.79554917616973e-05	06.27070618529374e-06
907	09.76193371520572e-05	06.24918695495786e-06
908	09.72843664885171e-05	06.22774351596352e-06
909	09.69505772901644e-05	06.20637570949293e-06
910	09.66179670887422e-05	06.18508337753850e-06
911	09.62865334101477e-05	06.16386636171837e-06
912	09.59562737967151e-05	06.14272450470291e-06
913	09.56271857915341e-05	06.12165764921088e-06
914	09.52992669459340e-05	06.10066563848848e-06
915	09.49725148135290e-05	06.07974831592820e-06
916	09.46469269645154e-05	06.05890552598404e-06
917	09.43225009660145e-05	06.03813711291315e-06
918	09.39992343918056e-05	06.01744292139888e-06
919	09.36771248258148e-05	05.99682279677417e-06
920	09.33561698569034e-05	05.97627658468787e-06
921	09.30363670834903e-05	05.95580413140068e-06
922	09.27177140940124e-05	05.93540528253427e-06
923	09.24002085094827e-05	05.91507988579573e-06
924	09.20838479341283e-05	05.89482778781756e-06
925	09.17686299961418e-05	05.87464883676644e-06
926	09.14545523143972e-05	05.85454288021252e-06
927	09.11416125246736e-05	05.83450976680813e-06
928	09.08298082637682e-05	05.81454934527080e-06
929	09.05191371788014e-05	05.79466146497887e-06
930	09.02095969187969e-05	05.77484597543256e-06
931	08.99011851434079e-05	05.75510272681253e-06
932	08.95938995142010e-05	05.73543156942191e-06
933	08.92877377025219e-05	05.71583235418988e-06
934	08.89826973811688e-05	05.69630493213858e-06
935	08.86787762426216e-05	05.67684915555011e-06
936	08.83759719655502e-05	05.65746487582250e-06
937	08.80742822499530e-05	05.63815194571913e-06
938	08.77737047948848e-05	05.61891021794299e-06
939	08.74742373119528e-05	05.59973954600063e-06
940	08.71758775120120e-05	05.58063978335043e-06
941	08.68786231137078e-05	05.56161078394950e-06
942	08.65824718442142e-05	05.54265240230088e-06
943	08.62874214439896e-05	05.52376449375806e-06
944	08.59934696439824e-05	05.50494691306572e-06
945	08.57006141882616e-05	05.48619951580847e-06
946	08.54088528314716e-05	05.46752215824793e-06
947	08.51181833302960e-05	05.44891469677622e-06
948	08.48286034488369e-05	05.43037698826040e-06
949	08.45401109529764e-05	05.41190888968146e-06
950	08.42527036259034e-05	05.39351025912831e-06
951	08.39663792480405e-05	05.37518095451277e-06
952	08.36811356005165e-05	05.35692083379186e-06
953	08.33969704846916e-05	05.33872975621774e-06
954	08.31138816975949e-05	05.32060758076532e-06
955	08.28318670508002e-05	05.30255416734056e-06
956	08.25509243490442e-05	05.28456937541179e-06
957	08.22710514148160e-05	05.26665306558375e-06
958	08.19922460721261e-05	05.24880509855856e-06
959	08.17145061469102e-05	05.23102533516162e-06
960	08.14378294857575e-05	05.21331363754044e-06
961	08.11622139224967e-05	05.19566986702569e-06
962	08.08876573122597e-05	05.17809388631177e-06
963	08.06141575014578e-05	05.16058555753482e-06
964	08.03417123565394e-05	05.14314474411366e-06
965	08.00703197391157e-05	05.12577130915749e-06
966	07.97999775204476e-05	05.10846511639321e-06
967	07.95306835819639e-05	05.09122603019863e-06
968	07.92624358064791e-05	05.07405391504029e-06
969	07.89952320773478e-05	05.05694863541928e-06
970	07.87290702965932e-05	05.03991005703179e-06
971	07.84639483616734e-05	05.02293804528177e-06
972	07.81998641780898e-05	05.00603246608806e-06
973	07.79368156597667e-05	04.98919318590872e-06
974	07.76748007182477e-05	04.97242007104937e-06
975	07.74138172836389e-05	04.95571298900397e-06
976	07.71538632823371e-05	04.93907180702899e-06
977	07.68949366441157e-05	04.92249639259707e-06
978	07.66370353099220e-05	04.90598661389616e-06
979	07.63801572301793e-05	04.88954233972083e-06
980	07.61243003519685e-05	04.87316343865167e-06
981	07.58694626256487e-05	04.85684977947912e-06
982	07.56156420171885e-05	04.84060123199289e-06
983	07.53628364947375e-05	04.82441766612232e-06
984	07.51110440280370e-05	04.80829895189861e-06
985	07.48602625867730e-05	04.79224495934946e-06
986	07.46104901622053e-05	04.77625555988360e-06
987	07.43617247410150e-05	04.76033062461667e-06
988	07.41139643099693e-05	04.74447002466982e-06
989	07.38672068724757e-05	04.72867363222944e-06
990	07.36214504237873e-05	04.71294131895991e-06
991	07.33766929751946e-05	04.69727295755225e-06
992	07.31329325382511e-05	04.68166842071433e-06
993	07.28901671309093e-05	04.66612758156366e-06
994	07.26483947740889e-05	04.65065031340768e-06
995	07.24076134941721e-05	04.63523648990353e-06
996	07.21678213265892e-05	04.61988598528756e-06
997	07.19290162993019e-05	04.60459867331804e-06
998	07.16911964582011e-05	04.58937442890095e-06
999	07.14543598508169e-05	04.57421312704723e-06
1000	07.12185045270181e-05	04.55911464291754e-06
|| sol - ana_sol || _ 2 = 07.07907189291387e-01
