==== test ====
n_dim = 48
max_it = 1000, rtol = 1.00e-06
sor_omega = 1.50
solver type = "gs"

==== solver ====
solve with gs

iter	||true residual||	||relative residual||
0	01.09376815438416e+01	01.00000000000000e+00
1	07.57073246252671e+00	06.92169764879413e-01
2	01.35898549609996e+00	01.24248040195057e-01
3	01.14844947172742e+00	01.04999351747816e-01
4	09.60616801639461e-01	08.78263640963595e-02
5	06.49427612520041e-01	05.93752533310589e-02
6	03.96925298476486e-01	03.62897106562746e-02
7	02.32498135866534e-01	02.12566195984598e-02
8	01.46203037451653e-01	01.33669129847698e-02
9	01.17397587427414e-01	01.07333155529212e-02
10	01.14345020932644e-01	01.04542283914844e-02
11	01.14941250055843e-01	01.05087398636652e-02
12	01.12757228962296e-01	01.03090612494367e-02
13	01.07499374729976e-01	09.82835112716396e-03
14	01.00170264780173e-01	09.15827219677767e-03
15	09.17603459624284e-02	08.38937809577147e-03
16	08.29970139349019e-02	07.58817246618714e-03
17	07.43569025586723e-02	06.79823253772997e-03
18	06.61284800949891e-02	06.04593211366833e-03
19	05.84710601606855e-02	05.34583676863471e-03
20	05.14596239554701e-02	04.70480181281602e-03
21	04.51162491994216e-02	04.12484574711578e-03
22	03.94312866261993e-02	03.60508636754020e-03
23	03.43772802812912e-02	03.14301345705637e-03
24	02.99179381799338e-02	02.73530894641735e-03
25	02.60137797818290e-02	02.37836324613748e-03
26	02.26255412263110e-02	02.06858657711151e-03
27	01.97160067184555e-02	01.80257640885116e-03
28	01.72506292544358e-02	01.57717421057562e-03
29	01.51970996579270e-02	01.38942604947971e-03
30	01.35239572486225e-02	01.23645556824948e-03
31	01.21984831013610e-02	01.11527137195079e-03
32	01.11844973875020e-02	01.02256564544059e-03
33	01.04410795150643e-02	09.54597139550396e-04
34	09.92316013795858e-03	09.07245296746255e-04
35	09.58410426164721e-03	08.76246416869168e-04
36	09.37929913295368e-03	08.57521687330042e-04
37	09.26931063526907e-03	08.47465763024353e-04
38	09.22167021597971e-03	08.43110139842383e-04
39	09.21120295461293e-03	08.42153148973264e-04
40	09.21934809598620e-03	08.42897835252584e-04
41	09.23301577833292e-03	08.44147431183123e-04
42	09.24337212600832e-03	08.45094281540202e-04
43	09.24475713740746e-03	08.45220909052037e-04
44	09.23380619659764e-03	08.44219696796412e-04
45	09.20877455902765e-03	08.41931127919209e-04
46	09.16903501784637e-03	08.38297858745848e-04
47	09.11471232747761e-03	08.33331295205758e-04
48	09.04642107204731e-03	08.27087626914945e-04
49	08.96507984491281e-03	08.19650838157797e-04
50	08.87178089234836e-03	08.11120789793299e-04
51	08.76769970971892e-03	08.01604953899536e-04
52	08.65403325360046e-03	07.91212764689888e-04
53	08.53195856604273e-03	07.80051835651278e-04
54	08.40260590396007e-03	07.68225502843529e-04
55	08.26704213013064e-03	07.55831306387356e-04
56	08.12626131947158e-03	07.42960131623785e-04
57	07.98118039390214e-03	07.29695810022548e-04
58	07.83263821642650e-03	07.16115036356735e-04
59	07.68139701871013e-03	07.02287499221910e-04
60	07.52814535617605e-03	06.88276151211840e-04
61	07.37350201533122e-03	06.74137566153848e-04
62	07.21802046488896e-03	06.59922346061817e-04
63	07.06219356320075e-03	06.45675551522809e-04
64	06.90645832205345e-03	06.31437137237014e-04
65	06.75120059050257e-03	06.17242380246828e-04
66	06.59675956825926e-03	06.03122292582521e-04
67	06.44343209139852e-03	05.89104013091923e-04
68	06.29147665689996e-03	05.75211175392316e-04
69	06.14111716951720e-03	05.61464250435682e-04
70	05.99254640630510e-03	05.47880863260202e-04
71	05.84592920252740e-03	05.34476084268419e-04
72	05.70140536801327e-03	05.21262695861120e-04
73	05.55909234679163e-03	05.08251435599866e-04
74	05.41908763491637e-03	04.95451217261630e-04
75	05.28147097245556e-03	04.82869331245915e-04
76	05.14630632623604e-03	04.70511625851244e-04
77	05.01364367956106e-03	04.58382670903778e-04
78	04.88352064490788e-03	04.46485905201503e-04
79	04.75596391472606e-03	04.34823769156444e-04
80	04.63099056481381e-03	04.23397823958523e-04
81	04.50860922364351e-03	04.12208858483548e-04
82	04.38882112025163e-03	04.01256985098706e-04
83	04.27162102218898e-03	03.90541725416581e-04
84	04.15699807426343e-03	03.80062086978937e-04
85	04.04493654774274e-03	03.69816631754124e-04
86	03.93541650897541e-03	03.59803537267113e-04
87	03.82841441553365e-03	03.50020651103088e-04
88	03.72390364719488e-03	03.40465539453525e-04
89	03.62185497848823e-03	03.31135530319724e-04
90	03.52223699879954e-03	03.22027751921770e-04
91	03.42501648548057e-03	03.13139166810815e-04
92	03.33015873490777e-03	03.04466602136794e-04
93	03.23762785585375e-03	02.96006776470530e-04
94	03.14738702923238e-03	02.87756323551448e-04
95	03.05939873768931e-03	02.79711813278372e-04
96	02.97362496834975e-03	02.71869770246149e-04
97	02.89002739150090e-03	02.64226690082060e-04
98	02.80856751786192e-03	02.56779053824554e-04
99	02.72920683671679e-03	02.49523340552319e-04
100	02.65190693694238e-03	02.42456038449531e-04
101	02.57662961282351e-03	02.35573654480211e-04
102	02.50333695626119e-03	02.28872722818548e-04
103	02.43199143682814e-03	02.22349812168143e-04
104	02.36255597098771e-03	02.16001532090495e-04
105	02.29499398162262e-03	02.09824538447530e-04
106	02.22926944889016e-03	02.03815538051146e-04
107	02.16534695327530e-03	01.97971292599435e-04
108	02.10319171167182e-03	01.92288621975470e-04
109	02.04276960715392e-03	01.86764406969235e-04
110	01.98404721304873e-03	01.81395591478511e-04
111	01.92699181179617e-03	01.76179184233167e-04
112	01.87157140909543e-03	01.71112260088539e-04
113	01.81775474365306e-03	01.66191960916666e-04
114	01.76551129287471e-03	01.61415496126670e-04
115	01.71481127474869e-03	01.56780142836962e-04
116	01.66562564611202e-03	01.52283245716716e-04
117	01.61792609746555e-03	01.47922216511827e-04
118	01.57168504441748e-03	01.43694533262619e-04
119	01.52687561588738e-03	01.39597739225373e-04
120	01.48347163900703e-03	01.35629441491858e-04
121	01.44144762083194e-03	01.31787309317261e-04
122	01.40077872677114e-03	01.28069072148096e-04
123	01.36144075571354e-03	01.24472517348075e-04
124	01.32341011183397e-03	01.20995487620420e-04
125	01.28666377299134e-03	01.17635878118594e-04
126	01.25117925566502e-03	01.14391633240546e-04
127	01.21693457645706e-03	01.11260743108968e-04
128	01.18390821003537e-03	01.08241239726162e-04
129	01.15207904368517e-03	01.05331192818815e-04
130	01.12142632837717e-03	01.02528705364309e-04
131	01.09192962662370e-03	09.98319088233564e-05
132	01.06356875723332e-03	09.72389580890805e-05
133	01.03632373726460e-03	09.47480261800180e-05
134	01.01017472157809e-03	09.23572987135344e-05
135	09.85101940463756e-04	09.00649682032857e-05
136	09.61085635921956e-04	08.78692282335732e-05
137	09.38105997346913e-04	08.57682675790749e-05
138	09.16143097412387e-04	08.37602643430608e-05
139	08.95176829142903e-04	08.18433802040003e-05
140	08.75186845200370e-04	08.00157548647173e-05
141	08.56152500499676e-04	07.82755008059025e-05
142	08.38052799406607e-04	07.66206984585751e-05
143	08.20866348645285e-04	07.50493918985483e-05
144	08.04571317225175e-04	07.35595851826740e-05
145	07.89145404425686e-04	07.21492394217687e-05
146	07.74565817026296e-04	07.08162706988313e-05
147	07.60809256539460e-04	06.95585489017854e-05
148	07.47851917265342e-04	06.83738975456291e-05
149	07.35669495610382e-04	06.72600946244041e-05
150	07.24237210872055e-04	06.62148745114850e-05
151	07.13529837400084e-04	06.52359308999844e-05
152	07.03521747792291e-04	06.43209207520223e-05
153	06.94186966397254e-04	06.34674691903161e-05
154	06.85499232190462e-04	06.26731752467624e-05
155	06.77432069804513e-04	06.19356183565190e-05
156	06.69958867276618e-04	06.12523654662296e-05
157	06.63052958952582e-04	06.06209786136909e-05
158	06.56687711840194e-04	06.00390228228888e-05
159	06.50836613728494e-04	05.95040741604829e-05
160	06.45473361323167e-04	05.90137277937662e-05
161	06.40571946814052e-04	05.85656059052775e-05
162	06.36106741365763e-04	05.81573653261025e-05
163	06.32052574173418e-04	05.77867047637068e-05
164	06.28384806002742e-04	05.74513715254904e-05
165	06.25079396244053e-04	05.71491676493362e-05
166	06.22112962787102e-04	05.68779553777903e-05
167	06.19462834300170e-04	05.66356619377858e-05
168	06.17107094567971e-04	05.64202835943264e-05
169	06.15024618884453e-04	05.62298889777734e-05
170	06.13195102596040e-04	05.60626216934701e-05
171	06.11599082036201e-04	05.59167022357275e-05
172	06.10217948249834e-04	05.57904292426045e-05
173	06.09033953978424e-04	05.56821801345404e-05
174	06.08030214461092e-04	05.55904111875923e-05
175	06.07190702618288e-04	05.55136570930944e-05
176	06.06500239265089e-04	05.54505300628886e-05
177	06.05944478962920e-04	05.53997185357892e-05
178	06.05509892105442e-04	05.53599855397484e-05
179	06.05183743880467e-04	05.53301667684057e-05
180	06.04954070597503e-04	05.53091684167858e-05
181	06.04809653967772e-04	05.52959648297960e-05
182	06.04739993769704e-04	05.52895960031128e-05
183	06.04735279368814e-04	05.52891649793286e-05
184	06.04786360434635e-04	05.52938351706864e-05
185	06.04884717266848e-04	05.53028276460861e-05
186	06.05022430944518e-04	05.53154184019167e-05
187	06.05192153617329e-04	05.53309356458710e-05
188	06.05387079148442e-04	05.53487571129097e-05
189	06.05600914241651e-04	05.53683074255012e-05
190	06.05827850277022e-04	05.53890555186379e-05
191	06.06062535906642e-04	05.54105121343457e-05
192	06.06300050539551e-04	05.54322273974896e-05
193	06.06535878788263e-04	05.54537884794947e-05
194	06.06765885897171e-04	05.54748173518372e-05
195	06.06986294226413e-04	05.54949686360337e-05
196	06.07193660769703e-04	05.55139275481633e-05
197	06.07384855738920e-04	05.55314079409184e-05
198	06.07557042207438e-04	05.55471504424556e-05
199	06.07707656786182e-04	05.55609206896639e-05
200	06.07834391320158e-04	05.55725076547321e-05
201	06.07935175588777e-04	05.55817220634910e-05
202	06.08008160960431e-04	05.55883949009988e-05
203	06.08051704991594e-04	05.55923760034827e-05
204	06.08064356910863e-04	05.55935327311876e-05
205	06.08044843974103e-04	05.55917487208668e-05
206	06.07992058635487e-04	05.55869227128682e-05
207	06.07905046504842e-04	05.55789674501103e-05
208	06.07782995051310e-04	05.55678086452901e-05
209	06.07625223020100e-04	05.55533840132895e-05
210	06.07431170502789e-04	05.55356423633307e-05
211	06.07200389669321e-04	05.55145427516312e-05
212	06.06932536084601e-04	05.54900536875050e-05
213	06.06627360580551e-04	05.54621523902486e-05
214	06.06284701689498e-04	05.54308240973486e-05
215	06.05904478549536e-04	05.53960614158390e-05
216	06.05486684307847e-04	05.53578637191868e-05
217	06.05031379945424e-04	05.53162365827048e-05
218	06.04538688533695e-04	05.52711912584508e-05
219	06.04008789874428e-04	05.52227441851709e-05
220	06.03441915508887e-04	05.51709165320006e-05
221	06.02838344067136e-04	05.51157337732659e-05
222	06.02198396946828e-04	05.50572252934073e-05
223	06.01522434275198e-04	05.49954240177968e-05
224	06.00810851172441e-04	05.49303660711100e-05
225	06.00064074269790e-04	05.48620904589834e-05
226	05.99282558478908e-04	05.47906387726503e-05
227	05.98466783973328e-04	05.47160549129622e-05
228	05.97617253407112e-04	05.46383848360989e-05
229	05.96734489333628e-04	05.45576763175755e-05
230	05.95819031794610e-04	05.44739787318167e-05
231	05.94871436095947e-04	05.43873428488040e-05
232	05.93892270751481e-04	05.42978206460829e-05
233	05.92882115567044e-04	05.42054651335927e-05
234	05.91841559881906e-04	05.41103301928863e-05
235	05.90771200936738e-04	05.40124704279190e-05
236	05.89671642354436e-04	05.39119410261536e-05
237	05.88543492758076e-04	05.38087976322051e-05
238	05.87387364483000e-04	05.37030962300897e-05
239	05.86203872394727e-04	05.35948930351503e-05
240	05.84993632794846e-04	05.34842443940257e-05
241	05.83757262424984e-04	05.33712066935855e-05
242	05.82495377542818e-04	05.32558362764539e-05
243	05.81208593081509e-04	05.31381893641579e-05
244	05.79897521871540e-04	05.30183219859833e-05
245	05.78562773940210e-04	05.28962899149288e-05
246	05.77204955857283e-04	05.27721486078809e-05
247	05.75824670159464e-04	05.26459531529953e-05
248	05.74422514803236e-04	05.25177582196716e-05
249	05.72999082686459e-04	05.23876180148145e-05
250	05.71554961207730e-04	05.22555862425472e-05
251	05.70090731877111e-04	05.21217160686214e-05
252	05.68606969949400e-04	05.19860600868886e-05
253	05.67104244112612e-04	05.18486702908185e-05
254	05.65583116201254e-04	05.17095980472849e-05
255	05.64044140949339e-04	05.15688940739843e-05
256	05.62487865758523e-04	05.14266084182374e-05
257	05.60914830516492e-04	05.12827904403848e-05
258	05.59325567415781e-04	05.11374887972220e-05
259	05.57720600825062e-04	05.09907514302321e-05
260	05.56100447144088e-04	05.08426255523227e-05
261	05.54465614719562e-04	05.06931576401356e-05
262	05.52816603757736e-04	05.05423934260545e-05
263	05.51153906250931e-04	05.03903778914881e-05
264	05.49478005938046e-04	05.02371552632585e-05
265	05.47789378260653e-04	05.00827690095881e-05
266	05.46088490355762e-04	04.99272618394376e-05
267	05.44375801023307e-04	04.97706756995331e-05
268	05.42651760756137e-04	04.96130517771086e-05
269	05.40916811740825e-04	04.94544304999798e-05
270	05.39171387873652e-04	04.92948515380054e-05
271	05.37415914814815e-04	04.91343538080431e-05
272	05.35650810014050e-04	04.89729754762925e-05
273	05.33876482759262e-04	04.88107539627408e-05
274	05.32093334240217e-04	04.86477259469865e-05
275	05.30301757606347e-04	04.84839273735238e-05
276	05.28502138033671e-04	04.83193934578615e-05
277	05.26694852799471e-04	04.81541586933499e-05
278	05.24880271359495e-04	04.79882568582395e-05
279	05.23058755428571e-04	04.78217210230516e-05
280	05.21230659071864e-04	04.76545835589208e-05
281	05.19396328782674e-04	04.74868761447090e-05
282	05.17556103586175e-04	04.73186297764890e-05
283	05.15710315121976e-04	04.71498747750930e-05
284	05.13859287752822e-04	04.69806407960514e-05
285	05.12003338660861e-04	04.68109568383935e-05
286	05.10142777932444e-04	04.66408512524008e-05
287	05.08277908688386e-04	04.64703517515164e-05
288	05.06409027160426e-04	04.62994854193354e-05
289	05.04536422813033e-04	04.61282787207414e-05
290	05.02660378438342e-04	04.59567575105863e-05
291	05.00781170267003e-04	04.57849470438245e-05
292	04.98899068070418e-04	04.56128719848606e-05
293	04.97014335273839e-04	04.54405564178893e-05
294	04.95127229047313e-04	04.52680238552103e-05
295	04.93238000430780e-04	04.50952972486657e-05
296	04.91346894427753e-04	04.49223989982049e-05
297	04.89454150115698e-04	04.47493509619764e-05
298	04.87560000747725e-04	04.45761744656247e-05
299	04.85664673862581e-04	04.44028903123471e-05
300	04.83768391383026e-04	04.42295187918879e-05
301	04.81871369717551e-04	04.40560796898377e-05
302	04.79973819882120e-04	04.38825922987645e-05
303	04.78075947567345e-04	04.37090754243548e-05
304	04.76177953278534e-04	04.35355473982184e-05
305	04.74280032397861e-04	04.33620260835718e-05
306	04.72382375316679e-04	04.31885288873355e-05
307	04.70485167510383e-04	04.30150727669785e-05
308	04.68588589644350e-04	04.28416742402038e-05
309	04.66692817668545e-04	04.26683493935984e-05
310	04.64798022913768e-04	04.24951138914326e-05
311	04.62904372177002e-04	04.23219829834631e-05
312	04.61012027825779e-04	04.21489715144752e-05
313	04.59121147879786e-04	04.19760939317431e-05
314	04.57231886101334e-04	04.18033642933019e-05
315	04.55344392085226e-04	04.16307962761639e-05
316	04.53458811349966e-04	04.14584031846571e-05
317	04.51575285410144e-04	04.12861979570435e-05
318	04.49693951878852e-04	04.11141931748827e-05
319	04.47814944533343e-04	04.09424010690349e-05
320	04.45938393412268e-04	04.07708335285509e-05
321	04.44064424882646e-04	04.05995021067947e-05
322	04.42193161727161e-04	04.04284180294257e-05
323	04.40324723214433e-04	04.02575922008222e-05
324	04.38459225187001e-04	04.00870352121263e-05
325	04.36596780128724e-04	03.99167573474059e-05
326	04.34737497232414e-04	03.97467685898381e-05
327	04.32881482483389e-04	03.95770786293483e-05
328	04.31028838726503e-04	03.94076968687384e-05
329	04.29179665737632e-04	03.92386324302229e-05
330	04.27334060290312e-04	03.90698941615211e-05
331	04.25492116213266e-04	03.89014906411165e-05
332	04.23653924482196e-04	03.87334301866498e-05
333	04.21819573259370e-04	03.85657208585374e-05
334	04.19989147963769e-04	03.83983704663848e-05
335	04.18162731345610e-04	03.82313865758009e-05
336	04.16340403527361e-04	03.80647765121467e-05
337	04.14522242084876e-04	03.78985473679540e-05
338	04.12708322090605e-04	03.77327060068757e-05
339	04.10898716175191e-04	03.75672590693177e-05
340	04.09093494588794e-04	03.74022129780450e-05
341	04.07292725248636e-04	03.72375739425291e-05
342	04.05496473805715e-04	03.70733479650474e-05
343	04.03704803679372e-04	03.69095408438433e-05
344	04.01917776126836e-04	03.67461581794850e-05
345	04.00135450284781e-04	03.65832053786642e-05
346	03.98357883224732e-04	03.64206876592623e-05
347	03.96585129997429e-04	03.62586100544064e-05
348	03.94817243679758e-04	03.60969774167597e-05
349	03.93054275429729e-04	03.59357944235483e-05
350	03.91296274524971e-04	03.57750655800808e-05
351	03.89543288407946e-04	03.56147952238815e-05
352	03.87795362732165e-04	03.54549875289166e-05
353	03.86052541408415e-04	03.52956465098200e-05
354	03.84314866644485e-04	03.51367760255255e-05
355	03.82582378982901e-04	03.49783797827167e-05
356	03.80855117344808e-04	03.48204613398392e-05
357	03.79133119068694e-04	03.46630241106411e-05
358	03.77416419946912e-04	03.45060713675116e-05
359	03.75705054273351e-04	03.43496062458402e-05
360	03.73999054865887e-04	03.41936317460683e-05
361	03.72298453112636e-04	03.40381507379192e-05
362	03.70603279004114e-04	03.38831659633372e-05
363	03.68913561174373e-04	03.37286800402494e-05
364	03.67229326916316e-04	03.35746954639655e-05
365	03.65550602238444e-04	03.34212146123660e-05
366	03.63877411881515e-04	03.32682397474257e-05
367	03.62209779355236e-04	03.31157730185679e-05
368	03.60547726974699e-04	03.29638164659954e-05
369	03.58891275876214e-04	03.28123720221391e-05
370	03.57240446061230e-04	03.26614415156724e-05
371	03.55595256419288e-04	03.25110266736102e-05
372	03.53955724759027e-04	03.23611291241443e-05
373	03.52321867826084e-04	03.22117503982787e-05
374	03.50693701345777e-04	03.20628919337329e-05
375	03.49071240044903e-04	03.19145550769346e-05
376	03.47454497662707e-04	03.17667410840226e-05
377	03.45843486995820e-04	03.16194511249549e-05
378	03.44238219912415e-04	03.14726862848039e-05
379	03.42638707382320e-04	03.13264475665084e-05
380	03.41044959491912e-04	03.11807358922364e-05
381	03.39456985476609e-04	03.10355521063547e-05
382	03.37874793739425e-04	03.08908969771262e-05
383	03.36298391870164e-04	03.07467711984644e-05
384	03.34727786670648e-04	03.06031753922398e-05
385	03.33162984172046e-04	03.04601101098644e-05
386	03.31603989665476e-04	03.03175758350895e-05
387	03.30050807706115e-04	03.01755729843816e-05
388	03.28503442146959e-04	03.00341019100087e-05
389	03.26961896146558e-04	02.98931629007477e-05
390	03.25426172198605e-04	02.97527561845897e-05
391	03.23896272145925e-04	02.96128819300187e-05
392	03.22372197186235e-04	02.94735402465384e-05
393	03.20853947913024e-04	02.93347311884099e-05
394	03.19341524317313e-04	02.91964547548120e-05
395	03.17834925804161e-04	02.90587108913513e-05
396	03.16334151210856e-04	02.89214994917243e-05
397	03.14839198826568e-04	02.87848203995149e-05
398	03.13350066404086e-04	02.86486734092671e-05
399	03.11866751173623e-04	02.85130582677477e-05
400	03.10389249863593e-04	02.83779746758450e-05
401	03.08917558706604e-04	02.82434222891174e-05
402	03.07451673456434e-04	02.81094007193456e-05
403	03.05991589414196e-04	02.79759095369241e-05
404	03.04537301420647e-04	02.78429482701584e-05
405	03.03088803877406e-04	02.77105164072051e-05
406	03.01646090767823e-04	02.75786133979796e-05
407	03.00209155665542e-04	02.74472386549391e-05
408	02.98777991736041e-04	02.73163915532234e-05
409	02.97352591761278e-04	02.71860714329081e-05
410	02.95932948143482e-04	02.70562775993516e-05
411	02.94519052927792e-04	02.69270093252642e-05
412	02.93110897800239e-04	02.67982658505243e-05
413	02.91708474096928e-04	02.66700463830174e-05
414	02.90311772832130e-04	02.65423501012049e-05
415	02.88920784690371e-04	02.64151761534004e-05
416	02.87535500049297e-04	02.62885236598603e-05
417	02.86155908979403e-04	02.61623917127595e-05
418	02.84782001255306e-04	02.60367793772211e-05
419	02.83413766376534e-04	02.59116856932179e-05
420	02.82051193557936e-04	02.57871096746955e-05
421	02.80694271756137e-04	02.56630503119906e-05
422	02.79342989663879e-04	02.55395065713137e-05
423	02.77997335731821e-04	02.54164773967428e-05
424	02.76657298161028e-04	02.52939617095360e-05
425	02.75322864926273e-04	02.51719584102623e-05
426	02.73994023776833e-04	02.50504663788739e-05
427	02.72670762242676e-04	02.49294844752728e-05
428	02.71353067643914e-04	02.48090115401740e-05
429	02.70040927099682e-04	02.46890463959181e-05
430	02.68734327529480e-04	02.45695878465935e-05
431	02.67433255672175e-04	02.44506346797739e-05
432	02.66137698073584e-04	02.43321856653828e-05
433	02.64847641114219e-04	02.42142395582307e-05
434	02.63563071001684e-04	02.40967950973195e-05
435	02.62283973778653e-04	02.39798510065719e-05
436	02.61010335332771e-04	02.38634059957370e-05
437	02.59742141402691e-04	02.37474587609417e-05
438	02.58479377580564e-04	02.36320079849189e-05
439	02.57222029319119e-04	02.35170523376545e-05
440	02.55970081939154e-04	02.34025904770721e-05
441	02.54723520626864e-04	02.32886210487894e-05
442	02.53482330452228e-04	02.31751426877984e-05
443	02.52246496370380e-04	02.30621540185915e-05
444	02.51016003207798e-04	02.29496536538981e-05
445	02.49790835700181e-04	02.28376401981483e-05
446	02.48570978469247e-04	02.27261122453509e-05
447	02.47356416039524e-04	02.26150683806293e-05
448	02.46147132845333e-04	02.25045071808591e-05
449	02.44943113221482e-04	02.23944272138181e-05
450	02.43744341430745e-04	02.22848270406980e-05
451	02.42550801642109e-04	02.21757052141161e-05
452	02.41362477955675e-04	02.20670602803913e-05
453	02.40179354387361e-04	02.19588907781460e-05
454	02.39001414891933e-04	02.18511952404120e-05
455	02.37828643356226e-04	02.17439721940098e-05
456	02.36661023607248e-04	02.16372201602907e-05
457	02.35498539404569e-04	02.15309376544398e-05
458	02.34341174458614e-04	02.14251231871492e-05
459	02.33188912428631e-04	02.13197752644323e-05
460	02.32041736922280e-04	02.12148923875856e-05
461	02.30899631502632e-04	02.11104730538292e-05
462	02.29762579690443e-04	02.10065157565143e-05
463	02.28630564962727e-04	02.09030189849929e-05
464	02.27503570769715e-04	02.07999812261686e-05
465	02.26381580518473e-04	02.06974009629981e-05
466	02.25264577591487e-04	02.05952766761912e-05
467	02.24152545337978e-04	02.04936068434162e-05
468	02.23045467085334e-04	02.03923899403452e-05
469	02.21943326137640e-04	02.02916244405200e-05
470	02.20846105777099e-04	02.01913088154816e-05
471	02.19753789271767e-04	02.00914415354777e-05
472	02.18666359867260e-04	01.99920210687044e-05
473	02.17583800802894e-04	01.98930458827816e-05
474	02.16506095305680e-04	01.97945144442044e-05
475	02.15433226588964e-04	01.96964252182184e-05
476	02.14365177866057e-04	01.95987766700663e-05
477	02.13301932340006e-04	01.95015672640519e-05
478	02.12243473215385e-04	01.94047954646191e-05
479	02.11189783694027e-04	01.93084597359609e-05
480	02.10140846984168e-04	01.92125585428557e-05
481	02.09096646287371e-04	01.91170903494719e-05
482	02.08057164816815e-04	01.90220536210401e-05
483	02.07022385792800e-04	01.89274468234416e-05
484	02.05992292447240e-04	01.88332684236198e-05
485	02.04966868010568e-04	01.87395168883824e-05
486	02.03946095738992e-04	01.86461906868941e-05
487	02.02929958888578e-04	01.85532882883061e-05
488	02.01918440742192e-04	01.84608081642203e-05
489	02.00911524592677e-04	01.83687487871504e-05
490	01.99909193748803e-04	01.82771086310665e-05
491	01.98911431548091e-04	01.81858861725671e-05
492	01.97918221338764e-04	01.80950798892295e-05
493	01.96929546491426e-04	01.80046882606769e-05
494	01.95945390409766e-04	01.79147097695574e-05
495	01.94965736506419e-04	01.78251428993372e-05
496	01.93990568236209e-04	01.77359861373395e-05
497	01.93019869069441e-04	01.76472379723032e-05
498	01.92053622505057e-04	01.75588968955850e-05
499	01.91091812078083e-04	01.74709614018409e-05
500	01.90134421344358e-04	01.73834299876295e-05
501	01.89181433900750e-04	01.72963011532611e-05
502	01.88232833368954e-04	01.72095734013154e-05
503	01.87288603405932e-04	01.71232452375965e-05
504	01.86348727699457e-04	01.70373151707256e-05
505	01.85413189983163e-04	01.69517817135167e-05
506	01.84481974013291e-04	01.68666433808509e-05
507	01.83555063591440e-04	01.67818986917561e-05
508	01.82632442553552e-04	01.66975461684000e-05
509	01.81714094772999e-04	01.66135843363727e-05
510	01.80800004165810e-04	01.65300117251639e-05
511	01.79890154687998e-04	01.64468268679193e-05
512	01.78984530327510e-04	01.63640283007039e-05
513	01.78083115126170e-04	01.62816145645088e-05
514	01.77185893162078e-04	01.61995842036415e-05
515	01.76292848553899e-04	01.61179357661186e-05
516	01.75403965466412e-04	01.60366678041721e-05
517	01.74519228111573e-04	01.59557788743479e-05
518	01.73638620738815e-04	01.58752675366181e-05
519	01.72762127647336e-04	01.57951323555044e-05
520	01.71889733181443e-04	01.57153718996532e-05
521	01.71021421733160e-04	01.56359847420730e-05
522	01.70157177737976e-04	01.55569694597465e-05
523	01.69296985681437e-04	01.54783246342328e-05
524	01.68440830093844e-04	01.54000488511831e-05
525	01.67588695561902e-04	01.53221407014051e-05
526	01.66740566706914e-04	01.52445987788698e-05
527	01.65896428213760e-04	01.51674216833610e-05
528	01.65056264809883e-04	01.50906080185538e-05
529	01.64220061273942e-04	01.50141563928057e-05
530	01.63387802433791e-04	01.49380654189722e-05
531	01.62559473169483e-04	01.48623337146812e-05
532	01.61735058412644e-04	01.47869599022755e-05
533	01.60914543144523e-04	01.47119426086350e-05
534	01.60097912398841e-04	01.46372804654368e-05
535	01.59285151265202e-04	01.45629721094675e-05
536	01.58476244879867e-04	01.44890161817791e-05
537	01.57671178433969e-04	01.44154113284406e-05
538	01.56869937172244e-04	01.43421562004216e-05
539	01.56072506394102e-04	01.42692494536905e-05
540	01.55278871451801e-04	01.41966897490475e-05
541	01.54489017749851e-04	01.41244757520697e-05
542	01.53702930746376e-04	01.40526061332365e-05
543	01.52920595951920e-04	01.39810795678195e-05
544	01.52141998942254e-04	01.39098947370539e-05
545	01.51367125334431e-04	01.38390503259493e-05
546	01.50595960807465e-04	01.37685450251802e-05
547	01.49828491091543e-04	01.36983775300995e-05
548	01.49064701978344e-04	01.36285465416822e-05
549	01.48304579306992e-04	01.35590507652414e-05
550	01.47548108980004e-04	01.34898889118856e-05
551	01.46795276948650e-04	01.34210596971808e-05
552	01.46046069223897e-04	01.33525618421509e-05
553	01.45300471872459e-04	01.32843940729167e-05
554	01.44558471015646e-04	01.32165551205904e-05
555	01.43820052829267e-04	01.31490437212669e-05
556	01.43085203550012e-04	01.30818586166074e-05
557	01.42353909469204e-04	01.30149985532680e-05
558	01.41626156931389e-04	01.29484622827706e-05
559	01.40901932342084e-04	01.28822485622118e-05
560	01.40181222157839e-04	01.28163561533539e-05
561	01.39464012900441e-04	01.27507838239235e-05
562	01.38750291139223e-04	01.26855303459942e-05
563	01.38040043505793e-04	01.26205944973335e-05
564	01.37333256686355e-04	01.25559750607001e-05
565	01.36629917425192e-04	01.24916708241630e-05
566	01.35930012521048e-04	01.24276805807701e-05
567	01.35233528835528e-04	01.23640031293168e-05
568	01.34540453274889e-04	01.23006372726807e-05
569	01.33850772816862e-04	01.22375818202740e-05
570	01.33164474489534e-04	01.21748355861130e-05
571	01.32481545370608e-04	01.21123973887502e-05
572	01.31801972610944e-04	01.20502660534265e-05
573	01.31125743402024e-04	01.19884404090969e-05
574	01.30452845003044e-04	01.19269192909073e-05
575	01.29783264722272e-04	01.18657015384898e-05
576	01.29116989935896e-04	01.18047859976866e-05
577	01.28454008063837e-04	01.17441715183381e-05
578	01.27794306589114e-04	01.16838569560538e-05
579	01.27137873053976e-04	01.16238411718579e-05
580	01.26484695051630e-04	01.15641230314341e-05
581	01.25834760236462e-04	01.15047014060592e-05
582	01.25188056316166e-04	01.14455751718839e-05
583	01.24544571057646e-04	01.13867432104723e-05
584	01.23904292284035e-04	01.13282044085292e-05
585	01.23267207871914e-04	01.12699576576463e-05
586	01.22633305758897e-04	01.12120018549951e-05
587	01.22002573932897e-04	01.11543359023458e-05
588	01.21375000443640e-04	01.10969587071201e-05
589	01.20750573393467e-04	01.10398691815502e-05
590	01.20129280942442e-04	01.09830662431455e-05
591	01.19511111306702e-04	01.09265488145421e-05
592	01.18896052757287e-04	01.08703158233959e-05
593	01.18284093618569e-04	01.08143662022386e-05
594	01.17675222277906e-04	01.07586988893604e-05
595	01.17069427171803e-04	01.07033128275451e-05
596	01.16466696792987e-04	01.06482069647167e-05
597	01.15867019692009e-04	01.05933802540857e-05
598	01.15270384472010e-04	01.05388316536710e-05
599	01.14676779791452e-04	01.04845601265490e-05
600	01.14086194368891e-04	01.04305646412907e-05
601	01.13498616970521e-04	01.03768441708221e-05
602	01.12914036420560e-04	01.03233976933746e-05
603	01.12332441598797e-04	01.02702241922600e-05
604	01.11753821440497e-04	01.02173226558620e-05
605	01.11178164929494e-04	01.01646920770053e-05
606	01.10605461109872e-04	01.01123314540227e-05
607	01.10035699079413e-04	01.00602397901563e-05
608	01.09468867985740e-04	01.00084160932055e-05
609	01.08904957032889e-04	09.95685937612687e-06
610	01.08343955478826e-04	09.90556865680813e-06
611	01.07785852636562e-04	09.85454295816931e-06
612	01.07230637868509e-04	09.80378130764696e-06
613	01.06678300592135e-04	09.75328273771144e-06
614	01.06128830283007e-04	09.70304628614480e-06
615	01.05582216460369e-04	09.65307099472256e-06
616	01.05038448701100e-04	09.60335591048920e-06
617	01.04497516636168e-04	09.55390008543494e-06
618	01.03959409947310e-04	09.50470257619120e-06
619	01.03424118368493e-04	09.45576244416497e-06
620	01.02891631685109e-04	09.40707875546458e-06
621	01.02361939735696e-04	09.35865058105760e-06
622	01.01835032409891e-04	09.31047699658332e-06
623	01.01310899648060e-04	09.26255708231908e-06
624	01.00789531446851e-04	09.21488992368777e-06
625	01.00270917845140e-04	09.16747460997318e-06
626	09.97550489412831e-05	09.12031023589729e-06
627	09.92419148829109e-05	09.07339590068690e-06
628	09.87315058619162e-05	09.02673070761570e-06
629	09.82238121262245e-05	08.98031376508024e-06
630	09.77188239748984e-05	08.93414418615238e-06
631	09.72165317564599e-05	08.88822108842594e-06
632	09.67169258637038e-05	08.84254359354245e-06
633	09.62199967451371e-05	08.79711082823704e-06
634	09.57257349000420e-05	08.75192192388707e-06
635	09.52341308700489e-05	08.70697601574167e-06
636	09.47451752526776e-05	08.66227224415978e-06
637	09.42588586889040e-05	08.61780975347341e-06
638	09.37751718715846e-05	08.57358769275783e-06
639	09.32941055387020e-05	08.52960521521409e-06
640	09.28156504812081e-05	08.48586147888605e-06
641	09.23397975361166e-05	08.44235564602886e-06
642	09.18665375856882e-05	08.39908688303449e-06
643	09.13958615616075e-05	08.35605436081358e-06
644	09.09277604417537e-05	08.31325725450019e-06
645	09.04622252513141e-05	08.27069474355364e-06
646	08.99992470650697e-05	08.22836601196746e-06
647	08.95388169994463e-05	08.18627024754263e-06
648	08.90809262190703e-05	08.14440664248696e-06
649	08.86255659362234e-05	08.10277439336527e-06
650	08.81727274098228e-05	08.06137270100611e-06
651	08.77224019364531e-05	08.02020076968184e-06
652	08.72745808690539e-05	07.97925780881723e-06
653	08.68292555949458e-05	07.93854303098035e-06
654	08.63864175533761e-05	07.89805565348680e-06
655	08.59460582291080e-05	07.85779489781357e-06
656	08.55081691428858e-05	07.81775998872732e-06
657	08.50727418642193e-05	07.77795015545312e-06
658	08.46397680082615e-05	07.73836463138915e-06
659	08.42092392298086e-05	07.69900265355800e-06
660	08.37811472303148e-05	07.65986346324807e-06
661	08.33554837519316e-05	07.62094630546861e-06
662	08.29322405746003e-05	07.58225042868386e-06
663	08.25114095291202e-05	07.54377508600788e-06
664	08.20929824805176e-05	07.50551953368397e-06
665	08.16769513421696e-05	07.46748303237605e-06
666	08.12633080628326e-05	07.42966484598261e-06
667	08.08520446376556e-05	07.39206424264373e-06
668	08.04431530935073e-05	07.35468049339950e-06
669	08.00366255076442e-05	07.31751287389681e-06
670	07.96324539929063e-05	07.28056066303586e-06
671	07.92306306994036e-05	07.24382314312435e-06
672	07.88311478208088e-05	07.20729960045275e-06
673	07.84339975857395e-05	07.17098932450649e-06
674	07.80391722647706e-05	07.13489160860698e-06
675	07.76466641647495e-05	07.09900574939194e-06
676	07.72564656318954e-05	07.06333104709877e-06
677	07.68685690472783e-05	07.02786680515113e-06
678	07.64829668338118e-05	06.99261233079832e-06
679	07.60996514463719e-05	06.95756693421191e-06
680	07.57186153783751e-05	06.92272992908705e-06
681	07.53398511618864e-05	06.88810063265247e-06
682	07.49633513596882e-05	06.85367836494527e-06
683	07.45891085729555e-05	06.81946244951268e-06
684	07.42171154400005e-05	06.78545221329727e-06
685	07.38473646254183e-05	06.75164698564458e-06
686	07.34798488375013e-05	06.71804609989526e-06
687	07.31145608155581e-05	06.68464889222570e-06
688	07.27514933285081e-05	06.65145470151951e-06
689	07.23906391830544e-05	06.61846287011471e-06
690	07.20319912135502e-05	06.58567274287736e-06
691	07.16755422932195e-05	06.55308366822731e-06
692	07.13212853192572e-05	06.52069499677603e-06
693	07.09692132284912e-05	06.48850608275848e-06
694	07.06193189829219e-05	06.45651628271111e-06
695	07.02715955747086e-05	06.42472495592769e-06
696	06.99260360281635e-05	06.39313146464162e-06
697	06.95826333986874e-05	06.36173517392868e-06
698	06.92413807675592e-05	06.33053545123055e-06
699	06.89022712479404e-05	06.29953166690390e-06
700	06.85652979762776e-05	06.26872319343427e-06
701	06.82304541201187e-05	06.23810940615068e-06
702	06.78977328783395e-05	06.20768968324636e-06
703	06.75671274694057e-05	06.17746340470565e-06
704	06.72386311432129e-05	06.14742995338637e-06
705	06.69122371700236e-05	06.11758871400844e-06
706	06.65879388533095e-05	06.08793907432802e-06
707	06.62657295155630e-05	06.05848042384026e-06
708	06.59456025055777e-05	06.02921215444494e-06
709	06.56275511941998e-05	06.00013366005808e-06
710	06.53115689803952e-05	05.97124433716657e-06
711	06.49976492814333e-05	05.94254358393074e-06
712	06.46857855379213e-05	05.91403080064462e-06
713	06.43759712141683e-05	05.88570538976928e-06
714	06.40681997966930e-05	05.85756675579629e-06
715	06.37624647856355e-05	05.82961430446261e-06
716	06.34587597126110e-05	05.80184744438288e-06
717	06.31570781187185e-05	05.77426558503881e-06
718	06.28574135732439e-05	05.74686813848915e-06
719	06.25597596538393e-05	05.71965451755755e-06
720	06.22641099680110e-05	05.69262413779715e-06
721	06.19704581300514e-05	05.66577641538153e-06
722	06.16787977784136e-05	05.63911076869318e-06
723	06.13891225661065e-05	05.61262661744540e-06
724	06.11014261599742e-05	05.58632338261641e-06
725	06.08157022462549e-05	05.56020048695759e-06
726	06.05319445250697e-05	05.53425735448954e-06
727	06.02501467047879e-05	05.50849340998702e-06
728	05.99703025141068e-05	05.48290808008329e-06
729	05.96924056957596e-05	05.45750079269489e-06
730	05.94164499985248e-05	05.43227097629105e-06
731	05.91424291831427e-05	05.40721806043463e-06
732	05.88703370335373e-05	05.38234147680813e-06
733	05.86001673280212e-05	05.35764065658100e-06
734	05.83319138671071e-05	05.33311503295237e-06
735	05.80655704520866e-05	05.30876403919258e-06
736	05.78011309020610e-05	05.28458711020031e-06
737	05.75385890378430e-05	05.26058368103064e-06
738	05.72779386871241e-05	05.23675318736760e-06
739	05.70191736916856e-05	05.21309506618339e-06
740	05.67622878939106e-05	05.18960875450524e-06
741	05.65072751419076e-05	05.16629368988383e-06
742	05.62541292929317e-05	05.14314931070611e-06
743	05.60028442051249e-05	05.12017505544007e-06
744	05.57534137409698e-05	05.09737036295060e-06
745	05.55058317699633e-05	05.07473467274385e-06
746	05.52600921614683e-05	05.05226742431374e-06
747	05.50161887857876e-05	05.02996805724009e-06
748	05.47741155168570e-05	05.00783601143493e-06
749	05.45338662293407e-05	04.98587072687684e-06
750	05.42954347973123e-05	04.96407164349041e-06
751	05.40588150944940e-05	04.94243820116811e-06
752	05.38240009962455e-05	04.92096983995214e-06
753	05.35909863720538e-05	04.89966599934774e-06
754	05.33597650934438e-05	04.87852611904649e-06
755	05.31303310246874e-05	04.85754963807684e-06
756	05.29026780308803e-05	04.83673599554258e-06
757	05.26767999716404e-05	04.81608463004666e-06
758	05.24526906992786e-05	04.79559497952397e-06
759	05.22303440674472e-05	04.77526648203205e-06
760	05.20097539131853e-05	04.75509857410954e-06
761	05.17909140816072e-05	04.73509069303338e-06
762	05.15738183972459e-05	04.71524227419882e-06
763	05.13584606848969e-05	04.69555275302508e-06
764	05.11448347581576e-05	04.67602156390762e-06
765	05.09329344223675e-05	04.65664814048688e-06
766	05.07227534739701e-05	04.63743191558995e-06
767	05.05142856993817e-05	04.61837232112720e-06
768	05.03075248738696e-05	04.59946878798963e-06
769	05.01024647637585e-05	04.58072074625070e-06
770	04.98990991179550e-05	04.56212762439135e-06
771	04.96974216800720e-05	04.54368885040852e-06
772	04.94974261771341e-05	04.52540385078257e-06
773	04.92991063255616e-05	04.50727205102432e-06
774	04.91024558245681e-05	04.48929287507141e-06
775	04.89074683608500e-05	04.47146574571713e-06
776	04.87141376074661e-05	04.45379008450785e-06
777	04.85224572206802e-05	04.43626531145448e-06
778	04.83324208387791e-05	04.41889084492430e-06
779	04.81440220882735e-05	04.40166610220800e-06
780	04.79572545748761e-05	04.38459049869470e-06
781	04.77721118910762e-05	04.36766344856458e-06
782	04.75885876075375e-05	04.35088436400236e-06
783	04.74066752786548e-05	04.33425265570536e-06
784	04.72263684400290e-05	04.31776773265260e-06
785	04.70476606079740e-05	04.30142900205977e-06
786	04.68705452793640e-05	04.28523586936523e-06
787	04.66950159312793e-05	04.26918773819766e-06
788	04.65210660228780e-05	04.25328401054715e-06
789	04.63486889879763e-05	04.23752408608686e-06
790	04.61778782412805e-05	04.22190736274278e-06
791	04.60086271751376e-05	04.20643323639667e-06
792	04.58409291664415e-05	04.19110110151745e-06
793	04.56747775619759e-05	04.17591034982116e-06
794	04.55101656878169e-05	04.16086037113060e-06
795	04.53470868548634e-05	04.14595055388095e-06
796	04.51855343392149e-05	04.13118028332581e-06
797	04.50255014024602e-05	04.11654894339209e-06
798	04.48669812779510e-05	04.10205591542508e-06
799	04.47099671797403e-05	04.08770057900562e-06
800	04.45544522961966e-05	04.07348231136633e-06
801	04.44004297875998e-05	04.05940048717173e-06
802	04.42478927934483e-05	04.04545447918640e-06
803	04.40968344314343e-05	04.03164365818119e-06
804	04.39472477903822e-05	04.01796739228768e-06
805	04.37991259347411e-05	04.00442504740889e-06
806	04.36524619041927e-05	03.99101598718341e-06
807	04.35072487174803e-05	03.97773957333553e-06
808	04.33634793592057e-05	03.96459516446805e-06
809	04.32211467984686e-05	03.95158211776646e-06
810	04.30802439750671e-05	03.93869978773731e-06
811	04.29407638027053e-05	03.92594752650145e-06
812	04.28026991685896e-05	03.91332468375710e-06
813	04.26660429399841e-05	03.90083060737923e-06
814	04.25307879500487e-05	03.88846464212478e-06
815	04.23969270184968e-05	03.87622613152129e-06
816	04.22644529290671e-05	03.86411441580725e-06
817	04.21333584458513e-05	03.85212883342488e-06
818	04.20036363080787e-05	03.84026872054332e-06
819	04.18752792272098e-05	03.82853341079285e-06
820	04.17482798893462e-05	03.81692223548531e-06
821	04.16226309623133e-05	03.80543452426157e-06
822	04.14983250826015e-05	03.79406960389764e-06
823	04.13753548660882e-05	03.78282679928494e-06
824	04.12537129001031e-05	03.77170543270487e-06
825	04.11333917572690e-05	03.76070482509422e-06
826	04.10143839764463e-05	03.74982429430296e-06
827	04.08966820782464e-05	03.73906315651265e-06
828	04.07802785590948e-05	03.72842072569356e-06
829	04.06651658957986e-05	03.71789631402233e-06
830	04.05513365347911e-05	03.70748923089861e-06
831	04.04387829083832e-05	03.69719878443089e-06
832	04.03274974253957e-05	03.68702428058001e-06
833	04.02174724684061e-05	03.67696502290748e-06
834	04.01087004047849e-05	03.66702031358446e-06
835	04.00011735806803e-05	03.65718945284185e-06
836	03.98948843164527e-05	03.64747173855280e-06
837	03.97898249187149e-05	03.63786646733360e-06
838	03.96859876726150e-05	03.62837293383807e-06
839	03.95833648431114e-05	03.61899043087415e-06
840	03.94819486783618e-05	03.60971824971372e-06
841	03.93817314104215e-05	03.60055568015648e-06
842	03.92827052486563e-05	03.59150200992771e-06
843	03.91848623929469e-05	03.58255652588549e-06
844	03.90881950201931e-05	03.57371851278680e-06
845	03.89926952941666e-05	03.56498725418837e-06
846	03.88983553673866e-05	03.55636203261816e-06
847	03.88051673697264e-05	03.54784212853367e-06
848	03.87131234243182e-05	03.53942682177609e-06
849	03.86222156364225e-05	03.53111539055264e-06
850	03.85324361042003e-05	03.52290711242145e-06
851	03.84437769057300e-05	03.51480126310458e-06
852	03.83562301124272e-05	03.50679711771491e-06
853	03.82697877889436e-05	03.49889395074693e-06
854	03.81844419816648e-05	03.49109103502510e-06
855	03.81001847322769e-05	03.48338764294423e-06
856	03.80170080725618e-05	03.47578304599361e-06
857	03.79349040294896e-05	03.46827651522262e-06
858	03.78538646213958e-05	03.46086732089118e-06
859	03.77738818529192e-05	03.45355473200695e-06
860	03.76949477342242e-05	03.44633801808284e-06
861	03.76170542657944e-05	03.43921644774661e-06
862	03.75401934402170e-05	03.43218928890410e-06
863	03.74643572506494e-05	03.42525580951327e-06
864	03.73895376888783e-05	03.41841527740679e-06
865	03.73157267402427e-05	03.41166695982781e-06
866	03.72429163932180e-05	03.40501012430623e-06
867	03.71710986329127e-05	03.39844403806415e-06
868	03.71002654472497e-05	03.39196796858096e-06
869	03.70304088220776e-05	03.38558118314640e-06
870	03.69615207487479e-05	03.37928294955333e-06
871	03.68935932176808e-05	03.37307253550947e-06
872	03.68266182276972e-05	03.36694920949059e-06
873	03.67605877763076e-05	03.36091223985265e-06
874	03.66954938735986e-05	03.35496089610141e-06
875	03.66313285267784e-05	03.34909444747946e-06
876	03.65680837572818e-05	03.34331216453009e-06
877	03.65057515894750e-05	03.33761331806460e-06
878	03.64443240590362e-05	03.33199717992851e-06
879	03.63837932113800e-05	03.32646302285751e-06
880	03.63241510982489e-05	03.32101012016583e-06
881	03.62653897845139e-05	03.31563774636801e-06
882	03.62075013468444e-05	03.31034517705728e-06
883	03.61504778741993e-05	03.30513168895046e-06
884	03.60943114666812e-05	03.29999655978318e-06
885	03.60389942442372e-05	03.29493906910545e-06
886	03.59845183346676e-05	03.28995849718523e-06
887	03.59308758846001e-05	03.28505412601182e-06
888	03.58780590567956e-05	03.28022523904955e-06
889	03.58260600335817e-05	03.27547112155167e-06
890	03.57748710093944e-05	03.27079105987844e-06
891	03.57244842041554e-05	03.26618434272023e-06
892	03.56748918524539e-05	03.26165026010842e-06
893	03.56260862101596e-05	03.25718810401998e-06
894	03.55780595519438e-05	03.25279716815086e-06
895	03.55308041813739e-05	03.24847674883891e-06
896	03.54843124164658e-05	03.24422614374297e-06
897	03.54385766035633e-05	03.24004465311178e-06
898	03.53935891092893e-05	03.23593157904818e-06
899	03.53493423255836e-05	03.23188622596961e-06
900	03.53058286714974e-05	03.22790790077229e-06
901	03.52630405902029e-05	03.22399591255769e-06
902	03.52209705532436e-05	03.22014957302123e-06
903	03.51796110554075e-05	03.21636819598348e-06
904	03.51389546241521e-05	03.21265109825189e-06
905	03.50989938105940e-05	03.20899759879702e-06
906	03.50597212029542e-05	03.20540701998171e-06
907	03.50211294100740e-05	03.20187868605414e-06
908	03.49832110789300e-05	03.19841192474900e-06
909	03.49459588801912e-05	03.19500606596719e-06
910	03.49093655189869e-05	03.19166044276015e-06
911	03.48734237370052e-05	03.18837439152181e-06
912	03.48381263041934e-05	03.18514725122976e-06
913	03.48034660246605e-05	03.18197836398487e-06
914	03.47694357336115e-05	03.17886707473105e-06
915	03.47360283053284e-05	03.17581273198491e-06
916	03.47032366481235e-05	03.17281468737432e-06
917	03.46710537030725e-05	03.16987229552262e-06
918	03.46394724483244e-05	03.16698491444268e-06
919	03.46084859001638e-05	03.16415190563397e-06
920	03.45780871098765e-05	03.16137263379602e-06
921	03.45482691655447e-05	03.15864646699254e-06
922	03.45190251951403e-05	03.15597277693426e-06
923	03.44903483624801e-05	03.15335093860909e-06
924	03.44622318715402e-05	03.15078033067657e-06
925	03.44346689654450e-05	03.14826033537549e-06
926	03.44076529246133e-05	03.14579033835434e-06
927	03.43811770696764e-05	03.14336972893809e-06
928	03.43552347647714e-05	03.14099790042936e-06
929	03.43298194107471e-05	03.13867424948722e-06
930	03.43049244521845e-05	03.13639817676899e-06
931	03.42805433700147e-05	03.13416908625542e-06
932	03.42566696920368e-05	03.13198638621225e-06
933	03.42332969851802e-05	03.12984948848279e-06
934	03.42104188587567e-05	03.12775780878524e-06
935	03.41880289653816e-05	03.12571076679692e-06
936	03.41661209976465e-05	03.12370778585007e-06
937	03.41446886949949e-05	03.12174829356043e-06
938	03.41237258340738e-05	03.11983172094520e-06
939	03.41032262407815e-05	03.11795750352443e-06
940	03.40831837823911e-05	03.11612508060097e-06
941	03.40635923684406e-05	03.11433389534183e-06
942	03.40444459554614e-05	03.11258339521048e-06
943	03.40257385381371e-05	03.11087303115853e-06
944	03.40074641648369e-05	03.10920225904591e-06
945	03.39896169190576e-05	03.10757053794415e-06
946	03.39721909339163e-05	03.10597733146146e-06
947	03.39551803866431e-05	03.10442210723912e-06
948	03.39385794988730e-05	03.10290433697825e-06
949	03.39223825350573e-05	03.10142349629453e-06
950	03.39065838082511e-05	03.09997906524735e-06
951	03.38911776747764e-05	03.09857052785183e-06
952	03.38761585367212e-05	03.09719737230739e-06
953	03.38615208392737e-05	03.09585909075396e-06
954	03.38472590756823e-05	03.09455517972544e-06
955	03.38333677834060e-05	03.09328513979782e-06
956	03.38198415477126e-05	03.09204847591808e-06
957	03.38066749924996e-05	03.09084469656500e-06
958	03.37938627943937e-05	03.08967331503825e-06
959	03.37813996710079e-05	03.08853384838475e-06
960	03.37692803883183e-05	03.08742581807312e-06
961	03.37574997577231e-05	03.08634874972477e-06
962	03.37460526294527e-05	03.08530217251144e-06
963	03.37349339099631e-05	03.08428562074542e-06
964	03.37241385419541e-05	03.08329863205264e-06
965	03.37136615183345e-05	03.08234074864950e-06
966	03.37034978753336e-05	03.08141151671309e-06
967	03.36936426948690e-05	03.08051048659760e-06
968	03.36840911034117e-05	03.07963721273064e-06
969	03.36748382706551e-05	03.07879125349153e-06
970	03.36658794163865e-05	03.07797217183947e-06
971	03.36572097991979e-05	03.07717953428151e-06
972	03.36488247301765e-05	03.07641291212418e-06
973	03.36407195542874e-05	03.07567187977133e-06
974	03.36328896690821e-05	03.07495601643467e-06
975	03.36253305156829e-05	03.07426490530944e-06
976	03.36180375757900e-05	03.07359813330079e-06
977	03.36110063782543e-05	03.07295529162475e-06
978	03.36042324937442e-05	03.07233597532056e-06
979	03.35977115404796e-05	03.07173978377499e-06
980	03.35914391749985e-05	03.07116631987810e-06
981	03.35854111017506e-05	03.07061519090037e-06
982	03.35796230662701e-05	03.07008600786855e-06
983	03.35740708557717e-05	03.06957838562007e-06
984	03.35687503045002e-05	03.06909194329222e-06
985	03.35636572851754e-05	03.06862630353992e-06
986	03.35587877206815e-05	03.06818109360449e-06
987	03.35541375635144e-05	03.06775594343456e-06
988	03.35497028191487e-05	03.06735048782242e-06
989	03.35454795331481e-05	03.06696436522562e-06
990	03.35414637871754e-05	03.06659721740215e-06
991	03.35376517122130e-05	03.06624869061911e-06
992	03.35340394736262e-05	03.06591843428715e-06
993	03.35306232856355e-05	03.06560610228361e-06
994	03.35273993941450e-05	03.06531135138255e-06
995	03.35243640921260e-05	03.06503384266127e-06
996	03.35215137125205e-05	03.06477324085146e-06
997	03.35188446265119e-05	03.06452921418110e-06
998	03.35163532475006e-05	03.06430143473795e-06
999	03.35140360237800e-05	03.06408957779997e-06
1000	03.35118894492729e-05	03.06389332281682e-06
|| sol - ana_sol || _ 2 = 03.44879274026356e-01
