==== test ====
n_dim = 48
max_it = 1000, rtol = 1.00e-06
sor_omega = 1.50
solver type = "sor"

==== solver ====
solve with sor
0	01.09376815438416e+01	01.00000000000000e+00
1	08.60707154117175e+00	07.86919193676647e-01
2	01.46434326871262e+00	01.33880590950018e-01
3	01.49870955831232e+00	01.37022599561437e-01
4	01.03530300588535e+00	09.46547037171941e-02
5	05.93564757292630e-01	05.42678770554291e-02
6	03.15181849864875e-01	02.88161479744615e-02
7	01.84125334744944e-01	01.68340369032426e-02
8	01.52307070711301e-01	01.39249867625792e-02
9	01.52461840268264e-01	01.39391368872051e-02
10	01.51382413445949e-01	01.38404480729451e-02
11	01.44298295677129e-01	01.31927680558935e-02
12	01.33053332968837e-01	01.21646742443103e-02
13	01.19833755969253e-01	01.09560472654943e-02
14	01.06161162878540e-01	09.70600236009921e-03
15	09.29414755364963e-02	08.49736529299728e-03
16	08.06569933623532e-02	07.37423127918429e-03
17	06.95264704092853e-02	06.35660035726968e-03
18	05.96142308918590e-02	05.45035350068541e-03
19	05.08992787697203e-02	04.65357110331842e-03
20	04.33174373871364e-02	03.96038568260621e-03
21	03.67863442103579e-02	03.36326707473673e-03
22	03.12197924714018e-02	02.85433364888741e-03
23	02.65353834083614e-02	02.42605192901251e-03
24	02.26576683195293e-02	02.07152386259469e-03
25	01.95177528551556e-02	01.78445064220625e-03
26	01.70497514124094e-02	01.55880854128627e-03
27	01.51848594428398e-02	01.38830696267525e-03
28	01.38453420737209e-02	01.26583883597493e-03
29	01.29422667935642e-02	01.18327332366440e-03
30	01.23797446479204e-02	01.13184358113725e-03
31	01.20641826191497e-02	01.10299267452548e-03
32	01.19135621436958e-02	01.08922188819839e-03
33	01.18626660245585e-02	01.08456860597095e-03
34	01.18636497153310e-02	01.08465854192023e-03
35	01.18836686609601e-02	01.08648881514119e-03
36	01.19014898741398e-02	01.08811815615905e-03
37	01.19042662643239e-02	01.08837199333405e-03
38	01.18849315774875e-02	01.08660427987861e-03
39	01.18402682125478e-02	01.08252084000511e-03
40	01.17695413592842e-02	01.07605449217992e-03
41	01.16735609022643e-02	01.06727928176306e-03
42	01.15540492510236e-02	01.05635268358395e-03
43	01.14132216593755e-02	01.04347723177236e-03
44	01.12535117928742e-02	01.02887542920011e-03
45	01.10773956802085e-02	01.01277365187558e-03
46	01.08872819072143e-02	09.95392109705770e-04
47	01.06854461750795e-02	09.76938863345854e-04
48	01.04739953740369e-02	09.57606539562696e-04
49	01.02548511025147e-02	09.37570824439355e-04
50	01.00297458035253e-02	09.16990110136501e-04
51	09.80022689083505e-03	08.96005872135950e-04
52	09.56766573557453e-03	08.74743490859959e-04
53	09.33326940633356e-03	08.53313325033551e-04
54	09.09809375537070e-03	08.31811908118074e-04
55	08.86305692336007e-03	08.10323183010424e-04
56	08.62895266414309e-03	07.88919720285841e-04
57	08.39646311630117e-03	07.67663885865170e-04
58	08.16617080236464e-03	07.46608938067188e-04
59	07.93856974071457e-03	07.25800043537047e-04
60	07.71407562510939e-03	07.05275207930403e-04
61	07.49303507276584e-03	06.85066121438210e-04
62	07.27573397136074e-03	06.65198921928507e-04
63	07.06240497310803e-03	06.45694880107795e-04
64	06.85323419421254e-03	06.26571012032366e-04
65	06.64836718252926e-03	06.07840624713800e-04
66	06.44791421741039e-03	05.89513800668376e-04
67	06.25195500432356e-03	05.71597827132177e-04
68	06.06054282403542e-03	05.54097575408729e-04
69	05.87370819257582e-03	05.37015835488737e-04
70	05.69146208389991e-03	05.20353610688590e-04
71	05.51379876298491e-03	05.04110376672051e-04
72	05.34069827280965e-03	04.88284308827470e-04
73	05.17212861435890e-03	04.72872481579156e-04
74	05.00804765512317e-03	04.57871042875895e-04
75	04.84840479766923e-03	04.43275366743431e-04
76	04.69314243654644e-03	04.29080186485124e-04
77	04.54219722879971e-03	04.15279710841205e-04
78	04.39550120040167e-03	04.01867725146610e-04
79	04.25298270845978e-03	03.88837679302741e-04
80	04.11456727675511e-03	03.76182764168317e-04
81	03.98017832012412e-03	03.63895977787464e-04
82	03.84973777134893e-03	03.51970182704443e-04
83	03.72316662264462e-03	03.40398155470245e-04
84	03.60038539225813e-03	03.29172629302352e-04
85	03.48131452559786e-03	03.18286330758825e-04
86	03.36587473894138e-03	03.07732011162505e-04
87	03.25398731295507e-03	02.97502473436632e-04
88	03.14557434219496e-03	02.87590594915983e-04
89	03.04055894611450e-03	02.77989346638683e-04
90	02.93886544621170e-03	02.68691809542253e-04
91	02.84041951348827e-03	02.59691187945361e-04
92	02.74514828973908e-03	02.50980820636959e-04
93	02.65298048566709e-03	02.42554189846644e-04
94	02.56384645846022e-03	02.34404928337284e-04
95	02.47767827100857e-03	02.26526824819070e-04
96	02.39440973451110e-03	02.18913827844920e-04
97	02.31397643607470e-03	02.11560048333787e-04
98	02.23631575242277e-03	02.04459760823986e-04
99	02.16136685069558e-03	01.97607403546370e-04
100	02.08907067700299e-03	01.90997577377742e-04
101	02.01936993329046e-03	01.84625043725785e-04
102	01.95220904274677e-03	01.78484721366381e-04
103	01.88753410390836e-03	01.72571682247517e-04
104	01.82529283352902e-03	01.66881146266024e-04
105	01.76543449805804e-03	01.61408475002827e-04
106	01.70790983360591e-03	01.56149164405645e-04
107	01.65267095423180e-03	01.51098836403984e-04
108	01.59967124833090e-03	01.46253229436140e-04
109	01.54886526312972e-03	01.41608187888941e-04
110	01.50020857722528e-03	01.37159650444382e-04
111	01.45365766146823e-03	01.32903637360580e-04
112	01.40916972869469e-03	01.28836236733197e-04
113	01.36670257302150e-03	01.24953589802678e-04
114	01.32621440008490e-03	01.21251875433476e-04
115	01.28766364975285e-03	01.17727293905157e-04
116	01.25100881357193e-03	01.14376050222115e-04
117	01.21620824965929e-03	01.11194337189683e-04
118	01.18321999831370e-03	01.08178318555993e-04
119	01.15200160213686e-03	01.05324112566204e-04
120	01.12250993490128e-03	01.02627776316390e-04
121	01.09470104377637e-03	01.00085291328741e-04
122	01.06853000973253e-03	09.76925507887151e-05
123	01.04395083085229e-03	09.54453488765255e-05
124	01.02091633319167e-03	09.33393726174533e-05
125	09.99378113247500e-04	09.13701966218057e-05
126	09.79286515433871e-04	08.95332810256535e-05
127	09.60590646932476e-04	08.78239728485543e-05
128	09.43238431182428e-04	08.62375108839694e-05
129	09.27176699900566e-04	08.47690341124084e-05
130	09.12351322184067e-04	08.34135935049017e-05
131	08.98707367773028e-04	08.21661669496167e-05
132	08.86189300452673e-04	08.10216769340518e-05
133	08.74741196250234e-04	07.99750104941348e-05
134	08.64306980456886e-04	07.90210408844397e-05
135	08.54830676842580e-04	07.81546503631650e-05
136	08.46256662265725e-04	07.73707534703465e-05
137	08.38529919990564e-04	07.66643201879192e-05
138	08.31596285450539e-04	07.60303984091369e-05
139	08.25402678834791e-04	07.54641352032718e-05
140	08.19897319777924e-04	07.49607964440659e-05
141	08.15029920358941e-04	07.45157844550558e-05
142	08.10751853668137e-04	07.41246534211474e-05
143	08.07016296283465e-04	07.37831224148095e-05
144	08.03778343842393e-04	07.34870859624687e-05
145	08.00995099898988e-04	07.32326221684508e-05
146	07.98625738873680e-04	07.30159984702922e-05
147	07.96631544580151e-04	07.28336751611398e-05
148	07.94975926208866e-04	07.26823068510780e-05
149	07.93624414000152e-04	07.25587420715316e-05
150	07.92544636959053e-04	07.24600212377999e-05
151	07.91706285118585e-04	07.23833731988982e-05
152	07.91081058748195e-04	07.23262105938356e-05
153	07.90642606895174e-04	07.22861242326390e-05
154	07.90366457426324e-04	07.22608767002672e-05
155	07.90229940637786e-04	07.22483953724839e-05
156	07.90212108212997e-04	07.22467650064216e-05
157	07.90293649173364e-04	07.22542200561998e-05
158	07.90456804188101e-04	07.22691368385255e-05
159	07.90685279468099e-04	07.22900256602636e-05
160	07.90964161212482e-04	07.23155229965378e-05
161	07.91279831439059e-04	07.23443837953562e-05
162	07.91619885873458e-04	07.23754739704574e-05
163	07.91973054370522e-04	07.24077631256726e-05
164	07.92329124310700e-04	07.24403175512839e-05
165	07.92678867196874e-04	07.24722935129877e-05
166	07.93013968684407e-04	07.25029308547488e-05
167	07.93326962142908e-04	07.25315469245481e-05
168	07.93611165771099e-04	07.25575308249800e-05
169	07.93860623310784e-04	07.25803379929054e-05
170	07.94070048268530e-04	07.25994850998043e-05
171	07.94234771581777e-04	07.26145452670423e-05
172	07.94350692634381e-04	07.26251435873664e-05
173	07.94414233497018e-04	07.26309529412393e-05
174	07.94422296228611e-04	07.26316900930351e-05
175	07.94372223141714e-04	07.26271120582207e-05
176	07.94261759839507e-04	07.26170127239363e-05
177	07.94089020902333e-04	07.26012197118175e-05
178	07.93852458049887e-04	07.25795914671573e-05
179	07.93550830657894e-04	07.25520145633332e-05
180	07.93183178450718e-04	07.25184012051729e-05
181	07.92748796257809e-04	07.24786869210106e-05
182	07.92247210672691e-04	07.24328284286868e-05
183	07.91678158525009e-04	07.23808016673114e-05
184	07.91041566991777e-04	07.23225999788932e-05
185	07.90337535274553e-04	07.22582324331384e-05
186	07.89566317705076e-04	07.21877222828488e-05
187	07.88728308190128e-04	07.21111055417607e-05
188	07.87824025900680e-04	07.20284296761467e-05
189	07.86854102102510e-04	07.19397524007769e-05
190	07.85819268040217e-04	07.18451405711908e-05
191	07.84720343831446e-04	07.17446691683285e-05
192	07.83558228239574e-04	07.16384203634777e-05
193	07.82333889306953e-04	07.15264826618987e-05
194	07.81048355771050e-04	07.14089501180272e-05
195	07.79702709164052e-04	07.12859216131650e-05
196	07.78298076616717e-04	07.11575001975565e-05
197	07.76835624253640e-04	07.10237924865380e-05
198	07.75316551150051e-04	07.08849081080250e-05
199	07.73742083820361e-04	07.07409591986169e-05
200	07.72113471176134e-04	07.05920599426183e-05
201	07.70431979944237e-04	07.04383261531350e-05
202	07.68698890468495e-04	07.02798748882307e-05
203	07.66915492907110e-04	07.01168241032689e-05
204	07.65083083776219e-04	06.99492923349004e-05
205	07.63202962806615e-04	06.97773984136824e-05
206	07.61276430091589e-04	06.96012612033145e-05
207	07.59304783517812e-04	06.94209993657510e-05
208	07.57289316434217e-04	06.92367311480747e-05
209	07.55231315569040e-04	06.90485741920573e-05
210	07.53132059119680e-04	06.88566453595213e-05
211	07.50992815089183e-04	06.86610605802495e-05
212	07.48814839764833e-04	06.84619347128872e-05
213	07.46599376370022e-04	06.82593814216864e-05
214	07.44347653865418e-04	06.80535130669004e-05
215	07.42060885907128e-04	06.78444406095314e-05
216	07.39740269901051e-04	06.76322735248732e-05
217	07.37386986205144e-04	06.74171197295763e-05
218	07.35002197411555e-04	06.71990855160156e-05
219	07.32587047754271e-04	06.69782754981335e-05
220	07.30142662584232e-04	06.67547925634512e-05
221	07.27670147936079e-04	06.65287378334572e-05
222	07.25170590177497e-04	06.63002106315485e-05
223	07.22645055712521e-04	06.60693084559044e-05
224	07.20094590758112e-04	06.58361269590592e-05
225	07.17520221186576e-04	06.56007599334956e-05
226	07.14922952390369e-04	06.53632992992838e-05
227	07.12303769226287e-04	06.51238350989793e-05
228	07.09663635998013e-04	06.48824554960267e-05
229	07.07003496450739e-04	06.46392467742686e-05
230	07.04324273840528e-04	06.43942933442870e-05
231	07.01626871006739e-04	06.41476777500245e-05
232	06.98912170490304e-04	06.38994806795984e-05
233	06.96181034667346e-04	06.36497809775170e-05
234	06.93434305907337e-04	06.33986556591395e-05
235	06.90672806767823e-04	06.31461799284789e-05
236	06.87897340189315e-04	06.28924271960207e-05
237	06.85108689706221e-04	06.26374690980073e-05
238	06.82307619693596e-04	06.23813755189981e-05
239	06.79494875606106e-04	06.21242146137171e-05
240	06.76671184236193e-04	06.18660528306560e-05
241	06.73837253980637e-04	06.16069549364453e-05
242	06.70993775124845e-04	06.13469840418462e-05
243	06.68141420109097e-04	06.10862016260925e-05
244	06.65280843836848e-04	06.08246675650776e-05
245	06.62412683960361e-04	06.05624401574692e-05
246	06.59537561182080e-04	06.02995761522634e-05
247	06.56656079547663e-04	06.00361307755748e-05
248	06.53768826768854e-04	05.97721577601568e-05
249	06.50876374504676e-04	05.95077093711098e-05
250	06.47979278700414e-04	05.92428364368733e-05
251	06.45078079854742e-04	05.89775883736486e-05
252	06.42173303370107e-04	05.87120132174337e-05
253	06.39265459823919e-04	05.84461576488169e-05
254	06.36355045291007e-04	05.81800670224582e-05
255	06.33442541649065e-04	05.79137853950157e-05
256	06.30528416865510e-04	05.76473555513716e-05
257	06.27613125317808e-04	05.73808190339189e-05
258	06.24697108070539e-04	05.71142161678928e-05
259	06.21780793180402e-04	05.68475860892562e-05
260	06.18864595987389e-04	05.65809667713208e-05
261	06.15948919389001e-04	05.63143950498183e-05
262	06.13034154144559e-04	05.60479066507221e-05
263	06.10120679138914e-04	05.57815362143581e-05
264	06.07208861663687e-04	05.55153173211168e-05
265	06.04299057694243e-04	05.52492825167772e-05
266	06.01391612144122e-04	05.49834633357682e-05
267	05.98486859149954e-04	05.47178903272175e-05
268	05.95585122309323e-04	05.44525930766987e-05
269	05.92686714947825e-04	05.41876002306481e-05
270	05.89791940370598e-04	05.39229395193608e-05
271	05.86901092102571e-04	05.36586377789563e-05
272	05.84014454136271e-04	05.33947209740348e-05
273	05.81132301166706e-04	05.31312142191515e-05
274	05.78254898815271e-04	05.28681417992880e-05
275	05.75382503884339e-04	05.26055271931286e-05
276	05.72515364545323e-04	05.23433930902547e-05
277	05.69653720590936e-04	05.20817614142073e-05
278	05.66797803624760e-04	05.18206533398199e-05
279	05.63947837295460e-04	05.15600893146307e-05
280	05.61104037477778e-04	05.13000890754317e-05
281	05.58266612502540e-04	05.10406716692963e-05
282	05.55435763322059e-04	05.07818554687026e-05
283	05.52611683731701e-04	05.05236581917899e-05
284	05.49794560549216e-04	05.02660969187548e-05
285	05.46984573789342e-04	05.00091881078143e-05
286	05.44181896860779e-04	04.97529476132151e-05
287	05.41386696734140e-04	04.94973907005883e-05
288	05.38599134111628e-04	04.92425320624630e-05
289	05.35819363604190e-04	04.89883858344625e-05
290	05.33047533897407e-04	04.87349656104714e-05
291	05.30283787897974e-04	04.84822844560280e-05
292	05.27528262905317e-04	04.82303549240141e-05
293	05.24781090759873e-04	04.79791890682125e-05
294	05.22042397995131e-04	04.77287984572074e-05
295	05.19312305979622e-04	04.74791941873659e-05
296	05.16590931066034e-04	04.72303868964716e-05
297	05.13878384720274e-04	04.69823867755239e-05
298	05.11174773671996e-04	04.67352035825007e-05
299	05.08480200034006e-04	04.64888466532749e-05
300	05.05794761439216e-04	04.62433249141362e-05
301	05.03118551165583e-04	04.59986468932132e-05
302	05.00451658255769e-04	04.57548207314142e-05
303	04.97794167641009e-04	04.55118541937519e-05
304	04.95146160255739e-04	04.52697546798233e-05
305	04.92507713155275e-04	04.50285292345690e-05
306	04.89878899620986e-04	04.47881845578884e-05
307	04.87259789272897e-04	04.45487270149355e-05
308	04.84650448175958e-04	04.43101626458341e-05
309	04.82050938939590e-04	04.40724971747790e-05
310	04.79461320820783e-04	04.38357360194622e-05
311	04.76881649823853e-04	04.35998843001934e-05
312	04.74311978783229e-04	04.33649468474687e-05
313	04.71752357477707e-04	04.31309282124168e-05
314	04.69202832698975e-04	04.28978326730639e-05
315	04.66663448354420e-04	04.26656642437330e-05
316	04.64134245546772e-04	04.24344266823257e-05
317	04.61615262656701e-04	04.22041234978735e-05
318	04.59106535424435e-04	04.19747579580001e-05
319	04.56608097034032e-04	04.17463330966263e-05
320	04.54119978186963e-04	04.15188517206971e-05
321	04.51642207173390e-04	04.12923164166986e-05
322	04.49174809946019e-04	04.10667295574103e-05
323	04.46717810202610e-04	04.08420933094485e-05
324	04.44271229437320e-04	04.06184096379607e-05
325	04.41835087017618e-04	04.03956803136577e-05
326	04.39409400256297e-04	04.01739069193969e-05
327	04.36994184462729e-04	03.99530908548693e-05
328	04.34589453006120e-04	03.97332333423818e-05
329	04.32195217388785e-04	03.95143354335573e-05
330	04.29811487286924e-04	03.92963980130623e-05
331	04.27438270619520e-04	03.90794218049060e-05
332	04.25075573606439e-04	03.88634073777524e-05
333	04.22723400812284e-04	03.86483551489298e-05
334	04.20381755205034e-04	03.84342653897918e-05
335	04.18050638207067e-04	03.82211382303820e-05
336	04.15730049740837e-04	03.80089736636109e-05
337	04.13419988283204e-04	03.77977715502221e-05
338	04.11120450909181e-04	03.75875316227927e-05
339	04.08831433342081e-04	03.73782534903178e-05
340	04.06552929983323e-04	03.71699366409357e-05
341	04.04284933981683e-04	03.69625804482591e-05
342	04.02027437247552e-04	03.67561841726790e-05
343	03.99780430517591e-04	03.65507469672754e-05
344	03.97543903373911e-04	03.63462678795715e-05
345	03.95317844300513e-04	03.61427458566935e-05
346	03.93102240709006e-04	03.59401797477219e-05
347	03.90897078975762e-04	03.57385683070884e-05
348	03.88702344492131e-04	03.55379101991673e-05
349	03.86518021675791e-04	03.53382039993127e-05
350	03.84344094025489e-04	03.51394481988637e-05
351	03.82180544135062e-04	03.49416412064262e-05
352	03.80027353745637e-04	03.47447813526451e-05
353	03.77884503755896e-04	03.45488668911432e-05
354	03.75751974268146e-04	03.43538960027330e-05
355	03.73629744609919e-04	03.41598667973918e-05
356	03.71517793360182e-04	03.39667773166575e-05
357	03.69416098383105e-04	03.37746255367165e-05
358	03.67324636850170e-04	03.35834093704247e-05
359	03.65243385270705e-04	03.33931266700990e-05
360	03.63172319507551e-04	03.32037752289501e-05
361	03.61111414812026e-04	03.30153527842790e-05
362	03.59060645851363e-04	03.28278570199853e-05
363	03.57019986708678e-04	03.26412855665648e-05
364	03.54989410934063e-04	03.24556360057802e-05
365	03.52968891545927e-04	03.22709058707844e-05
366	03.50958401064487e-04	03.20870926491815e-05
367	03.48957911520393e-04	03.19041937838164e-05
368	03.46967394497079e-04	03.17222066766460e-05
369	03.44986821116085e-04	03.15411286873980e-05
370	03.43016162086272e-04	03.13609571380697e-05
371	03.41055387707412e-04	03.11816893132569e-05
372	03.39104467892766e-04	03.10033224622176e-05
373	03.37163372180177e-04	03.08258537998865e-05
374	03.35232069761923e-04	03.06492805096044e-05
375	03.33310529478292e-04	03.04735997425306e-05
376	03.31398719865167e-04	03.02988086219936e-05
377	03.29496609142299e-04	03.01249042424188e-05
378	03.27604165231157e-04	02.99518836709607e-05
379	03.25721355789564e-04	02.97797439506693e-05
380	03.23848148201470e-04	02.96084820995554e-05
381	03.21984509604879e-04	02.94380951131432e-05
382	03.20130406902137e-04	02.92685799654119e-05
383	03.18285806771733e-04	02.90999336098739e-05
384	03.16450675674797e-04	02.89321529801692e-05
385	03.14624979878603e-04	02.87652349922138e-05
386	03.12808685464316e-04	02.85991765449089e-05
387	03.11001758332429e-04	02.84339745206367e-05
388	03.09204164218997e-04	02.82696257867457e-05
389	03.07415868711980e-04	02.81061271970448e-05
390	03.05636837238701e-04	02.79434755906556e-05
391	03.03867035110601e-04	02.77816677961055e-05
392	03.02106427501682e-04	02.76207006293561e-05
393	03.00354979476028e-04	02.74605708963196e-05
394	02.98612655994793e-04	02.73012753934975e-05
395	02.96879421913676e-04	02.71428109077497e-05
396	02.95155242007009e-04	02.69851742184975e-05
397	02.93440080966709e-04	02.68283620976266e-05
398	02.91733903408259e-04	02.66723713100350e-05
399	02.90036673891056e-04	02.65171986154927e-05
400	02.88348356907263e-04	02.63628407676229e-05
401	02.86668916910617e-04	02.62092945165353e-05
402	02.84998318304081e-04	02.60565566076980e-05
403	02.83336525460429e-04	02.59046237838184e-05
404	02.81683502718668e-04	02.57534927845170e-05
405	02.80039214401681e-04	02.56031603479401e-05
406	02.78403624813579e-04	02.54536232105179e-05
407	02.76776698243291e-04	02.53048781072923e-05
408	02.75158398983115e-04	02.51569217736132e-05
409	02.73548691325848e-04	02.50097509448763e-05
410	02.71947539566637e-04	02.48633623566922e-05
411	02.70354908016184e-04	02.47177527460933e-05
412	02.68770761004181e-04	02.45729188518486e-05
413	02.67195062880169e-04	02.44288574145416e-05
414	02.65627778022511e-04	02.42855651773910e-05
415	02.64068870840190e-04	02.41430388864149e-05
416	02.62518305780532e-04	02.40012752911372e-05
417	02.60976047327450e-04	02.38602711444266e-05
418	02.59442060018025e-04	02.37200232040128e-05
419	02.57916308434747e-04	02.35805282317775e-05
420	02.56398757205199e-04	02.34417829937245e-05
421	02.54889371028178e-04	02.33037842623689e-05
422	02.53388114650189e-04	02.31665288145876e-05
423	02.51894952890813e-04	02.30300134339385e-05
424	02.50409850635321e-04	02.28942349099855e-05
425	02.48932772833815e-04	02.27591900382194e-05
426	02.47463684519556e-04	02.26248756217344e-05
427	02.46002550796817e-04	02.24912884701171e-05
428	02.44549336851911e-04	02.23584254004546e-05
429	02.43104007955163e-04	02.22262832375150e-05
430	02.41666529459372e-04	02.20948588136068e-05
431	02.40236866810074e-04	02.19641489695171e-05
432	02.38814985539568e-04	02.18341505539656e-05
433	02.37400851279237e-04	02.17048604247309e-05
434	02.35994429750001e-04	02.15762754477778e-05
435	02.34595686777150e-04	02.14483924986130e-05
436	02.33204588280891e-04	02.13212084614217e-05
437	02.31821100288316e-04	02.11947202301609e-05
438	02.30445188929039e-04	02.10689247081609e-05
439	02.29076820438338e-04	02.09438188084127e-05
440	02.27715961165243e-04	02.08193994543074e-05
441	02.26362577561070e-04	02.06956635785875e-05
442	02.25016636196363e-04	02.05726081248963e-05
443	02.23678103751025e-04	02.04502300468756e-05
444	02.22346947021827e-04	02.03285263088519e-05
445	02.21023132921026e-04	02.02074938857104e-05
446	02.19706628486065e-04	02.00871297637817e-05
447	02.18397400864124e-04	01.99674309394291e-05
448	02.17095417331716e-04	01.98483944208406e-05
449	02.15800645282453e-04	01.97300172269103e-05
450	02.14513052240666e-04	01.96122963884834e-05
451	02.13232605845183e-04	01.94952289468733e-05
452	02.11959273869833e-04	01.93788119557363e-05
453	02.10693024213127e-04	01.92630424801275e-05
454	02.09433824900938e-04	01.91479175967469e-05
455	02.08181644090009e-04	01.90334343942593e-05
456	02.06936450064161e-04	01.89195899729478e-05
457	02.05698211244777e-04	01.88063814456726e-05
458	02.04466896177511e-04	01.86938059366554e-05
459	02.03242473545522e-04	01.85818605826896e-05
460	02.02024912164490e-04	01.84705425326851e-05
461	02.00814180981791e-04	01.83598489475916e-05
462	01.99610249087358e-04	01.82497770013928e-05
463	01.98413085697090e-04	01.81403238795891e-05
464	01.97222660173105e-04	01.80314867810492e-05
465	01.96038942000046e-04	01.79232629158440e-05
466	01.94861900819333e-04	01.78156495083777e-05
467	01.93691506393300e-04	01.77086437941099e-05
468	01.92527728632355e-04	01.76022430220377e-05
469	01.91370537580438e-04	01.74964444533667e-05
470	01.90219903423533e-04	01.73912453622894e-05
471	01.89075796488961e-04	01.72866430359202e-05
472	01.87938187238156e-04	01.71826347736348e-05
473	01.86807046278916e-04	01.70792178881910e-05
474	01.85682344357464e-04	01.69763897050021e-05
475	01.84564052360101e-04	01.68741475622884e-05
476	01.83452141314926e-04	01.67724888112342e-05
477	01.82346582391281e-04	01.66714108159376e-05
478	01.81247346896681e-04	01.65709109531290e-05
479	01.80154406285839e-04	01.64709866129970e-05
480	01.79067732154791e-04	01.63716351986509e-05
481	01.77987296241557e-04	01.62728541261811e-05
482	01.76913070419554e-04	01.61746408240569e-05
483	01.75845026713460e-04	01.60769927345772e-05
484	01.74783137282698e-04	01.59799073123599e-05
485	01.73727374436968e-04	01.58833820257626e-05
486	01.72677710619709e-04	01.57874143553700e-05
487	01.71634118423114e-04	01.56920017953669e-05
488	01.70596570577333e-04	01.55971418525517e-05
489	01.69565039959087e-04	01.55028320471224e-05
490	01.68539499586640e-04	01.54090699122188e-05
491	01.67519922613576e-04	01.53158529933519e-05
492	01.66506282343253e-04	01.52231788497265e-05
493	01.65498552218768e-04	01.51310450533232e-05
494	01.64496705823938e-04	01.50394491889881e-05
495	01.63500716886687e-04	01.49483888547427e-05
496	01.62510559271985e-04	01.48578616611384e-05
497	01.61526206993437e-04	01.47678652323155e-05
498	01.60547634199746e-04	01.46783972047661e-05
499	01.59574815181347e-04	01.45894552279404e-05
500	01.58607724372193e-04	01.45010369644101e-05
501	01.57646336345128e-04	01.44131400894453e-05
502	01.56690625811070e-04	01.43257622909395e-05
503	01.55740567630874e-04	01.42389012704949e-05
504	01.54796136789940e-04	01.41525547411003e-05
505	01.53857308428462e-04	01.40667204298969e-05
506	01.52924057814193e-04	01.39813960756882e-05
507	01.51996360360294e-04	01.38965794305718e-05
508	01.51074191617406e-04	01.38122682592152e-05
509	01.50157527274813e-04	01.37284603389609e-05
510	01.49246343164251e-04	01.36451534601758e-05
511	01.48340615241731e-04	01.35623454245890e-05
512	01.47440319617125e-04	01.34800340479963e-05
513	01.46545432527451e-04	01.33982171578183e-05
514	01.45655930345631e-04	01.33168925939010e-05
515	01.44771789589870e-04	01.32360582093729e-05
516	01.43892986907430e-04	01.31557118691620e-05
517	01.43019499081654e-04	01.30758514506377e-05
518	01.42151303031182e-04	01.29964748435394e-05
519	01.41288375816815e-04	01.29175799506036e-05
520	01.40430694618287e-04	01.28391646854407e-05
521	01.39578236762918e-04	01.27612269751543e-05
522	01.38730979707711e-04	01.26837647587046e-05
523	01.37888901040741e-04	01.26067759870353e-05
524	01.37051978482614e-04	01.25302586232071e-05
525	01.36220189889074e-04	01.24542106426359e-05
526	01.35393513243566e-04	01.23786300324129e-05
527	01.34571926666684e-04	01.23035147921686e-05
528	01.33755408399477e-04	01.22288629325460e-05
529	01.32943936824563e-04	01.21546724771317e-05
530	01.32137490450640e-04	01.20809414610393e-05
531	01.31336047907646e-04	01.20076679304669e-05
532	01.30539587964918e-04	01.19348499443576e-05
533	01.29748089513660e-04	01.18624855727962e-05
534	01.28961531574188e-04	01.17905728976722e-05
535	01.28179893293884e-04	01.17191100124921e-05
536	01.27403153944856e-04	01.16480950221658e-05
537	01.26631292928374e-04	01.15775260434121e-05
538	01.25864289767060e-04	01.15074012040447e-05
539	01.25102124111404e-04	01.14377186435678e-05
540	01.24344775733299e-04	01.13684765125852e-05
541	01.23592224529324e-04	01.12996729731003e-05
542	01.22844450517788e-04	01.12313061982460e-05
543	01.22101433841320e-04	01.11633743725213e-05
544	01.21363154760927e-04	01.10958756912483e-05
545	01.20629593660597e-04	01.10288083609928e-05
546	01.19900731042602e-04	01.09621705991350e-05
547	01.19176547532947e-04	01.08959606343676e-05
548	01.18457023864915e-04	01.08301767051914e-05
549	01.17742140907878e-04	01.07648170625494e-05
550	01.17031879634337e-04	01.06998799668136e-05
551	01.16326221137569e-04	01.06353636893978e-05
552	01.15625146625374e-04	01.05712665121866e-05
553	01.14928637425582e-04	01.05075867280385e-05
554	01.14236674975591e-04	01.04443226398296e-05
555	01.13549240827395e-04	01.03814725609129e-05
556	01.12866316650029e-04	01.03190348153424e-05
557	01.12187884215915e-04	01.02570077366243e-05
558	01.11513925417624e-04	01.01953896692495e-05
559	01.10844422250568e-04	01.01341789671120e-05
560	01.10179356827873e-04	01.00733739948673e-05
561	01.09518711368033e-04	01.00129731268047e-05
562	01.08862468193819e-04	09.95297474674729e-06
563	01.08210609739560e-04	09.89337724871757e-06
564	01.07563118543012e-04	09.83417903619389e-06
565	01.06919977251076e-04	09.77537852263369e-06
566	01.06281168613451e-04	09.71697413089271e-06
567	01.05646675479321e-04	09.65896429292231e-06
568	01.05016480807779e-04	09.60134745072258e-06
569	01.04390567653623e-04	09.54412205504372e-06
570	01.03768919178309e-04	09.48728656638718e-06
571	01.03151518639111e-04	09.43083945401488e-06
572	01.02538349389234e-04	09.37477919595927e-06
573	01.01929394886933e-04	09.31910427985753e-06
574	01.01324638683997e-04	09.26381320189811e-06
575	01.00724064426501e-04	09.20890446688981e-06
576	01.00127655856656e-04	09.15437658843092e-06
577	09.95353968127873e-05	09.10022808890705e-06
578	09.89472712244030e-05	09.04645749904055e-06
579	09.83632631097044e-05	08.99306335766262e-06
580	09.77833565791526e-05	08.94004421203954e-06
581	09.72075358400830e-05	08.88739861829451e-06
582	09.66357851759850e-05	08.83512513951328e-06
583	09.60680889657175e-05	08.78322234750091e-06
584	09.55044316701614e-05	08.73168882156154e-06
585	09.49447978417057e-05	08.68052314936560e-06
586	09.43891721088252e-05	08.62972392553984e-06
587	09.38375391841889e-05	08.57928975240862e-06
588	09.32898838644838e-05	08.52921923997782e-06
589	09.27461910283408e-05	08.47951100574520e-06
590	09.22064456271557e-05	08.43016367386124e-06
591	09.16706326918067e-05	08.38117587574321e-06
592	09.11387373327364e-05	08.33254625008275e-06
593	09.06107447369022e-05	08.28427344256702e-06
594	09.00866401557779e-05	08.23635610478172e-06
595	08.95664089257569e-05	08.18879289607650e-06
596	08.90500364411201e-05	08.14158248109349e-06
597	08.85375081790984e-05	08.09472353205869e-06
598	08.80288096750041e-05	08.04821472650833e-06
599	08.75239265349890e-05	08.00205474845527e-06
600	08.70228444329768e-05	07.95624228810856e-06
601	08.65255491029706e-05	07.91077604117013e-06
602	08.60320263438859e-05	07.86565470927667e-06
603	08.55422620168026e-05	07.82087699974835e-06
604	08.50562420411159e-05	07.77644162523699e-06
605	08.45739523925916e-05	07.73234730354814e-06
606	08.40953791093618e-05	07.68859275818936e-06
607	08.36205082785579e-05	07.64517671714809e-06
608	08.31493260463804e-05	07.60209791381222e-06
609	08.26818186077975e-05	07.55935508602838e-06
610	08.22179722078696e-05	07.51694697622296e-06
611	08.17577731459453e-05	07.47487233178578e-06
612	08.13012077614711e-05	07.43312990377266e-06
613	08.08482624433499e-05	07.39171844776111e-06
614	08.03989236277624e-05	07.35063672365107e-06
615	07.99531777871423e-05	07.30988349465703e-06
616	07.95110114389159e-05	07.26945752810698e-06
617	07.90724111386080e-05	07.22935759481217e-06
618	07.86373634779773e-05	07.18958246889660e-06
619	07.82058550879717e-05	07.15013092806723e-06
620	07.77778726307985e-05	07.11100175288894e-06
621	07.73534028018889e-05	07.07219372696424e-06
622	07.69324323280627e-05	07.03370563676534e-06
623	07.65149479622671e-05	06.99553627115324e-06
624	07.61009364882164e-05	06.95768442180188e-06
625	07.56903847140179e-05	06.92014888261536e-06
626	07.52832794676273e-05	06.88292844931249e-06
627	07.48796076067325e-05	06.84602192033039e-06
628	07.44793560011674e-05	06.80942809521665e-06
629	07.40825115430108e-05	06.77314577555266e-06
630	07.36890611388700e-05	06.73717376424809e-06
631	07.32989917114354e-05	06.70151086568307e-06
632	07.29122901960142e-05	06.66615588539120e-06
633	07.25289435392743e-05	06.63110762994480e-06
634	07.21489386985399e-05	06.59636490689045e-06
635	07.17722626315586e-05	06.56192652381343e-06
636	07.13989023080794e-05	06.52779128939628e-06
637	07.10288446999514e-05	06.49395801251353e-06
638	07.06620767804955e-05	06.46042550217432e-06
639	07.02985855248811e-05	06.42719256755674e-06
640	06.99383579039907e-05	06.39425801744697e-06
641	06.95813808856161e-05	06.36162066034860e-06
642	06.92276414298949e-05	06.32927930406543e-06
643	06.88771264962757e-05	06.29723275633827e-06
644	06.85298230239597e-05	06.26547982305676e-06
645	06.81857179588485e-05	06.23401931072314e-06
646	06.78447982138346e-05	06.20285002282174e-06
647	06.75070507011713e-05	06.17197076277842e-06
648	06.71724623105037e-05	06.14138033195207e-06
649	06.68410199185765e-05	06.11107753052210e-06
650	06.65127103755002e-05	06.08106115623287e-06
651	06.61875205125725e-05	06.05133000510873e-06
652	06.58654371448611e-05	06.02188287169015e-06
653	06.55464470483176e-05	05.99271854694136e-06
654	06.52305369902104e-05	05.96383582103268e-06
655	06.49176936894508e-05	05.93523347971330e-06
656	06.46079038501867e-05	05.90691030738264e-06
657	06.43011541387768e-05	05.87886508498516e-06
658	06.39974311921819e-05	05.85109659077754e-06
659	06.36967216047609e-05	05.82360359912153e-06
660	06.33990119439833e-05	05.79638488192042e-06
661	06.31042887299090e-05	05.76943920674302e-06
662	06.28125384542488e-05	05.74276533856622e-06
663	06.25237475597234e-05	05.71636203788793e-06
664	06.22379024475604e-05	05.69022806141246e-06
665	06.19549894793301e-05	05.66436216221834e-06
666	06.16749949683809e-05	05.63876308897536e-06
667	06.13979051832440e-05	05.61342958625578e-06
668	06.11237063416044e-05	05.58836039398313e-06
669	06.08523846198550e-05	05.56355424830573e-06
670	06.05839261356443e-05	05.53900988000111e-06
671	06.03183169601410e-05	05.51472601559725e-06
672	06.00555431120830e-05	05.49070137682853e-06
673	05.97955905551884e-05	05.46693468039908e-06
674	05.95384451990295e-05	05.44342463806258e-06
675	05.92840929002719e-05	05.42016995673563e-06
676	05.90325194524693e-05	05.39716933756472e-06
677	05.87837106020888e-05	05.37442147739132e-06
678	05.85376520296244e-05	05.35192506702519e-06
679	05.82943293608019e-05	05.32967879226876e-06
680	05.80537281601356e-05	05.30768133332814e-06
681	05.78158339282691e-05	05.28593136456987e-06
682	05.75806321094951e-05	05.26442755520851e-06
683	05.73481080909745e-05	05.24316856923524e-06
684	05.71182471883278e-05	05.22215306410050e-06
685	05.68910346579147e-05	05.20137969183671e-06
686	05.66664556984683e-05	05.18084709920762e-06
687	05.64444954398329e-05	05.16055392667871e-06
688	05.62251389494347e-05	05.14049880900877e-06
689	05.60083712316935e-05	05.12068037519604e-06
690	05.57941772338259e-05	05.10109724900892e-06
691	05.55825418244904e-05	05.08174804703342e-06
692	05.53734498241184e-05	05.06263138144631e-06
693	05.51668859782468e-05	05.04374585757695e-06
694	05.49628349731596e-05	05.02509007533743e-06
695	05.47612814343421e-05	05.00666262908114e-06
696	05.45622099189477e-05	04.98846210691413e-06
697	05.43656049248710e-05	04.97048709152457e-06
698	05.41714508850703e-05	04.95273615966368e-06
699	05.39797321723812e-05	04.93520788258590e-06
700	05.37904330974884e-05	04.91790082586332e-06
701	05.36035379072780e-05	04.90081354923515e-06
702	05.34190307946218e-05	04.88394460750224e-06
703	05.32368958859367e-05	04.86729254938965e-06
704	05.30571172542555e-05	04.85085591874168e-06
705	05.28796789068875e-05	04.83463325339375e-06
706	05.27045648032989e-05	04.81862308680710e-06
707	05.25317588411634e-05	04.80282394679349e-06
708	05.23612448627029e-05	04.78723435609485e-06
709	05.21930066594879e-05	04.77185283282224e-06
710	05.20270279678337e-05	04.75667789003487e-06
711	05.18632924689770e-05	04.74170803575631e-06
712	05.17017838039981e-05	04.72694177433870e-06
713	05.15424855519551e-05	04.71237760446371e-06
714	05.13853812502693e-05	04.69801402100628e-06
715	05.12304543926308e-05	04.68384951484311e-06
716	05.10776884242811e-05	04.66988257242142e-06
717	05.09270667463174e-05	04.65611167615241e-06
718	05.07785727215674e-05	04.64253530494844e-06
719	05.06321896701233e-05	04.62915193381467e-06
720	05.04879008728641e-05	04.61596003417115e-06
721	05.03456895768252e-05	04.60295807434366e-06
722	05.02055389923145e-05	04.59014451930012e-06
723	05.00674322980626e-05	04.57751783112143e-06
724	04.99313526423379e-05	04.56507646910342e-06
725	04.97972831395312e-05	04.55281888944457e-06
726	04.96652068819881e-05	04.54074354632787e-06
727	04.95351069361563e-05	04.52884889156852e-06
728	04.94069663413127e-05	04.51713337449755e-06
729	04.92807681210656e-05	04.50559544301352e-06
730	04.91564952783615e-05	04.49423354312587e-06
731	04.90341307961006e-05	04.48304611901131e-06
732	04.89136576491104e-05	04.47203161410848e-06
733	04.87950587899577e-05	04.46118846982080e-06
734	04.86783171741940e-05	04.45051512782452e-06
735	04.85634157376681e-05	04.44001002799461e-06
736	04.84503374167327e-05	04.42967161025204e-06
737	04.83390651442475e-05	04.41949831419846e-06
738	04.82295818479738e-05	04.40948857896940e-06
739	04.81218704639037e-05	04.39964084445287e-06
740	04.80159139251858e-05	04.38995355027694e-06
741	04.79116951762338e-05	04.38042513709959e-06
742	04.78091971643914e-05	04.37105404584670e-06
743	04.77084028533887e-05	04.36183871894230e-06
744	04.76092952176735e-05	04.35277759979032e-06
745	04.75118572471636e-05	04.34386913320904e-06
746	04.74160719474798e-05	04.33511176545246e-06
747	04.73219223508598e-05	04.32650394520805e-06
748	04.72293915061987e-05	04.31804412268623e-06
749	04.71384624908016e-05	04.30973075069486e-06
750	04.70491184094122e-05	04.30156228455043e-06
751	04.69613423963677e-05	04.29353718227509e-06
752	04.68751176145913e-05	04.28565390450449e-06
753	04.67904272693411e-05	04.27791091574487e-06
754	04.67072545975700e-05	04.27030668340023e-06
755	04.66255828764621e-05	04.26283967855276e-06
756	04.65453954216300e-05	04.25550837579809e-06
757	04.64666755975007e-05	04.24831125419478e-06
758	04.63894068168925e-05	04.24124679722568e-06
759	04.63135725331706e-05	04.23431349208072e-06
760	04.62391562575427e-05	04.22750983123819e-06
761	04.61661415455431e-05	04.22083431122904e-06
762	04.60945120192416e-05	04.21428543466737e-06
763	04.60242513475627e-05	04.20786170845105e-06
764	04.59553432644686e-05	04.20156164542418e-06
765	04.58877715635671e-05	04.19538376388405e-06
766	04.58215201020383e-05	04.18932658794020e-06
767	04.57565728022608e-05	04.18338864766308e-06
768	04.56929136541475e-05	04.17756847929759e-06
769	04.56305267184727e-05	04.17186462556728e-06
770	04.55693961238919e-05	04.16627563540188e-06
771	04.55095060756503e-05	04.16080006473349e-06
772	04.54508408540466e-05	04.15543647635614e-06
773	04.53933848110848e-05	04.15018343961966e-06
774	04.53371223853189e-05	04.14503953178687e-06
775	04.52820380900720e-05	04.14000333695654e-06
776	04.52281165206901e-05	04.13507344672653e-06
777	04.51753423619548e-05	04.13024846087155e-06
778	04.51237003735922e-05	04.12552698601825e-06
779	04.50731754142673e-05	04.12090763783899e-06
780	04.50237524216741e-05	04.11638903923150e-06
781	04.49754164286421e-05	04.11196982179147e-06
782	04.49281525541542e-05	04.10764862499136e-06
783	04.48819460178182e-05	04.10342409750344e-06
784	04.48367821246810e-05	04.09929489581146e-06
785	04.47926462808637e-05	04.09525968564005e-06
786	04.47495239866988e-05	04.09131714132735e-06
787	04.47074008405746e-05	04.08746594617641e-06
788	04.46662625419497e-05	04.08370479273086e-06
789	04.46260948840871e-05	04.08003238211060e-06
790	04.45868837673091e-05	04.07644742522364e-06
791	04.45486151954061e-05	04.07294864243776e-06
792	04.45112752695925e-05	04.06953476302795e-06
793	04.44748501965148e-05	04.06620452590853e-06
794	04.44393262936397e-05	04.06295668012579e-06
795	04.44046899759680e-05	04.05978998364328e-06
796	04.43709277701301e-05	04.05670320463051e-06
797	04.43380263084700e-05	04.05369512092207e-06
798	04.43059723342341e-05	04.05076452049205e-06
799	04.42747526945450e-05	04.04791020081159e-06
800	04.42443543501869e-05	04.04513096974364e-06
801	04.42147643698419e-05	04.04242564501587e-06
802	04.41859699328641e-05	04.03979305447441e-06
803	04.41579583315246e-05	04.03723203628904e-06
804	04.41307169647201e-05	04.03474143837802e-06
805	04.41042333514724e-05	04.03232011964228e-06
806	04.40784951158284e-05	04.02996694858488e-06
807	04.40534899969208e-05	04.02768080423085e-06
808	04.40292058492259e-05	04.02546057615075e-06
809	04.40056306383216e-05	04.02330516407281e-06
810	04.39827524400586e-05	04.02121347780718e-06
811	04.39605594490204e-05	04.01918443801943e-06
812	04.39390399755502e-05	04.01721697595867e-06
813	04.39181824351468e-05	04.01531003248808e-06
814	04.38979753634645e-05	04.01346255945631e-06
815	04.38784074121857e-05	04.01167351932013e-06
816	04.38594673428445e-05	04.00994188457968e-06
817	04.38411440327335e-05	04.00826663831863e-06
818	04.38234264728491e-05	04.00664677401618e-06
819	04.38063037677716e-05	04.00508129553622e-06
820	04.37897651371778e-05	04.00356921726556e-06
821	04.37737999144361e-05	04.00210956398551e-06
822	04.37583975455326e-05	04.00070137077365e-06
823	04.37435475909895e-05	03.99934368317929e-06
824	04.37292397219860e-05	03.99803555686878e-06
825	04.37154637251644e-05	03.99677605806490e-06
826	04.37022095028370e-05	03.99556426356584e-06
827	04.36894670579173e-05	03.99439925936741e-06
828	04.36772265198199e-05	03.99328014303107e-06
829	04.36654781206361e-05	03.99220602150570e-06
830	04.36542122068659e-05	03.99117601220026e-06
831	04.36434192331167e-05	03.99018924240759e-06
832	04.36330897681410e-05	03.98924484985654e-06
833	04.36232144883528e-05	03.98834198211912e-06
834	04.36137841803298e-05	03.98747979683925e-06
835	04.36047897390750e-05	03.98665746157389e-06
836	04.35962221682359e-05	03.98587415381303e-06
837	04.35880725803939e-05	03.98512906100618e-06
838	04.35803321962628e-05	03.98442138048905e-06
839	04.35729923394361e-05	03.98375031900337e-06
840	04.35660444456817e-05	03.98311509354663e-06
841	04.35594800518550e-05	03.98251493035844e-06
842	04.35532908013317e-05	03.98194906541727e-06
843	04.35474684394811e-05	03.98141674402656e-06
844	04.35420048221776e-05	03.98091722159289e-06
845	04.35368919048190e-05	03.98044976262198e-06
846	04.35321217426362e-05	03.98001364074700e-06
847	04.35276864954939e-05	03.97960813916749e-06
848	04.35235784255892e-05	03.97923255043891e-06
849	04.35197898911418e-05	03.97888617589580e-06
850	04.35163133561095e-05	03.97856832654003e-06
851	04.35131413798305e-05	03.97827832209381e-06
852	04.35102666191663e-05	03.97801549119563e-06
853	04.35076818306390e-05	03.97777917159564e-06
854	04.35053798700068e-05	03.97756871011686e-06
855	04.35033536801396e-05	03.97738346154666e-06
856	04.35015963111055e-05	03.97722279047326e-06
857	04.35001008980810e-05	03.97708606926608e-06
858	04.34988606742426e-05	03.97697267925436e-06
859	04.34978689682820e-05	03.97688201050006e-06
860	04.34971191942166e-05	03.97681346086617e-06
861	04.34966048613506e-05	03.97676643692751e-06
862	04.34963195750840e-05	03.97674035404464e-06
863	04.34962570178741e-05	03.97673463462324e-06
864	04.34964109713873e-05	03.97674871013938e-06
865	04.34967753036704e-05	03.97678201996667e-06
866	04.34973439702144e-05	03.97683401147343e-06
867	04.34981110101188e-05	03.97690413967211e-06
868	04.34990705488366e-05	03.97699186747017e-06
869	04.35002168050575e-05	03.97709666629947e-06
870	04.35015440661695e-05	03.97721801387269e-06
871	04.35030467172886e-05	03.97735539683754e-06
872	04.35047192191240e-05	03.97750830875298e-06
873	04.35065561160923e-05	03.97767625083110e-06
874	04.35085520325735e-05	03.97785873159480e-06
875	04.35107016715394e-05	03.97805526675240e-06
876	04.35129998215982e-05	03.97826537984167e-06
877	04.35154413406558e-05	03.97848860073615e-06
878	04.35180211706247e-05	03.97872446698975e-06
879	04.35207343290654e-05	03.97897252307274e-06
880	04.35235759095225e-05	03.97923232040234e-06
881	04.35265410782466e-05	03.97950341704308e-06
882	04.35296250795890e-05	03.97978537820003e-06
883	04.35328232305666e-05	03.98007777572182e-06
884	04.35361309181125e-05	03.98038018784935e-06
885	04.35395436037302e-05	03.98069219964125e-06
886	04.35430568205912e-05	03.98101340270855e-06
887	04.35466661732397e-05	03.98134339518767e-06
888	04.35503673282445e-05	03.98168178088577e-06
889	04.35541560326512e-05	03.98202817096776e-06
890	04.35580280928567e-05	03.98238218202485e-06
891	04.35619793853947e-05	03.98274343706068e-06
892	04.35660058533121e-05	03.98311156515997e-06
893	04.35701035053668e-05	03.98348620141522e-06
894	04.35742684143542e-05	03.98386698677368e-06
895	04.35784967191168e-05	03.98425356822110e-06
896	04.35827846194599e-05	03.98464559831686e-06
897	04.35871283785414e-05	03.98504273541251e-06
898	04.35915243252562e-05	03.98544464386973e-06
899	04.35959688421576e-05	03.98585099295602e-06
900	04.36004583780292e-05	03.98626145799412e-06
901	04.36049894411112e-05	03.98667571974271e-06
902	04.36095585954753e-05	03.98709346406502e-06
903	04.36141624662147e-05	03.98751438240324e-06
904	04.36187977343804e-05	03.98793817131565e-06
905	04.36234611362851e-05	03.98836453241292e-06
906	04.36281494699984e-05	03.98879317295201e-06
907	04.36328595827396e-05	03.98922380468345e-06
908	04.36375883798224e-05	03.98965614466920e-06
909	04.36423328178851e-05	03.99008991466366e-06
910	04.36470899099929e-05	03.99052484158019e-06
911	04.36518567226223e-05	03.99096065721536e-06
912	04.36566303669622e-05	03.99139709745370e-06
913	04.36614080154553e-05	03.99183390377998e-06
914	04.36661868815793e-05	03.99227082143065e-06
915	04.36709642358572e-05	03.99270760085770e-06
916	04.36757373958682e-05	03.99314399681528e-06
917	04.36805037273485e-05	03.99357976846041e-06
918	04.36852606441020e-05	03.99401467934481e-06
919	04.36900056060714e-05	03.99444849723851e-06
920	04.36947361212581e-05	03.99488099430544e-06
921	04.36994497457500e-05	03.99531194710591e-06
922	04.37041440777904e-05	03.99574113605437e-06
923	04.37088167617451e-05	03.99616834578213e-06
924	04.37134654879014e-05	03.99659336511897e-06
925	04.37180879876274e-05	03.99701598665055e-06
926	04.37226820348560e-05	03.99743600685412e-06
927	04.37272454497964e-05	03.99785322643782e-06
928	04.37317760922113e-05	03.99826744972607e-06
929	04.37362718626953e-05	03.99867848477641e-06
930	04.37407307043073e-05	03.99908614352878e-06
931	04.37451505972252e-05	03.99949024131679e-06
932	04.37495295668717e-05	03.99989059761068e-06
933	04.37538656700869e-05	04.00028703475302e-06
934	04.37581570113382e-05	04.00067937944090e-06
935	04.37624017237324e-05	04.00106746098973e-06
936	04.37665979846823e-05	04.00145111276576e-06
937	04.37707440055788e-05	04.00183017124171e-06
938	04.37748380351432e-05	04.00220447630335e-06
939	04.37788783592238e-05	04.00257387123082e-06
940	04.37828632966828e-05	04.00293820232265e-06
941	04.37867912011713e-05	04.00329731905802e-06
942	04.37906604645140e-05	04.00365107440619e-06
943	04.37944695082966e-05	04.00399932405739e-06
944	04.37982167871459e-05	04.00434192672271e-06
945	04.38019007944834e-05	04.00467874466010e-06
946	04.38055200495071e-05	04.00500964248421e-06
947	04.38090731077380e-05	04.00533448813058e-06
948	04.38125585543024e-05	04.00565315224148e-06
949	04.38159750070778e-05	04.00596550845350e-06
950	04.38193211100684e-05	04.00627143279196e-06
951	04.38225955446355e-05	04.00657080469760e-06
952	04.38257970177856e-05	04.00686350595585e-06
953	04.38289242612349e-05	04.00714942061123e-06
954	04.38319760443026e-05	04.00742843614624e-06
955	04.38349511623611e-05	04.00770044242532e-06
956	04.38378484344396e-05	04.00796533147579e-06
957	04.38406667105961e-05	04.00822299816184e-06
958	04.38434048668633e-05	04.00847333972246e-06
959	04.38460618099562e-05	04.00871625620181e-06
960	04.38486364671629e-05	04.00895164952501e-06
961	04.38511277939953e-05	04.00917942419759e-06
962	04.38535347724292e-05	04.00939948714459e-06
963	04.38558564097596e-05	04.00961174760591e-06
964	04.38580917381680e-05	04.00981611709679e-06
965	04.38602398128531e-05	04.01001250923680e-06
966	04.38622997139681e-05	04.01020083992706e-06
967	04.38642705425903e-05	04.01038102698171e-06
968	04.38661514310429e-05	04.01055299107164e-06
969	04.38679415249620e-05	04.01071665408486e-06
970	04.38696400002782e-05	04.01087194067913e-06
971	04.38712460526247e-05	04.01101877731358e-06
972	04.38727588942298e-05	04.01115709196455e-06
973	04.38741777694789e-05	04.01128681554841e-06
974	04.38755019344839e-05	04.01140788005370e-06
975	04.38767306730844e-05	04.01152022000394e-06
976	04.38778632844087e-05	04.01162377132054e-06
977	04.38788990899035e-05	04.01171847196533e-06
978	04.38798374363255e-05	04.01180426221423e-06
979	04.38806776791996e-05	04.01188108314476e-06
980	04.38814192021594e-05	04.01194887840438e-06
981	04.38820614056807e-05	04.01200759318033e-06
982	04.38826037068904e-05	04.01205717418226e-06
983	04.38830455442221e-05	04.01209757006780e-06
984	04.38833863713466e-05	04.01212873088768e-06
985	04.38836256642993e-05	04.01215060873736e-06
986	04.38837629100250e-05	04.01216315670972e-06
987	04.38837976203316e-05	04.01216633017079e-06
988	04.38837293183903e-05	04.01216008552552e-06
989	04.38835575458008e-05	04.01214438086372e-06
990	04.38832818631127e-05	04.01211917600774e-06
991	04.38829018421804e-05	04.01208443181348e-06
992	04.38824170745889e-05	04.01204011094077e-06
993	04.38818271684163e-05	04.01198617755733e-06
994	04.38811317418942e-05	04.01192259675921e-06
995	04.38803304349945e-05	04.01184933563011e-06
996	04.38794228975002e-05	04.01176636215070e-06
997	04.38784087959867e-05	04.01167364583697e-06
998	04.38772878143004e-05	04.01157115778392e-06
999	04.38760596431953e-05	04.01145886971810e-06
1000	04.38747239949997e-05	04.01133675533855e-06
|| sol - ana_sol || _ 2 = 04.99792569042915e-01
