==== test ====
n_dim = 12
max_it = 1000, rtol = 1.00e-06
sor_omega = 1.50
solver type = "gs"

==== solver ====
solve with gs

iter	||true residual||	||relative residual||
0	05.21645447001793e+00	01.00000000000000e+00
1	02.26647303798330e+00	04.34485348431596e-01
2	07.98615402399273e-01	01.53095441930796e-01
3	02.58702410890955e-01	04.95935337647193e-02
4	01.28293918635890e-01	02.45940838501078e-02
5	01.27463198220126e-01	02.44348338421686e-02
6	01.22434910511625e-01	02.34709056151704e-02
7	01.08619822278655e-01	02.08225381632214e-02
8	09.24637671829654e-02	01.77254048155523e-02
9	07.70966405076593e-02	01.47795099048174e-02
10	06.35795745720848e-02	01.21882736516756e-02
11	05.20920223481066e-02	09.98609738616725e-03
12	04.24890716781473e-02	08.14520128994843e-03
13	03.45313513910673e-02	06.61969764895669e-03
14	02.79732343971656e-02	05.36249948273188e-03
15	02.25933743745690e-02	04.33117446043603e-03
16	01.82027376239985e-02	03.48948461615460e-03
17	01.46443361510362e-02	02.80733518047668e-03
18	01.17901763839339e-02	02.26018964637744e-03
19	09.53726313361926e-03	01.82830372400173e-03
20	07.80274730267390e-03	01.49579515119339e-03
21	06.51740708974040e-03	01.24939403328445e-03
22	05.61698717230890e-03	01.07678255500802e-03
23	05.03362418544831e-03	09.64951235437698e-04
24	04.69302698182814e-03	08.99658380764512e-04
25	04.52076218253304e-03	08.66635031229842e-04
26	04.45253316710280e-03	08.53555454704754e-04
27	04.44038045694962e-03	08.51225766940194e-04
28	04.45258090682322e-03	08.53564606461123e-04
29	04.47007643440676e-03	08.56918518142725e-04
30	04.48241638990662e-03	08.59284101044058e-04
31	04.48453486355926e-03	08.59690214749223e-04
32	04.47454915513281e-03	08.57775943574453e-04
33	04.45236457888736e-03	08.53523136160345e-04
34	04.41882627577281e-03	08.47093806946927e-04
35	04.37521785379485e-03	08.38734024986096e-04
36	04.32297287957817e-03	08.28718606560235e-04
37	04.26351475478233e-03	08.17320419316853e-04
38	04.19817310275915e-03	08.04794353499787e-04
39	04.12814515893375e-03	07.91369920443217e-04
40	04.05448312019716e-03	07.77248827436468e-04
41	03.97809597933166e-03	07.62605329385342e-04
42	03.89975896714875e-03	07.47588038880237e-04
43	03.82012652071739e-03	07.32322412219628e-04
44	03.73974639917116e-03	07.16913455425656e-04
45	03.65907360559215e-03	07.01448393084427e-04
46	03.57848340245980e-03	06.85999163421721e-04
47	03.49828308593751e-03	06.70624675446556e-04
48	03.41872240712532e-03	06.55372806716661e-04
49	03.34000265569360e-03	06.40282144680949e-04
50	03.26228448986563e-03	06.25383487695698e-04
51	03.18569462964408e-03	06.10701128123357e-04
52	03.11033154170656e-03	05.96253942133203e-04
53	03.03627024367147e-03	05.82056310684339e-04
54	02.96356634787344e-03	05.68118894721849e-04
55	02.89225945396827e-03	05.54449285542853e-04
56	02.82237598760453e-03	05.41052548972947e-04
57	02.75393157023122e-03	05.27931679660909e-04
58	02.68693299369817e-03	05.15087979611741e-04
59	02.62137986276423e-03	05.02521373057286e-04
60	02.55726595931916e-03	04.90230667979043e-04
61	02.49458037388958e-03	04.78213773019092e-04
62	02.43330844288640e-03	04.66467877151439e-04
63	02.37343252395348e-03	04.54989598317211e-04
64	02.31493263652410e-03	04.43775106220019e-04
65	02.25778699032131e-03	04.32820223640052e-04
66	02.20197242073466e-03	04.22120509896272e-04
67	02.14746474692400e-03	04.11671329495303e-04
68	02.09423906581263e-03	04.01467908490234e-04
69	02.04226999293181e-03	03.91505380650776e-04
70	01.99153185926343e-03	03.81778825198216e-04
71	01.94199887162091e-03	03.72283297550612e-04
72	01.89364524289541e-03	03.63013854291131e-04
73	01.84644529735394e-03	03.53965573353810e-04
74	01.80037355534743e-03	03.45133570262186e-04
75	01.75540480100652e-03	03.36513011106657e-04
76	01.71151413590071e-03	03.28099122830996e-04
77	01.66867702112627e-03	03.19887201300643e-04
78	01.62686930987898e-03	03.11872617546950e-04
79	01.58606727217668e-03	03.04050822506503e-04
80	01.54624761315697e-03	02.96417350528828e-04
81	01.50738748609103e-03	02.88967821871135e-04
82	01.46946450108902e-03	02.81697944367176e-04
83	01.43245673027009e-03	02.74603514418321e-04
84	01.39634271006332e-03	02.67680417434665e-04
85	01.36110144118818e-03	02.60924627831267e-04
86	01.32671238674398e-03	02.54332208661915e-04
87	01.29315546879193e-03	02.47899310963885e-04
88	01.26041106373639e-03	02.41622172872538e-04
89	01.22845999673759e-03	02.35497118550210e-04
90	01.19728353539011e-03	02.29520556974400e-04
91	01.16686338280986e-03	02.23688980612505e-04
92	01.13718167030250e-03	02.17998964016375e-04
93	01.10822094968683e-03	02.12447162350679e-04
94	01.07996418541225e-03	02.07030309881826e-04
95	01.05239474650672e-03	02.01745218434371e-04
96	01.02549639845524e-03	01.96588775834118e-04
97	09.99253295032860e-04	01.91557944342496e-04
98	09.73649970138671e-04	01.86649759091125e-04
99	09.48671329685491e-04	01.81861326527063e-04
100	09.24302643540686e-04	01.77189822867851e-04
101	09.00529537567432e-04	01.72632492575812e-04
102	08.77337985761810e-04	01.68186646850729e-04
103	08.54714302519344e-04	01.63849662147325e-04
104	08.32645135024614e-04	01.59618978716352e-04
105	08.11117455778170e-04	01.55492099171984e-04
106	07.90118555277673e-04	01.51466587088789e-04
107	07.69636034830480e-04	01.47540065623890e-04
108	07.49657799534947e-04	01.43710216171477e-04
109	07.30172051397201e-04	01.39974777043284e-04
110	07.11167282617164e-04	01.36331542181508e-04
111	06.92632269012581e-04	01.32778359898193e-04
112	06.74556063614129e-04	01.29313131647406e-04
113	06.56927990389294e-04	01.25933810822092e-04
114	06.39737638135359e-04	01.22638401583357e-04
115	06.22974854513894e-04	01.19424957716875e-04
116	06.06629740224411e-04	01.16291581515965e-04
117	05.90692643334910e-04	01.13236422694758e-04
118	05.75154153739786e-04	01.10257677325766e-04
119	05.60005097765639e-04	01.07353586805813e-04
120	05.45236532902120e-04	01.04522436845930e-04
121	05.30839742678220e-04	01.01762556489139e-04
122	05.16806231652266e-04	09.90723171500220e-05
123	05.03127720537017e-04	09.64501316802037e-05
124	04.89796141443521e-04	09.38944534565904e-05
125	04.76803633244355e-04	09.14037754924977e-05
126	04.64142537048104e-04	08.89766295701051e-05
127	04.51805391786267e-04	08.66115853944592e-05
128	04.39784929909344e-04	08.43072497684106e-05
129	04.28074073177234e-04	08.20622657856271e-05
130	04.16665928559852e-04	07.98753120447382e-05
131	04.05553784218382e-04	07.77451018789373e-05
132	03.94731105581274e-04	07.56703826037453e-05
133	03.84191531499510e-04	07.36499347799713e-05
134	03.73928870487911e-04	07.16825714931670e-05
135	03.63937097023075e-04	06.97671376439376e-05
136	03.54210347923877e-04	06.79025092540795e-05
137	03.44742918772933e-04	06.60875927805708e-05
138	03.35529260409635e-04	06.43213244432825e-05
139	03.26563975446344e-04	06.26026695571295e-05
140	03.17841814837886e-04	06.09306218744384e-05
141	03.09357674468181e-04	05.93042029306004e-05
142	03.01106591759162e-04	05.77224613939988e-05
143	02.93083742288497e-04	05.61844724176207e-05
144	02.85284436404650e-04	05.46893369901624e-05
145	02.77704115828491e-04	05.32361812845530e-05
146	02.70338350232700e-04	05.18241560022224e-05
147	02.63182833783951e-04	05.04524357102355e-05
148	02.56233381634605e-04	04.91202181687449e-05
149	02.49485926354278e-04	04.78267236469181e-05
150	02.42936514285234e-04	04.65711942242637e-05
151	02.36581301807997e-04	04.53528930747446e-05
152	02.30416551499987e-04	04.41711037303839e-05
153	02.24438628184748e-04	04.30251293238981e-05
154	02.18643994839157e-04	04.19142918041045e-05
155	02.13029208367841e-04	04.08379311258723e-05
156	02.07590915209102e-04	03.97954044077736e-05
157	02.02325846782115e-04	03.87860850593065e-05
158	01.97230814751606e-04	03.78093618731284e-05
159	01.92302706114055e-04	03.68646380830760e-05
160	01.87538478086741e-04	03.59513303843897e-05
161	01.82935152814685e-04	03.50688679190285e-05
162	01.78489811886720e-04	03.42166912243953e-05
163	01.74199590670724e-04	03.33942511473938e-05
164	01.70061672487278e-04	03.26010077275137e-05
165	01.66073282619690e-04	03.18364290485447e-05
166	01.62231682223295e-04	03.10999900709835e-05
167	01.58534162114972e-04	03.03911714414766e-05
168	01.54978036524163e-04	02.97094582948847e-05
169	01.51560636832010e-04	02.90543390540681e-05
170	01.48279305349704e-04	02.84253042371889e-05
171	01.45131389200262e-04	02.78218452848421e-05
172	01.42114234381753e-04	02.72434534219686e-05
173	01.39225180057115e-04	02.66896185632070e-05
174	01.36461553176244e-04	02.61598282819431e-05
175	01.33820663486379e-04	02.56535668537944e-05
176	01.31299799034553e-04	02.51703143944245e-05
177	01.28896222210690e-04	02.47095461010028e-05
178	01.26607166445523e-04	02.42707316191888e-05
179	01.24429833598805e-04	02.38533345424517e-05
180	01.22361392120082e-04	02.34568120594870e-05
181	01.20398976031529e-04	02.30806147592266e-05
182	01.18539684757201e-04	02.27241865981040e-05
183	01.16780583842894e-04	02.23869650380545e-05
184	01.15118706551716e-04	02.20683813523864e-05
185	01.13551056339952e-04	02.17678611004079e-05
186	01.12074610170825e-04	02.14848247626783e-05
187	01.10686322630284e-04	02.12186885300091e-05
188	01.09383130773017e-04	02.09688652324499e-05
189	01.08161959618142e-04	02.07347653928187e-05
190	01.07019728209614e-04	02.05157983884878e-05
191	01.05953356127721e-04	02.03113736996456e-05
192	01.04959770343634e-04	02.01209022233204e-05
193	01.04035912308770e-04	01.99437976324199e-05
194	01.03178745149768e-04	01.97794777550150e-05
195	01.02385260859796e-04	01.96273659529217e-05
196	01.01652487379448e-04	01.94868924791169e-05
197	01.00977495460095e-04	01.93574957934498e-05
198	01.00357405219082e-04	01.92386238192810e-05
199	09.97893923010741e-05	01.91297351246183e-05
200	09.92706935882892e-05	01.90303000167752e-05
201	09.87986123904506e-05	01.89398015372903e-05
202	09.83705230883453e-05	01.88577363521026e-05
203	09.79838751841278e-05	01.87836155279988e-05
204	09.76361967669313e-05	01.87169651969752e-05
205	09.73250973679403e-05	01.86573271035577e-05
206	09.70482702228618e-05	01.86042590385205e-05
207	09.68034939616088e-05	01.85573351628000e-05
208	09.65886337381493e-05	01.85161462240880e-05
209	09.64016418417296e-05	01.84802996740041e-05
210	09.62405578173190e-05	01.84494196911850e-05
211	09.61035081378531e-05	01.84231471184532e-05
212	09.59887054688564e-05	01.84011393218441e-05
213	09.58944475635576e-05	01.83830699787988e-05
214	09.58191158441625e-05	01.83686288061924e-05
215	09.57611736885625e-05	01.83575212318940e-05
216	09.57191644854536e-05	01.83494680219311e-05
217	09.56917094850841e-05	01.83442048684756e-05
218	09.56775054835286e-05	01.83414819459164e-05
219	09.56753223742336e-05	01.83410634414882e-05
220	09.56840005989427e-05	01.83427270666112e-05
221	09.57024485315833e-05	01.83462635553789e-05
222	09.57296398087552e-05	01.83514761528104e-05
223	09.57646106419224e-05	01.83581800995942e-05
224	09.58064571196790e-05	01.83662021149299e-05
225	09.58543325373665e-05	01.83753798846129e-05
226	09.59074447343201e-05	01.83855615505814e-05
227	09.59650534984627e-05	01.83966052133745e-05
228	09.60264680037232e-05	01.84083784408825e-05
229	09.60910443202931e-05	01.84207577910601e-05
230	09.61581829893019e-05	01.84336283469894e-05
231	09.62273266772104e-05	01.84468832672241e-05
232	09.62979579027109e-05	01.84604233500345e-05
233	09.63695968500527e-05	01.84741566142187e-05
234	09.64417992672911e-05	01.84879978961955e-05
235	09.65141544476737e-05	01.85018684630333e-05
236	09.65862832978677e-05	01.85156956421275e-05
237	09.66578364919767e-05	01.85294124673237e-05
238	09.67284927109194e-05	01.85429573414041e-05
239	09.67979569625198e-05	01.85562737140476e-05
240	09.68659589843657e-05	01.85693097756555e-05
241	09.69322517291903e-05	01.85820181669978e-05
242	09.69966099235909e-05	01.85943557029182e-05
243	09.70588287032635e-05	01.86062831107064e-05
244	09.71187223192585e-05	01.86177647820867e-05
245	09.71761229152813e-05	01.86287685388247e-05
246	09.72308793749371e-05	01.86392654117429e-05
247	09.72828562220311e-05	01.86492294299075e-05
248	09.73319325951308e-05	01.86586374240502e-05
249	09.73780012745929e-05	01.86674688400488e-05
250	09.74209677605200e-05	01.86757055621699e-05
251	09.74607494144088e-05	01.86833317485226e-05
252	09.74972746422875e-05	01.86903336744646e-05
253	09.75304821327441e-05	01.86966995865314e-05
254	09.75603201291652e-05	01.87024195629239e-05
255	09.75867457624759e-05	01.87074853855938e-05
256	09.76097244047909e-05	01.87118904163378e-05
257	09.76292290806170e-05	01.87156294839244e-05
258	09.76452398971949e-05	01.87186987748901e-05
259	09.76577435234853e-05	01.87210957336602e-05
260	09.76667326928520e-05	01.87228189672125e-05
261	09.76722057407132e-05	01.87238681564449e-05
262	09.76741661664623e-05	01.87242439721949e-05
263	09.76726222310547e-05	01.87239479980967e-05
264	09.76675865714613e-05	01.87229826566713e-05
265	09.76590758425915e-05	01.87213511406831e-05
266	09.76471103846931e-05	01.87190573493796e-05
267	09.76317139096569e-05	01.87161058283561e-05
268	09.76129132051263e-05	01.87125017128331e-05
269	09.75907378638595e-05	01.87082506757744e-05
270	09.75652200260507e-05	01.87033588784904e-05
271	09.75363941370291e-05	01.86978329241880e-05
272	09.75042967286998e-05	01.86916798160734e-05
273	09.74689662052034e-05	01.86849069162619e-05
274	09.74304426547590e-05	01.86775219097089e-05
275	09.73887676579828e-05	01.86695327674638e-05
276	09.73439841278328e-05	01.86609477159873e-05
277	09.72961361455741e-05	01.86517752057059e-05
278	09.72452688168746e-05	01.86420238834252e-05
279	09.71914281315805e-05	01.86317025654489e-05
280	09.71346608401945e-05	01.86208202138991e-05
281	09.70750143311932e-05	01.86093859131985e-05
282	09.70125365247967e-05	01.85974088497054e-05
283	09.69472757677642e-05	01.85848982915461e-05
284	09.68792807390979e-05	01.85718635705383e-05
285	09.68086003647513e-05	01.85583140658407e-05
286	09.67352837316029e-05	01.85442591874612e-05
287	09.66593800174663e-05	01.85297083628402e-05
288	09.65809384170870e-05	01.85146710226640e-05
289	09.65000080800368e-05	01.84991565889590e-05
290	09.64166380528020e-05	01.84831744639900e-05
291	09.63308772190620e-05	01.84667340188116e-05
292	09.62427742561771e-05	01.84498445849267e-05
293	09.61523775870856e-05	01.84325154450653e-05
294	09.60597353348159e-05	01.84147558244644e-05
295	09.59648952882152e-05	01.83965748842979e-05
296	09.58679048641748e-05	01.83779817144355e-05
297	09.57688110776725e-05	01.83589853276996e-05
298	09.56676605114828e-05	01.83395946540590e-05
299	09.55644992900508e-05	01.83198185356197e-05
300	09.54593730556760e-05	01.82996657220604e-05
301	09.53523269487476e-05	01.82791448668428e-05
302	09.52434055875578e-05	01.82582645233421e-05
303	09.51326530500135e-05	01.82370331413410e-05
304	09.50201128618356e-05	01.82154590647676e-05
305	09.49058279803496e-05	01.81935505285879e-05
306	09.47898407851499e-05	01.81713156570164e-05
307	09.46721930688111e-05	01.81487624617350e-05
308	09.45529260244499e-05	01.81258988395091e-05
309	09.44320802441979e-05	01.81027325718944e-05
310	09.43096957099343e-05	01.80792713234608e-05
311	09.41858117898166e-05	01.80555226411269e-05
312	09.40604672353707e-05	01.80314939536024e-05
313	09.39337001771016e-05	01.80071925705466e-05
314	09.38055481259524e-05	01.79826256828481e-05
315	09.36760479706317e-05	01.79578003621126e-05
316	09.35452359778966e-05	01.79327235607167e-05
317	09.34131477958570e-05	01.79074021124421e-05
318	09.32798184505935e-05	01.78818427318264e-05
319	09.31452823565672e-05	01.78560520161594e-05
320	09.30095733098400e-05	01.78300364441828e-05
321	09.28727244994376e-05	01.78038023782691e-05
322	09.27347685057368e-05	01.77773560641119e-05
323	09.25957373107762e-05	01.77507036327028e-05
324	09.24556622964894e-05	01.77238510999927e-05
325	09.23145742529588e-05	01.76968043684740e-05
326	09.21725033855628e-05	01.76695692285503e-05
327	09.20294793175803e-05	01.76421513590368e-05
328	09.18855310984019e-05	01.76145563287330e-05
329	09.17406872081868e-05	01.75867895973165e-05
330	09.15949755679182e-05	01.75588565172703e-05
331	09.14484235398405e-05	01.75307623339663e-05
332	09.13010579406793e-05	01.75025121882000e-05
333	09.11529050456257e-05	01.74741111169542e-05
334	09.10039905954667e-05	01.74455640547657e-05
335	09.08543398055860e-05	01.74168758354511e-05
336	09.07039773703583e-05	01.73880511929488e-05
337	09.05529274741502e-05	01.73590947634283e-05
338	09.04012137981680e-05	01.73300110866025e-05
339	09.02488595237571e-05	01.73008046063607e-05
340	09.00958873462225e-05	01.72714796734175e-05
341	08.99423194789552e-05	01.72420405461041e-05
342	08.97881776614981e-05	01.72124913919146e-05
343	08.96334831698168e-05	01.71828362894747e-05
344	08.94782568177126e-05	01.71530792288129e-05
345	08.93225189712207e-05	01.71232241141201e-05
346	08.91662895543010e-05	01.70932747648413e-05
347	08.90095880547928e-05	01.70632349168164e-05
348	08.88524335309235e-05	01.70331082235283e-05
349	08.86948446245987e-05	01.70028982586507e-05
350	08.85368395629900e-05	01.69726085163522e-05
351	08.83784361685379e-05	01.69422424132141e-05
352	08.82196518662068e-05	01.69118032896209e-05
353	08.80605036899180e-05	01.68812944109939e-05
354	08.79010082933815e-05	01.68507189698676e-05
355	08.77411819482508e-05	01.68200800855354e-05
356	08.75810405638820e-05	01.67893808078384e-05
357	08.74205996838446e-05	01.67586241164958e-05
358	08.72598744983429e-05	01.67278129234861e-05
359	08.70988798484848e-05	01.66969500738660e-05
360	08.69376302360348e-05	01.66660383476396e-05
361	08.67761398261035e-05	01.66350804602739e-05
362	08.66144224576489e-05	01.66040790647121e-05
363	08.64524916458473e-05	01.65730367518285e-05
364	08.62903605937246e-05	01.65419560526573e-05
365	08.61280421940159e-05	01.65108394387500e-05
366	08.59655490367211e-05	01.64796893236232e-05
367	08.58028934168630e-05	01.64485080642462e-05
368	08.56400873379621e-05	01.64172979617069e-05
369	08.54771425200810e-05	01.63860612627540e-05
370	08.53140704042179e-05	01.63548001606395e-05
371	08.51508821594305e-05	01.63235167964838e-05
372	08.49875886886833e-05	01.62922132603970e-05
373	08.48242006297941e-05	01.62608915916604e-05
374	08.46607283680908e-05	01.62295537811528e-05
375	08.44971820394645e-05	01.61982017719353e-05
376	08.43335715297116e-05	01.61668374591261e-05
377	08.41699064907709e-05	01.61354626930122e-05
378	08.40061963335405e-05	01.61040792776730e-05
379	08.38424502438341e-05	01.60726889740391e-05
380	08.36786771801183e-05	01.60412934994582e-05
381	08.35148858821516e-05	01.60098945293516e-05
382	08.33510848726151e-05	01.59784936975264e-05
383	08.31872824652648e-05	01.59470925977389e-05
384	08.30234867675361e-05	01.59156927841931e-05
385	08.28597056831306e-05	01.58842957720372e-05
386	08.26959469227790e-05	01.58529030394268e-05
387	08.25322179992691e-05	01.58215160265715e-05
388	08.23685262405227e-05	01.57901361382417e-05
389	08.22048787894585e-05	01.57587647437429e-05
390	08.20412826067396e-05	01.57274031774416e-05
391	08.18777444787650e-05	01.56960527402980e-05
392	08.17142710190994e-05	01.56647147001397e-05
393	08.15508686706376e-05	01.56333902920765e-05
394	08.13875437135994e-05	01.56020807200335e-05
395	08.12243022656762e-05	01.55707871567787e-05
396	08.10611502903271e-05	01.55395107455138e-05
397	08.08980935911119e-05	01.55082525987874e-05
398	08.07351378258885e-05	01.54770138012172e-05
399	08.05722885026629e-05	01.54457954086937e-05
400	08.04095509884264e-05	01.54145984500752e-05
401	08.02469305053179e-05	01.53834239264513e-05
402	08.00844321426049e-05	01.53522728134402e-05
403	07.99220608518715e-05	01.53211460602659e-05
404	07.97598214549252e-05	01.52900445912741e-05
405	07.95977186449504e-05	01.52589693061534e-05
406	07.94357569906412e-05	01.52279210807275e-05
407	07.92739409375479e-05	01.51969007672131e-05
408	07.91122748117005e-05	01.51659091949150e-05
409	07.89507628215179e-05	01.51349471705916e-05
410	07.87894090618601e-05	01.51040154792321e-05
411	07.86282175157796e-05	01.50731148843918e-05
412	07.84671920588725e-05	01.50422461290269e-05
413	07.83063364586889e-05	01.50114099353808e-05
414	07.81456543776533e-05	01.49806070055443e-05
415	07.79851493777375e-05	01.49498380223511e-05
416	07.78248249229654e-05	01.49191036498585e-05
417	07.76646843793815e-05	01.48884045333409e-05
418	07.75047310172086e-05	01.48577412997035e-05
419	07.73449680154121e-05	01.48271145583575e-05
420	07.71853984626597e-05	01.47965249014038e-05
421	07.70260253581206e-05	01.47659729037865e-05
422	07.68668516160432e-05	01.47354591241700e-05
423	07.67078800671525e-05	01.47049841052075e-05
424	07.65491134576580e-05	01.46745483733504e-05
425	07.63905544551366e-05	01.46441524399760e-05
426	07.62322056484004e-05	01.46137968013623e-05
427	07.60740695508384e-05	01.45834819393290e-05
428	07.59161485983210e-05	01.45532083208348e-05
429	07.57584451572957e-05	01.45229763995305e-05
430	07.56009615191523e-05	01.44927866146778e-05
431	07.54436999098094e-05	01.44626393929879e-05
432	07.52866624840377e-05	01.44325351475327e-05
433	07.51298513316317e-05	01.44024742789279e-05
434	07.49732684773832e-05	01.43724571753284e-05
435	07.48169158836195e-05	01.43424842129145e-05
436	07.46607954494597e-05	01.43125557557494e-05
437	07.45049090145636e-05	01.42826721564978e-05
438	07.43492583607594e-05	01.42528337567382e-05
439	07.41938452110958e-05	01.42230408867809e-05
440	07.40386712325365e-05	01.41932938661846e-05
441	07.38837380386720e-05	01.41635930042763e-05
442	07.37290471887644e-05	01.41339385999685e-05
443	07.35746001906789e-05	01.41043309423203e-05
444	07.34203985003362e-05	01.40747703104334e-05
445	07.32664435242891e-05	01.40452569739456e-05
446	07.31127366209690e-05	01.40157911932696e-05
447	07.29592791029392e-05	01.39863732200251e-05
448	07.28060722336874e-05	01.39570032964243e-05
449	07.26531172340156e-05	01.39276816564960e-05
450	07.25004152796401e-05	01.38984085256266e-05
451	07.23479675042922e-05	01.38691841211534e-05
452	07.21957749984841e-05	01.38400086521288e-05
453	07.20438388133409e-05	01.38108823200547e-05
454	07.18921599597161e-05	01.37818053187128e-05
455	07.17407394091362e-05	01.37527778343457e-05
456	07.15895780956240e-05	01.37238000460067e-05
457	07.14386769154365e-05	01.36948721255092e-05
458	07.12880367312765e-05	01.36659942382343e-05
459	07.11376583664634e-05	01.36371665420131e-05
460	07.09875426143043e-05	01.36083891889236e-05
461	07.08376902308678e-05	01.35796623239049e-05
462	07.06881019420805e-05	01.35509860861179e-05
463	07.05387784403172e-05	01.35223606082916e-05
464	07.03897203883569e-05	01.34937860174815e-05
465	07.02409284178152e-05	01.34652624347690e-05
466	07.00924031310869e-05	01.34367899756338e-05
467	06.99441450996380e-05	01.34083687496265e-05
468	06.97961548708923e-05	01.33799988616890e-05
469	06.96484329596189e-05	01.33516804105029e-05
470	06.95009798596177e-05	01.33234134907304e-05
471	06.93537960330675e-05	01.32951981909715e-05
472	06.92068819207335e-05	01.32670345957214e-05
473	06.90602379358739e-05	01.32389227842022e-05
474	06.89138644696066e-05	01.32108628313916e-05
475	06.87677618868419e-05	01.31828548072433e-05
476	06.86219305324669e-05	01.31548987778726e-05
477	06.84763707266828e-05	01.31269948046623e-05
478	06.83310827692814e-05	01.30991429450829e-05
479	06.81860669367808e-05	01.30713432521431e-05
480	06.80413234871302e-05	01.30435957752922e-05
481	06.78968526559111e-05	01.30159005596914e-05
482	06.77526546602978e-05	01.29882576469732e-05
483	06.76087296987301e-05	01.29606670751787e-05
484	06.74650779492041e-05	01.29331288784300e-05
485	06.73216995721800e-05	01.29056430874875e-05
486	06.71785947096802e-05	01.28782097295770e-05
487	06.70357634867460e-05	01.28508288286691e-05
488	06.68932060123518e-05	01.28235004056542e-05
489	06.67509223776720e-05	01.27962244780107e-05
490	06.66089126585180e-05	01.27690010602717e-05
491	06.64671769143472e-05	01.27418301638352e-05
492	06.63257151900597e-05	01.27147117973085e-05
493	06.61845275144717e-05	01.26876459662159e-05
494	06.60436139033428e-05	01.26606326735783e-05
495	06.59029743574497e-05	01.26336719195448e-05
496	06.57626088634109e-05	01.26067637015501e-05
497	06.56225173960140e-05	01.25799080147609e-05
498	06.54826999152834e-05	01.25531048515139e-05
499	06.53431563689280e-05	01.25263542017848e-05
500	06.52038866924480e-05	01.24996560532089e-05
501	06.50648908094718e-05	01.24730103911456e-05
502	06.49261686308279e-05	01.24464171985009e-05
503	06.47877200580570e-05	01.24198764563998e-05
504	06.46495449785773e-05	01.23933881432603e-05
505	06.45116432728802e-05	01.23669522361725e-05
506	06.43740148053896e-05	01.23405687091463e-05
507	06.42366594357547e-05	01.23142375352763e-05
508	06.40995770097035e-05	01.22879586849884e-05
509	06.39627673652291e-05	01.22617321272257e-05
510	06.38262303309100e-05	01.22355578291265e-05
511	06.36899657248780e-05	01.22094357558265e-05
512	06.35539733560926e-05	01.21833658707030e-05
513	06.34182530269641e-05	01.21573481358778e-05
514	06.32828045283841e-05	01.21313825112647e-05
515	06.31476276457842e-05	01.21054689557306e-05
516	06.30127221544384e-05	01.20796074261953e-05
517	06.28780878232556e-05	01.20537978783584e-05
518	06.27437244125705e-05	01.20280402662759e-05
519	06.26096316751820e-05	01.20023345425589e-05
520	06.24758093565792e-05	01.19766806584175e-05
521	06.23422571970363e-05	01.19510785640619e-05
522	06.22089749281742e-05	01.19255282080436e-05
523	06.20759622749095e-05	01.19000295376289e-05
524	06.19432189568740e-05	01.18745824990707e-05
525	06.18107446870864e-05	01.18491870373545e-05
526	06.16785391705774e-05	01.18238430959343e-05
527	06.15466021103716e-05	01.17985506178797e-05
528	06.14149332001625e-05	01.17733095444714e-05
529	06.12835321293330e-05	01.17481198161636e-05
530	06.11523985828677e-05	01.17229813725677e-05
531	06.10215322384505e-05	01.16978941518952e-05
532	06.08909327701876e-05	01.16728580916720e-05
533	06.07605998462888e-05	01.16478731282936e-05
534	06.06305331317088e-05	01.16229391975313e-05
535	06.05007322839823e-05	01.15980562337342e-05
536	06.03711969588600e-05	01.15732241709094e-05
537	06.02419268072868e-05	01.15484429421426e-05
538	06.01129214726134e-05	01.15237124790637e-05
539	05.99841805992376e-05	01.14990327135035e-05
540	05.98557038241094e-05	01.14744035758647e-05
541	05.97274907798187e-05	01.14498249957146e-05
542	05.95995410978416e-05	01.14252969024067e-05
543	05.94718544052894e-05	01.14008192244578e-05
544	05.93444303226704e-05	01.13763918891190e-05
545	05.92172684713036e-05	01.13520148237966e-05
546	05.90903684670526e-05	01.13276879548513e-05
547	05.89637299225913e-05	01.13034112080324e-05
548	05.88373524472788e-05	01.12791845084534e-05
549	05.87112356482325e-05	01.12550077807984e-05
550	05.85853791286020e-05	01.12308809489907e-05
551	05.84597824912929e-05	01.12068039369070e-05
552	05.83344453326722e-05	01.11827766671702e-05
553	05.82093672483597e-05	01.11587990622603e-05
554	05.80845478328661e-05	01.11348710444446e-05
555	05.79599866757592e-05	01.11109925350427e-05
556	05.78356833656677e-05	01.10871634551943e-05
557	05.77116374872839e-05	01.10633837252845e-05
558	05.75878486266733e-05	01.10396532659616e-05
559	05.74643163638130e-05	01.10159719967067e-05
560	05.73410402768531e-05	01.09923398366508e-05
561	05.72180199471714e-05	01.09687567055435e-05
562	05.70952549471623e-05	01.09452225214123e-05
563	05.69727448505365e-05	01.09217372025372e-05
564	05.68504892310237e-05	01.08983006672017e-05
565	05.67284876572788e-05	01.08749128327164e-05
566	05.66067397001094e-05	01.08515736168047e-05
567	05.64852449233967e-05	01.08282829358621e-05
568	05.63640028959393e-05	01.08050407072269e-05
569	05.62430131794316e-05	01.07818468468753e-05
570	05.61222753376901e-05	01.07587012711906e-05
571	05.60017889309623e-05	01.07356038958718e-05
572	05.58815535207288e-05	01.07125546368541e-05
573	05.57615686648612e-05	01.06895534093811e-05
574	05.56418339213569e-05	01.06666001287203e-05
575	05.55223488467889e-05	01.06436947098664e-05
576	05.54031129964505e-05	01.06208370675686e-05
577	05.52841259251604e-05	01.05980271164852e-05
578	05.51653871861133e-05	01.05752647709630e-05
579	05.50468963315924e-05	01.05525499451744e-05
580	05.49286529137806e-05	01.05298825532722e-05
581	05.48106564841924e-05	01.05072625092813e-05
582	05.46929065910131e-05	01.04846897265884e-05
583	05.45754027850251e-05	01.04621641190779e-05
584	05.44581446143060e-05	01.04396856001158e-05
585	05.43411316280981e-05	01.04172540832914e-05
586	05.42243633720107e-05	01.03948694814975e-05
587	05.41078393928905e-05	01.03725317078641e-05
588	05.39915592386930e-05	01.03502406757338e-05
589	05.38755224533351e-05	01.03279962976749e-05
590	05.37597285838393e-05	01.03057984868513e-05
591	05.36441771735550e-05	01.02836471557223e-05
592	05.35288677678716e-05	01.02615422171388e-05
593	05.34137999105357e-05	01.02394835836365e-05
594	05.32989731449339e-05	01.02174711676820e-05
595	05.31843870150322e-05	01.01955048818531e-05
596	05.30700410636385e-05	01.01735846385056e-05
597	05.29559348338324e-05	01.01517103500475e-05
598	05.28420678679271e-05	01.01298819287395e-05
599	05.27284397100018e-05	01.01080992871813e-05
600	05.26150499006845e-05	01.00863623373106e-05
601	05.25018979822818e-05	01.00646709913872e-05
602	05.23889834981356e-05	01.00430251618693e-05
603	05.22763059890074e-05	01.00214247607202e-05
604	05.21638649983418e-05	09.99986970041789e-06
605	05.20516600675924e-05	09.97835989305845e-06
606	05.19396907380868e-05	09.95689525071390e-06
607	05.18279565523978e-05	09.93547568569493e-06
608	05.17164570535291e-05	09.91410111039489e-06
609	05.16051917806984e-05	09.89277143648127e-06
610	05.14941602781939e-05	09.87148657659364e-06
611	05.13833620893711e-05	09.85024644319276e-06
612	05.12727967555430e-05	09.82905094834783e-06
613	05.11624638183903e-05	09.80790000419854e-06
614	05.10523628209798e-05	09.78679352315028e-06
615	05.09424933073483e-05	09.76573141779442e-06
616	05.08328548205842e-05	09.74471360054054e-06
617	05.07234469023222e-05	09.72373998351947e-06
618	05.06142690981940e-05	09.70281047962832e-06
619	05.05053209516720e-05	09.68192500135027e-06
620	05.03966020057485e-05	09.66108346107644e-06
621	05.02881118059756e-05	09.64028577168867e-06
622	05.01798498962687e-05	09.61953184575503e-06
623	05.00718158221103e-05	09.59882159614405e-06
624	04.99640091294292e-05	09.57815493580978e-06
625	04.98564293626554e-05	09.55753177741893e-06
626	04.97490760686546e-05	09.53695203410519e-06
627	04.96419487940227e-05	09.51641561895048e-06
628	04.95350470855394e-05	09.49592244507198e-06
629	04.94283704902195e-05	09.47547242563197e-06
630	04.93219185555492e-05	09.45506547388300e-06
631	04.92156908304045e-05	09.43470150334415e-06
632	04.91096868624728e-05	09.41438042730659e-06
633	04.90039062008162e-05	09.39410215932505e-06
634	04.88983483957177e-05	09.37386661318824e-06
635	04.87930129962805e-05	09.35367370245882e-06
636	04.86878995521891e-05	09.33352334081078e-06
637	04.85830076162648e-05	09.31341544251948e-06
638	04.84783367385723e-05	09.29334992133184e-06
639	04.83738864708681e-05	09.27332669131909e-06
640	04.82696563667011e-05	09.25334566689607e-06
641	04.81656459775810e-05	09.23340676208671e-06
642	04.80618548579940e-05	09.21350989148551e-06
643	04.79582825613523e-05	09.19365496948111e-06
644	04.78549286431702e-05	09.17384191086513e-06
645	04.77517926570128e-05	09.15407063005548e-06
646	04.76488741597817e-05	09.13434104210977e-06
647	04.75461727081377e-05	09.11465306203933e-06
648	04.74436878578588e-05	09.09500660468637e-06
649	04.73414191668949e-05	09.07540158530936e-06
650	04.72393661932930e-05	09.05583791918548e-06
651	04.71375284955372e-05	09.03631552167561e-06
652	04.70359056334758e-05	09.01683430840221e-06
653	04.69344971662644e-05	08.99739419485493e-06
654	04.68333026555246e-05	08.97799509699615e-06
655	04.67323216608987e-05	08.95863693040880e-06
656	04.66315537455160e-05	08.93931961134431e-06
657	04.65309984709566e-05	08.92004305575711e-06
658	04.64306554010219e-05	08.90080718002745e-06
659	04.63305240989454e-05	08.88161190042671e-06
660	04.62306041295050e-05	08.86245713352235e-06
661	04.61308950565674e-05	08.84334279570714e-06
662	04.60313964484280e-05	08.82426880422284e-06
663	04.59321078688531e-05	08.80523507544296e-06
664	04.58330288865213e-05	08.78624152668272e-06
665	04.57341590686594e-05	08.76728807497906e-06
666	04.56354979826295e-05	08.74837463739478e-06
667	04.55370452006855e-05	08.72950113193051e-06
668	04.54388002887940e-05	08.71066747538158e-06
669	04.53407628204685e-05	08.69187358599003e-06
670	04.52429323649469e-05	08.67311938117835e-06
671	04.51453084962505e-05	08.65440477928590e-06
672	04.50478907847351e-05	08.63572969794948e-06
673	04.49506788055772e-05	08.61709405572989e-06
674	04.48536721320131e-05	08.59849777081615e-06
675	04.47568703383871e-05	08.57994076160954e-06
676	04.46602730011870e-05	08.56142294692232e-06
677	04.45638796972660e-05	08.54294424563680e-06
678	04.44676900016048e-05	08.52450457627629e-06
679	04.43717034923412e-05	08.50610385796938e-06
680	04.42759197489182e-05	08.48774201009484e-06
681	04.41803383500622e-05	08.46941895189402e-06
682	04.40849588751813e-05	08.45113460273904e-06
683	04.39897809055310e-05	08.43288888235611e-06
684	04.38948040220931e-05	08.41468171041896e-06
685	04.38000278063734e-05	08.39651300670181e-06
686	04.37054518426329e-05	08.37838269150706e-06
687	04.36110757138726e-05	08.36029068489553e-06
688	04.35168990040461e-05	08.34223690711070e-06
689	04.34229212982634e-05	08.32422127861765e-06
690	04.33291421815059e-05	08.30624371985689e-06
691	04.32355612433292e-05	08.28830415214582e-06
692	04.31421780678621e-05	08.27040249576142e-06
693	04.30489922447348e-05	08.25253867203537e-06
694	04.29560033623234e-05	08.23471260205894e-06
695	04.28632110104343e-05	08.21692420719757e-06
696	04.27706147793079e-05	08.19917340889988e-06
697	04.26782142606998e-05	08.18146012890497e-06
698	04.25860090452497e-05	08.16378428873804e-06
699	04.24939987258133e-05	08.14614581034907e-06
700	04.24021828960607e-05	08.12854461584420e-06
701	04.23105611509532e-05	08.11098062757705e-06
702	04.22191330845720e-05	08.09345376773257e-06
703	04.21278982929146e-05	08.07596395886301e-06
704	04.20368563715914e-05	08.05851112344643e-06
705	04.19460069193414e-05	08.04109518456072e-06
706	04.18553495322667e-05	08.02371606477816e-06
707	04.17648838103171e-05	08.00637368740870e-06
708	04.16746093523104e-05	07.98906797554531e-06
709	04.15845257598513e-05	07.97179885281513e-06
710	04.14946326323311e-05	07.95456624242107e-06
711	04.14049295719562e-05	07.93737006810563e-06
712	04.13154161822404e-05	07.92021025386203e-06
713	04.12260920651779e-05	07.90308672339206e-06
714	04.11369568263168e-05	07.88599940107891e-06
715	04.10480100685620e-05	07.86894821079900e-06
716	04.09592513996665e-05	07.85193307735814e-06
717	04.08706804243903e-05	07.83495392498840e-06
718	04.07822967510019e-05	07.81801067859445e-06
719	04.06940999868793e-05	07.80110326291019e-06
720	04.06060897404697e-05	07.78423160287454e-06
721	04.05182656221008e-05	07.76739562378687e-06
722	04.04306272407971e-05	07.75059525069680e-06
723	04.03431742089872e-05	07.73383040930643e-06
724	04.02559061376032e-05	07.71710102503106e-06
725	04.01688226378678e-05	07.70040702334161e-06
726	04.00819233251139e-05	07.68374833049699e-06
727	03.99952078133921e-05	07.66712487251031e-06
728	03.99086757166595e-05	07.65053657537670e-06
729	03.98223266499465e-05	07.63398336529708e-06
730	03.97361602308384e-05	07.61746516896213e-06
731	03.96501760761437e-05	07.60098191291361e-06
732	03.95643738030387e-05	07.58453352376383e-06
733	03.94787530314205e-05	07.56811992864663e-06
734	03.93933133790219e-05	07.55174105428097e-06
735	03.93080544671751e-05	07.53539682807583e-06
736	03.92229759162358e-05	07.51908717725297e-06
737	03.91380773486811e-05	07.50281202944086e-06
738	03.90533583859539e-05	07.48657131206969e-06
739	03.89688186521698e-05	07.47036495308198e-06
740	03.88844577707535e-05	07.45419288028787e-06
741	03.88002753661738e-05	07.43805502169761e-06
742	03.87162710639605e-05	07.42195130552485e-06
743	03.86324444915185e-05	07.40588166034269e-06
744	03.85487952741607e-05	07.38984601432325e-06
745	03.84653230406899e-05	07.37384429630759e-06
746	03.83820274201115e-05	07.35787643517562e-06
747	03.82989080399735e-05	07.34194235952794e-06
748	03.82159645308559e-05	07.32604199854629e-06
749	03.81331965243654e-05	07.31017528160929e-06
750	03.80506036512918e-05	07.29434213793895e-06
751	03.79681855431599e-05	07.27854249689817e-06
752	03.78859418357024e-05	07.26277628865650e-06
753	03.78038721590455e-05	07.24704344230872e-06
754	03.77219761497641e-05	07.23134388818588e-06
755	03.76402534431385e-05	07.21567755637080e-06
756	03.75587036741430e-05	07.20004437688765e-06
757	03.74773264812114e-05	07.18444428042377e-06
758	03.73961214997760e-05	07.16887719709119e-06
759	03.73150883691702e-05	07.15334305774971e-06
760	03.72342267278922e-05	07.13784179309903e-06
761	03.71535362158740e-05	07.12237333411371e-06
762	03.70730164739225e-05	07.10693761193608e-06
763	03.69926671427387e-05	07.09153455768810e-06
764	03.69124878641080e-05	07.07616410269965e-06
765	03.68324782807436e-05	07.06082617847847e-06
766	03.67526380369959e-05	07.04552071684612e-06
767	03.66729667754155e-05	07.03024764927919e-06
768	03.65934641418871e-05	07.01500690789337e-06
769	03.65141297811719e-05	06.99979842458902e-06
770	03.64349633401035e-05	06.98462213166374e-06
771	03.63559644660178e-05	06.96947796151143e-06
772	03.62771328066178e-05	06.95436584659639e-06
773	03.61984680097558e-05	06.93928571941151e-06
774	03.61199697245389e-05	06.92423751269024e-06
775	03.60416376018378e-05	06.90922115950413e-06
776	03.59634712919026e-05	06.89423659280572e-06
777	03.58854704456160e-05	06.87928374566886e-06
778	03.58076347165757e-05	06.86436255168784e-06
779	03.57299637554807e-05	06.84947294390128e-06
780	03.56524572172711e-05	06.83461485616082e-06
781	03.55751147560221e-05	06.81978822215233e-06
782	03.54979360265289e-05	06.80499297569961e-06
783	03.54209206845150e-05	06.79022905080454e-06
784	03.53440683859702e-05	06.77549638151997e-06
785	03.52673787891541e-05	06.76079490233390e-06
786	03.51908515510161e-05	06.74612454748314e-06
787	03.51144863305209e-05	06.73148525159086e-06
788	03.50382827863280e-05	06.71687694922171e-06
789	03.49622405794456e-05	06.70229957539060e-06
790	03.48863593694740e-05	06.68775306484255e-06
791	03.48106388183057e-05	06.67323735276195e-06
792	03.47350785876398e-05	06.65875237429618e-06
793	03.46596783411104e-05	06.64429806496351e-06
794	03.45844377416983e-05	06.62987436015700e-06
795	03.45093564531628e-05	06.61548119541895e-06
796	03.44344341410178e-05	06.60111850662802e-06
797	03.43596704703871e-05	06.58678622958804e-06
798	03.42850651083210e-05	06.57248430047223e-06
799	03.42106177207643e-05	06.55821265524180e-06
800	03.41363279762655e-05	06.54397123035719e-06
801	03.40621955433684e-05	06.52975996227785e-06
802	03.39882200900380e-05	06.51557878735232e-06
803	03.39144012862506e-05	06.50142764231468e-06
804	03.38407388033601e-05	06.48730646416314e-06
805	03.37672323125453e-05	06.47321518986233e-06
806	03.36938814838428e-05	06.45915375615786e-06
807	03.36206859917490e-05	06.44512210065038e-06
808	03.35476455080604e-05	06.43112016042289e-06
809	03.34747597088202e-05	06.41714787337253e-06
810	03.34020282660669e-05	06.40320517662874e-06
811	03.33294508559918e-05	06.38929200811701e-06
812	03.32570271540371e-05	06.37540830561928e-06
813	03.31847568383679e-05	06.36155400743943e-06
814	03.31126395846862e-05	06.34772905140919e-06
815	03.30406750723191e-05	06.33393337605523e-06
816	03.29688629780170e-05	06.32016691941024e-06
817	03.28972029823825e-05	06.30642962024538e-06
818	03.28256947660011e-05	06.29272141732856e-06
819	03.27543380073419e-05	06.27904224902193e-06
820	03.26831323901263e-05	06.26539205469457e-06
821	03.26120775946152e-05	06.25177077305212e-06
822	03.25411733049742e-05	06.23817834354880e-06
823	03.24704192025882e-05	06.22461470510574e-06
824	03.23998149733444e-05	06.21107979750718e-06
825	03.23293603002825e-05	06.19757355999149e-06
826	03.22590548697929e-05	06.18409593243935e-06
827	03.21888983679745e-05	06.17064685467557e-06
828	03.21188904805671e-05	06.15722626645616e-06
829	03.20490308946840e-05	06.14383410780039e-06
830	03.19793192998683e-05	06.13047031919333e-06
831	03.19097553838919e-05	06.11713484078050e-06
832	03.18403388351176e-05	06.10382761282074e-06
833	03.17710693445787e-05	06.09054857608475e-06
834	03.17019466019014e-05	06.07729767107359e-06
835	03.16329702994461e-05	06.06407483881237e-06
836	03.15641401280242e-05	06.05088002002933e-06
837	03.14954557810401e-05	06.03771315594974e-06
838	03.14269169503590e-05	06.02457418750383e-06
839	03.13585233315921e-05	06.01146305633994e-06
840	03.12902746175672e-05	05.99837970357280e-06
841	03.12221705039160e-05	05.98532407085472e-06
842	03.11542106866861e-05	05.97229609991766e-06
843	03.10863948622339e-05	05.95929573255282e-06
844	03.10187227266088e-05	05.94632291049253e-06
845	03.09511939783594e-05	05.93337757594824e-06
846	03.08838083159916e-05	05.92045967112322e-06
847	03.08165654381034e-05	05.90756913823834e-06
848	03.07494650431557e-05	05.89470591948826e-06
849	03.06825068327847e-05	05.88186995767630e-06
850	03.06156905076300e-05	05.86906119541474e-06
851	03.05490157688691e-05	05.85627957541899e-06
852	03.04824823180503e-05	05.84352504047554e-06
853	03.04160898585477e-05	05.83079753372086e-06
854	03.03498380937402e-05	05.81809699829238e-06
855	03.02837267264800e-05	05.80542337722654e-06
856	03.02177554631017e-05	05.79277661422737e-06
857	03.01519240070021e-05	05.78015665243570e-06
858	03.00862320655325e-05	05.76756343575048e-06
859	03.00206793450185e-05	05.75499690787397e-06
860	02.99552655506317e-05	05.74245701228726e-06
861	02.98899903923025e-05	05.72994369338370e-06
862	02.98248535773811e-05	05.71745689506201e-06
863	02.97598548143269e-05	05.70499656143354e-06
864	02.96949938135319e-05	05.69256263698009e-06
865	02.96302702843505e-05	05.68015506598463e-06
866	02.95656839381855e-05	05.66777379312272e-06
867	02.95012344860275e-05	05.65541876299097e-06
868	02.94369216395933e-05	05.64308992032516e-06
869	02.93727451125081e-05	05.63078721022694e-06
870	02.93087046165998e-05	05.61851057745339e-06
871	02.92447998671530e-05	05.60625996742429e-06
872	02.91810305761274e-05	05.59403532492196e-06
873	02.91173964612783e-05	05.58183659583982e-06
874	02.90538972369613e-05	05.56966372541950e-06
875	02.89905326192137e-05	05.55751665922506e-06
876	02.89273023241541e-05	05.54539534283611e-06
877	02.88642060707029e-05	05.53329972236941e-06
878	02.88012435759195e-05	05.52122974358492e-06
879	02.87384145588110e-05	05.50918535261599e-06
880	02.86757187387835e-05	05.49716649567247e-06
881	02.86131558338615e-05	05.48517311869936e-06
882	02.85507255666562e-05	05.47320516852092e-06
883	02.84884276575165e-05	05.46126259152772e-06
884	02.84262618264879e-05	05.44934533405218e-06
885	02.83642277975348e-05	05.43745334317799e-06
886	02.83023252923707e-05	05.42558656555732e-06
887	02.82405540348440e-05	05.41374494825159e-06
888	02.81789137482344e-05	05.40192843821323e-06
889	02.81174041575478e-05	05.39013698272557e-06
890	02.80560249873336e-05	05.37837052898445e-06
891	02.79947759637048e-05	05.36662902448539e-06
892	02.79336568121729e-05	05.35491241660868e-06
893	02.78726672614694e-05	05.34322065335185e-06
894	02.78118070361560e-05	05.33155368191307e-06
895	02.77510758661100e-05	05.31991145050953e-06
896	02.76904734789218e-05	05.30829390692000e-06
897	02.76299996041171e-05	05.29670099929428e-06
898	02.75696539713321e-05	05.28513267580332e-06
899	02.75094363106837e-05	05.27358888471025e-06
900	02.74493463529620e-05	05.26206957440724e-06
901	02.73893838294386e-05	05.25057469337875e-06
902	02.73295484721654e-05	05.23910419025884e-06
903	02.72698400135089e-05	05.22765801374189e-06
904	02.72102581867382e-05	05.21623611269527e-06
905	02.71508027256811e-05	05.20483843609351e-06
906	02.70914733642575e-05	05.19346493292874e-06
907	02.70322698378150e-05	05.18211555246682e-06
908	02.69731918798147e-05	05.17079024361195e-06
909	02.69142392288109e-05	05.15948895624472e-06
910	02.68554116194583e-05	05.14821163949813e-06
911	02.67967087880740e-05	05.13695824282386e-06
912	02.67381304747127e-05	05.12572871639016e-06
913	02.66796764155936e-05	05.11452300962992e-06
914	02.66213463498649e-05	05.10334107253760e-06
915	02.65631400160756e-05	05.09218285499275e-06
916	02.65050571554783e-05	05.08104830739321e-06
917	02.64470975067770e-05	05.06993737964823e-06
918	02.63892608120494e-05	05.05885002231384e-06
919	02.63315468122526e-05	05.04778618573127e-06
920	02.62739552492777e-05	05.03674582042071e-06
921	02.62164858655097e-05	05.02572887699709e-06
922	02.61591384040300e-05	05.01473530620888e-06
923	02.61019126090030e-05	05.00376505901206e-06
924	02.60448082236908e-05	04.99281808618973e-06
925	02.59878249938382e-05	04.98189433900088e-06
926	02.59309626633744e-05	04.97099376835648e-06
927	02.58742209788437e-05	04.96011632566875e-06
928	02.58175996866924e-05	04.94926196233122e-06
929	02.57610985330899e-05	04.93843062968426e-06
930	02.57047172657252e-05	04.92762227935958e-06
931	02.56484556329079e-05	04.91683686310785e-06
932	02.55923133823585e-05	04.90607433256684e-06
933	02.55362902639044e-05	04.89533463977816e-06
934	02.54803860254244e-05	04.88461773640992e-06
935	02.54246004192824e-05	04.87392357499001e-06
936	02.53689331943758e-05	04.86325210738178e-06
937	02.53133841023986e-05	04.85260328598470e-06
938	02.52579528945329e-05	04.84197706310012e-06
939	02.52026393224480e-05	04.83137339112276e-06
940	02.51474431405180e-05	04.82079222296586e-06
941	02.50923641000681e-05	04.81023351095823e-06
942	02.50374019564461e-05	04.79969720819974e-06
943	02.49825564622161e-05	04.78918326725667e-06
944	02.49278273734233e-05	04.77869164136260e-06
945	02.48732144443391e-05	04.76822228341112e-06
946	02.48187174316423e-05	04.75777514675730e-06
947	02.47643360914146e-05	04.74735018464169e-06
948	02.47100701809861e-05	04.73694735054424e-06
949	02.46559194561299e-05	04.72656659764637e-06
950	02.46018836757390e-05	04.71620787972764e-06
951	02.45479625981332e-05	04.70587115045764e-06
952	02.44941559818863e-05	04.69555636355474e-06
953	02.44404635866563e-05	04.68526347294512e-06
954	02.43868851724356e-05	04.67499243261904e-06
955	02.43334204989148e-05	04.66474319650895e-06
956	02.42800693277259e-05	04.65451571891942e-06
957	02.42268314202117e-05	04.64430995409961e-06
958	02.41737065380917e-05	04.63412585637091e-06
959	02.41206944440057e-05	04.62396338023109e-06
960	02.40677949006306e-05	04.61382248018506e-06
961	02.40150076712719e-05	04.60370311085824e-06
962	02.39623325207040e-05	04.59360522715761e-06
963	02.39097692116441e-05	04.58352878359579e-06
964	02.38573175110027e-05	04.57347373548928e-06
965	02.38049771824767e-05	04.56344003753853e-06
966	02.37527479930112e-05	04.55342764506666e-06
967	02.37006297091944e-05	04.54343651332836e-06
968	02.36486220970927e-05	04.53346659747830e-06
969	02.35967249247921e-05	04.52351785305835e-06
970	02.35449379599355e-05	04.51359023552534e-06
971	02.34932609702596e-05	04.50368370035422e-06
972	02.34416937261420e-05	04.49379820352604e-06
973	02.33902359961522e-05	04.48393370067539e-06
974	02.33388875495079e-05	04.47409014756102e-06
975	02.32876481579679e-05	04.46426750042886e-06
976	02.32365175904589e-05	04.45446571498188e-06
977	02.31854956196435e-05	04.44468474763930e-06
978	02.31345820177370e-05	04.43492455473449e-06
979	02.30837765556796e-05	04.42518509235646e-06
980	02.30330790073658e-05	04.41546631716056e-06
981	02.29824891452318e-05	04.40576818552253e-06
982	02.29320067438640e-05	04.39609065423035e-06
983	02.28816315758454e-05	04.38643367968794e-06
984	02.28313634179008e-05	04.37679721909320e-06
985	02.27812020440433e-05	04.36718122912419e-06
986	02.27311472306541e-05	04.35758566691294e-06
987	02.26811987532077e-05	04.34801048941768e-06
988	02.26313563876143e-05	04.33845565368013e-06
989	02.25816199124577e-05	04.32892111725458e-06
990	02.25319891042743e-05	04.31940683730282e-06
991	02.24824637412231e-05	04.30991277129767e-06
992	02.24330436022078e-05	04.30043887685474e-06
993	02.23837284654058e-05	04.29098511145040e-06
994	02.23345181115406e-05	04.28155143304910e-06
995	02.22854123193863e-05	04.27213779924157e-06
996	02.22364108687768e-05	04.26274416782178e-06
997	02.21875135421670e-05	04.25337049708607e-06
998	02.21387201200112e-05	04.24401674494728e-06
999	02.20900303835555e-05	04.23468286947008e-06
1000	02.20414441159472e-05	04.22536882908353e-06
|| sol - ana_sol || _ 2 = 01.02498595360794e-01
