==== test ====
n_dim = 12
max_it = 1000, rtol = 1.00e-06
sor_omega = 1.50
solver type = "sor"

==== solver ====
solve with sor
0	05.21645447001793e+00	01.00000000000000e+00
1	02.91900195462096e+00	05.59575852027119e-01
2	07.47493237901397e-01	01.43295267350206e-01
3	02.07543229909118e-01	03.97862630838614e-02
4	01.88312644538047e-01	03.60997389357832e-02
5	01.78300334390393e-01	03.41803681821035e-02
6	01.50317103599193e-01	02.88159523797543e-02
7	01.20705748570985e-01	02.31394233889614e-02
8	09.49319212872377e-02	01.81985526439209e-02
9	07.38908357965564e-02	01.41649536521887e-02
10	05.71344554025302e-02	01.09527372913760e-02
11	04.39427404025226e-02	08.42387116672593e-03
12	03.36360779817879e-02	06.44807276189497e-03
13	02.56488232417552e-02	04.91690733412402e-03
14	01.95329540045216e-02	03.74448854423807e-03
15	01.49433999279451e-02	02.86466603204028e-03
16	01.16175727530274e-02	02.22710134245405e-03
17	09.34701768186887e-03	01.79183346381948e-03
18	07.93810535028406e-03	01.52174343625715e-03
19	07.17872413016195e-03	01.37616922977520e-03
20	06.84571117737092e-03	01.31233028424139e-03
21	06.74748469503642e-03	01.29350016065859e-03
22	06.75248840622941e-03	01.29445937754081e-03
23	06.78521288237863e-03	01.30073269523913e-03
24	06.80821000870289e-03	01.30514126938780e-03
25	06.80591412676300e-03	01.30470114632087e-03
26	06.77416093067918e-03	01.29861402406832e-03
27	06.71424675496748e-03	01.28712841136796e-03
28	06.62977217442157e-03	01.27093454232694e-03
29	06.52503682012085e-03	01.25085666090332e-03
30	06.40426442682673e-03	01.22770446164839e-03
31	06.27126267992506e-03	01.20220788199528e-03
32	06.12930584692838e-03	01.17499460259016e-03
33	05.98112745941170e-03	01.14658864441141e-03
34	05.82896349149006e-03	01.11741864613074e-03
35	05.67461497663894e-03	01.08782986782581e-03
36	05.51951430879130e-03	01.05809690097273e-03
37	05.36478768535246e-03	01.02843563883996e-03
38	05.21131051852272e-03	09.99013898899190e-04
39	05.05975491567745e-03	09.69960524865860e-04
40	04.91062946093581e-03	09.41373012869205e-04
41	04.76431204140368e-03	09.13323804278752e-04
42	04.62107664226937e-03	08.85865422353333e-04
43	04.48111504557891e-03	08.59034631919926e-04
44	04.34455429667227e-03	08.32855787708492e-04
45	04.21147069837111e-03	08.07343517052999e-04
46	04.08190098153189e-03	07.82504861298609e-04
47	03.95585119449400e-03	07.58340979918569e-04
48	03.83330375886268e-03	07.34848503115470e-04
49	03.71422305699658e-03	07.12020602948695e-04
50	03.59855984730306e-03	06.89847839751334e-04
51	03.48625474600742e-03	06.68318829589139e-04
52	03.37724096689995e-03	06.47420769473014e-04
53	03.27144647224291e-03	06.27139849690217e-04
54	03.16879565704126e-03	06.07461576680908e-04
55	03.06921066393364e-03	05.88371025104162e-04
56	02.97261240604291e-03	05.69853033919549e-04
57	02.87892135911913e-03	05.51892358241791e-04
58	02.78805817164948e-03	05.34473786299508e-04
59	02.69994413145616e-03	05.17582228882537e-04
60	02.61450151929763e-03	05.01202787127679e-04
61	02.53165387359158e-03	04.85320803266375e-04
62	02.45132618534577e-03	04.69921897993167e-04
63	02.37344503835918e-03	04.54991997342406e-04
64	02.29793870661058e-03	04.40517351357747e-04
65	02.22473721822268e-03	04.26484546354150e-04
66	02.15377239342281e-03	04.12880512194982e-04
67	02.08497786234439e-03	03.99692525704575e-04
68	02.01828906728256e-03	03.86908211100637e-04
69	01.95364325303662e-03	03.74515538142885e-04
70	01.89097944818305e-03	03.62502818543062e-04
71	01.83023843954721e-03	03.50858701071136e-04
72	01.77136274161879e-03	03.39572165692208e-04
73	01.71429656230763e-03	03.28632517001867e-04
74	01.65898576612111e-03	03.18029377167247e-04
75	01.60537783560610e-03	03.07752678535423e-04
76	01.55342183171908e-03	02.97792656036302e-04
77	01.50306835364265e-03	02.88139839479415e-04
78	01.45426949843030e-03	02.78785045817778e-04
79	01.40697882079782e-03	02.69719371439847e-04
80	01.36115129329698e-03	02.60934184534788e-04
81	01.31674326703409e-03	02.52421117562167e-04
82	01.27371243307199e-03	02.44172059852678e-04
83	01.23201778462734e-03	02.36179150361319e-04
84	01.19161958010312e-03	02.28434770580681e-04
85	01.15247930703842e-03	02.20931537630091e-04
86	01.11455964697637e-03	02.13662297520740e-04
87	01.07782444129404e-03	02.06620118605260e-04
88	01.04223865798345e-03	01.99798285209583e-04
89	01.00776835940088e-03	01.93190291450471e-04
90	09.74380670959986e-04	01.86789835233937e-04
91	09.42043750776492e-04	01.80590812436105e-04
92	09.10726760237415e-04	01.74587311261299e-04
93	08.80399835480849e-04	01.68773606774684e-04
94	08.51034059771544e-04	01.63144155606637e-04
95	08.22601436742356e-04	01.57693590823103e-04
96	07.95074864482836e-04	01.52416716958349e-04
97	07.68428110449635e-04	01.47308505205259e-04
98	07.42635787170775e-04	01.42364088757823e-04
99	07.17673328722490e-04	01.37578758301713e-04
100	06.93516967936189e-04	01.32947957644842e-04
101	06.70143714326396e-04	01.28467279486117e-04
102	06.47531332680075e-04	01.24132461310996e-04
103	06.25658322298873e-04	01.19939381412203e-04
104	06.04503896849933e-04	01.15884055027102e-04
105	05.84047964772841e-04	01.11962630581693e-04
106	05.64271110226484e-04	01.08171386038100e-04
107	05.45154574508621e-04	01.04506725332685e-04
108	05.26680237918395e-04	01.00965174899070e-04
109	05.08830601993339e-04	09.75433802629529e-05
110	04.91588772077907e-04	09.42381027004760e-05
111	04.74938440160977e-04	09.10462159481561e-05
112	04.58863867898978e-04	08.79647029483994e-05
113	04.43349869777744e-04	08.49906526216111e-05
114	04.28381796318909e-04	08.21212566468421e-05
115	04.13945517246346e-04	07.93538062347782e-05
116	04.00027404529182e-04	07.66856888770672e-05
117	03.86614315198826e-04	07.41143850523240e-05
118	03.73693573839742e-04	07.16374648695932e-05
119	03.61252954645725e-04	06.92525846285175e-05
120	03.49280662929868e-04	06.69574832747783e-05
121	03.37765315974559e-04	06.47499787290193e-05
122	03.26695923110885e-04	06.26279640680468e-05
123	03.16061864912983e-04	06.05894035363633e-05
124	03.05852871414443e-04	05.86323283702296e-05
125	02.96058999235970e-04	05.67548324130111e-05
126	02.86670607583502e-04	05.49550675139923e-05
127	02.77678333031576e-04	05.32312386943199e-05
128	02.69073063104727e-04	05.15815990825282e-05
129	02.60845908657514e-04	05.00044446197605e-05
130	02.52988175138342e-04	04.84981085510121e-05
131	02.45491332850173e-04	04.70609557240761e-05
132	02.38346986403829e-04	04.56913767337089e-05
133	02.31546843620332e-04	04.43877819601742e-05
134	02.25082684214608e-04	04.31485955658756e-05
135	02.18946328672413e-04	04.19722495290293e-05
136	02.13129607794384e-04	04.08571778052251e-05
137	02.07624333462999e-04	03.98018107234214e-05
138	02.02422271232179e-04	03.88045697313415e-05
139	01.97515115377827e-04	03.78638626126355e-05
140	01.92894467058145e-04	03.69780793001883e-05
141	01.88551816237804e-04	03.61455884109644e-05
142	01.84478527950121e-04	03.53647346124516e-05
143	01.80665833429320e-04	03.46338369227056e-05
144	01.77104826515701e-04	03.39511880212178e-05
145	01.73786465589460e-04	03.33150546196300e-05
146	01.70701581156051e-04	03.27236789158565e-05
147	01.67840888984242e-04	03.21752811126645e-05
148	01.65195008544192e-04	03.16680629522726e-05
149	01.62754486299123e-04	03.12002121813906e-05
150	01.60509823235352e-04	03.07699078287557e-05
151	01.58451505874034e-04	03.03753261501176e-05
152	01.56570039926121e-04	03.00146470799318e-05
153	01.54855985632026e-04	02.96860610060101e-05
154	01.53299993878101e-04	02.93877756930894e-05
155	01.51892842119977e-04	02.91180231693760e-05
156	01.50625469278672e-04	02.88750664161657e-05
157	01.49489008789516e-04	02.86572057033600e-05
158	01.48474819169484e-04	02.84627844492571e-05
159	01.47574511537620e-04	02.82901944962462e-05
160	01.46779973708379e-04	02.81378807295282e-05
161	01.46083390596765e-04	02.80043449888029e-05
162	01.45477260798950e-04	02.78881492467911e-05
163	01.44954409359438e-04	02.77879180567140e-05
164	01.44507996802807e-04	02.77023402836890e-05
165	01.44131524630610e-04	02.76301701584898e-05
166	01.43818837521308e-04	02.75702276992773e-05
167	01.43564122531821e-04	02.75213985585362e-05
168	01.43361905636469e-04	02.74826333595846e-05
169	01.43207045932512e-04	02.74529465857717e-05
170	01.43094727866303e-04	02.74314150902215e-05
171	01.43020451811650e-04	02.74171762896952e-05
172	01.42980023321547e-04	02.74094261041361e-05
173	01.42969541345091e-04	02.74074166978398e-05
174	01.42985385690293e-04	02.74104540760617e-05
175	01.43024203958972e-04	02.74178955804211e-05
176	01.43082898181709e-04	02.74291473268082e-05
177	01.43158611331376e-04	02.74436616200129e-05
178	01.43248713861564e-04	02.74609343731264e-05
179	01.43350790419874e-04	02.74805025604644e-05
180	01.43462626828244e-04	02.75019417216827e-05
181	01.43582197416061e-04	02.75248635335194e-05
182	01.43707652783057e-04	02.75489134639303e-05
183	01.43837308027202e-04	02.75737685153624e-05
184	01.43969631486314e-04	02.75991350665079e-05
185	01.44103234005685e-04	02.76247468148973e-05
186	01.44236858754199e-04	02.76503628246377e-05
187	01.44369371577778e-04	02.76757656771577e-05
188	01.44499751910841e-04	02.77007597289246e-05
189	01.44627084212184e-04	02.77251694696929e-05
190	01.44750549930678e-04	02.77488379823203e-05
191	01.44869419974216e-04	02.77716254990562e-05
192	01.44983047670463e-04	02.77934080521104e-05
193	01.45090862191278e-04	02.78140762131062e-05
194	01.45192362426092e-04	02.78335339186030e-05
195	01.45287111277827e-04	02.78516973766145e-05
196	01.45374730357168e-04	02.78684940494972e-05
197	01.45454895062168e-04	02.78838617107048e-05
198	01.45527330004769e-04	02.78977475680467e-05
199	01.45591804781324e-04	02.79101074528930e-05
200	01.45648130047731e-04	02.79209050677730e-05
201	01.45696153894101e-04	02.79301112913959e-05
202	01.45735758491465e-04	02.79377035358202e-05
203	01.45766856991093e-04	02.79436651520496e-05
204	01.45789390668350e-04	02.79479848825075e-05
205	01.45803326280357e-04	02.79506563544982e-05
206	01.45808653633088e-04	02.79516776138156e-05
207	01.45805383340431e-04	02.79510506951535e-05
208	01.45793544759303e-04	02.79487812262649e-05
209	01.45773184086463e-04	02.79448780631190e-05
210	01.45744362616115e-04	02.79393529558811e-05
211	01.45707155125177e-04	02.79322202393680e-05
212	01.45661648403421e-04	02.79234965512734e-05
213	01.45607939890585e-04	02.79132005709014e-05
214	01.45546136440279e-04	02.79013527822046e-05
215	01.45476353171741e-04	02.78879752536670e-05
216	01.45398712428798e-04	02.78730914387332e-05
217	01.45313342819293e-04	02.78567259916664e-05
218	01.45220378340499e-04	02.78389045998901e-05
219	01.45119957579760e-04	02.78196538307485e-05
220	01.45012222978003e-04	02.77990009903229e-05
221	01.44897320165617e-04	02.77769739961171e-05
222	01.44775397353735e-04	02.77536012603667e-05
223	01.44646604777087e-04	02.77289115832329e-05
224	01.44511094192566e-04	02.77029340566773e-05
225	01.44369018418444e-04	02.76756979761289e-05
226	01.44220530920437e-04	02.76472327611327e-05
227	01.44065785436707e-04	02.76175678834615e-05
228	01.43904935634286e-04	02.75867328012529e-05
229	01.43738134803167e-04	02.75547569003651e-05
230	01.43565535582947e-04	02.75216694419750e-05
231	01.43387289709375e-04	02.74874995139912e-05
232	01.43203547797766e-04	02.74522759895330e-05
233	01.43014459138860e-04	02.74160274877983e-05
234	01.42820171524047e-04	02.73787823405570e-05
235	01.42620831092853e-04	02.73405685629156e-05
236	01.42416582186217e-04	02.73014138251891e-05
237	01.42207567233820e-04	02.72613454313023e-05
238	01.41993926642200e-04	02.72203902973416e-05
239	01.41775798706378e-04	02.71785749346128e-05
240	01.41553319528895e-04	02.71359254341213e-05
241	01.41326622953999e-04	02.70924674539550e-05
242	01.41095840512510e-04	02.70482262087154e-05
243	01.40861101376625e-04	02.70032264608533e-05
244	01.40622532318662e-04	02.69574925127601e-05
245	01.40380257687367e-04	02.69110482022255e-05
246	01.40134399384580e-04	02.68639168979651e-05
247	01.39885076851217e-04	02.68161214969324e-05
248	01.39632407058264e-04	02.67676844225928e-05
249	01.39376504505725e-04	02.67186276247220e-05
250	01.39117481227074e-04	02.66689725802583e-05
251	01.38855446789955e-04	02.66187402934388e-05
252	01.38590508315977e-04	02.65679512995924e-05
253	01.38322770489698e-04	02.65166256668626e-05
254	01.38052335580046e-04	02.64647830003146e-05
255	01.37779303459902e-04	02.64124424456884e-05
256	01.37503771633976e-04	02.63596226947425e-05
257	01.37225835260192e-04	02.63063419893551e-05
258	01.36945587180276e-04	02.62526181273859e-05
259	01.36663117954204e-04	02.61984684692809e-05
260	01.36378515885751e-04	02.61439099429699e-05
261	01.36091867058879e-04	02.60889590508419e-05
262	01.35803255375407e-04	02.60336318769673e-05
263	01.35512762583468e-04	02.59779440925519e-05
264	01.35220468321267e-04	02.59219109643264e-05
265	01.34926450149691e-04	02.58655473607972e-05
266	01.34630783592841e-04	02.58088677600168e-05
267	01.34333542172566e-04	02.57518862562035e-05
268	01.34034797452019e-04	02.56946165680918e-05
269	01.33734619068393e-04	02.56370720452072e-05
270	01.33433074777558e-04	02.55792656764239e-05
271	01.33130230490033e-04	02.55212100968601e-05
272	01.32826150307848e-04	02.54629175949449e-05
273	01.32520896568145e-04	02.54044001207758e-05
274	01.32214529877656e-04	02.53456692927297e-05
275	01.31907109152031e-04	02.52867364050006e-05
276	01.31598691656208e-04	02.52276124353397e-05
277	01.31289333037729e-04	02.51683080514413e-05
278	01.30979087366615e-04	02.51088336185870e-05
279	01.30668007173081e-04	02.50491992068765e-05
280	01.30356143482399e-04	02.49894145979100e-05
281	01.30043545851134e-04	02.49294892917348e-05
282	01.29730262403841e-04	02.48694325138805e-05
283	01.29416339865799e-04	02.48092532216340e-05
284	01.29101823599013e-04	02.47489601109410e-05
285	01.28786757635504e-04	02.46885616227877e-05
286	01.28471184713288e-04	02.46280659500985e-05
287	01.28155146302567e-04	02.45674810427563e-05
288	01.27838682644247e-04	02.45068146149864e-05
289	01.27521832780516e-04	02.44460741512189e-05
290	01.27204634581710e-04	02.43852669112384e-05
291	01.26887124781320e-04	02.43243999368950e-05
292	01.26569339002872e-04	02.42634800572576e-05
293	01.26251311790868e-04	02.42025138945445e-05
294	01.25933076636406e-04	02.41415078690360e-05
295	01.25614666010183e-04	02.40804682053999e-05
296	01.25296111385718e-04	02.40194009371440e-05
297	01.24977443265653e-04	02.39583119116581e-05
298	01.24658691211932e-04	02.38972067959990e-05
299	01.24339883866296e-04	02.38360910808196e-05
300	01.24021048979111e-04	02.37749700858953e-05
301	01.23702213431807e-04	02.37138489644253e-05
302	01.23383403263126e-04	02.36527327080653e-05
303	01.23064643687758e-04	02.35916261504982e-05
304	01.22745959123198e-04	02.35305339725846e-05
305	01.22427373210795e-04	02.34694607063970e-05
306	01.22108908836544e-04	02.34084107392054e-05
307	01.21790588152693e-04	02.33473883176200e-05
308	01.21472432597960e-04	02.32863975514660e-05
309	01.21154462917993e-04	02.32254424177072e-05
310	01.20836699187727e-04	02.31645267647303e-05
311	01.20519160821646e-04	02.31036543143127e-05
312	01.20201866603022e-04	02.30428286672286e-05
313	01.19884834695118e-04	02.29820533053949e-05
314	01.19568082661761e-04	02.29213315958167e-05
315	01.19251627482259e-04	02.28606667934454e-05
316	01.18935485571508e-04	02.28000620450348e-05
317	01.18619672791002e-04	02.27395203912504e-05
318	01.18304204471837e-04	02.26790447710800e-05
319	01.17989095423301e-04	02.26186380234802e-05
320	01.17674359951561e-04	02.25583028909589e-05
321	01.17360011872278e-04	02.24980420219933e-05
322	01.17046064528078e-04	02.24378579743793e-05
323	01.16732530799082e-04	02.23777532172501e-05
324	01.16419423117380e-04	02.23177301338508e-05
325	01.16106753480239e-04	02.22577910240708e-05
326	01.15794533463344e-04	02.21979381069813e-05
327	01.15482774231551e-04	02.21381735228975e-05
328	01.15171486554642e-04	02.20784993363982e-05
329	01.14860680813428e-04	02.20189175374961e-05
330	01.14550367015222e-04	02.19594300446042e-05
331	01.14240554804563e-04	02.19000387065911e-05
332	01.13931253471718e-04	02.18407453044109e-05
333	01.13622471965918e-04	02.17815515536413e-05
334	01.13314218903715e-04	02.17224591060842e-05
335	01.13006502579927e-04	02.16634695518657e-05
336	01.12699330974918e-04	02.16045844208299e-05
337	01.12392711768406e-04	02.15458051851873e-05
338	01.12086652343473e-04	02.14871332602828e-05
339	01.11781159799000e-04	02.14285700069794e-05
340	01.11476240955656e-04	02.13701167328069e-05
341	01.11171902366977e-04	02.13117746940854e-05
342	01.10868150325949e-04	02.12535450971871e-05
343	01.10564990870746e-04	02.11954290996363e-05
344	01.10262429796090e-04	02.11374278122878e-05
345	01.09960472659479e-04	02.10795423005199e-05
346	01.09659124786422e-04	02.10217735852385e-05
347	01.09358391279276e-04	02.09641226445709e-05
348	01.09058277024999e-04	02.09065904153524e-05
349	01.08758786699102e-04	02.08491777938835e-05
350	01.08459924772896e-04	02.07918856373194e-05
351	01.08161695520568e-04	02.07347147650262e-05
352	01.07864103025836e-04	02.06776659598575e-05
353	01.07567151184729e-04	02.06207399686859e-05
354	01.07270843715628e-04	02.05639375043292e-05
355	01.06975184159720e-04	02.05072592456370e-05
356	01.06680175891066e-04	02.04507058394203e-05
357	01.06385822119021e-04	02.03942779009159e-05
358	01.06092125892812e-04	02.03379760146641e-05
359	01.05799090111095e-04	02.02818007363403e-05
360	01.05506717518950e-04	02.02257525921792e-05
361	01.05215010721142e-04	02.01698320815172e-05
362	01.04923972178294e-04	02.01140396760586e-05
363	01.04633604217031e-04	02.00583758218198e-05
364	01.04343909032614e-04	02.00028409396345e-05
365	01.04054888692159e-04	01.99474354257714e-05
366	01.03766545140911e-04	01.98921596531359e-05
367	01.03478880201001e-04	01.98370139710326e-05
368	01.03191895581977e-04	01.97819987071837e-05
369	01.02905592878596e-04	01.97271141673057e-05
370	01.02619973578916e-04	01.96723606366612e-05
371	01.02335039064357e-04	01.96177383800697e-05
372	01.02050790615056e-04	01.95632476429350e-05
373	01.01767229410546e-04	01.95088886513747e-05
374	01.01484356537157e-04	01.94546616136397e-05
375	01.01202172987392e-04	01.94005667199937e-05
376	01.00920679662496e-04	01.93466041432062e-05
377	01.00639877379566e-04	01.92927740399160e-05
378	01.00359766870349e-04	01.92390765503995e-05
379	01.00080348784463e-04	01.91855117991893e-05
380	09.98016236931052e-05	01.91320798957845e-05
381	09.95235920924267e-05	01.90787809352977e-05
382	09.92462544018929e-05	01.90256149981410e-05
383	09.89696109736234e-05	01.89725821518161e-05
384	09.86936620860862e-05	01.89196824497055e-05
385	09.84184079543537e-05	01.88669159330390e-05
386	09.81438487262517e-05	01.88142826301548e-05
387	09.78699844881206e-05	01.87617825576045e-05
388	09.75968152667203e-05	01.87094157205181e-05
389	09.73243410280841e-05	01.86571821123840e-05
390	09.70525616824944e-05	01.86050817160033e-05
391	09.67814770853598e-05	01.85531145036577e-05
392	09.65110870392970e-05	01.85012804375086e-05
393	09.62413912954758e-05	01.84495794698549e-05
394	09.59723895544559e-05	01.83980115432937e-05
395	09.57040814714029e-05	01.83465765917198e-05
396	09.54364666524415e-05	01.82952745396268e-05
397	09.51695446597410e-05	01.82441053030822e-05
398	09.49033150129097e-05	01.81930687899943e-05
399	09.46377771888532e-05	01.81421649000855e-05
400	09.43729306253241e-05	01.80913935255721e-05
401	09.41087747192217e-05	01.80407545508392e-05
402	09.38453088313436e-05	01.79902478533511e-05
403	09.35825322853014e-05	01.79398733034432e-05
404	09.33204443685967e-05	01.78896307645288e-05
405	09.30590443374946e-05	01.78395200940333e-05
406	09.27983314124318e-05	01.77895411425134e-05
407	09.25383047843247e-05	01.77396937548669e-05
408	09.22789636119860e-05	01.76899777698374e-05
409	09.20203070264406e-05	01.76403930208413e-05
410	09.17623341285339e-05	01.75909393355097e-05
411	09.15050439936700e-05	01.75416165365966e-05
412	09.12484356688344e-05	01.74924244414081e-05
413	09.09925081762621e-05	01.74433628625056e-05
414	09.07372605140690e-05	01.73944316078267e-05
415	09.04826916576315e-05	01.73456304809501e-05
416	09.02288005553393e-05	01.72969592802809e-05
417	08.99755861386534e-05	01.72484178009789e-05
418	08.97230473154749e-05	01.72000058336877e-05
419	08.94711829731694e-05	01.71517231651141e-05
420	08.92199919796754e-05	01.71035695782405e-05
421	08.89694731846918e-05	01.70555448525531e-05
422	08.87196254193327e-05	01.70076487639751e-05
423	08.84704474956453e-05	01.69598810847747e-05
424	08.82219382121837e-05	01.69122415846333e-05
425	08.79740963490785e-05	01.68647300297008e-05
426	08.77269206721849e-05	01.68173461833902e-05
427	08.74804099301884e-05	01.67700898058232e-05
428	08.72345628594913e-05	01.67229606547666e-05
429	08.69893781830256e-05	01.66759584854052e-05
430	08.67448546088297e-05	01.66290830500686e-05
431	08.65009908332729e-05	01.65823340988492e-05
432	08.62577855416504e-05	01.65357113797169e-05
433	08.60152374057581e-05	01.64892146380533e-05
434	08.57733450864464e-05	01.64428436171420e-05
435	08.55321072370813e-05	01.63965980588320e-05
436	08.52915224955043e-05	01.63504777019958e-05
437	08.50515894946922e-05	01.63044822845736e-05
438	08.48123068555026e-05	01.62586115421824e-05
439	08.45736731904668e-05	01.62128652088429e-05
440	08.43356871047599e-05	01.61672430171656e-05
441	08.40983471940606e-05	01.61217446979407e-05
442	08.38616520474491e-05	01.60763699806932e-05
443	08.36256002471343e-05	01.60311185936310e-05
444	08.33901903649285e-05	01.59859902629691e-05
445	08.31554209709969e-05	01.59409847146066e-05
446	08.29212906253776e-05	01.58961016725010e-05
447	08.26877978846261e-05	01.58513408599427e-05
448	08.24549412976287e-05	01.58067019987515e-05
449	08.22227194099586e-05	01.57621848101122e-05
450	08.19911307609855e-05	01.57177890140204e-05
451	08.17601738849684e-05	01.56735143294920e-05
452	08.15298473128860e-05	01.56293604749139e-05
453	08.13001495709717e-05	01.55853271677635e-05
454	08.10710791804061e-05	01.55414141245495e-05
455	08.08426346620063e-05	01.54976210617110e-05
456	08.06148145284026e-05	01.54539476941175e-05
457	08.03876172927795e-05	01.54103937367449e-05
458	08.01610414645228e-05	01.53669589038409e-05
459	07.99350855496910e-05	01.53236429090152e-05
460	07.97097480514789e-05	01.52804454653287e-05
461	07.94850274717468e-05	01.52373662855862e-05
462	07.92609223084228e-05	01.51944050818391e-05
463	07.90374310618769e-05	01.51515615666066e-05
464	07.88145522243591e-05	01.51088354508514e-05
465	07.85922842922582e-05	01.50662264463296e-05
466	07.83706257575216e-05	01.50237342639458e-05
467	07.81495751120278e-05	01.49813586145916e-05
468	07.79291308455280e-05	01.49390992087505e-05
469	07.77092914482834e-05	01.48969557570041e-05
470	07.74900554083400e-05	01.48549279695091e-05
471	07.72714212154603e-05	01.48130155567513e-05
472	07.70533873563861e-05	01.47712182286374e-05
473	07.68359523183208e-05	01.47295356951628e-05
474	07.66191145901018e-05	01.46879676666359e-05
475	07.64028726579451e-05	01.46465138528627e-05
476	07.61872250105040e-05	01.46051739641163e-05
477	07.59721701348938e-05	01.45639477103751e-05
478	07.57577065184514e-05	01.45228348016600e-05
479	07.55438326507650e-05	01.44818349484234e-05
480	07.53305470212730e-05	01.44409478610889e-05
481	07.51178481194714e-05	01.44001732500913e-05
482	07.49057344349262e-05	01.43595108258788e-05
483	07.46942044608384e-05	01.43189602995963e-05
484	07.44832566882923e-05	01.42785213819831e-05
485	07.42728896117069e-05	01.42381937844176e-05
486	07.40631017260176e-05	01.41979772183774e-05
487	07.38538915266603e-05	01.41578713954358e-05
488	07.36452575105450e-05	01.41178760274489e-05
489	07.34371981777898e-05	01.40779908268877e-05
490	07.32297120269418e-05	01.40382155059220e-05
491	07.30227975619207e-05	01.39985497777516e-05
492	07.28164532846106e-05	01.39589933551860e-05
493	07.26106777004259e-05	01.39195459517116e-05
494	07.24054693172694e-05	01.38802072812917e-05
495	07.22008266427365e-05	01.38409770578307e-05
496	07.19967481885218e-05	01.38018549960188e-05
497	07.17932324666285e-05	01.37628408106055e-05
498	07.15902779923632e-05	01.37239342169735e-05
499	07.13878832833828e-05	01.36851349309558e-05
500	07.11860468571678e-05	01.36464426683519e-05
501	07.09847672360433e-05	01.36078571458900e-05
502	07.07840429421312e-05	01.35693780802592e-05
503	07.05838725035545e-05	01.35310051892990e-05
504	07.03842544467659e-05	01.34927381905289e-05
505	07.01851873022456e-05	01.34545768022402e-05
506	06.99866696035786e-05	01.34165207433197e-05
507	06.97886998857587e-05	01.33785697329241e-05
508	06.95912766877084e-05	01.33407234909632e-05
509	06.93943985495222e-05	01.33029817375716e-05
510	06.91980640140088e-05	01.32653441934040e-05
511	06.90022716261997e-05	01.32278105795415e-05
512	06.88070199369186e-05	01.31903806181753e-05
513	06.86123074951540e-05	01.31530540311451e-05
514	06.84181328562678e-05	01.31158305415120e-05
515	06.82244945761000e-05	01.30787098724290e-05
516	06.80313912134668e-05	01.30416917476197e-05
517	06.78388213329165e-05	01.30047758919064e-05
518	06.76467834973978e-05	01.29679620298047e-05
519	06.74552762758382e-05	01.29312498869767e-05
520	06.72642982388093e-05	01.28946391893991e-05
521	06.70738479611396e-05	01.28581296638652e-05
522	06.68839240187793e-05	01.28217210373830e-05
523	06.66945249917291e-05	01.27854130377371e-05
524	06.65056494630148e-05	01.27492053932920e-05
525	06.63172960176741e-05	01.27130978327979e-05
526	06.61294632458562e-05	01.26770900859849e-05
527	06.59421497377257e-05	01.26411818825861e-05
528	06.57553540897795e-05	01.26053729535482e-05
529	06.55690748993660e-05	01.25696630299815e-05
530	06.53833107682592e-05	01.25340518438445e-05
531	06.51980602995906e-05	01.24985391273561e-05
532	06.50133221013488e-05	01.24631246136660e-05
533	06.48290947839709e-05	01.24278080363937e-05
534	06.46453769607484e-05	01.23925891297056e-05
535	06.44621672500828e-05	01.23574676287477e-05
536	06.42794642705045e-05	01.23224432686908e-05
537	06.40972666455713e-05	01.22875157856694e-05
538	06.39155730015485e-05	01.22526849163372e-05
539	06.37343819688240e-05	01.22179503981379e-05
540	06.35536921788738e-05	01.21833119687241e-05
541	06.33735022695187e-05	01.21487693669645e-05
542	06.31938108785988e-05	01.21143223317315e-05
543	06.30146166497990e-05	01.20799706030181e-05
544	06.28359182275539e-05	01.20457139209609e-05
545	06.26577142618428e-05	01.20115520267595e-05
546	06.24800034051254e-05	01.19774846620890e-05
547	06.23027843130519e-05	01.19435115692360e-05
548	06.21260556430525e-05	01.19096324908284e-05
549	06.19498160587182e-05	01.18758471706751e-05
550	06.17740642253866e-05	01.18421553529201e-05
551	06.15987988116249e-05	01.18085567823260e-05
552	06.14240184885207e-05	01.17750512041390e-05
553	06.12497219320921e-05	01.17416383645502e-05
554	06.10759078219302e-05	01.17083180104360e-05
555	06.09025748377134e-05	01.16750898886891e-05
556	06.07297216660143e-05	01.16419537475241e-05
557	06.05573469944933e-05	01.16089093353642e-05
558	06.03854495161082e-05	01.15759564016478e-05
559	06.02140279242700e-05	01.15430946959004e-05
560	06.00430809187294e-05	01.15103239688629e-05
561	05.98726072003016e-05	01.14776439714801e-05
562	05.97026054743200e-05	01.14450544555629e-05
563	05.95330744488661e-05	01.14125551734494e-05
564	05.93640128354391e-05	01.13801458781322e-05
565	05.91954193495504e-05	01.13478263233738e-05
566	05.90272927083692e-05	01.13155962632539e-05
567	05.88596316334864e-05	01.12834554527002e-05
568	05.86924348502487e-05	01.12514036473603e-05
569	05.85257010853984e-05	01.12194406031492e-05
570	05.83594290721898e-05	01.11875660772305e-05
571	05.81936175436822e-05	01.11557798267301e-05
572	05.80282652378771e-05	01.11240816097217e-05
573	05.78633708968900e-05	01.10924711850674e-05
574	05.76989332648139e-05	01.10609483120085e-05
575	05.75349510888411e-05	01.10295127503803e-05
576	05.73714231199552e-05	01.09981642607451e-05
577	05.72083481135500e-05	01.09669026045105e-05
578	05.70457248258513e-05	01.09357275432436e-05
579	05.68835520180487e-05	01.09046388394631e-05
580	05.67218284553096e-05	01.08736362564504e-05
581	05.65605529025396e-05	01.08427195574363e-05
582	05.63997241329073e-05	01.08118885072361e-05
583	05.62393409188963e-05	01.07811428705335e-05
584	05.60794020376224e-05	01.07504824129002e-05
585	05.59199062695950e-05	01.07199069005586e-05
586	05.57608523985046e-05	01.06894161003408e-05
587	05.56022392107795e-05	01.06590097796039e-05
588	05.54440654966177e-05	01.06286877064274e-05
589	05.52863300488625e-05	01.05984496493981e-05
590	05.51290316648202e-05	01.05682953779583e-05
591	05.49721691432400e-05	01.05382246618269e-05
592	05.48157412871282e-05	01.05082372715389e-05
593	05.46597469029484e-05	01.04783329782922e-05
594	05.45041848000612e-05	01.04485115538397e-05
595	05.43490537895577e-05	01.04187727702665e-05
596	05.41943526888868e-05	01.03891164008761e-05
597	05.40400803156929e-05	01.03595422190098e-05
598	05.38862354921791e-05	01.03300499988824e-05
599	05.37328170436818e-05	01.03006395153099e-05
600	05.35798237984313e-05	01.02713105436626e-05
601	05.34272545877414e-05	01.02420628599022e-05
602	05.32751082451777e-05	01.02128962404218e-05
603	05.31233836113618e-05	01.01838104629674e-05
604	05.29720795242073e-05	01.01548053047658e-05
605	05.28211948289682e-05	01.01258805444508e-05
606	05.26707283727260e-05	01.00970359610068e-05
607	05.25206790050135e-05	01.00682713338880e-05
608	05.23710455802864e-05	01.00395864434922e-05
609	05.22218269539526e-05	01.00109810703999e-05
610	05.20730219872032e-05	09.98245499630024e-06
611	05.19246295404432e-05	09.95400800273154e-06
612	05.17766484814592e-05	09.92563987264729e-06
613	05.16290776771379e-05	09.89735038882845e-06
614	05.14819160002641e-05	09.86913933518663e-06
615	05.13351623268238e-05	09.84100649624712e-06
616	05.11888155328390e-05	09.81295165654212e-06
617	05.10428745001658e-05	09.78497460172222e-06
618	05.08973381135153e-05	09.75707511798533e-06
619	05.07522052593614e-05	09.72925299186728e-06
620	05.06074748279188e-05	09.70150801062102e-06
621	05.04631457128269e-05	09.67383996215603e-06
622	05.03192168102486e-05	09.64624863486551e-06
623	05.01756870178468e-05	09.61873381743027e-06
624	05.00325552397028e-05	09.59129529976149e-06
625	04.98898203806430e-05	09.56393287191319e-06
626	04.97474813484533e-05	09.53664632450675e-06
627	04.96055370540349e-05	09.50943544876073e-06
628	04.94639864118483e-05	09.48230003657604e-06
629	04.93228283394400e-05	09.45523988044517e-06
630	04.91820617561115e-05	09.42825477319702e-06
631	04.90416855866775e-05	09.40134450871741e-06
632	04.89016987547007e-05	09.37450888065214e-06
633	04.87621001904517e-05	09.34774768393293e-06
634	04.86228888251414e-05	09.32106071367172e-06
635	04.84840635940686e-05	09.29444776576415e-06
636	04.83456234345400e-05	09.26790863649075e-06
637	04.82075672877711e-05	09.24144312288139e-06
638	04.80698940971151e-05	09.21505102237571e-06
639	04.79326028085035e-05	09.18873213290766e-06
640	04.77956923715216e-05	09.16248625311156e-06
641	04.76591617385349e-05	09.13631318215476e-06
642	04.75230098638738e-05	09.11021271958124e-06
643	04.73872357066379e-05	09.08418466584930e-06
644	04.72518382265228e-05	09.05822882153142e-06
645	04.71168163876255e-05	09.03234498804387e-06
646	04.69821691567105e-05	09.00653296731429e-06
647	04.68478955028337e-05	08.98079256170957e-06
648	04.67139943970243e-05	08.95512357397490e-06
649	04.65804648174093e-05	08.92952580821609e-06
650	04.64473057385443e-05	08.90399906785434e-06
651	04.63145161420079e-05	08.87854315765717e-06
652	04.61820950120343e-05	08.85315788290116e-06
653	04.60500413334906e-05	08.82784304898424e-06
654	04.59183540969035e-05	08.80259846238928e-06
655	04.57870322934416e-05	08.77742392972217e-06
656	04.56560749168373e-05	08.75231925808036e-06
657	04.55254809655363e-05	08.72728425546477e-06
658	04.53952494397634e-05	08.70231873021742e-06
659	04.52653793418359e-05	08.67742249108144e-06
660	04.51358696764350e-05	08.65259534725313e-06
661	04.50067194528817e-05	08.62783710881828e-06
662	04.48779276827356e-05	08.60314758629175e-06
663	04.47494933794578e-05	08.57852659055299e-06
664	04.46214155584014e-05	08.55397393284408e-06
665	04.44936932404773e-05	08.52948942547262e-06
666	04.43663254465372e-05	08.50507288073477e-06
667	04.42393112015631e-05	08.48072411171855e-06
668	04.41126495319223e-05	08.45644293177749e-06
669	04.39863394698544e-05	08.43222915539089e-06
670	04.38603800462196e-05	08.40808259677359e-06
671	04.37347702966208e-05	08.38400307104961e-06
672	04.36095092594566e-05	08.35999039387891e-06
673	04.34845959754681e-05	08.33604438137051e-06
674	04.33600294870651e-05	08.31216484995336e-06
675	04.32358088416297e-05	08.28835161700952e-06
676	04.31119330854163e-05	08.26460449970497e-06
677	04.29884012725537e-05	08.24092331671514e-06
678	04.28652124545583e-05	08.21730788621471e-06
679	04.27423656892200e-05	08.19375802758095e-06
680	04.26198600350798e-05	08.17027356033518e-06
681	04.24976945536893e-05	08.14685430457581e-06
682	04.23758683097461e-05	08.12350008100434e-06
683	04.22543803688424e-05	08.10021071049379e-06
684	04.21332298020268e-05	08.07698601496314e-06
685	04.20124156802656e-05	08.05382581631565e-06
686	04.18919370780712e-05	08.03072993713433e-06
687	04.17717930734698e-05	08.00769820067580e-06
688	04.16519827448834e-05	07.98473043027255e-06
689	04.15325051747665e-05	07.96182645003010e-06
690	04.14133594489409e-05	07.93898608469950e-06
691	04.12945446532910e-05	07.91620915904381e-06
692	04.11760598786989e-05	07.89349549878413e-06
693	04.10579042169605e-05	07.87084492981673e-06
694	04.09400767621596e-05	07.84825727847651e-06
695	04.08225766124491e-05	07.82573237187839e-06
696	04.07054028677993e-05	07.80327003748571e-06
697	04.05885546298838e-05	07.78087010308830e-06
698	04.04720310043262e-05	07.75853239723322e-06
699	04.03558310971712e-05	07.73625674854830e-06
700	04.02399540193018e-05	07.71404298658883e-06
701	04.01243988823758e-05	07.69189094105864e-06
702	04.00091648009160e-05	07.66980044221079e-06
703	03.98942508926396e-05	07.64777132091071e-06
704	03.97796562757296e-05	07.62580340811311e-06
705	03.96653800737425e-05	07.60389653580283e-06
706	03.95514214101425e-05	07.58205053594698e-06
707	03.94377794122464e-05	07.56026524125127e-06
708	03.93244532091140e-05	07.53854048475551e-06
709	03.92114419325578e-05	07.51687610002718e-06
710	03.90987447161564e-05	07.49527192097241e-06
711	03.89863606972239e-05	07.47372778221333e-06
712	03.88742890137527e-05	07.45224351850214e-06
713	03.87625288062180e-05	07.43081896506704e-06
714	03.86510792211669e-05	07.40945395830015e-06
715	03.85399394017733e-05	07.38814833394698e-06
716	03.84291084981818e-05	07.36690192908933e-06
717	03.83185856596480e-05	07.34571458063857e-06
718	03.82083700391707e-05	07.32458612622365e-06
719	03.80984607940840e-05	07.30351640430459e-06
720	03.79888570803269e-05	07.28250525307400e-06
721	03.78795580588917e-05	07.26155251169316e-06
722	03.77705628912287e-05	07.24065801941119e-06
723	03.76618707425895e-05	07.21982161620593e-06
724	03.75534807811112e-05	07.19904314260834e-06
725	03.74453921745322e-05	07.17832243907297e-06
726	03.73376040956108e-05	07.15765934701667e-06
727	03.72301157168331e-05	07.13705370780416e-06
728	03.71229262163515e-05	07.11650536388635e-06
729	03.70160347718139e-05	07.09601415761741e-06
730	03.69094405634780e-05	07.07557993185191e-06
731	03.68031427751456e-05	07.05520253012371e-06
732	03.66971405923500e-05	07.03488179629867e-06
733	03.65914332020739e-05	07.01461757452052e-06
734	03.64860197937587e-05	06.99440970940426e-06
735	03.63808995610145e-05	06.97425804636409e-06
736	03.62760716963755e-05	06.95416243060794e-06
737	03.61715353974063e-05	06.93412270830804e-06
738	03.60672898623615e-05	06.91413872576895e-06
739	03.59633342932634e-05	06.89421033001746e-06
740	03.58596678937131e-05	06.87433736838305e-06
741	03.57562898666667e-05	06.85451968807154e-06
742	03.56531994219493e-05	06.83475713760553e-06
743	03.55503957680439e-05	06.81504956525034e-06
744	03.54478781186371e-05	06.79539682026884e-06
745	03.53456456862894e-05	06.77579875170805e-06
746	03.52436976886110e-05	06.75625520958297e-06
747	03.51420333434167e-05	06.73676604394783e-06
748	03.50406518716524e-05	06.71733110545714e-06
749	03.49395524958622e-05	06.69795024507175e-06
750	03.48387344419488e-05	06.67862331439636e-06
751	03.47381969375689e-05	06.65935016537190e-06
752	03.46379392096952e-05	06.64013064980823e-06
753	03.45379604920089e-05	06.62096462080118e-06
754	03.44382600175557e-05	06.60185193132478e-06
755	03.43388370211144e-05	06.58279243468530e-06
756	03.42396907419817e-05	06.56378598505509e-06
757	03.41408204193228e-05	06.54483243658129e-06
758	03.40422252955419e-05	06.52593164403195e-06
759	03.39439046149589e-05	06.50708346254237e-06
760	03.38458576235988e-05	06.48828774757473e-06
761	03.37480835694883e-05	06.46954435497494e-06
762	03.36505817041588e-05	06.45085314126074e-06
763	03.35533512793028e-05	06.43221396298077e-06
764	03.34563915500127e-05	06.41362667733543e-06
765	03.33597017726522e-05	06.39509114176886e-06
766	03.32632812059830e-05	06.37660721418483e-06
767	03.31671291108948e-05	06.35817475289510e-06
768	03.30712447504415e-05	06.33979361662633e-06
769	03.29756273896920e-05	06.32146366449138e-06
770	03.28802762944854e-05	06.30318475575085e-06
771	03.27851907354182e-05	06.28495675057728e-06
772	03.26903699826956e-05	06.26677950906820e-06
773	03.25958133092731e-05	06.24865289184841e-06
774	03.25015199905976e-05	06.23057676002028e-06
775	03.24074893032318e-05	06.21255097490009e-06
776	03.23137205269835e-05	06.19457539842620e-06
777	03.22202129417178e-05	06.17664989254800e-06
778	03.21269658327078e-05	06.15877432025155e-06
779	03.20339784824818e-05	06.14094854399671e-06
780	03.19412501803979e-05	06.12317242755271e-06
781	03.18487802133764e-05	06.10544583422136e-06
782	03.17565678743266e-05	06.08776862845263e-06
783	03.16646124551053e-05	06.07014067449466e-06
784	03.15729132508926e-05	06.05256183723274e-06
785	03.14814695588610e-05	06.03503198193403e-06
786	03.13902806778414e-05	06.01755097418371e-06
787	03.12993459088166e-05	06.00011867997938e-06
788	03.12086645540568e-05	05.98273496556551e-06
789	03.11182359176002e-05	05.96539969752545e-06
790	03.10280593081718e-05	05.94811274334100e-06
791	03.09381340323132e-05	05.93087397007547e-06
792	03.08484594023257e-05	05.91368324589626e-06
793	03.07590347295503e-05	05.89654043878668e-06
794	03.06698593276619e-05	05.87944541717748e-06
795	03.05809325141626e-05	05.86239805023306e-06
796	03.04922536063583e-05	05.84539820708020e-06
797	03.04038219247656e-05	05.82844575746121e-06
798	03.03156367908766e-05	05.81154057130539e-06
799	03.02276975290742e-05	05.79468251909621e-06
800	03.01400034644949e-05	05.77787147146158e-06
801	03.00525539250848e-05	05.76110729956807e-06
802	02.99653482396093e-05	05.74438987473924e-06
803	02.98783857399807e-05	05.72771906890198e-06
804	02.97916657593950e-05	05.71109475422922e-06
805	02.97051876323006e-05	05.69451680313400e-06
806	02.96189506961794e-05	05.67798508861088e-06
807	02.95329542887417e-05	05.66149948369821e-06
808	02.94471977520398e-05	05.64505986226667e-06
809	02.93616804267245e-05	05.62866609791834e-06
810	02.92764016587723e-05	05.61231806527618e-06
811	02.91913607930855e-05	05.59601563875725e-06
812	02.91065571775821e-05	05.57975869335672e-06
813	02.90219901623959e-05	05.56354710449455e-06
814	02.89376590977394e-05	05.54738074760575e-06
815	02.88535633390759e-05	05.53125949913194e-06
816	02.87697022402770e-05	05.51518323520959e-06
817	02.86860751570603e-05	05.49915183232907e-06
818	02.86026814503968e-05	05.48316516798785e-06
819	02.85195204788767e-05	05.46722311922692e-06
820	02.84365916056094e-05	05.45132556395371e-06
821	02.83538941942827e-05	05.43547238018646e-06
822	02.82714276114636e-05	05.41966344649538e-06
823	02.81891912230198e-05	05.40389864131659e-06
824	02.81071843998089e-05	05.38817784404285e-06
825	02.80254065125849e-05	05.37250093404698e-06
826	02.79438569339634e-05	05.35686779105874e-06
827	02.78625350379126e-05	05.34127829506711e-06
828	02.77814402024775e-05	05.32573232684267e-06
829	02.77005718029983e-05	05.31022976663747e-06
830	02.76199292212031e-05	05.29477049592807e-06
831	02.75395118385608e-05	05.27935439614144e-06
832	02.74593190370775e-05	05.26398134880742e-06
833	02.73793502037194e-05	05.24865123640681e-06
834	02.72996047233052e-05	05.23336394100864e-06
835	02.72200819851116e-05	05.21811934553662e-06
836	02.71407813789928e-05	05.20291733302515e-06
837	02.70617022959779e-05	05.18775778673380e-06
838	02.69828441307065e-05	05.17264059061437e-06
839	02.69042062776358e-05	05.15756562858361e-06
840	02.68257881339762e-05	05.14253278508611e-06
841	02.67475890982152e-05	05.12754194481127e-06
842	02.66696085697482e-05	05.11259299262255e-06
843	02.65918459516254e-05	05.09768581408398e-06
844	02.65143006468648e-05	05.08282029475351e-06
845	02.64369720599821e-05	05.06799632047612e-06
846	02.63598595995213e-05	05.05321377786907e-06
847	02.62829626723289e-05	05.03847255322418e-06
848	02.62062806897546e-05	05.02377253369653e-06
849	02.61298130625118e-05	05.00911360631928e-06
850	02.60535592049812e-05	04.99449565882851e-06
851	02.59775185318068e-05	04.97991857901090e-06
852	02.59016904598728e-05	04.96538225508249e-06
853	02.58260744076544e-05	04.95088657556435e-06
854	02.57506697950335e-05	04.93643142924720e-06
855	02.56754760428399e-05	04.92201670510347e-06
856	02.56004925758427e-05	04.90764229286079e-06
857	02.55257188167071e-05	04.89330808184343e-06
858	02.54511541939385e-05	04.87901396249529e-06
859	02.53767981346315e-05	04.86475982498977e-06
860	02.53026500682535e-05	04.85054555995512e-06
861	02.52287094264206e-05	04.83637105843154e-06
862	02.51549756417788e-05	04.82223621165667e-06
863	02.50814481482418e-05	04.80814091111113e-06
864	02.50081263826310e-05	04.79408504883299e-06
865	02.49350097818313e-05	04.78006851687245e-06
866	02.48620977853613e-05	04.76609120778464e-06
867	02.47893898331421e-05	04.75215301420178e-06
868	02.47168853683584e-05	04.73825382938183e-06
869	02.46445838340164e-05	04.72439354654842e-06
870	02.45724846762029e-05	04.71057205951583e-06
871	02.45005873408574e-05	04.69678926207002e-06
872	02.44288912780547e-05	04.68304504878976e-06
873	02.43573959365264e-05	04.66933931399628e-06
874	02.42861007672105e-05	04.65567195243382e-06
875	02.42150052240156e-05	04.64204285941603e-06
876	02.41441087619509e-05	04.62845193046761e-06
877	02.40734108364474e-05	04.61489906119408e-06
878	02.40029109043657e-05	04.60138414747501e-06
879	02.39326084277245e-05	04.58790708617884e-06
880	02.38625028639254e-05	04.57446777328881e-06
881	02.37925936766230e-05	04.56106610598696e-06
882	02.37228803292877e-05	04.54770198141999e-06
883	02.36533622869843e-05	04.53437529704021e-06
884	02.35840390168002e-05	04.52108595068771e-06
885	02.35149099859515e-05	04.50783384022723e-06
886	02.34459746652825e-05	04.49461886421907e-06
887	02.33772325249039e-05	04.48144092108284e-06
888	02.33086830383244e-05	04.46829990988962e-06
889	02.32403256787504e-05	04.45519572965246e-06
890	02.31721599222229e-05	04.44212827992788e-06
891	02.31041852459992e-05	04.42909746050554e-06
892	02.30364011269940e-05	04.41610317110940e-06
893	02.29688070478605e-05	04.40314531256352e-06
894	02.29014024877102e-05	04.39022378501302e-06
895	02.28341869301811e-05	04.37733848947072e-06
896	02.27671598597087e-05	04.36448932710237e-06
897	02.27003207615782e-05	04.35167619923656e-06
898	02.26336691241750e-05	04.33889900779622e-06
899	02.25672044344608e-05	04.32615765443136e-06
900	02.25009261835494e-05	04.31345204158794e-06
901	02.24348338633904e-05	04.30078207187213e-06
902	02.23689269645598e-05	04.28814764762682e-06
903	02.23032049835195e-05	04.27554867232319e-06
904	02.22376674153779e-05	04.26298504917295e-06
905	02.21723137579698e-05	04.25045668191054e-06
906	02.21071435088992e-05	04.23796347422604e-06
907	02.20421561684829e-05	04.22550533032968e-06
908	02.19773512376442e-05	04.21308215454790e-06
909	02.19127282199084e-05	04.20069385170597e-06
910	02.18482866196108e-05	04.18834032678438e-06
911	02.17840259416672e-05	04.17602148487501e-06
912	02.17199456922062e-05	04.16373723130216e-06
913	02.16560453812824e-05	04.15148747214274e-06
914	02.15923245178875e-05	04.13927211326993e-06
915	02.15287826128878e-05	04.12709106091628e-06
916	02.14654191792788e-05	04.11494422172249e-06
917	02.14022337297009e-05	04.10283150226122e-06
918	02.13392257808420e-05	04.09075280988097e-06
919	02.12763948475066e-05	04.07870805156926e-06
920	02.12137404492356e-05	04.06669713522155e-06
921	02.11512621047505e-05	04.05471996857623e-06
922	02.10889593343871e-05	04.04277645968116e-06
923	02.10268316603135e-05	04.03086651693545e-06
924	02.09648786057375e-05	04.01899004893747e-06
925	02.09030996955211e-05	04.00714696460280e-06
926	02.08414944549242e-05	03.99533717292324e-06
927	02.07800624115027e-05	03.98356058333070e-06
928	02.07188030951770e-05	03.97181710571045e-06
929	02.06577160336881e-05	03.96010664952993e-06
930	02.05968007602538e-05	03.94842912530644e-06
931	02.05360568059462e-05	03.93678444314603e-06
932	02.04754837063156e-05	03.92517251401319e-06
933	02.04150809944687e-05	03.91359324840394e-06
934	02.03548482090383e-05	03.90204655787369e-06
935	02.02947848861759e-05	03.89053235350220e-06
936	02.02348905662230e-05	03.87905054717240e-06
937	02.01751647888944e-05	03.86760105064715e-06
938	02.01156070955859e-05	03.85618377601152e-06
939	02.00562170299361e-05	03.84479863578051e-06
940	01.99969941364180e-05	03.83344554262912e-06
941	01.99379379601411e-05	03.82212440935435e-06
942	01.98790480480442e-05	03.81083514910384e-06
943	01.98203239480966e-05	03.79957767522285e-06
944	01.97617652103839e-05	03.78835190146228e-06
945	01.97033713846748e-05	03.77715774151233e-06
946	01.96451420231686e-05	03.76599510952907e-06
947	01.95870766793513e-05	03.75486391991531e-06
948	01.95291749070322e-05	03.74376408713581e-06
949	01.94714362627713e-05	03.73269552618262e-06
950	01.94138603024858e-05	03.72165815192462e-06
951	01.93564465853311e-05	03.71065187985137e-06
952	01.92991946708573e-05	03.69967662552817e-06
953	01.92421041184276e-05	03.68873230448448e-06
954	01.91851744908368e-05	03.67781883290756e-06
955	01.91284053512953e-05	03.66693612706439e-06
956	01.90717962641688e-05	03.65608410344339e-06
957	01.90153467957835e-05	03.64526267890883e-06
958	01.89590565116671e-05	03.63447177017188e-06
959	01.89029249797651e-05	03.62371129440723e-06
960	01.88469517710257e-05	03.61298116936520e-06
961	01.87911364548150e-05	03.60228131249278e-06
962	01.87354786025907e-05	03.59161164163795e-06
963	01.86799777871167e-05	03.58097207489907e-06
964	01.86246335844477e-05	03.57036253100540e-06
965	01.85694455678691e-05	03.55978292815527e-06
966	01.85144133140774e-05	03.54923318520093e-06
967	01.84595364018442e-05	03.53871322139245e-06
968	01.84048144094083e-05	03.52822295587773e-06
969	01.83502469167541e-05	03.51776230813934e-06
970	01.82958335059154e-05	03.50733119805271e-06
971	01.82415737582177e-05	03.49692954535746e-06
972	01.81874672585409e-05	03.48655727047463e-06
973	01.81335135911920e-05	03.47621429371542e-06
974	01.80797123412394e-05	03.46590053553697e-06
975	01.80260630971743e-05	03.45561591705263e-06
976	01.79725654475653e-05	03.44536035939052e-06
977	01.79192189798199e-05	03.43513378345624e-06
978	01.78660232874851e-05	03.42493611133228e-06
979	01.78129779607215e-05	03.41476726445200e-06
980	01.77600825915585e-05	03.40462716460696e-06
981	01.77073367761865e-05	03.39451573438647e-06
982	01.76547401091138e-05	03.38443289605729e-06
983	01.76022921862422e-05	03.37437857215337e-06
984	01.75499926058517e-05	03.36435268566456e-06
985	01.74978409661643e-05	03.35435515956956e-06
986	01.74458368670261e-05	03.34438591715842e-06
987	01.73939799094829e-05	03.33444488195122e-06
988	01.73422696966784e-05	03.32453197787018e-06
989	01.72907058303360e-05	03.31464712856520e-06
990	01.72392879148798e-05	03.30479025820398e-06
991	01.71880155569377e-05	03.29496129137664e-06
992	01.71368883622229e-05	03.28516015249799e-06
993	01.70859059392766e-05	03.27538676652494e-06
994	01.70350678954587e-05	03.26564105818797e-06
995	01.69843738424946e-05	03.25592295305440e-06
996	01.69338233902669e-05	03.24623237633832e-06
997	01.68834161497824e-05	03.23656925346928e-06
998	01.68331517380458e-05	03.22693351102668e-06
999	01.67830297664346e-05	03.21732507451118e-06
1000	01.67330498503691e-05	03.20774387019840e-06
|| sol - ana_sol || _ 2 = 01.74754353309200e-01
