==== test ====
n_dim = 24
max_it = 1000, rtol = 1.00e-06
sor_omega = 1.50
solver type = "gs"

==== solver ====
solve with gs

iter	||true residual||	||relative residual||
0	07.60176026494212e+00	01.00000000000000e+00
1	04.34006490119174e+00	05.70928936184333e-01
2	01.05843142324096e+00	01.39235043772986e-01
3	04.17599884079806e-01	05.49346295496449e-02
4	04.24104133337418e-01	05.57902536460280e-02
5	03.65793047031404e-01	04.81195189380507e-02
6	02.81862289745398e-01	03.70785554821156e-02
7	02.05703262787158e-01	02.70599513294076e-02
8	01.45604511824327e-01	01.91540520549994e-02
9	01.01099081625215e-01	01.32994304084365e-02
10	06.96337814251234e-02	09.16021802821923e-03
11	04.87155966259245e-02	06.40846263602808e-03
12	03.63098550370894e-02	04.77650620008941e-03
13	03.03638280518263e-02	03.99431539453546e-03
14	02.83864061082469e-02	03.73418854566615e-03
15	02.81249412188695e-02	03.69979323717644e-03
16	02.82619634042241e-02	03.71781829723872e-03
17	02.82561997853946e-02	03.71706010194860e-03
18	02.79576071287924e-02	03.67778069215463e-03
19	02.73717672498970e-02	03.60071434719277e-03
20	02.65543401298377e-02	03.49318305291753e-03
21	02.55691573810553e-02	03.36358376085279e-03
22	02.44732929415747e-02	03.21942446073193e-03
23	02.33130118741134e-02	03.06679125118278e-03
24	02.21238837151433e-02	02.91036325062426e-03
25	02.09322950263261e-02	02.75361157110700e-03
26	01.97572451457188e-02	02.59903554665299e-03
27	01.86120032886775e-02	02.44838072235881e-03
28	01.75054966213641e-02	02.30282145335419e-03
29	01.64434175667929e-02	02.16310656922803e-03
30	01.54290824236006e-02	02.02967232402167e-03
31	01.44640851810826e-02	01.90272840460231e-03
32	01.35487891733168e-02	01.78232260701528e-03
33	01.26826933438901e-02	01.66838901805155e-03
34	01.18647030350633e-02	01.56078363715060e-03
35	01.10933288441767e-02	01.45931053565805e-03
36	01.03668316986812e-02	01.36374094122530e-03
37	09.68332795554176e-03	01.27382706347626e-03
38	09.04086492736043e-03	01.18931202935394e-03
39	08.43747462036605e-03	01.10993695227118e-03
40	07.87121148128123e-03	01.03544589765370e-03
41	07.34017845230677e-03	09.65589310433569e-04
42	06.84254451164521e-03	09.00126322478456e-04
43	06.37655603972168e-03	08.38826247800677e-04
44	05.94054372770188e-03	07.81469491362224e-04
45	05.53292628040799e-03	07.27848036187723e-04
46	05.15221181880009e-03	06.77765627858736e-04
47	04.79699762664115e-03	06.31037741187919e-04
48	04.46596868799432e-03	05.87491387829016e-04
49	04.15789530938065e-03	05.46964803475331e-04
50	03.87162999976786e-03	05.09307037426987e-04
51	03.60610368391651e-03	04.74377454462380e-04
52	03.36032124438512e-03	04.42045148395732e-04
53	03.13335632247369e-03	04.12188258149121e-04
54	02.92434525984606e-03	03.84693170782113e-04
55	02.73248003621449e-03	03.59453592454918e-04
56	02.55700006385153e-03	03.36369469008900e-04
57	02.39718275003520e-03	03.15345744470600e-04
58	02.25233284800431e-03	02.96290960186109e-04
59	02.12177079546425e-03	02.79115720769235e-04
60	02.00482048467397e-03	02.63731085275054e-04
61	01.90079719547818e-03	02.50046979808650e-04
62	01.80899669844133e-03	02.37970764058962e-04
63	01.72868671887326e-03	02.27406108404344e-04
64	01.65910195268395e-03	02.18252338255840e-04
65	01.59944357417798e-03	02.10404369308292e-04
66	01.54888366824319e-03	02.03753290588016e-04
67	01.50657433636192e-03	01.98187562334733e-04
68	01.47166052319503e-03	01.93594703319184e-04
69	01.44329506922568e-03	01.89863270995520e-04
70	01.42065425115655e-03	01.86884905816925e-04
71	01.40295216652281e-03	01.84556223509568e-04
72	01.38945269013565e-03	01.82780387924563e-04
73	01.37947824895046e-03	01.81468265358531e-04
74	01.37241518910902e-03	01.80539130579840e-04
75	01.36771593910512e-03	01.79920951389741e-04
76	01.36489845562235e-03	01.79550315723189e-04
77	01.36354357217030e-03	01.79372082865952e-04
78	01.36329088503965e-03	01.79338842258271e-04
79	01.36383374742745e-03	01.79410254979652e-04
80	01.36491383937153e-03	01.79552339431994e-04
81	01.36631566758098e-03	01.79736747800660e-04
82	01.36786124331938e-03	01.79940065938108e-04
83	01.36940509752882e-03	01.80143157611042e-04
84	01.37082972296335e-03	01.80330564919990e-04
85	01.37204148225064e-03	01.80489970011056e-04
86	01.37296698581081e-03	01.80611718596635e-04
87	01.37354992089309e-03	01.80688402820021e-04
88	01.37374829976280e-03	01.80714499258581e-04
89	01.37353208824140e-03	01.80686056961816e-04
90	01.37288117356997e-03	01.80600430126880e-04
91	01.37178363107715e-03	01.80456050081394e-04
92	01.37023425145404e-03	01.80252231548697e-04
93	01.36823329358510e-03	01.79989008584648e-04
94	01.36578543149258e-03	01.79666996049761e-04
95	01.36289886756563e-03	01.79287272955853e-04
96	01.35958458774963e-03	01.78851284487328e-04
97	01.35585573759159e-03	01.78360759920901e-04
98	01.35172710093267e-03	01.77817644048390e-04
99	01.34721466566313e-03	01.77224040052438e-04
100	01.34233526317613e-03	01.76582162077213e-04
101	01.33710627014437e-03	01.75894295997579e-04
102	01.33154536296894e-03	01.75162767117213e-04
103	01.32567031664152e-03	01.74389913709232e-04
104	01.31949884106346e-03	01.73578065484219e-04
105	01.31304844890779e-03	01.72729526207676e-04
106	01.30633634997312e-03	01.71846559802431e-04
107	01.29937936784958e-03	01.70931379386176e-04
108	01.29219387520402e-03	01.69986138758332e-04
109	01.28479574472077e-03	01.69012925946377e-04
110	01.27720031306590e-03	01.68013758465405e-04
111	01.26942235569835e-03	01.66990580004566e-04
112	01.26147607069945e-03	01.65945258299862e-04
113	01.25337507002066e-03	01.64879583982803e-04
114	01.24513237685158e-03	01.63795270234171e-04
115	01.23676042798907e-03	01.62693953095677e-04
116	01.22827108023502e-03	01.61577192311571e-04
117	01.21967562006098e-03	01.60446472600024e-04
118	01.21098477584203e-03	01.59303205262452e-04
119	01.20220873209689e-03	01.58148730056807e-04
120	01.19335714527273e-03	01.56984317274023e-04
121	01.18443916066073e-03	01.55811169963244e-04
122	01.17546343011180e-03	01.54630426262297e-04
123	01.16643813028261e-03	01.53443161797933e-04
124	01.15737098116929e-03	01.52250392123896e-04
125	01.14826926475136e-03	01.51053075173518e-04
126	01.13913984358035e-03	01.49852113705012e-04
127	01.12998917918156e-03	01.48648357722205e-04
128	01.12082335018084e-03	01.47442606859081e-04
129	01.11164807006124e-03	01.46235612715644e-04
130	01.10246870448933e-03	01.45028081137168e-04
131	01.09329028815891e-03	01.43820674429968e-04
132	01.08411754111647e-03	01.42614013508978e-04
133	01.07495488454766e-03	01.41408679974446e-04
134	01.06580645598501e-03	01.40205218112482e-04
135	01.05667612395975e-03	01.39004136822486e-04
136	01.04756750206297e-03	01.37805911466869e-04
137	01.03848396242084e-03	01.36610985643697e-04
138	01.02942864861763e-03	01.35419772886704e-04
139	01.02040448802414e-03	01.34232658287062e-04
140	01.01141420359091e-03	01.33050000044774e-04
141	01.00246032508578e-03	01.31872130946951e-04
142	09.93545199802967e-04	01.30699359776578e-04
143	09.84671002763286e-04	01.29531972654334e-04
144	09.75839746407016e-04	01.28370234313677e-04
145	09.67053289817845e-04	01.27214389314237e-04
146	09.58313347469885e-04	01.26064663192477e-04
147	09.49621497539955e-04	01.24921263555157e-04
148	09.40979189790704e-04	01.23784381116348e-04
149	09.32387753038410e-04	01.22654190679809e-04
150	09.23848402231806e-04	01.21530852070200e-04
151	09.15362245159266e-04	01.20414511015395e-04
152	09.06930288795808e-04	01.19305299981426e-04
153	08.98553445304533e-04	01.18203338961963e-04
154	08.90232537716123e-04	01.17108736225438e-04
155	08.81968305307711e-04	01.16021589022635e-04
156	08.73761408666340e-04	01.14941984252774e-04
157	08.65612434496101e-04	01.13869999095886e-04
158	08.57521900138361e-04	01.12805701607441e-04
159	08.49490257857503e-04	01.11749151282130e-04
160	08.41517898876678e-04	01.10700399584764e-04
161	08.33605157185330e-04	01.09659490451147e-04
162	08.25752313139299e-04	01.08626460761662e-04
163	08.17959596853102e-04	01.07601340787525e-04
164	08.10227191394501e-04	01.06584154611020e-04
165	08.02555235807316e-04	01.05574920523152e-04
166	07.94943827949016e-04	01.04573651396920e-04
167	07.87393027174418e-04	01.03580355040362e-04
168	07.79902856860046e-04	01.02595034528622e-04
169	07.72473306786605e-04	01.01617688517370e-04
170	07.65104335367723e-04	01.00648311535979e-04
171	07.57795871779002e-04	09.96868942676097e-05
172	07.50547817929853e-04	09.87334238085931e-05
173	07.43360050343803e-04	09.77878839157871e-05
174	07.36232421914963e-04	09.68502552376359e-05
175	07.29164763568161e-04	09.59205155325577e-05
176	07.22156885818080e-04	09.49986398740474e-05
177	07.15208580229351e-04	09.40846008427491e-05
178	07.08319620811892e-04	09.31783687100115e-05
179	07.01489765306285e-04	09.22799116069764e-05
180	06.94718756405764e-04	09.13891956853303e-05
181	06.88006322909284e-04	09.05061852689881e-05
182	06.81352180793711e-04	08.96308429951387e-05
183	06.74756034233519e-04	08.87631299483839e-05
184	06.68217576548317e-04	08.79030057853850e-05
185	06.61736491100745e-04	08.70504288529787e-05
186	06.55312452134365e-04	08.62053562984013e-05
187	06.48945125566222e-04	08.53677441735481e-05
188	06.42634169720195e-04	08.45375475314450e-05
189	06.36379236037403e-04	08.37147205197016e-05
190	06.30179969714441e-04	08.28992164644697e-05
191	06.24036010321195e-04	08.20909879517158e-05
192	06.17946992375593e-04	08.12899869028293e-05
193	06.11912545886385e-04	08.04961646460241e-05
194	06.05932296849199e-04	07.97094719815940e-05
195	06.00005867728296e-04	07.89298592452868e-05
196	05.94132877896877e-04	07.81572763662261e-05
197	05.88312944054232e-04	07.73916729217863e-05
198	05.82545680612049e-04	07.66329981884116e-05
199	05.76830700061451e-04	07.58812011898987e-05
200	05.71167613314131e-04	07.51362307422727e-05
201	05.65556030018576e-04	07.43980354953856e-05
202	05.59995558861461e-04	07.36665639725649e-05
203	05.54485807845098e-04	07.29417646071111e-05
204	05.49026384552106e-04	07.22235857771143e-05
205	05.43616896377860e-04	07.15119758360334e-05
206	05.38256950772202e-04	07.08068831444924e-05
207	05.32946155435695e-04	07.01082560960969e-05
208	05.27684118529365e-04	06.94160431450258e-05
209	05.22470448854435e-04	06.87301928296752e-05
210	05.17304756025232e-04	06.80506537954036e-05
211	05.12186650623067e-04	06.73773748147748e-05
212	05.07115744352695e-04	06.67103048081398e-05
213	05.02091650174325e-04	06.60493928610031e-05
214	04.97113982432555e-04	06.53945882409829e-05
215	04.92182356975125e-04	06.47458404134338e-05
216	04.87296391267627e-04	06.41030990565364e-05
217	04.82455704484768e-04	06.34663140733025e-05
218	04.77659917615059e-04	06.28354356053474e-05
219	04.72908653539638e-04	06.22104140432583e-05
220	04.68201537116737e-04	06.15912000377063e-05
221	04.63538195254732e-04	06.09777445090557e-05
222	04.58918256979184e-04	06.03699986561833e-05
223	04.54341353491720e-04	05.97679139642243e-05
224	04.49807118233732e-04	05.91714422129512e-05
225	04.45315186932699e-04	05.85805354828682e-05
226	04.40865197647867e-04	05.79951461612192e-05
227	04.36456790819686e-04	05.74152269484927e-05
228	04.32089609300964e-04	05.68407308625188e-05
229	04.27763298401657e-04	05.62716112443614e-05
230	04.23477505906652e-04	05.57078217606585e-05
231	04.19231882113800e-04	05.51493164086242e-05
232	04.15026079858491e-04	05.45960495192821e-05
233	04.10859754530463e-04	05.40479757596763e-05
234	04.06732564093353e-04	05.35050501354439e-05
235	04.02644169107232e-04	05.29672279937780e-05
236	03.98594232736407e-04	05.24344650244561e-05
237	03.94582420765196e-04	05.19067172619131e-05
238	03.90608401603907e-04	05.13839410860297e-05
239	03.86671846300419e-04	05.08660932236546e-05
240	03.82772428543096e-04	05.03531307489885e-05
241	03.78909824667961e-04	04.98450110845276e-05
242	03.75083713656207e-04	04.93416920007360e-05
243	03.71293777139704e-04	04.88431316167705e-05
244	03.67539699405452e-04	04.83492884010662e-05
245	03.63821167381191e-04	04.78601211694435e-05
246	03.60137870639844e-04	04.73755890856927e-05
247	03.56489501401249e-04	04.68956516618015e-05
248	03.52875754516680e-04	04.64202687559191e-05
249	03.49296327466755e-04	04.59494005720812e-05
250	03.45750920354825e-04	04.54830076593395e-05
251	03.42239235906561e-04	04.50210509117084e-05
252	03.38760979446227e-04	04.45634915650429e-05
253	03.35315858901824e-04	04.41102911977161e-05
254	03.31903584785987e-04	04.36614117281051e-05
255	03.28523870189115e-04	04.32168154136884e-05
256	03.25176430770425e-04	04.27764648498687e-05
257	03.21860984742539e-04	04.23403229679447e-05
258	03.18577252861520e-04	04.19083530338016e-05
259	03.15324958413530e-04	04.14805186461548e-05
260	03.12103827201718e-04	04.10567837348255e-05
261	03.08913587536243e-04	04.06371125594284e-05
262	03.05753970217364e-04	04.02214697071471e-05
263	03.02624708519573e-04	03.98098200906467e-05
264	02.99525538184476e-04	03.94021289471375e-05
265	02.96456197399381e-04	03.89983618355582e-05
266	02.93416426788813e-04	03.85984846354592e-05
267	02.90405969391873e-04	03.82024635440255e-05
268	02.87424570655605e-04	03.78102650752028e-05
269	02.84471978416725e-04	03.74218560572946e-05
270	02.81547942883369e-04	03.70372036305610e-05
271	02.78652216624132e-04	03.66562752457773e-05
272	02.75784554549064e-04	03.62790386617334e-05
273	02.72944713898462e-04	03.59054619437595e-05
274	02.70132454224569e-04	03.55355134613188e-05
275	02.67347537370940e-04	03.51691618852934e-05
276	02.64589727468515e-04	03.48063761874671e-05
277	02.61858790909449e-04	03.44471256370833e-05
278	02.59154496338043e-04	03.40913797996517e-05
279	02.56476614624446e-04	03.37391085334889e-05
280	02.53824918866894e-04	03.33902819900131e-05
281	02.51199184358503e-04	03.30448706093754e-05
282	02.48599188581219e-04	03.27028451196641e-05
283	02.46024711185335e-04	03.23641765342107e-05
284	02.43475533978384e-04	03.20288361501278e-05
285	02.40951440903627e-04	03.16967955454804e-05
286	02.38452218031267e-04	03.13680265781287e-05
287	02.35977653535146e-04	03.10425013826640e-05
288	02.33527537685997e-04	03.07201923695202e-05
289	02.31101662827642e-04	03.04010722218431e-05
290	02.28699823366689e-04	03.00851138941344e-05
291	02.26321815755501e-04	02.97722906100123e-05
292	02.23967438478745e-04	02.94625758604413e-05
293	02.21636492030694e-04	02.91559434007462e-05
294	02.19328778912159e-04	02.88523672502094e-05
295	02.17044103606806e-04	02.85518216889544e-05
296	02.14782272566520e-04	02.82542812560211e-05
297	02.12543094200371e-04	02.79597207479141e-05
298	02.10326378857893e-04	02.76681152164030e-05
299	02.08131938811378e-04	02.73794399661935e-05
300	02.05959588245988e-04	02.70936705536263e-05
301	02.03809143240839e-04	02.68107827841886e-05
302	02.01680421756583e-04	02.65307527108813e-05
303	01.99573243623721e-04	02.62535566326809e-05
304	01.97487430518314e-04	02.59791710913443e-05
305	01.95422805961271e-04	02.57075728713156e-05
306	01.93379195290979e-04	02.54387389961253e-05
307	01.91356425657387e-04	02.51726467276122e-05
308	01.89354326005577e-04	02.49092735637618e-05
309	01.87372727059046e-04	02.46485972365076e-05
310	01.85411461309881e-04	02.43905957104388e-05
311	01.83470363001713e-04	02.41352471805567e-05
312	01.81549268115397e-04	02.38825300703928e-05
313	01.79648014355938e-04	02.36324230302869e-05
314	01.77766441139329e-04	02.33849049356574e-05
315	01.75904389577518e-04	02.31399548850226e-05
316	01.74061702466137e-04	02.28975521983871e-05
317	01.72238224265729e-04	02.26576764147719e-05
318	01.70433801096103e-04	02.24203072914718e-05
319	01.68648280712273e-04	02.21854248008907e-05
320	01.66881512501271e-04	02.19530091301217e-05
321	01.65133347459105e-04	02.17230406779162e-05
322	01.63403638183341e-04	02.14955000537083e-05
323	01.61692238857539e-04	02.12703680755671e-05
324	01.59999005233125e-04	02.10476257678120e-05
325	01.58323794622114e-04	02.08272543600558e-05
326	01.56666465879587e-04	02.06092352848988e-05
327	01.55026879389863e-04	02.03935501761109e-05
328	01.53404897052048e-04	02.01801808667293e-05
329	01.51800382270650e-04	01.99691093878248e-05
330	01.50213199931242e-04	01.97603179653004e-05
331	01.48643216398067e-04	01.95537890195751e-05
332	01.47090299493465e-04	01.93495051628789e-05
333	01.45554318483782e-04	01.91474491973986e-05
334	01.44035144065978e-04	01.89476041135158e-05
335	01.42532648353086e-04	01.87499530878946e-05
336	01.41046704858291e-04	01.85544794813869e-05
337	01.39577188484522e-04	01.83611668376633e-05
338	01.38123975499157e-04	01.81699988798855e-05
339	01.36686943536960e-04	01.79809595110930e-05
340	01.35265971565732e-04	01.77940328096840e-05
341	01.33860939881658e-04	01.76092030288036e-05
342	01.32471730092851e-04	01.74264545941795e-05
343	01.31098225102382e-04	01.72457721018883e-05
344	01.29740309091585e-04	01.70671403161611e-05
345	01.28397867505838e-04	01.68905441675113e-05
346	01.27070787038396e-04	01.67159687506094e-05
347	01.25758955608607e-04	01.65433993214155e-05
348	01.24462262354457e-04	01.63728212962008e-05
349	01.23180597610817e-04	01.62042202486841e-05
350	01.21913852886953e-04	01.60375819070744e-05
351	01.20661920861534e-04	01.58728921534140e-05
352	01.19424695353055e-04	01.57101370196873e-05
353	01.18202071307171e-04	01.55493026861550e-05
354	01.16993944779614e-04	01.53903754791068e-05
355	01.15800212912525e-04	01.52333418677479e-05
356	01.14620773923180e-04	01.50781884627156e-05
357	01.13455527075206e-04	01.49249020122933e-05
358	01.12304372667786e-04	01.47734694009902e-05
359	01.11167212012101e-04	01.46238776464424e-05
360	01.10043947407665e-04	01.44761138962993e-05
361	01.08934482127038e-04	01.43301654262136e-05
362	01.07838720394509e-04	01.41860196370360e-05
363	01.06756567360037e-04	01.40436640513879e-05
364	01.05687929082490e-04	01.39030863114563e-05
365	01.04632712501980e-04	01.37642741753546e-05
366	01.03590825426990e-04	01.36272155154289e-05
367	01.02562176497019e-04	01.34918983133442e-05
368	01.01546675174985e-04	01.33583106590850e-05
369	01.00544231711467e-04	01.32264407462516e-05
370	09.95547571254737e-05	01.30962768695300e-05
371	09.85781631783430e-05	01.29678074212583e-05
372	09.76143623527483e-05	01.28410208886654e-05
373	09.66632678187763e-05	01.27159058494082e-05
374	09.57247934198614e-05	01.25924509697216e-05
375	09.47988536363537e-05	01.24706449996257e-05
376	09.38853635623141e-05	01.23504767698734e-05
377	09.29842388814548e-05	01.22319351887852e-05
378	09.20953958329978e-05	01.21150092377583e-05
379	09.12187511916168e-05	01.19996879686275e-05
380	09.03542222370452e-05	01.18859604996677e-05
381	08.95017267196032e-05	01.17738160110584e-05
382	08.86611828399024e-05	01.16632437422147e-05
383	08.78325092165159e-05	01.15542329875335e-05
384	08.70156248520082e-05	01.14467730919255e-05
385	08.62104491122856e-05	01.13408534480983e-05
386	08.54169016887245e-05	01.12364634915746e-05
387	08.46349025745581e-05	01.11335926975859e-05
388	08.38643720261253e-05	01.10322305759749e-05
389	08.31052305448187e-05	01.09323666688207e-05
390	08.23573988325207e-05	01.08339905445766e-05
391	08.16207977736692e-05	01.07370917957106e-05
392	08.08953483957172e-05	01.06416600335045e-05
393	08.01809718410300e-05	01.05476848843562e-05
394	07.94775893407784e-05	01.04551559863462e-05
395	07.87851221768432e-05	01.03640629842255e-05
396	07.81034916600153e-05	01.02743955265485e-05
397	07.74326190881766e-05	01.01861432601711e-05
398	07.67724257305283e-05	01.00992958281766e-05
399	07.61228327867371e-05	01.00138428645009e-05
400	07.54837613635012e-05	09.92977399085026e-06
401	07.48551324417038e-05	09.84707881238001e-06
402	07.42368668556908e-05	09.76574691496879e-06
403	07.36288852524889e-05	09.68576785985364e-06
404	07.30311080794261e-05	09.60713118200159e-06
405	07.24434555446948e-05	09.52982638492171e-06
406	07.18658476006960e-05	09.45384293847409e-06
407	07.12982039136118e-05	09.37917027486720e-06
408	07.07404438425654e-05	09.30579778591637e-06
409	07.01924864100822e-05	09.23371481915795e-06
410	06.96542502921032e-05	09.16291067653572e-06
411	06.91256537817598e-05	09.09337460963538e-06
412	06.86066147813900e-05	09.02509581863437e-06
413	06.80970507740345e-05	08.95806344855220e-06
414	06.75968788150907e-05	08.89226658815258e-06
415	06.71060155077674e-05	08.82769426671447e-06
416	06.66243769914048e-05	08.76433545249563e-06
417	06.61518789274271e-05	08.70217905088470e-06
418	06.56884364895914e-05	08.64121390311846e-06
419	06.52339643486267e-05	08.58142878426111e-06
420	06.47883766668115e-05	08.52281240249094e-06
421	06.43515870876780e-05	08.46535339774596e-06
422	06.39235087313855e-05	08.40904034111528e-06
423	06.35040541931283e-05	08.35386173462967e-06
424	06.30931355329714e-05	08.29980600992444e-06
425	06.26906642861915e-05	08.24686152959979e-06
426	06.22965514537036e-05	08.19501658596148e-06
427	06.19107075109998e-05	08.14425940219666e-06
428	06.15330424106619e-05	08.09457813270442e-06
429	06.11634655880829e-05	08.04596086384850e-06
430	06.08018859722292e-05	07.99839561537293e-06
431	06.04482119921934e-05	07.95187034126413e-06
432	06.01023515914601e-05	07.90637293162753e-06
433	05.97642122396041e-05	07.86189121422644e-06
434	05.94337009479089e-05	07.81841295653664e-06
435	05.91107242869448e-05	07.77592586805878e-06
436	05.87951884026866e-05	07.73441760243859e-06
437	05.84869990422182e-05	07.69387576084833e-06
438	05.81860615696425e-05	07.65428789407969e-06
439	05.78922809882995e-05	07.61564150546654e-06
440	05.76055619749419e-05	07.57792405538068e-06
441	05.73258088940224e-05	07.54112296311134e-06
442	05.70529258335645e-05	07.50522561158391e-06
443	05.67868166309279e-05	07.47021935074932e-06
444	05.65273849017662e-05	07.43609150139340e-06
445	05.62745340716346e-05	07.40282935929485e-06
446	05.60281674123273e-05	07.37042020000533e-06
447	05.57881880663696e-05	07.33885128207136e-06
448	05.55544990894888e-05	07.30810985262132e-06
449	05.53270034818895e-05	07.27818315147968e-06
450	05.51056042210892e-05	07.24905841548646e-06
451	05.48902043015705e-05	07.22072288371336e-06
452	05.46807067732510e-05	07.19316380252454e-06
453	05.44770147691195e-05	07.16636842921200e-06
454	05.42790315561680e-05	07.14032403869570e-06
455	05.40866605599432e-05	07.11501792675319e-06
456	05.38998054096646e-05	07.09043741595487e-06
457	05.37183699740439e-05	07.06656986037600e-06
458	05.35422583995253e-05	07.04340265062712e-06
459	05.33713751447351e-05	07.02092321838585e-06
460	05.32056250223794e-05	06.99911904190844e-06
461	05.30449132324750e-05	06.97797765040133e-06
462	05.28891454002220e-05	06.95748662900312e-06
463	05.27382276131172e-05	06.93763362366686e-06
464	05.25920664534625e-05	06.91840634543648e-06
465	05.24505690362121e-05	06.89979257542548e-06
466	05.23136430422895e-05	06.88178016919978e-06
467	05.21811967514076e-05	06.86435706109510e-06
468	05.20531390738128e-05	06.84751126839294e-06
469	05.19293795849724e-05	06.83123089588353e-06
470	05.18098285540693e-05	06.81550413961440e-06
471	05.16943969739589e-05	06.80031929083106e-06
472	05.15829965897579e-05	06.78566473973783e-06
473	05.14755399297513e-05	06.77152897956369e-06
474	05.13719403269512e-05	06.75790060939817e-06
475	05.12721119484789e-05	06.74476833805666e-06
476	05.11759698181788e-05	06.73212098705516e-06
477	05.10834298413928e-05	06.71994749386927e-06
478	05.09944088242998e-05	06.70823691447840e-06
479	05.09088244994638e-05	06.69697842672646e-06
480	05.08265955378337e-05	06.68616133190049e-06
481	05.07476415759579e-05	06.67577505831069e-06
482	05.06718832265196e-05	06.66580916267627e-06
483	05.05992420992600e-05	06.65625333287793e-06
484	05.05296408102967e-05	06.64709738918364e-06
485	05.04630029993714e-05	06.63833128651758e-06
486	05.03992533421165e-05	06.62994511607374e-06
487	05.03383175611680e-05	06.62192910677791e-06
488	05.02801224334992e-05	06.61427362625228e-06
489	05.02245958003936e-05	06.60696918212745e-06
490	05.01716665789046e-05	06.60000642354993e-06
491	05.01212647637015e-05	06.59337614142494e-06
492	05.00733214353193e-05	06.58706926950169e-06
493	05.00277687604363e-05	06.58107688440990e-06
494	04.99845400014676e-05	06.57539020692179e-06
495	04.99435695150965e-05	06.57000060175888e-06
496	04.99047927536276e-05	06.56489957777004e-06
497	04.98681462666424e-05	06.56007878814921e-06
498	04.98335676985254e-05	06.55553003011005e-06
499	04.98009957921251e-05	06.55124524536743e-06
500	04.97703703804027e-05	06.54721651903892e-06
501	04.97416323868873e-05	06.54343607970463e-06
502	04.97147238200654e-05	06.53989629866918e-06
503	04.96895877712794e-05	06.53658968968521e-06
504	04.96661684099776e-05	06.53350890832859e-06
505	04.96444109719747e-05	06.53064675045401e-06
506	04.96242617599130e-05	06.52799615225577e-06
507	04.96056681317854e-05	06.52555018875790e-06
508	04.95885784949270e-05	06.52330207302382e-06
509	04.95729422966475e-05	06.52124515492399e-06
510	04.95587100180010e-05	06.51937292031642e-06
511	04.95458331602039e-05	06.51767898925988e-06
512	04.95342642391015e-05	06.51615711528607e-06
513	04.95239567715429e-05	06.51480118360718e-06
514	04.95148652694995e-05	06.51360521034223e-06
515	04.95069452216532e-05	06.51256334009504e-06
516	04.95001530911628e-05	06.51166984566037e-06
517	04.94944462973721e-05	06.51091912561767e-06
518	04.94897832059706e-05	06.51030570303671e-06
519	04.94861231185134e-05	06.50982422409899e-06
520	04.94834262585310e-05	06.50946945627044e-06
521	04.94816537582776e-05	06.50923628655821e-06
522	04.94807676486776e-05	06.50911972018817e-06
523	04.94807308455888e-05	06.50911487879782e-06
524	04.94815071318150e-05	06.50921699807008e-06
525	04.94830611535475e-05	06.50942142726521e-06
526	04.94853584019036e-05	06.50972362679216e-06
527	04.94883651947916e-05	06.51011916582302e-06
528	04.94920486741156e-05	06.51060372192525e-06
529	04.94963767846275e-05	06.51117307827971e-06
530	04.95013182609022e-05	06.51182312196728e-06
531	04.95068426206936e-05	06.51254984309487e-06
532	04.95129201426243e-05	06.51334933186048e-06
533	04.95195218592132e-05	06.51421777763604e-06
534	04.95266195388975e-05	06.51515146660240e-06
535	04.95341856788803e-05	06.51614678080846e-06
536	04.95421934845759e-05	06.51720019546724e-06
537	04.95506168614546e-05	06.51830827788304e-06
538	04.95594303997402e-05	06.51946768543845e-06
539	04.95686093648262e-05	06.52067516433362e-06
540	04.95781296764827e-05	06.52192754685092e-06
541	04.95879679056012e-05	06.52322175092675e-06
542	04.95981012550241e-05	06.52455477762975e-06
543	04.96085075507130e-05	06.52592370999886e-06
544	04.96191652248149e-05	06.52732571081583e-06
545	04.96300533073284e-05	06.52875802150888e-06
546	04.96411514132538e-05	06.53021796046232e-06
547	04.96524397294059e-05	06.53170292128175e-06
548	04.96638990017034e-05	06.53321037112206e-06
549	04.96755105265163e-05	06.53473784954918e-06
550	04.96872561353296e-05	06.53628296652262e-06
551	04.96991181856618e-05	06.53784340120073e-06
552	04.97110795497147e-05	06.53941690044775e-06
553	04.97231236011678e-05	06.54100127709649e-06
554	04.97352342067287e-05	06.54259440883689e-06
555	04.97473957142142e-05	06.54419423664802e-06
556	04.97595929390292e-05	06.54579876301954e-06
557	04.97718111615518e-05	06.54740605160754e-06
558	04.97840361078974e-05	06.54901422470424e-06
559	04.97962539430266e-05	06.55062146233123e-06
560	04.98084512620914e-05	06.55222600110116e-06
561	04.98206150808465e-05	06.55382613295630e-06
562	04.98327328252866e-05	06.55542020380539e-06
563	04.98447923179763e-05	06.55700661172531e-06
564	04.98567817759630e-05	06.55858380668659e-06
565	04.98686897947897e-05	06.56015028845025e-06
566	04.98805053474619e-05	06.56170460643192e-06
567	04.98922177658225e-05	06.56324535725179e-06
568	04.99038167402102e-05	06.56477118468958e-06
569	04.99152923063244e-05	06.56628077795669e-06
570	04.99266348391732e-05	06.56777287090010e-06
571	04.99378350418901e-05	06.56924624053115e-06
572	04.99488839412204e-05	06.57069970643183e-06
573	04.99597728773664e-05	06.57213212941894e-06
574	04.99704935005389e-05	06.57354241109041e-06
575	04.99810377548618e-05	06.57492949170797e-06
576	04.99913978780146e-05	06.57629235015020e-06
577	05.00015663930618e-05	06.57763000283757e-06
578	05.00115360997939e-05	06.57894150259350e-06
579	05.00213000658873e-05	06.58022593748135e-06
580	05.00308516271048e-05	06.58148243083087e-06
581	05.00401843714331e-05	06.58271013915144e-06
582	05.00492921399388e-05	06.58390825224477e-06
583	05.00581690172635e-05	06.58507599195443e-06
584	05.00668093227661e-05	06.58621261100073e-06
585	05.00752076116205e-05	06.58731739312510e-06
586	05.00833586609903e-05	06.58838965127134e-06
587	05.00912574706362e-05	06.58942872766556e-06
588	05.00988992504759e-05	06.59043399217975e-06
589	05.01062794233702e-05	06.59140484269819e-06
590	05.01133936112356e-05	06.59234070329067e-06
591	05.01202376344489e-05	06.59324102413410e-06
592	05.01268075061152e-05	06.59410528075852e-06
593	05.01330994276178e-05	06.59493297346171e-06
594	05.01391097802103e-05	06.59572362620306e-06
595	05.01448351244748e-05	06.59647678653236e-06
596	05.01502721903590e-05	06.59719202427924e-06
597	05.01554178795595e-05	06.59786893186658e-06
598	05.01602692555306e-05	06.59850712299627e-06
599	05.01648235384346e-05	06.59910623198488e-06
600	05.01690781064753e-05	06.59966591393912e-06
601	05.01730304839753e-05	06.60018584318738e-06
602	05.01766783460541e-05	06.60066571389517e-06
603	05.01800195066078e-05	06.60110523848385e-06
604	05.01830519184832e-05	06.60150414765354e-06
605	05.01857736682461e-05	06.60186218969485e-06
606	05.01881829731856e-05	06.60217913009491e-06
607	05.01902781773377e-05	06.60245475101415e-06
608	05.01920577488155e-05	06.60268885093520e-06
609	05.01935202743521e-05	06.60288124394492e-06
610	05.01946644558529e-05	06.60303175928097e-06
611	05.01954891111445e-05	06.60314024143020e-06
612	05.01959931645561e-05	06.60320654888980e-06
613	05.01961756503073e-05	06.60323055461280e-06
614	05.01960356996277e-05	06.60321214431377e-06
615	05.01955725518335e-05	06.60315121792593e-06
616	05.01947855382282e-05	06.60304768748326e-06
617	05.01936740855188e-05	06.60290147756994e-06
618	05.01922377159161e-05	06.60271252533354e-06
619	05.01904760341617e-05	06.60248077877839e-06
620	05.01883887372962e-05	06.60220619805067e-06
621	05.01859755997140e-05	06.60188875347230e-06
622	05.01832364827867e-05	06.60152842680692e-06
623	05.01801713236886e-05	06.60112520978990e-06
624	05.01767801342410e-05	06.60067910397632e-06
625	05.01730630037350e-05	06.60019012111230e-06
626	05.01690200901893e-05	06.59965828198494e-06
627	05.01646516215485e-05	06.59908361658001e-06
628	05.01599578922915e-05	06.59846616363577e-06
629	05.01549392622569e-05	06.59780597048843e-06
630	05.01495961561067e-05	06.59710309300165e-06
631	05.01439290558119e-05	06.59635759457795e-06
632	05.01379385041512e-05	06.59556954661907e-06
633	05.01316250994360e-05	06.59473902783195e-06
634	05.01249894977965e-05	06.59386612452953e-06
635	05.01180324034123e-05	06.59295092934556e-06
636	05.01107545800909e-05	06.59199354275774e-06
637	05.01031568314514e-05	06.59099407048098e-06
638	05.00952400155698e-05	06.58995262539383e-06
639	05.00870050350293e-05	06.58886932622975e-06
640	05.00784528376696e-05	06.58774429767562e-06
641	05.00695844138489e-05	06.58657767001155e-06
642	05.00604007955009e-05	06.58536957898685e-06
643	05.00509030535821e-05	06.58412016548422e-06
644	05.00410923009691e-05	06.58282957590088e-06
645	05.00309696830781e-05	06.58149796091458e-06
646	05.00205363859503e-05	06.58012547654726e-06
647	05.00097936270899e-05	06.57871228295972e-06
648	04.99987426577337e-05	06.57725854475028e-06
649	04.99873847617198e-05	06.57576443080587e-06
650	04.99757212542464e-05	06.57423011413882e-06
651	04.99637534777267e-05	06.57265577134155e-06
652	04.99514828042205e-05	06.57104158290643e-06
653	04.99389106328858e-05	06.56938773289057e-06
654	04.99260383900314e-05	06.56769440892273e-06
655	04.99128675249622e-05	06.56596180165677e-06
656	04.98993995120774e-05	06.56419010504764e-06
657	04.98856358479640e-05	06.56237951596910e-06
658	04.98715780531532e-05	06.56053023444471e-06
659	04.98572276646513e-05	06.55864246266531e-06
660	04.98425862466310e-05	06.55671640639545e-06
661	04.98276553737083e-05	06.55475227277346e-06
662	04.98124366454277e-05	06.55275027221698e-06
663	04.97969316762499e-05	06.55071061710588e-06
664	04.97811420966368e-05	06.54863352192492e-06
665	04.97650695519048e-05	06.54651920311297e-06
666	04.97487157054083e-05	06.54436787948181e-06
667	04.97320822313029e-05	06.54217977126401e-06
668	04.97151708179804e-05	06.53995510056498e-06
669	04.96979831673660e-05	06.53769409127037e-06
670	04.96805209930111e-05	06.53539696879528e-06
671	04.96627860170210e-05	06.53306395968002e-06
672	04.96447799763672e-05	06.53069529242056e-06
673	04.96265046139653e-05	06.52829119629481e-06
674	04.96079616843249e-05	06.52585190210581e-06
675	04.95891529486662e-05	06.52337764153942e-06
676	04.95700801768679e-05	06.52086864742049e-06
677	04.95507451478269e-05	06.51832515376018e-06
678	04.95311496445296e-05	06.51574739510767e-06
679	04.95112954573429e-05	06.51313560698298e-06
680	04.94911843822261e-05	06.51049002564183e-06
681	04.94708182200949e-05	06.50781088799195e-06
682	04.94501987781314e-05	06.50509843176539e-06
683	04.94293278656409e-05	06.50235289497350e-06
684	04.94082072949784e-05	06.49957451602883e-06
685	04.93868388840172e-05	06.49676353406987e-06
686	04.93652244532336e-05	06.49392018857747e-06
687	04.93433658226565e-05	06.49104471897367e-06
688	04.93212648175425e-05	06.48813736536823e-06
689	04.92989232630942e-05	06.48519836786375e-06
690	04.92763429843207e-05	06.48222796653742e-06
691	04.92535258095547e-05	06.47922640190361e-06
692	04.92304735657722e-05	06.47619391429822e-06
693	04.92071880804836e-05	06.47313074412749e-06
694	04.91836711804713e-05	06.47003713170186e-06
695	04.91599246923629e-05	06.46691331731140e-06
696	04.91359504394456e-05	06.46375954080680e-06
697	04.91117502469940e-05	06.46057604230010e-06
698	04.90873259363001e-05	06.45736306137955e-06
699	04.90626793290421e-05	06.45412083768412e-06
700	04.90378122396279e-05	06.45084960989641e-06
701	04.90127264863764e-05	06.44754961721351e-06
702	04.89874238792032e-05	06.44422109772705e-06
703	04.89619062285099e-05	06.44086428959262e-06
704	04.89361753392982e-05	06.43747943025545e-06
705	04.89102330136983e-05	06.43406675678303e-06
706	04.88840810492240e-05	06.43062650563556e-06
707	04.88577212417791e-05	06.42715891306145e-06
708	04.88311553804727e-05	06.42366421441528e-06
709	04.88043852486447e-05	06.42014264429271e-06
710	04.87774126279746e-05	06.41659443707095e-06
711	04.87502392952115e-05	06.41301982647866e-06
712	04.87228670191224e-05	06.40941904519444e-06
713	04.86952975658529e-05	06.40579232555206e-06
714	04.86675326949978e-05	06.40213989902356e-06
715	04.86395741575207e-05	06.39846199594550e-06
716	04.86114237054236e-05	06.39475884679109e-06
717	04.85830830786305e-05	06.39103068044469e-06
718	04.85545540135992e-05	06.38727772533469e-06
719	04.85258382390866e-05	06.38350020887643e-06
720	04.84969374777406e-05	06.37969835768162e-06
721	04.84678534474281e-05	06.37587239773301e-06
722	04.84385878573989e-05	06.37202255387986e-06
723	04.84091424094645e-05	06.36814904999285e-06
724	04.83795187994907e-05	06.36425210916054e-06
725	04.83497187171742e-05	06.36033195366000e-06
726	04.83197438442655e-05	06.35638880472290e-06
727	04.82895958526617e-05	06.35242288228480e-06
728	04.82592764122886e-05	06.34843440602188e-06
729	04.82287871798967e-05	06.34442359387716e-06
730	04.81981298072131e-05	06.34039066313282e-06
731	04.81673059404228e-05	06.33633583034199e-06
732	04.81363172128749e-05	06.33225931036927e-06
733	04.81051652532491e-05	06.32816131746498e-06
734	04.80738516834388e-05	06.32404206498675e-06
735	04.80423781160159e-05	06.31990176506595e-06
736	04.80107461509209e-05	06.31574062817231e-06
737	04.79789573876624e-05	06.31155886471877e-06
738	04.79470134131675e-05	06.30735668346318e-06
739	04.79149158062815e-05	06.30313429210021e-06
740	04.78826661392417e-05	06.29889189745532e-06
741	04.78502659749569e-05	06.29462970512676e-06
742	04.78177168640733e-05	06.29034791909968e-06
743	04.77850203568804e-05	06.28604674331231e-06
744	04.77521779886975e-05	06.28172637973359e-06
745	04.77191912867273e-05	06.27738702926468e-06
746	04.76860617731438e-05	06.27302889214526e-06
747	04.76527909585070e-05	06.26865216708723e-06
748	04.76193803448295e-05	06.26425705167802e-06
749	04.75858314244448e-05	06.25984374223187e-06
750	04.75521456863902e-05	06.25541243462934e-06
751	04.75183246054292e-05	06.25096332287335e-06
752	04.74843696466777e-05	06.24649659969766e-06
753	04.74502822713718e-05	06.24201245732564e-06
754	04.74160639302407e-05	06.23751108659854e-06
755	04.73817160618738e-05	06.23299267676058e-06
756	04.73472401007280e-05	06.22845741651239e-06
757	04.73126374680703e-05	06.22390549281950e-06
758	04.72779095787035e-05	06.21933709179705e-06
759	04.72430578393470e-05	06.21475239849684e-06
760	04.72080836457080e-05	06.21015159652202e-06
761	04.71729883863051e-05	06.20553486853012e-06
762	04.71377734390565e-05	06.20090239578416e-06
763	04.71024401736192e-05	06.19625435846046e-06
764	04.70669899510809e-05	06.19159093560803e-06
765	04.70314241251906e-05	06.18691230531047e-06
766	04.69957440374180e-05	06.18221864403611e-06
767	04.69599510223279e-05	06.17751012734488e-06
768	04.69240464051976e-05	06.17278692957504e-06
769	04.68880315029274e-05	06.16804922396279e-06
770	04.68519076228552e-05	06.16329718248644e-06
771	04.68156760629550e-05	06.15853097589252e-06
772	04.67793381153508e-05	06.15375077415796e-06
773	04.67428950605736e-05	06.14895674573466e-06
774	04.67063481684932e-05	06.14414905767208e-06
775	04.66696987035363e-05	06.13932787630362e-06
776	04.66329479223341e-05	06.13449336693719e-06
777	04.65960970679216e-05	06.12964569309217e-06
778	04.65591473805641e-05	06.12478501792356e-06
779	04.65221000869679e-05	06.11991150280271e-06
780	04.64849564053473e-05	06.11502530798388e-06
781	04.64477175496247e-05	06.11012659315669e-06
782	04.64103847206572e-05	06.10521551629208e-06
783	04.63729591110175e-05	06.10029223427116e-06
784	04.63354419091817e-05	06.09535690343617e-06
785	04.62978342878288e-05	06.09040967805124e-06
786	04.62601374176685e-05	06.08545071212144e-06
787	04.62223524567878e-05	06.08048015799137e-06
788	04.61844805571315e-05	06.07549816719761e-06
789	04.61465228591671e-05	06.07050488976693e-06
790	04.61084804988263e-05	06.06550047512941e-06
791	04.60703546019059e-05	06.06048507138191e-06
792	04.60321462838900e-05	06.05545882526466e-06
793	04.59938566540082e-05	06.05042188269513e-06
794	04.59554868150977e-05	06.04537438874989e-06
795	04.59170378552808e-05	06.04031648656976e-06
796	04.58785108626993e-05	06.03524831929814e-06
797	04.58399069109439e-05	06.03017002816425e-06
798	04.58012270675066e-05	06.02508175359505e-06
799	04.57624723936505e-05	06.01998363519807e-06
800	04.57236439383030e-05	06.01487581095813e-06
801	04.56847427451668e-05	06.00975841817272e-06
802	04.56457698519449e-05	06.00463159335010e-06
803	04.56067262824276e-05	05.99949547116833e-06
804	04.55676130568484e-05	05.99435018583756e-06
805	04.55284311897732e-05	05.98919587082241e-06
806	04.54891816789350e-05	05.98403265737312e-06
807	04.54498655239063e-05	05.97886067698194e-06
808	04.54104837111644e-05	05.97368005941846e-06
809	04.53710372214429e-05	05.96849093369670e-06
810	04.53315270254104e-05	05.96329342750662e-06
811	04.52919540885653e-05	05.95808766785808e-06
812	04.52523193677082e-05	05.95287378061675e-06
813	04.52126238133950e-05	05.94765189082680e-06
814	04.51728683638151e-05	05.94242212190561e-06
815	04.51330539566844e-05	05.93718459720829e-06
816	04.50931815155561e-05	05.93193943822687e-06
817	04.50532519624677e-05	05.92668676625397e-06
818	04.50132662067304e-05	05.92142670090808e-06
819	04.49732251549981e-05	05.91615936145818e-06
820	04.49331297014670e-05	05.91088486553438e-06
821	04.48929807385689e-05	05.90560333053474e-06
822	04.48527791465479e-05	05.90031487225406e-06
823	04.48125258019595e-05	05.89501960600184e-06
824	04.47722215731941e-05	05.88971764601353e-06
825	04.47318673204399e-05	05.88440910544559e-06
826	04.46914638977548e-05	05.87909409664804e-06
827	04.46510121502483e-05	05.87377273079372e-06
828	04.46105129214722e-05	05.86844511885062e-06
829	04.45699670402746e-05	05.86311136985243e-06
830	04.45293753360230e-05	05.85777159290120e-06
831	04.44887386257584e-05	05.85242589547739e-06
832	04.44480577209974e-05	05.84707438433482e-06
833	04.44073334290527e-05	05.84171716567424e-06
834	04.43665665480805e-05	05.83635434449185e-06
835	04.43257578688742e-05	05.83098602481536e-06
836	04.42849081774518e-05	05.82561231004421e-06
837	04.42440182537985e-05	05.82023330278430e-06
838	04.42030888664956e-05	05.81484910414130e-06
839	04.41621207842724e-05	05.80945981524039e-06
840	04.41211147656499e-05	05.80406553586387e-06
841	04.40800715619423e-05	05.79866636484594e-06
842	04.40389919201198e-05	05.79326240044945e-06
843	04.39978765792990e-05	05.78785373990402e-06
844	04.39567262742408e-05	05.78244047986634e-06
845	04.39155417299842e-05	05.77702271571419e-06
846	04.38743236692749e-05	05.77160054252368e-06
847	04.38330728054306e-05	05.76617405413065e-06
848	04.37917898495410e-05	05.76074334407787e-06
849	04.37504754996192e-05	05.75530850418792e-06
850	04.37091304561151e-05	05.74986962660390e-06
851	04.36677554078850e-05	05.74442680194381e-06
852	04.36263510369567e-05	05.73898011992738e-06
853	04.35849180247905e-05	05.73352967019966e-06
854	04.35434570420856e-05	05.72807554099013e-06
855	04.35019687558395e-05	05.72261782004127e-06
856	04.34604538258342e-05	05.71715659414643e-06
857	04.34189129088911e-05	05.71169194970945e-06
858	04.33773466516934e-05	05.70622397180051e-06
859	04.33357556993220e-05	05.70075274527905e-06
860	04.32941406880886e-05	05.69527835385088e-06
861	04.32525022512716e-05	05.68980088082282e-06
862	04.32108410136803e-05	05.68432040838758e-06
863	04.31691575985603e-05	05.67883701853218e-06
864	04.31274526208851e-05	05.67335079215543e-06
865	04.30857266881882e-05	05.66786180917746e-06
866	04.30439804079120e-05	05.66237014950638e-06
867	04.30022143766656e-05	05.65687589162522e-06
868	04.29604291886795e-05	05.65137911370407e-06
869	04.29186254341935e-05	05.64587989338812e-06
870	04.28768036949884e-05	05.64037830720973e-06
871	04.28349645468941e-05	05.63487443091843e-06
872	04.27931085657061e-05	05.62936834025927e-06
873	04.27512363168316e-05	05.62386010961069e-06
874	04.27093483631885e-05	05.61834981302370e-06
875	04.26674452632596e-05	05.61283752396584e-06
876	04.26255275667833e-05	05.60732331475437e-06
877	04.25835958234141e-05	05.60180725769550e-06
878	04.25416505734351e-05	05.59628942386267e-06
879	04.24996923539830e-05	05.59076988391538e-06
880	04.24577216995508e-05	05.58524870816537e-06
881	04.24157391351972e-05	05.57972596568332e-06
882	04.23737451850168e-05	05.57420172541306e-06
883	04.23317403668256e-05	05.56867605547251e-06
884	04.22897251923342e-05	05.56314902317643e-06
885	04.22477001705153e-05	05.55762069547940e-06
886	04.22056658060309e-05	05.55209113876893e-06
887	04.21636225958675e-05	05.54656041842284e-06
888	04.21215710369607e-05	05.54102859981226e-06
889	04.20795116167461e-05	05.53549574705858e-06
890	04.20374448211872e-05	05.52996192408960e-06
891	04.19953711313471e-05	05.52442719418840e-06
892	04.19532910238996e-05	05.51889162006071e-06
893	04.19112049707544e-05	05.51335526378553e-06
894	04.18691134373058e-05	05.50781818658479e-06
895	04.18270168884894e-05	05.50228044962003e-06
896	04.17849157830256e-05	05.49674211323523e-06
897	04.17428105723545e-05	05.49120323681667e-06
898	04.17007017108259e-05	05.48566388013335e-06
899	04.16585896423833e-05	05.48012410158538e-06
900	04.16164748078357e-05	05.47458395916048e-06
901	04.15743576454084e-05	05.46904351050657e-06
902	04.15322385887347e-05	05.46350281266741e-06
903	04.14901180680050e-05	05.45796192223393e-06
904	04.14479965049937e-05	05.45242089468988e-06
905	04.14058743243363e-05	05.44687978589542e-06
906	04.13637519404510e-05	05.44133865036665e-06
907	04.13216297688533e-05	05.43579754276399e-06
908	04.12795082177456e-05	05.43025651678584e-06
909	04.12373876917654e-05	05.42471562566165e-06
910	04.11952685930259e-05	05.41917492228881e-06
911	04.11531513181195e-05	05.41363445883843e-06
912	04.11110362622372e-05	05.40809428729732e-06
913	04.10689238139736e-05	05.40255445878446e-06
914	04.10268143586316e-05	05.39701502398589e-06
915	04.09847082815585e-05	05.39147603359346e-06
916	04.09426059582527e-05	05.38593753700340e-06
917	04.09005077657319e-05	05.38039958381183e-06
918	04.08584140748267e-05	05.37486222280094e-06
919	04.08163252532819e-05	05.36932550234701e-06
920	04.07742416649428e-05	05.36378947031333e-06
921	04.07321636712462e-05	05.35825417424636e-06
922	04.06900916284096e-05	05.35271966100596e-06
923	04.06480258895725e-05	05.34718597704712e-06
924	04.06059668075019e-05	05.34165316877578e-06
925	04.05639147254987e-05	05.33612128135266e-06
926	04.05218699897207e-05	05.33059036031429e-06
927	04.04798329374457e-05	05.32506045002906e-06
928	04.04378039080707e-05	05.31953159514411e-06
929	04.03957832318670e-05	05.31400383910615e-06
930	04.03537712409916e-05	05.30847722560991e-06
931	04.03117682599679e-05	05.30295179734595e-06
932	04.02697746147684e-05	05.29742759719548e-06
933	04.02277906231074e-05	05.29190466695330e-06
934	04.01858166033971e-05	05.28638304850608e-06
935	04.01438528694004e-05	05.28086278312883e-06
936	04.01018997302795e-05	05.27534391149137e-06
937	04.00599574947205e-05	05.26982647420091e-06
938	04.00180264689717e-05	05.26431051154392e-06
939	03.99761069510350e-05	05.25879606272210e-06
940	03.99341992407402e-05	05.25328316717764e-06
941	03.98923036344157e-05	05.24777186389204e-06
942	03.98504204225174e-05	05.24226219107435e-06
943	03.98085498955640e-05	05.23675418694188e-06
944	03.97666923402211e-05	05.23124788920503e-06
945	03.97248480393540e-05	05.22574333507431e-06
946	03.96830172744366e-05	05.22024056157718e-06
947	03.96412003213580e-05	05.21473960500644e-06
948	03.95993974572438e-05	05.20924050181755e-06
949	03.95576089536381e-05	05.20374328773170e-06
950	03.95158350796127e-05	05.19824799814488e-06
951	03.94740761009980e-05	05.19275466802669e-06
952	03.94323322820567e-05	05.18726333214047e-06
953	03.93906038848406e-05	05.18177402495875e-06
954	03.93488911676836e-05	05.17628678046495e-06
955	03.93071943850205e-05	05.17080163212958e-06
956	03.92655137896937e-05	05.16531861321368e-06
957	03.92238496337723e-05	05.15983775687656e-06
958	03.91822021641710e-05	05.15435909559946e-06
959	03.91405716253175e-05	05.14888266153649e-06
960	03.90989582618329e-05	05.14340848686716e-06
961	03.90573623129848e-05	05.13793660306678e-06
962	03.90157840144747e-05	05.13246704114153e-06
963	03.89742236048109e-05	05.12699983246678e-06
964	03.89326813137739e-05	05.12153500726984e-06
965	03.88911573727952e-05	05.11607259599514e-06
966	03.88496520104900e-05	05.11061262871670e-06
967	03.88081654506704e-05	05.10515513487664e-06
968	03.87666979169088e-05	05.09970014388555e-06
969	03.87252496290553e-05	05.09424768466440e-06
970	03.86838208056622e-05	05.08879778596342e-06
971	03.86424116630132e-05	05.08335047623439e-06
972	03.86010224145942e-05	05.07790578356106e-06
973	03.85596532719103e-05	05.07246373576659e-06
974	03.85183044426179e-05	05.06702436016788e-06
975	03.84769761350312e-05	05.06158768416833e-06
976	03.84356685523256e-05	05.05615373449537e-06
977	03.83943818973591e-05	05.05072253783465e-06
978	03.83531163702866e-05	05.04529412051626e-06
979	03.83118721696104e-05	05.03986850865286e-06
980	03.82706494893195e-05	05.03444572776341e-06
981	03.82294485244252e-05	05.02902580350135e-06
982	03.81882694674850e-05	05.02360876119734e-06
983	03.81471125048314e-05	05.01819462536311e-06
984	03.81059778266720e-05	05.01278342102021e-06
985	03.80648656171070e-05	05.00737517238671e-06
986	03.80237760583499e-05	05.00196990343254e-06
987	03.79827093322378e-05	04.99656763807810e-06
988	03.79416656187126e-05	04.99116839999446e-06
989	03.79006450943010e-05	04.98577221240343e-06
990	03.78596479348238e-05	04.98037909843399e-06
991	03.78186743121558e-05	04.97498908069601e-06
992	03.77777243993471e-05	04.96960218195394e-06
993	03.77367983631859e-05	04.96421842414854e-06
994	03.76958963734787e-05	04.95883782961757e-06
995	03.76550185958515e-05	04.95346042014891e-06
996	03.76141651915397e-05	04.94808621695282e-06
997	03.75733363251398e-05	04.94271524168171e-06
998	03.75325321552155e-05	04.93734751519440e-06
999	03.74917528393575e-05	04.93198305822171e-06
1000	03.74509985352682e-05	04.92662189150914e-06
|| sol - ana_sol || _ 2 = 01.90439507847180e-01
