==== test ====
n_dim = 24
max_it = 1000, rtol = 1.00e-06
sor_omega = 1.50
solver type = "sor"

==== solver ====
solve with sor
0	07.60176026494212e+00	01.00000000000000e+00
1	05.18484829035757e+00	06.82058906049578e-01
2	08.92725403512101e-01	01.17436668929061e-01
3	05.96261384219379e-01	07.84372781353319e-02
4	05.42012314270489e-01	07.13008955004997e-02
5	04.00831622467880e-01	05.27287902403920e-02
6	02.72787323640693e-01	03.58847574947524e-02
7	01.78143525297920e-01	02.34345097831464e-02
8	01.13733098883548e-01	01.49614161614729e-02
9	07.29969809734227e-02	09.60264181311675e-03
10	05.05125384065371e-02	06.64484759398312e-03
11	04.12268961933065e-02	05.42333548499774e-03
12	03.90707922148668e-02	05.13970328623146e-03
13	03.91587202107264e-02	05.15127008034165e-03
14	03.92824064939618e-02	05.16754082276506e-03
15	03.88402485748132e-02	05.10937562105676e-03
16	03.78163643432574e-02	04.97468520780106e-03
17	03.63506138890793e-02	04.78186796507138e-03
18	03.45957994047707e-02	04.55102478886634e-03
19	03.26780299366099e-02	04.29874513240239e-03
20	03.06910570848093e-02	04.03736187608423e-03
21	02.87006562984721e-02	03.77552768019192e-03
22	02.67509824358955e-02	03.51905104917160e-03
23	02.48703555403657e-02	03.27165744164060e-03
24	02.30758608256624e-02	03.03559439148376e-03
25	02.13767907197382e-02	02.81208430346375e-03
26	01.97771372133585e-02	02.60165231789365e-03
27	01.82773604108676e-02	02.40435896080009e-03
28	01.68756260987263e-02	02.21996294418196e-03
29	01.55686624022356e-02	02.04803385789938e-03
30	01.43523470675251e-02	01.88802942572596e-03
31	01.32221061165550e-02	01.73934794780793e-03
32	01.21731813899589e-02	01.60136349551818e-03
33	01.12008075083365e-02	01.47344919044507e-03
34	01.03003266016374e-02	01.35499229686847e-03
35	09.46726052500227e-03	01.24540372164372e-03
36	08.69735421007216e-03	01.14412371700048e-03
37	07.98659955156997e-03	01.05062502278619e-03
38	07.33124625804609e-03	09.64414293865121e-04
39	06.72780401313610e-03	08.85032384428572e-04
40	06.17303882217186e-03	08.12053867397101e-04
41	05.66396536187250e-03	07.45086028034012e-04
42	05.19783637064244e-03	06.83767468255198e-04
43	04.77212952007385e-03	06.27766379595264e-04
44	04.38453173702825e-03	05.76778480801200e-04
45	04.03292057642677e-03	05.30524567451284e-04
46	03.71534199023407e-03	04.88747587498718e-04
47	03.42998375137289e-03	04.51209145228023e-04
48	03.17514396670200e-03	04.17685359185183e-04
49	02.94919466796421e-03	03.87962072622224e-04
50	02.75054149709092e-03	03.61829550160362e-04
51	02.57758198173481e-03	03.39076988999789e-04
52	02.42866658309276e-03	03.19487394820028e-04
53	02.30206805769035e-03	03.02833551369287e-04
54	02.19596497470724e-03	02.88875852193684e-04
55	02.10844385317031e-03	02.77362581781755e-04
56	02.03752126769654e-03	02.68032823541306e-04
57	01.98118318507658e-03	02.60621634467141e-04
58	01.93743512433979e-03	02.54866643621330e-04
59	01.90435481216194e-03	02.50514978871994e-04
60	01.88013939991367e-03	02.47329478224210e-04
61	01.86314158549189e-03	02.45093441591989e-04
62	01.85189207400018e-03	02.43613585466614e-04
63	01.84510863485903e-03	02.42721234365719e-04
64	01.84169391959041e-03	02.42272033766173e-04
65	01.84072506343274e-03	02.42144582212335e-04
66	01.84143812368747e-03	02.42238384204226e-04
67	01.84320994740932e-03	02.42471464919757e-04
68	01.84553941161247e-03	02.42777902392390e-04
69	01.84802933892764e-03	02.43105448543333e-04
70	01.85036985968836e-03	02.43413340489296e-04
71	01.85232359646080e-03	02.43670351589929e-04
72	01.85371277934179e-03	02.43853096484871e-04
73	01.85440823452990e-03	02.43944582557027e-04
74	01.85432009664118e-03	02.43932988151830e-04
75	01.85339005315800e-03	02.43810642346284e-04
76	01.85158491849891e-03	02.43573179627628e-04
77	01.84889134260848e-03	02.43218843816375e-04
78	01.84531147574656e-03	02.42747917775938e-04
79	01.84085943204919e-03	02.42162258199444e-04
80	01.83555841589976e-03	02.41464917588233e-04
81	01.82943839565835e-03	02.40659838234491e-04
82	01.82253422768445e-03	02.39751605439286e-04
83	01.81488414980427e-03	02.38745249330496e-04
84	01.80652857720594e-03	02.37646086464646e-04
85	01.79750914546453e-03	02.36459593938301e-04
86	01.78786795516828e-03	02.35191310019810e-04
87	01.77764698076949e-03	02.33846756384526e-04
88	01.76688761299877e-03	02.32431377920101e-04
89	01.75563030971045e-03	02.30950496795733e-04
90	01.74391433455575e-03	02.29409278085018e-04
91	01.73177756665394e-03	02.27812704728478e-04
92	01.71925636744472e-03	02.26165560018197e-04
93	01.70638549342396e-03	02.24472416118341e-04
94	01.69319804553011e-03	02.22737627407012e-04
95	01.67972544763364e-03	02.20965327646573e-04
96	01.66599744792800e-03	02.19159430166624e-04
97	01.65204213820498e-03	02.17323630399643e-04
98	01.63788598688247e-03	02.15461410225745e-04
99	01.62355388244047e-03	02.13576043686618e-04
100	01.60906918455436e-03	02.11670603712023e-04
101	01.59445378070428e-03	02.09747969566680e-04
102	01.57972814648475e-03	02.07810834783906e-04
103	01.56491140819307e-03	02.05861715399017e-04
104	01.55002140653088e-03	02.03902958329176e-04
105	01.53507476052968e-03	02.01936749782699e-04
106	01.52008693097396e-03	01.99965123602268e-04
107	01.50507228276234e-03	01.97989969468447e-04
108	01.49004414579020e-03	01.96013040908697e-04
109	01.47501487402507e-03	01.94035963068654e-04
110	01.45999590254156e-03	01.92060240214991e-04
111	01.44499780235442e-03	01.90087262948619e-04
112	01.43003033294828e-03	01.88118315114897e-04
113	01.41510249243201e-03	01.86154580401358e-04
114	01.40022256530965e-03	01.84197148621906e-04
115	01.38539816786074e-03	01.82247021686535e-04
116	01.37063629116126e-03	01.80305119260650e-04
117	01.35594334181258e-03	01.78372284122920e-04
118	01.34132518040110e-03	01.76449287224571e-04
119	01.32678715779212e-03	01.74536832463793e-04
120	01.31233414932635e-03	01.72635561184241e-04
121	01.29797058699813e-03	01.70746056408030e-04
122	01.28370048970156e-03	01.68868846814566e-04
123	01.26952749164721e-03	01.67004410478719e-04
124	01.25545486901386e-03	01.65153178376827e-04
125	01.24148556493942e-03	01.63315537674203e-04
126	01.22762221294791e-03	01.61491834806929e-04
127	01.21386715886688e-03	01.59682378365049e-04
128	01.20022248134196e-03	01.57887441791233e-04
129	01.18669001101948e-03	01.56107265904224e-04
130	01.17327134848632e-03	01.54342061258788e-04
131	01.15996788100852e-03	01.52592010347665e-04
132	01.14678079818262e-03	01.50857269660470e-04
133	01.13371110653039e-03	01.49137971603610e-04
134	01.12075964311952e-03	01.47434226292067e-04
135	01.10792708827681e-03	01.45746123221796e-04
136	01.09521397742113e-03	01.44073732826336e-04
137	01.08262071210830e-03	01.42417107929743e-04
138	01.07014757031817e-03	01.40776285099846e-04
139	01.05779471602968e-03	01.39151285907821e-04
140	01.04556220814340e-03	01.37542118101952e-04
141	01.03345000878705e-03	01.35948776700197e-04
142	01.02145799103955e-03	01.34371245006281e-04
143	01.00958594612384e-03	01.32809495555900e-04
144	09.97833590090307e-04	01.31263490995911e-04
145	09.86200570042751e-04	01.29733184903360e-04
146	09.74686469908034e-04	01.28218522544456e-04
147	09.63290815821277e-04	01.26719441582997e-04
148	09.52013081108852e-04	01.25235872735866e-04
149	09.40852690933787e-04	01.23767740384135e-04
150	09.29809026596389e-04	01.22314963138800e-04
151	09.18881429537219e-04	01.20877454367369e-04
152	09.08069205052920e-04	01.19455122682672e-04
153	08.97371625729820e-04	01.18047872394546e-04
154	08.86787934654535e-04	01.16655603932188e-04
155	08.76317348370450e-04	01.15278214233072e-04
156	08.65959059622925e-04	01.13915597104077e-04
157	08.55712239912968e-04	01.12567643557421e-04
158	08.45576041860018e-04	01.11234242121480e-04
159	08.35549601381679e-04	01.09915279127530e-04
160	08.25632039723910e-04	01.08610638976813e-04
161	08.15822465332099e-04	01.07320204386676e-04
162	08.06119975592699e-04	01.06043856619680e-04
163	07.96523658426980e-04	01.04781475693254e-04
164	07.87032593787105e-04	01.03532940576507e-04
165	07.77645855014192e-04	01.02298129368871e-04
166	07.68362510114586e-04	01.01076919467998e-04
167	07.59181622926832e-04	09.98691877232743e-05
168	07.50102254193919e-04	09.86748105768672e-05
169	07.41123462566612e-04	09.74936641957170e-05
170	07.32244305516634e-04	09.63256245916628e-05
171	07.23463840181156e-04	09.51705677325335e-05
172	07.14781124138387e-04	09.40283696441760e-05
173	07.06195216123614e-04	09.28989065046490e-05
174	06.97705176684341e-04	09.17820547304056e-05
175	06.89310068785534e-04	09.06776910559127e-05
176	06.81008958358982e-04	08.95856926059174e-05
177	06.72800914812269e-04	08.85059369624032e-05
178	06.64685011485177e-04	08.74383022246280e-05
179	06.56660326082543e-04	08.63826670660658e-05
180	06.48725941053434e-04	08.53389107842870e-05
181	06.40880943940775e-04	08.43069133469516e-05
182	06.33124427706748e-04	08.32865554346140e-05
183	06.25455491020325e-04	08.22777184785486e-05
184	06.17873238517532e-04	08.12802846949866e-05
185	06.10376781041240e-04	08.02941371166599e-05
186	06.02965235848446e-04	07.93191596200695e-05
187	05.95637726816899e-04	07.83552369526658e-05
188	05.88393384596707e-04	07.74022547527927e-05
189	05.81231346780599e-04	07.64600995720856e-05
190	05.74150758024707e-04	07.55286588913599e-05
191	05.67150770179303e-04	07.46078211378087e-05
192	05.60230542387222e-04	07.36974756979511e-05
193	05.53389241179088e-04	07.27975129301584e-05
194	05.46626040546873e-04	07.19078241743309e-05
195	05.39940122011469e-04	07.10283017607870e-05
196	05.33330674681605e-04	07.01588390180134e-05
197	05.26796895295564e-04	06.92993302781530e-05
198	05.20337988262280e-04	06.84496708824113e-05
199	05.13953165687524e-04	06.76097571845009e-05
200	05.07641647390049e-04	06.67794865527654e-05
201	05.01402660920995e-04	06.59587573727324e-05
202	04.95235441568223e-04	06.51474690476830e-05
203	04.89139232356193e-04	06.43455219986364e-05
204	04.83113284040028e-04	06.35528176635686e-05
205	04.77156855097371e-04	06.27692584963418e-05
206	04.71269211713815e-04	06.19947479647864e-05
207	04.65449627760372e-04	06.12291905477390e-05
208	04.59697384773633e-04	06.04724917324308e-05
209	04.54011771929675e-04	05.97245580110559e-05
210	04.48392086007756e-04	05.89852968759954e-05
211	04.42837631369788e-04	05.82546168171169e-05
212	04.37347719909132e-04	05.75324273150387e-05
213	04.31921671023570e-04	05.68186388375744e-05
214	04.26558811574216e-04	05.61131628343272e-05
215	04.21258475835213e-04	05.54159117300735e-05
216	04.16020005460589e-04	05.47267989204019e-05
217	04.10842749431601e-04	05.40457387647871e-05
218	04.05726064009671e-04	05.33726465803983e-05
219	04.00669312690182e-04	05.27074386360213e-05
220	03.95671866152077e-04	05.20500321454284e-05
221	03.90733102207409e-04	05.14003452607413e-05
222	03.85852405749156e-04	05.07582970655671e-05
223	03.81029168699962e-04	05.01238075682545e-05
224	03.76262789956028e-04	04.94967976945130e-05
225	03.71552675342243e-04	04.88771892815107e-05
226	03.66898237546909e-04	04.82649050692869e-05
227	03.62298896072387e-04	04.76598686942603e-05
228	03.57754077180588e-04	04.70620046820580e-05
229	03.53263213844060e-04	04.64712384410809e-05
230	03.48825745676157e-04	04.58874962533185e-05
231	03.44441118890044e-04	04.53107052689547e-05
232	03.40108786233580e-04	04.47407934978030e-05
233	03.35828206938947e-04	04.41776898026793e-05
234	03.31598846671006e-04	04.36213238926091e-05
235	03.27420177458647e-04	04.30716263137956e-05
236	03.23291677654466e-04	04.25285284443165e-05
237	03.19212831869832e-04	04.19919624855812e-05
238	03.15183130921747e-04	04.14618614553410e-05
239	03.11202071783047e-04	04.09381591811376e-05
240	03.07269157520924e-04	04.04207902922158e-05
241	03.03383897244622e-04	03.99096902126433e-05
242	02.99545806053331e-04	03.94047951544564e-05
243	02.95754404979802e-04	03.89060421102419e-05
244	02.92009220937734e-04	03.84133688462164e-05
245	02.88309786663656e-04	03.79267138945813e-05
246	02.84655640671772e-04	03.74460165475817e-05
247	02.81046327194276e-04	03.69712168496563e-05
248	02.77481396129210e-04	03.65022555905770e-05
249	02.73960402990793e-04	03.60390742989156e-05
250	02.70482908853030e-04	03.55816152346247e-05
251	02.67048480297441e-04	03.51298213821630e-05
252	02.63656689366224e-04	03.46836364443323e-05
253	02.60307113505770e-04	03.42430048348482e-05
254	02.56999335514733e-04	03.38078716715081e-05
255	02.53732943493204e-04	03.33781827695057e-05
256	02.50507530793032e-04	03.29538846348951e-05
257	02.47322695964548e-04	03.25349244575830e-05
258	02.44178042704851e-04	03.21212501045256e-05
259	02.41073179808435e-04	03.17128101132338e-05
260	02.38007721119884e-04	03.13095536855497e-05
261	02.34981285469155e-04	03.09114306791342e-05
262	02.31993496635621e-04	03.05183916027359e-05
263	02.29043983291577e-04	03.01303876087601e-05
264	02.26132378949601e-04	02.97473704863439e-05
265	02.23258321908354e-04	02.93692926542262e-05
266	02.20421455212836e-04	02.89961071555201e-05
267	02.17621426589598e-04	02.86277676491887e-05
268	02.14857888403033e-04	02.82642284042970e-05
269	02.12130497599684e-04	02.79054442926843e-05
270	02.09438915660848e-04	02.75513707827305e-05
271	02.06782808544092e-04	02.72019639316613e-05
272	02.04161846632601e-04	02.68571803788863e-05
273	02.01575704682404e-04	02.65169773390557e-05
274	01.99024061770306e-04	02.61813125952114e-05
275	01.96506601236269e-04	02.58501444912069e-05
276	01.94023010630258e-04	02.55234319247155e-05
277	01.91572981657187e-04	02.52011343399878e-05
278	01.89156210116383e-04	02.48832117198875e-05
279	01.86772395852026e-04	02.45696245793735e-05
280	01.84421242692390e-04	02.42603339575053e-05
281	01.82102458387990e-04	02.39553014093080e-05
282	01.79815754556127e-04	02.36544889984762e-05
283	01.77560846619247e-04	02.33578592892655e-05
284	01.75337453743660e-04	02.30653753384309e-05
285	01.73145298776730e-04	02.27770006869650e-05
286	01.70984108186946e-04	02.24926993522135e-05
287	01.68853611990309e-04	02.22124358181920e-05
288	01.66753543693310e-04	02.19361750280847e-05
289	01.64683640221472e-04	02.16638823748444e-05
290	01.62643641853928e-04	02.13955236925860e-05
291	01.60633292146372e-04	02.11310652464511e-05
292	01.58652337868144e-04	02.08704737243318e-05
293	01.56700528921278e-04	02.06137162262208e-05
294	01.54777618273860e-04	02.03607602554458e-05
295	01.52883361875600e-04	02.01115737075621e-05
296	01.51017518585160e-04	01.98661248607936e-05
297	01.49179850090548e-04	01.96243823655604e-05
298	01.47370120823498e-04	01.93863152332152e-05
299	01.45588097878715e-04	01.91518928254209e-05
300	01.43833550931252e-04	01.89210848432810e-05
301	01.42106252144126e-04	01.86938613151869e-05
302	01.40405976087854e-04	01.84701925862330e-05
303	01.38732499638466e-04	01.82500493048004e-05
304	01.37085601897113e-04	01.80334024119815e-05
305	01.35465064084151e-04	01.78202231276472e-05
306	01.33870669455289e-04	01.76104829394154e-05
307	01.32302203190965e-04	01.74041535880996e-05
308	01.30759452305415e-04	01.72012070557464e-05
309	01.29242205542822e-04	01.70016155519745e-05
310	01.27750253272495e-04	01.68053515001854e-05
311	01.26283387386979e-04	01.66123875241598e-05
312	01.24841401192147e-04	01.64226964335999e-05
313	01.23424089301130e-04	01.62362512101755e-05
314	01.22031247526185e-04	01.60530249932992e-05
315	01.20662672768351e-04	01.58729910656121e-05
316	01.19318162902874e-04	01.56961228379099e-05
317	01.17997516671217e-04	01.55223938349384e-05
318	01.16700533565524e-04	01.53517776801940e-05
319	01.15427013712120e-04	01.51842480805988e-05
320	01.14176757767521e-04	01.50197788128208e-05
321	01.12949566793246e-04	01.48583437068054e-05
322	01.11745242142939e-04	01.46999166309265e-05
323	01.10563585359252e-04	01.45444714784219e-05
324	01.09404398047258e-04	01.43919821507409e-05
325	01.08267481769159e-04	01.42424225436927e-05
326	01.07152637934752e-04	01.40957665330384e-05
327	01.06059667684979e-04	01.39519879591712e-05
328	01.04988371790990e-04	01.38110606138392e-05
329	01.03938550542710e-04	01.36729582254856e-05
330	01.02910003650195e-04	01.35376544462730e-05
331	01.01902530139187e-04	01.34051228383434e-05
332	01.00915928256022e-04	01.32753368613092e-05
333	09.99499953704770e-05	01.31482698594729e-05
334	09.90045278906523e-05	01.30238950506296e-05
335	09.80793211738832e-05	01.29021855143481e-05
336	09.71741694419346e-05	01.27831141808146e-05
337	09.62888657119736e-05	01.26666538217523e-05
338	09.54232017199353e-05	01.25527770403401e-05
339	09.45769678533776e-05	01.24414562623803e-05
340	09.37499531007012e-05	01.23326637296178e-05
341	09.29419449846783e-05	01.22263714909965e-05
342	09.21527295284929e-05	01.21225513981918e-05
343	09.13820912052272e-05	01.20211750989655e-05
344	09.06298129128473e-05	01.19222140338751e-05
345	08.98956759386965e-05	01.18256394316035e-05
346	08.91794599545257e-05	01.17314223083046e-05
347	08.84809429945247e-05	01.16395334647137e-05
348	08.77999014601648e-05	01.15499434867844e-05
349	08.71361101200167e-05	01.14626227456648e-05
350	08.64893421262384e-05	01.13775413998664e-05
351	08.58593690382462e-05	01.12946693983778e-05
352	08.52459608465081e-05	01.12139764837950e-05
353	08.46488860173990e-05	01.11354321982217e-05
354	08.40679115330991e-05	01.10590058885183e-05
355	08.35028029458866e-05	01.09846667134434e-05
356	08.29533244453044e-05	01.09123836524903e-05
357	08.24192389202059e-05	01.08421255140481e-05
358	08.19003080394627e-05	01.07738609460195e-05
359	08.13962923365586e-05	01.07075584469485e-05
360	08.09069512909586e-05	01.06431863767246e-05
361	08.04320434380575e-05	01.05807129710463e-05
362	07.99713264631421e-05	01.05201063537816e-05
363	07.95245573127201e-05	01.04613345516133e-05
364	07.90914923075091e-05	01.04043655089025e-05
365	07.86718872652335e-05	01.03491671038422e-05
366	07.82654976185926e-05	01.02957071639760e-05
367	07.78720785443604e-05	01.02439534831809e-05
368	07.74913850954995e-05	01.01938738390469e-05
369	07.71231723335241e-05	01.01454360102885e-05
370	07.67671954668859e-05	01.00986077949500e-05
371	07.64232099843676e-05	01.00533570279527e-05
372	07.60909717986446e-05	01.00096515999803e-05
373	07.57702373838067e-05	09.96745947556972e-06
374	07.54607639182652e-05	09.92674871191032e-06
375	07.51623094237225e-05	09.88748747712512e-06
376	07.48746329048051e-05	09.84964406863930e-06
377	07.45974944903181e-05	09.81318693176206e-06
378	07.43306555648933e-05	09.77808467700465e-06
379	07.40738789119895e-05	09.74430609889188e-06
380	07.38269288388139e-05	09.71182019239540e-06
381	07.35895713109746e-05	09.68059617064692e-06
382	07.33615740777469e-05	09.65060348141688e-06
383	07.31427067972235e-05	09.62181182357773e-06
384	07.29327411484545e-05	09.59419116185583e-06
385	07.27314509555100e-05	09.56771174315161e-06
386	07.25386122937871e-05	09.54234411052417e-06
387	07.23540035931659e-05	09.51805911676127e-06
388	07.21774057453635e-05	09.49482793850156e-06
389	07.20086021952328e-05	09.47262208824486e-06
390	07.18473790312587e-05	09.45141342625671e-06
391	07.16935250741888e-05	09.43117417222768e-06
392	07.15468319542357e-05	09.41187691542920e-06
393	07.14070941877108e-05	09.39349462479458e-06
394	07.12741092448851e-05	09.37600065784603e-06
395	07.11476776104082e-05	09.35936876864268e-06
396	07.10276028474822e-05	09.34357311622257e-06
397	07.09136916462131e-05	09.32858827096319e-06
398	07.08057538690933e-05	09.31438922056461e-06
399	07.07036025957304e-05	09.30095137593355e-06
400	07.06070541596732e-05	09.28825057602771e-06
401	07.05159281752058e-05	09.27626309138054e-06
402	07.04300475663164e-05	09.26496562791205e-06
403	07.03492385870733e-05	09.25433532960920e-06
404	07.02733308382617e-05	09.24434978071447e-06
405	07.02021572745748e-05	09.23498700667184e-06
406	07.01355542212476e-05	09.22622547631494e-06
407	07.00733613650175e-05	09.21804410067792e-06
408	07.00154217598703e-05	09.21042223375133e-06
409	06.99615818206973e-05	09.20333967164774e-06
410	06.99116913114648e-05	09.19677665104546e-06
411	06.98656033367807e-05	09.19071384807906e-06
412	06.98231743186298e-05	09.18513237527906e-06
413	06.97842639821670e-05	09.18001377970295e-06
414	06.97487353312763e-05	09.17534003972005e-06
415	06.97164546242670e-05	09.17109356181437e-06
416	06.96872913428550e-05	09.16725717650419e-06
417	06.96611181661583e-05	09.16381413492111e-06
418	06.96378109302287e-05	09.16074810348665e-06
419	06.96172486000703e-05	09.15804316023117e-06
420	06.95993132302555e-05	09.15568378961309e-06
421	06.95838899232330e-05	09.15365487703430e-06
422	06.95708667933171e-05	09.15194170410303e-06
423	06.95601349187600e-05	09.15052994232904e-06
424	06.95515883051464e-05	09.14940564830822e-06
425	06.95451238348922e-05	09.14855525707922e-06
426	06.95406412220767e-05	09.14796557618174e-06
427	06.95380429733665e-05	09.14762378051604e-06
428	06.95372343285132e-05	09.14751740451561e-06
429	06.95381232209978e-05	09.14763433696988e-06
430	06.95406202273529e-05	09.14796281435776e-06
431	06.95446385156915e-05	09.14849141407657e-06
432	06.95500937979878e-05	09.14920904816477e-06
433	06.95569042813138e-05	09.15010495688704e-06
434	06.95649906163978e-05	09.15116870196741e-06
435	06.95742758491464e-05	09.15239016021195e-06
436	06.95846853663697e-05	09.15375951636900e-06
437	06.95961468528770e-05	09.15526725748525e-06
438	06.96085902371343e-05	09.15690416575697e-06
439	06.96219476389125e-05	09.15866131164327e-06
440	06.96361533295034e-05	09.16053004863257e-06
441	06.96511436725045e-05	09.16250200545291e-06
442	06.96668570840114e-05	09.16456908083536e-06
443	06.96832339783350e-05	09.16672343637314e-06
444	06.97002167196254e-05	09.16895749015786e-06
445	06.97177495828980e-05	09.17126391165255e-06
446	06.97357787002948e-05	09.17363561462245e-06
447	06.97542520159137e-05	09.17606575119281e-06
448	06.97731192450052e-05	09.17854770648131e-06
449	06.97923318216755e-05	09.18107509171849e-06
450	06.98118428636093e-05	09.18364173960711e-06
451	06.98316071228128e-05	09.18624169784239e-06
452	06.98515809449582e-05	09.18886922376393e-06
453	06.98717222255494e-05	09.19151877858929e-06
454	06.98919903730565e-05	09.19418502256446e-06
455	06.99123462657679e-05	09.19686280928779e-06
456	06.99327522085324e-05	09.19954718001947e-06
457	06.99531719047117e-05	09.20223335999195e-06
458	06.99735704021739e-05	09.20491675130546e-06
459	06.99939140706663e-05	09.20759292995136e-06
460	07.00141705590681e-05	09.21025764018897e-06
461	07.00343087562931e-05	09.21290678940220e-06
462	07.00542987621640e-05	09.21553644426819e-06
463	07.00741118479884e-05	09.21814282557119e-06
464	07.00937204286751e-05	09.22072230453439e-06
465	07.01130980248799e-05	09.22327139784035e-06
466	07.01322192310388e-05	09.22578676342575e-06
467	07.01510596880412e-05	09.22826519688664e-06
468	07.01695960496828e-05	09.23070362706539e-06
469	07.01878059524847e-05	09.23309911208034e-06
470	07.02056679877294e-05	09.23544883564727e-06
471	07.02231616728504e-05	09.23775010331572e-06
472	07.02402674229759e-05	09.24000033872559e-06
473	07.02569665243622e-05	09.24219708011235e-06
474	07.02732411058201e-05	09.24433797654827e-06
475	07.02890741197127e-05	09.24642078544263e-06
476	07.03044493084553e-05	09.24844336813490e-06
477	07.03193511844274e-05	09.25040368725214e-06
478	07.03337650053405e-05	09.25229980346875e-06
479	07.03476767513047e-05	09.25412987248952e-06
480	07.03610731031045e-05	09.25589214219191e-06
481	07.03739414182183e-05	09.25758494947145e-06
482	07.03862697098112e-05	09.25920671747823e-06
483	07.03980466282877e-05	09.26075595319023e-06
484	07.04092614360085e-05	09.26223124408733e-06
485	07.04199039955019e-05	09.26363125660055e-06
486	07.04299647419967e-05	09.26495473249878e-06
487	07.04394346690172e-05	09.26620048699385e-06
488	07.04483053087016e-05	09.26736740615142e-06
489	07.04565687170066e-05	09.26845444494467e-06
490	07.04642174532113e-05	09.26946062455809e-06
491	07.04712445650995e-05	09.27038503043822e-06
492	07.04776435731479e-05	09.27122681021361e-06
493	07.04834084515896e-05	09.27198517120379e-06
494	07.04885336163732e-05	09.27265937883532e-06
495	07.04930139111163e-05	09.27324875479390e-06
496	07.04968445875603e-05	09.27375267445336e-06
497	07.05000212956376e-05	09.27417056556891e-06
498	07.05025400720226e-05	09.27450190677112e-06
499	07.05043973226646e-05	09.27474622526805e-06
500	07.05055898073194e-05	09.27490309481054e-06
501	07.05061146370185e-05	09.27497213535914e-06
502	07.05059692518564e-05	09.27495301016221e-06
503	07.05051514137745e-05	09.27484542480652e-06
504	07.05036591947003e-05	09.27464912565710e-06
505	07.05014909680042e-05	09.27436389873326e-06
506	07.04986453939114e-05	09.27398956778968e-06
507	07.04951214066635e-05	09.27352599262748e-06
508	07.04909182147512e-05	09.27297306912479e-06
509	07.04860352778940e-05	09.27233072620854e-06
510	07.04804723089462e-05	09.27159892610515e-06
511	07.04742292558477e-05	09.27077766196621e-06
512	07.04673063012829e-05	09.26986695782354e-06
513	07.04597038446472e-05	09.26886686621703e-06
514	07.04514225019401e-05	09.26777746818046e-06
515	07.04424630897735e-05	09.26659887113789e-06
516	07.04328266273337e-05	09.26533120916171e-06
517	07.04225143184293e-05	09.26397464061115e-06
518	07.04115275494114e-05	09.26252934785855e-06
519	07.03998678825930e-05	09.26099553642383e-06
520	07.03875370468502e-05	09.25937343373799e-06
521	07.03745369314793e-05	09.25766328833512e-06
522	07.03608695801735e-05	09.25586536905992e-06
523	07.03465371853153e-05	09.25397996431698e-06
524	07.03315420791107e-05	09.25200738090445e-06
525	07.03158867325069e-05	09.24994794387170e-06
526	07.02995737419436e-05	09.24780199477639e-06
527	07.02826058301067e-05	09.24556989178372e-06
528	07.02649858407870e-05	09.24325200899005e-06
529	07.02467167268975e-05	09.24084873484660e-06
530	07.02278015549495e-05	09.23836047274824e-06
531	07.02082434888406e-05	09.23578763890091e-06
532	07.01880457956053e-05	09.23313066307803e-06
533	07.01672118366600e-05	09.23038998746880e-06
534	07.01457450586673e-05	09.22756606547646e-06
535	07.01236489991911e-05	09.22465936246215e-06
536	07.01009272709192e-05	09.22167035366946e-06
537	07.00775835679295e-05	09.21859952504870e-06
538	07.00536216556313e-05	09.21544737193375e-06
539	07.00290453687250e-05	09.21221439877362e-06
540	07.00038586069990e-05	09.20890111857955e-06
541	06.99780653365459e-05	09.20550805308495e-06
542	06.99516695721637e-05	09.20203573043044e-06
543	06.99246753937566e-05	09.19848468732117e-06
544	06.98970869283602e-05	09.19485546666241e-06
545	06.98689083547183e-05	09.19114861816157e-06
546	06.98401438901152e-05	09.18736469659597e-06
547	06.98107978038403e-05	09.18350426358412e-06
548	06.97808744021760e-05	09.17956788561094e-06
549	06.97503780274311e-05	09.17555613390054e-06
550	06.97193130539606e-05	09.17146958389267e-06
551	06.96876838955852e-05	09.16730881621874e-06
552	06.96554949889829e-05	09.16307441451697e-06
553	06.96227508028239e-05	09.15876696663414e-06
554	06.95894558276319e-05	09.15438706329182e-06
555	06.95556145785615e-05	09.14993529845170e-06
556	06.95212315896608e-05	09.14541226856095e-06
557	06.94863114179134e-05	09.14081857308381e-06
558	06.94508586305195e-05	09.13615481282851e-06
559	06.94148778135956e-05	09.13142159109172e-06
560	06.93783735653744e-05	09.12661951276395e-06
561	06.93413504955257e-05	09.12174918424024e-06
562	06.93038132210263e-05	09.11681121287688e-06
563	06.92657663682146e-05	09.11180620726165e-06
564	06.92272145708864e-05	09.10673477696333e-06
565	06.91881624634026e-05	09.10159753162506e-06
566	06.91486146851415e-05	09.09639508154997e-06
567	06.91085758786617e-05	09.09112803745961e-06
568	06.90680506838505e-05	09.08579700972409e-06
569	06.90270437422305e-05	09.08040260892864e-06
570	06.89855596898842e-05	09.07494544494287e-06
571	06.89436031620125e-05	09.06942612752040e-06
572	06.89011787865044e-05	09.06384526545300e-06
573	06.88582911866796e-05	09.05820346693134e-06
574	06.88149449806341e-05	09.05250133945891e-06
575	06.87711447734018e-05	09.04673948882094e-06
576	06.87268951641317e-05	09.04091852002846e-06
577	06.86822007430329e-05	09.03503903691652e-06
578	06.86370660853267e-05	09.02910164134850e-06
579	06.85914957588966e-05	09.02310693422253e-06
580	06.85454943133970e-05	09.01705551403874e-06
581	06.84990662905772e-05	09.01094797825734e-06
582	06.84522162118362e-05	09.00478492166148e-06
583	06.84049485877150e-05	08.99856693760598e-06
584	06.83572679123675e-05	08.99229461728993e-06
585	06.83091786612118e-05	08.98596854944780e-06
586	06.82606852939550e-05	08.97958932074724e-06
587	06.82117922518438e-05	08.97315751542754e-06
588	06.81625039570254e-05	08.96667371521540e-06
589	06.81128248128604e-05	08.96013849936624e-06
590	06.80627592039460e-05	08.95355244466714e-06
591	06.80123114946541e-05	08.94691612524457e-06
592	06.79614860273017e-05	08.94023011232375e-06
593	06.79102871212633e-05	08.93349497411181e-06
594	06.78587190802491e-05	08.92671127675529e-06
595	06.78067861789339e-05	08.91987958258114e-06
596	06.77544926751800e-05	08.91300045170470e-06
597	06.77018428006976e-05	08.90607444080099e-06
598	06.76488407631681e-05	08.89910210338410e-06
599	06.75954907504842e-05	08.89208399036494e-06
600	06.75417969220637e-05	08.88502064890861e-06
601	06.74877634182910e-05	08.87791262367636e-06
602	06.74333943486686e-05	08.87076045526700e-06
603	06.73786938038269e-05	08.86356468179675e-06
604	06.73236658451595e-05	08.85632583753575e-06
605	06.72683145099219e-05	08.84904445357882e-06
606	06.72126438113533e-05	08.84172105786147e-06
607	06.71566577341868e-05	08.83435617456927e-06
608	06.71003602400952e-05	08.82695032485428e-06
609	06.70437552621239e-05	08.81950402610261e-06
610	06.69868467081286e-05	08.81201779238676e-06
611	06.69296384597692e-05	08.80449213433315e-06
612	06.68721343701367e-05	08.79692755881007e-06
613	06.68143382701753e-05	08.78932456977240e-06
614	06.67562539584321e-05	08.78168366691321e-06
615	06.66978852088892e-05	08.77400534669414e-06
616	06.66392357690327e-05	08.76629010209125e-06
617	06.65803093586364e-05	08.75853842243515e-06
618	06.65211096697247e-05	08.75075079340604e-06
619	06.64616403685923e-05	08.74292769729937e-06
620	06.64019050914768e-05	08.73506961245671e-06
621	06.63419074496876e-05	08.72717701394030e-06
622	06.62816510271632e-05	08.71925037321180e-06
623	06.62211393776394e-05	08.71129015775974e-06
624	06.61603760300242e-05	08.70329683180661e-06
625	06.60993644838374e-05	08.69527085570892e-06
626	06.60381082137669e-05	08.68721268655657e-06
627	06.59766106634126e-05	08.67912277734990e-06
628	06.59148752532141e-05	08.67100157804253e-06
629	06.58529053714705e-05	08.66284953436005e-06
630	06.57907043823454e-05	08.65466708885305e-06
631	06.57282756209751e-05	08.64645468025366e-06
632	06.56656223961632e-05	08.63821274382995e-06
633	06.56027479905522e-05	08.62994171140856e-06
634	06.55396556539192e-05	08.62164201049271e-06
635	06.54763486156843e-05	08.61331406590772e-06
636	06.54128300742036e-05	08.60495829839244e-06
637	06.53491032027030e-05	08.59657512537993e-06
638	06.52851711457917e-05	08.58816496053875e-06
639	06.52210370214272e-05	08.57972821403146e-06
640	06.51567039216008e-05	08.57126529260481e-06
641	06.50921749095751e-05	08.56277659922635e-06
642	06.50274530251103e-05	08.55426253377189e-06
643	06.49625412801986e-05	08.54572349246444e-06
644	06.48974426578536e-05	08.53715986771489e-06
645	06.48321601158504e-05	08.52857204861406e-06
646	06.47666965884998e-05	08.51996042116608e-06
647	06.47010549797170e-05	08.51132536737655e-06
648	06.46352381715635e-05	08.50266726637631e-06
649	06.45692490175878e-05	08.49398649354531e-06
650	06.45030903434929e-05	08.48528342060048e-06
651	06.44367649557382e-05	08.47655841672729e-06
652	06.43702756262816e-05	08.46781184657258e-06
653	06.43036251099630e-05	08.45904407253135e-06
654	06.42368161313975e-05	08.45025545302257e-06
655	06.41698513918220e-05	08.44144634338986e-06
656	06.41027335663341e-05	08.43261709553822e-06
657	06.40354653048378e-05	08.42376805805850e-06
658	06.39680492344044e-05	08.41489957653794e-06
659	06.39004879566432e-05	08.40601199321428e-06
660	06.38327840461507e-05	08.39710564677176e-06
661	06.37649400577986e-05	08.38818087329989e-06
662	06.36969585154121e-05	08.37923800480402e-06
663	06.36288419280877e-05	08.37027737135198e-06
664	06.35605927711549e-05	08.36129929856960e-06
665	06.34922135033707e-05	08.35230410990265e-06
666	06.34237065554470e-05	08.34329212510754e-06
667	06.33550743364239e-05	08.33426366108986e-06
668	06.32863192338533e-05	08.32521903192841e-06
669	06.32174436059066e-05	08.31615854783707e-06
670	06.31484497938869e-05	08.30708251681069e-06
671	06.30793401158949e-05	08.29799124379190e-06
672	06.30101168620887e-05	08.28888503004750e-06
673	06.29407823044013e-05	08.27976417444684e-06
674	06.28713386911530e-05	08.27062897275302e-06
675	06.28017882496020e-05	08.26147971795848e-06
676	06.27321331810822e-05	08.25231669964533e-06
677	06.26623756708938e-05	08.24314020528651e-06
678	06.25925178756316e-05	08.23395051857876e-06
679	06.25225619348114e-05	08.22474792097215e-06
680	06.24525099659666e-05	08.21553269102496e-06
681	06.23823640648221e-05	08.20630510442664e-06
682	06.23121263049546e-05	08.19706543395302e-06
683	06.22417987371312e-05	08.18781394937940e-06
684	06.21713833973618e-05	08.17855091853981e-06
685	06.21008822950310e-05	08.16927660576571e-06
686	06.20302974224023e-05	08.15999127313635e-06
687	06.19596307493882e-05	08.15069517979069e-06
688	06.18888842239311e-05	08.14138858197764e-06
689	06.18180597827463e-05	08.13207173446912e-06
690	06.17471593275205e-05	08.12274488742913e-06
691	06.16761847551890e-05	08.11340829039662e-06
692	06.16051379323018e-05	08.10406218891341e-06
693	06.15340207124070e-05	08.09470682681093e-06
694	06.14628349268951e-05	08.08534244500580e-06
695	06.13915823884104e-05	08.07596928194865e-06
696	06.13202648912913e-05	08.06658757368194e-06
697	06.12488842099519e-05	08.05719755362717e-06
698	06.11774420992750e-05	08.04779945263649e-06
699	06.11059402991888e-05	08.03839349959480e-06
700	06.10343805274146e-05	08.02897992046573e-06
701	06.09627644847845e-05	08.01955893899118e-06
702	06.08910938551870e-05	08.01013077668407e-06
703	06.08193703026654e-05	08.00069565244681e-06
704	06.07475954757034e-05	07.99125378313491e-06
705	06.06757710024031e-05	07.98180538292272e-06
706	06.06038984936845e-05	07.97235066372433e-06
707	06.05319795471309e-05	07.96288983569936e-06
708	06.04600157381709e-05	07.95342310609308e-06
709	06.03880086279232e-05	07.94395068026826e-06
710	06.03159597604799e-05	07.93447276134788e-06
711	06.02438706599743e-05	07.92498954982935e-06
712	06.01717428404982e-05	07.91550124488915e-06
713	06.00995777927733e-05	07.90600804262943e-06
714	06.00273769964521e-05	07.89651013769627e-06
715	05.99551419115785e-05	07.88700772215618e-06
716	05.98828739819102e-05	07.87750098593330e-06
717	05.98105746400723e-05	07.86799011748731e-06
718	05.97382452962828e-05	07.85847530233021e-06
719	05.96658873501069e-05	07.84895672457269e-06
720	05.95935021847702e-05	07.83943456617596e-06
721	05.95210911682960e-05	07.82990900710142e-06
722	05.94486556501095e-05	07.82038022486390e-06
723	05.93761969682362e-05	07.81084839547861e-06
724	05.93037164458954e-05	07.80131369301304e-06
725	05.92312153892259e-05	07.79177628928776e-06
726	05.91586950909168e-05	07.78223635435407e-06
727	05.90861568297758e-05	07.77269405643715e-06
728	05.90136018696161e-05	07.76314956178974e-06
729	05.89410314596028e-05	07.75360303473759e-06
730	05.88684468367784e-05	07.74405463801174e-06
731	05.87958492209883e-05	07.73450453208102e-06
732	05.87232398195249e-05	07.72495287576292e-06
733	05.86506198279378e-05	07.71539982633014e-06
734	05.85779904265897e-05	07.70584553905762e-06
735	05.85053527822542e-05	07.69629016743265e-06
736	05.84327080476804e-05	07.68673386309760e-06
737	05.83600573641932e-05	07.67717677619206e-06
738	05.82874018606889e-05	07.66761905522058e-06
739	05.82147426476630e-05	07.65806084626719e-06
740	05.81420808305616e-05	07.64850229475163e-06
741	05.80694174964226e-05	07.63894354367209e-06
742	05.79967537217354e-05	07.62938473463908e-06
743	05.79240905713440e-05	07.61982600773126e-06
744	05.78514290962000e-05	07.61026750119967e-06
745	05.77787703347883e-05	07.60070935165544e-06
746	05.77061153144745e-05	07.59115169424694e-06
747	05.76334650539670e-05	07.58159466298373e-06
748	05.75608205507842e-05	07.57203838908783e-06
749	05.74881828016044e-05	07.56248300367075e-06
750	05.74155527838340e-05	07.55292863530880e-06
751	05.73429314661652e-05	07.54337541143200e-06
752	05.72703198062691e-05	07.53382345802050e-06
753	05.71977187493501e-05	07.52427289941451e-06
754	05.71251292307001e-05	07.51472385865027e-06
755	05.70525521740942e-05	07.50517645724895e-06
756	05.69799884898636e-05	07.49563081496328e-06
757	05.69074390808665e-05	07.48608705056286e-06
758	05.68349048388596e-05	07.47654528135692e-06
759	05.67623866421634e-05	07.46700562288722e-06
760	05.66898853628636e-05	07.45746818987525e-06
761	05.66174018588018e-05	07.44793309516883e-06
762	05.65449369784120e-05	07.43840045037813e-06
763	05.64724915611957e-05	07.42887036593828e-06
764	05.64000664359057e-05	07.41934295087049e-06
765	05.63276624202666e-05	07.40981831274515e-06
766	05.62552803239074e-05	07.40029655806776e-06
767	05.61829209446017e-05	07.39077779178419e-06
768	05.61105850715957e-05	07.38126211771859e-06
769	05.60382734842990e-05	07.37174963840111e-06
770	05.59659869529080e-05	07.36224045514991e-06
771	05.58937262366428e-05	07.35273466783925e-06
772	05.58214920891971e-05	07.34323237561637e-06
773	05.57492852487483e-05	07.33373367558741e-06
774	05.56771064522987e-05	07.32423866470388e-06
775	05.56049564206357e-05	07.31474743778428e-06
776	05.55328358683748e-05	07.30526008883518e-06
777	05.54607455020337e-05	07.29577671079791e-06
778	05.53886860167161e-05	07.28629739511231e-06
779	05.53166581046062e-05	07.27682223283417e-06
780	05.52446624422702e-05	07.26735131296472e-06
781	05.51726997035174e-05	07.25788472414257e-06
782	05.51007705482156e-05	07.24842255317231e-06
783	05.50288756315607e-05	07.23896488624397e-06
784	05.49570155994959e-05	07.22951180833040e-06
785	05.48851910915484e-05	07.22006340356042e-06
786	05.48134027356497e-05	07.21061975453747e-06
787	05.47416511553979e-05	07.20118094329494e-06
788	05.46699369634959e-05	07.19174705043294e-06
789	05.45982607659973e-05	07.18231815567693e-06
790	05.45266231616597e-05	07.17289433779254e-06
791	05.44550247426339e-05	07.16347567467632e-06
792	05.43834660886168e-05	07.15406224258650e-06
793	05.43119477766332e-05	07.14465411742984e-06
794	05.42404703753979e-05	07.13525137401986e-06
795	05.41690344464694e-05	07.12585408622878e-06
796	05.40976405406785e-05	07.11646232651752e-06
797	05.40262892057433e-05	07.10707616693759e-06
798	05.39549809806487e-05	07.09769567839160e-06
799	05.38837163975856e-05	07.08832093088848e-06
800	05.38124959815576e-05	07.07895199349164e-06
801	05.37413202493450e-05	07.06958893418276e-06
802	05.36701897144620e-05	07.06023182051383e-06
803	05.35991048805017e-05	07.05088071873177e-06
804	05.35280662439922e-05	07.04153569415409e-06
805	05.34570742962572e-05	07.03219681141369e-06
806	05.33861295246631e-05	07.02286413462284e-06
807	05.33152324038560e-05	07.01353772622056e-06
808	05.32443834072748e-05	07.00421764848699e-06
809	05.31735830006423e-05	06.99490396268727e-06
810	05.31028316424536e-05	06.98559672913573e-06
811	05.30321297839554e-05	06.97629600719317e-06
812	05.29614778753711e-05	06.96700185608581e-06
813	05.28908763541912e-05	06.95771433336485e-06
814	05.28203256549694e-05	06.94843349619518e-06
815	05.27498262092050e-05	06.93915940133988e-06
816	05.26793784376027e-05	06.92989210414199e-06
817	05.26089827566938e-05	06.92063165939559e-06
818	05.25386395782014e-05	06.91137812126221e-06
819	05.24683493077906e-05	06.90213154310649e-06
820	05.23981123433789e-05	06.89289197727387e-06
821	05.23279290825396e-05	06.88365947606453e-06
822	05.22577999119451e-05	06.87443409034459e-06
823	05.21877252137509e-05	06.86521587038607e-06
824	05.21177053687262e-05	06.85600486627856e-06
825	05.20477407454950e-05	06.84680112651399e-06
826	05.19778317134659e-05	06.83760469968749e-06
827	05.19079786353475e-05	06.82841563351284e-06
828	05.18381818670091e-05	06.81923397480410e-06
829	05.17684417565956e-05	06.81005976935918e-06
830	05.16987586561516e-05	06.80089306348906e-06
831	05.16291329044524e-05	06.79173390175907e-06
832	05.15595648379526e-05	06.78258232842932e-06
833	05.14900547896128e-05	06.77343838730026e-06
834	05.14206030841268e-05	06.76430212108489e-06
835	05.13512100449551e-05	06.75517357233392e-06
836	05.12818759899172e-05	06.74605278285603e-06
837	05.12126012289282e-05	06.73693979342009e-06
838	05.11433860728701e-05	06.72783464492214e-06
839	05.10742308226901e-05	06.71873737695134e-06
840	05.10051357790720e-05	06.70964802906217e-06
841	05.09361012362478e-05	06.70056663996041e-06
842	05.08671274821049e-05	06.69149324751721e-06
843	05.07982148027655e-05	06.68242788937153e-06
844	05.07293634801262e-05	06.67337060260640e-06
845	05.06605737908375e-05	06.66432142361480e-06
846	05.05918460077893e-05	06.65528038829497e-06
847	05.05231803964106e-05	06.64624753156370e-06
848	05.04545772263296e-05	06.63722288889017e-06
849	05.03860367519778e-05	06.62820649374444e-06
850	05.03175592313287e-05	06.61919838006254e-06
851	05.02491449172772e-05	06.61019858111242e-06
852	05.01807940581272e-05	06.60120712955808e-06
853	05.01125068954468e-05	06.59222405717742e-06
854	05.00442836712822e-05	06.58324939581125e-06
855	04.99761246211780e-05	06.57428317644512e-06
856	04.99080299776817e-05	06.56532542967029e-06
857	04.98399999708451e-05	06.55637618574973e-06
858	04.97720348234105e-05	06.54743547398485e-06
859	04.97041347571811e-05	06.53850332355351e-06
860	04.96362999909227e-05	06.52957976323403e-06
861	04.95685307376393e-05	06.52066482104677e-06
862	04.95008272078706e-05	06.51175852468790e-06
863	04.94331896092425e-05	06.50286090147028e-06
864	04.93656181448800e-05	06.49397197811471e-06
865	04.92981130146130e-05	06.48509178090850e-06
866	04.92306744150272e-05	06.47622033571222e-06
867	04.91633025394344e-05	06.46735766795570e-06
868	04.90959975776196e-05	06.45850380260491e-06
869	04.90287597161367e-05	06.44965876420071e-06
870	04.89615891388746e-05	06.44082257693343e-06
871	04.88944860262425e-05	06.43199526453559e-06
872	04.88274505546859e-05	06.42317685021835e-06
873	04.87604828969908e-05	06.41436735671143e-06
874	04.86935832237311e-05	06.40556680645359e-06
875	04.86267517065606e-05	06.39677522202562e-06
876	04.85599885050063e-05	06.38799262441303e-06
877	04.84932937826155e-05	06.37921903513024e-06
878	04.84266676983779e-05	06.37045447509211e-06
879	04.83601104066076e-05	06.36169896459841e-06
880	04.82936220616418e-05	06.35295252395197e-06
881	04.82272028120729e-05	06.34421517269989e-06
882	04.81608528069986e-05	06.33548693045574e-06
883	04.80945721879099e-05	06.32676781583246e-06
884	04.80283610977730e-05	06.31805784763704e-06
885	04.79622196735153e-05	06.30935704388206e-06
886	04.78961480535596e-05	06.30066542277683e-06
887	04.78301463692954e-05	06.29198300160543e-06
888	04.77642147514214e-05	06.28330979756108e-06
889	04.76983533287750e-05	06.27464582759217e-06
890	04.76325622260522e-05	06.26599110810223e-06
891	04.75668415670930e-05	06.25734565538225e-06
892	04.75011914716153e-05	06.24870948518092e-06
893	04.74356120563800e-05	06.24008261285798e-06
894	04.73701034372672e-05	06.23146505365727e-06
895	04.73046657280149e-05	06.22285682254083e-06
896	04.72392990374501e-05	06.21425793382472e-06
897	04.71740034746520e-05	06.20566840185813e-06
898	04.71087791451377e-05	06.19708824052167e-06
899	04.70436261512588e-05	06.18851746327954e-06
900	04.69785445957680e-05	06.17995608364869e-06
901	04.69135345760709e-05	06.17140411444271e-06
902	04.68485961877976e-05	06.16286156824157e-06
903	04.67837295265622e-05	06.15432845762316e-06
904	04.67189346837556e-05	06.14580479460980e-06
905	04.66542117490640e-05	06.13729059099961e-06
906	04.65895608101274e-05	06.12878585832147e-06
907	04.65249819527558e-05	06.12029060786358e-06
908	04.64604752598799e-05	06.11180485053532e-06
909	04.63960408132703e-05	06.10332859709349e-06
910	04.63316786919406e-05	06.09486185793224e-06
911	04.62673889722592e-05	06.08640464309768e-06
912	04.62031717312271e-05	06.07795696271920e-06
913	04.61390270404599e-05	06.06951882621770e-06
914	04.60749549720186e-05	06.06109024307273e-06
915	04.60109555932570e-05	06.05267122214454e-06
916	04.59470289741223e-05	06.04426177263460e-06
917	04.58831751787804e-05	06.03586190298383e-06
918	04.58193942702400e-05	06.02747162148093e-06
919	04.57556863109887e-05	06.01909093634606e-06
920	04.56920513621651e-05	06.01071985562189e-06
921	04.56284894796027e-05	06.00235838665324e-06
922	04.55650007192045e-05	05.99400653679407e-06
923	04.55015851373547e-05	05.98566431346164e-06
924	04.54382427861054e-05	05.97733172350330e-06
925	04.53749737163538e-05	05.96900877361452e-06
926	04.53117779758632e-05	05.96069547007849e-06
927	04.52486556153769e-05	05.95239181957041e-06
928	04.51856066785827e-05	05.94409782783735e-06
929	04.51226312113976e-05	05.93581350091960e-06
930	04.50597292543726e-05	05.92753884415161e-06
931	04.49969008493520e-05	05.91927386303791e-06
932	04.49341460360757e-05	05.91101856280623e-06
933	04.48714648519656e-05	05.90277294837938e-06
934	04.48088573347773e-05	05.89453702472403e-06
935	04.47463235175466e-05	05.88631079618601e-06
936	04.46838634328971e-05	05.87809426705689e-06
937	04.46214771163931e-05	05.86988744201510e-06
938	04.45591645940003e-05	05.86169032447638e-06
939	04.44969258961009e-05	05.85350291843749e-06
940	04.44347610509884e-05	05.84532522762038e-06
941	04.43726700838511e-05	05.83715725533854e-06
942	04.43106530180569e-05	05.82899900466597e-06
943	04.42487098783422e-05	05.82085047885671e-06
944	04.41868406854218e-05	05.81271168063576e-06
945	04.41250454613332e-05	05.80458261290211e-06
946	04.40633242222921e-05	05.79646327778894e-06
947	04.40016769880494e-05	05.78835367789442e-06
948	04.39401037750382e-05	05.78025381538032e-06
949	04.38786045975942e-05	05.77216369213247e-06
950	04.38171794700633e-05	05.76408331003805e-06
951	04.37558284027523e-05	05.75601267045291e-06
952	04.36945514110106e-05	05.74795177539623e-06
953	04.36333485018756e-05	05.73990062579378e-06
954	04.35722196840994e-05	05.73185922279688e-06
955	04.35111649673951e-05	05.72382756768328e-06
956	04.34501843555413e-05	05.71580566095005e-06
957	04.33892778555006e-05	05.70779350351309e-06
958	04.33284454712629e-05	05.69979109589729e-06
959	04.32676872048759e-05	05.69179843837201e-06
960	04.32070030582865e-05	05.68381553119335e-06
961	04.31463930344369e-05	05.67584237474838e-06
962	04.30858571296417e-05	05.66787896855225e-06
963	04.30253953432260e-05	05.65992531251623e-06
964	04.29650076725202e-05	05.65198140628910e-06
965	04.29046941159473e-05	05.64404724966342e-06
966	04.28444546654710e-05	05.63612284158203e-06
967	04.27842893175085e-05	05.62820818157362e-06
968	04.27241980645983e-05	05.62030326865663e-06
969	04.26641808988137e-05	05.61240810178832e-06
970	04.26042378113933e-05	05.60452267981614e-06
971	04.25443687918023e-05	05.59664700135426e-06
972	04.24845738304475e-05	05.58878106514071e-06
973	04.24248529144943e-05	05.58092486948709e-06
974	04.23652060323934e-05	05.57307841287415e-06
975	04.23056331697323e-05	05.56524169340591e-06
976	04.22461343115525e-05	05.55741470911463e-06
977	04.21867094422501e-05	05.54959745794763e-06
978	04.21273585463409e-05	05.54178993786798e-06
979	04.20680816067969e-05	05.53399214663568e-06
980	04.20088786031464e-05	05.52620408155772e-06
981	04.19497495179119e-05	05.51842574033493e-06
982	04.18906943310146e-05	05.51065712032601e-06
983	04.18317130224226e-05	05.50289821889577e-06
984	04.17728055665900e-05	05.49514903268369e-06
985	04.17139719459032e-05	05.48740955937273e-06
986	04.16552121359058e-05	05.47967979574570e-06
987	04.15965261104921e-05	05.47195973836841e-06
988	04.15379138457793e-05	05.46424938409914e-06
989	04.14793753164647e-05	05.45654872960934e-06
990	04.14209104967540e-05	05.44885777150581e-06
991	04.13625193578264e-05	05.44117650599724e-06
992	04.13042018715754e-05	05.43350492938623e-06
993	04.12459580095968e-05	05.42584303793628e-06
994	04.11877877428769e-05	05.41819082783065e-06
995	04.11296910417896e-05	05.41054829517209e-06
996	04.10716678731910e-05	05.40291543560059e-06
997	04.10137182056414e-05	05.39529224498027e-06
998	04.09558420108854e-05	05.38767871959420e-06
999	04.08980392502231e-05	05.38007485435144e-06
1000	04.08403098936063e-05	05.37248064529923e-06
|| sol - ana_sol || _ 2 = 02.04472324013228e-01
